[2019-04-04 15:39:13.609] [sharedprocess] [info] main {"machineId":"0fbda7ce6ef26c3850e56c6db10cececd72c40fded58aa690a29dd2a69f5ee09"}
[2019-04-04 15:39:14.193] [sharedprocess] [info] Scanned user extensions: 21
[2019-04-04 15:39:14.355] [sharedprocess] [info] Scanned user extensions: 21
[2019-04-04 15:39:14.470] [sharedprocess] [info] Scanned user extensions: 21
[2019-04-04 15:39:14.587] [sharedprocess] [info] Scanned system extensions: 72
[2019-04-04 15:39:14.648] [sharedprocess] [info] Scanned system extensions: 72
[2019-04-04 15:39:14.775] [sharedprocess] [info] Deleted from disk vincaslt.highlight-matching-tag /home/alex/.vscode/extensions/vincaslt.highlight-matching-tag-0.8.6
[2019-04-04 15:39:14.824] [sharedprocess] [info] Deleted from disk dart-code.flutter /home/alex/.vscode/extensions/dart-code.flutter-2.24.0
[2019-04-04 15:39:14.867] [sharedprocess] [info] Deleted from disk dart-code.dart-code /home/alex/.vscode/extensions/dart-code.dart-code-2.24.0
[2019-04-04 15:39:14.880] [sharedprocess] [info] Deleted from disk ms-python.python /home/alex/.vscode/extensions/ms-python.python-2019.3.6215
[2019-04-04 15:39:53.623] [sharedprocess] [info] Starting to clean up unused language packs.
[2019-04-04 15:44:14.651] [sharedprocess] [info] Scanned user extensions: 21
[2019-04-04 15:49:14.752] [sharedprocess] [info] Scanned user extensions: 21
[2019-04-04 15:54:14.847] [sharedprocess] [info] Scanned user extensions: 21
[2019-04-04 15:59:14.973] [sharedprocess] [info] Scanned user extensions: 21
[2019-04-04 16:04:15.068] [sharedprocess] [info] Scanned user extensions: 21
[2019-04-04 16:09:15.232] [sharedprocess] [info] Scanned user extensions: 21
[2019-04-04 16:14:15.329] [sharedprocess] [info] Scanned user extensions: 21
[2019-04-04 16:19:15.413] [sharedprocess] [info] Scanned user extensions: 21
[2019-04-04 16:24:15.511] [sharedprocess] [info] Scanned user extensions: 21
[2019-04-04 16:29:15.640] [sharedprocess] [info] Scanned user extensions: 21
[2019-04-04 16:34:15.768] [sharedprocess] [info] Scanned user extensions: 21
[2019-04-04 16:39:15.978] [sharedprocess] [info] Scanned user extensions: 21
[2019-04-04 16:44:16.193] [sharedprocess] [info] Scanned user extensions: 21
[2019-04-04 16:49:16.273] [sharedprocess] [info] Scanned user extensions: 21
[2019-04-04 16:54:16.335] [sharedprocess] [info] Scanned user extensions: 21
[2019-04-04 16:59:16.415] [sharedprocess] [info] Scanned user extensions: 21
[2019-04-04 17:04:16.503] [sharedprocess] [info] Scanned user extensions: 21
[2019-04-04 17:09:16.656] [sharedprocess] [info] Scanned user extensions: 21
[2019-04-04 17:14:16.728] [sharedprocess] [info] Scanned user extensions: 21
[2019-04-04 17:19:16.807] [sharedprocess] [info] Scanned user extensions: 21
[2019-04-04 17:24:16.885] [sharedprocess] [info] Scanned user extensions: 21
[2019-04-04 17:29:16.957] [sharedprocess] [info] Scanned user extensions: 21
[2019-04-04 17:34:17.028] [sharedprocess] [info] Scanned user extensions: 21
[2019-04-04 17:39:17.073] [sharedprocess] [info] Scanned user extensions: 21
[2019-04-04 17:44:17.099] [sharedprocess] [info] Scanned user extensions: 21
[2019-04-04 17:49:17.126] [sharedprocess] [info] Scanned user extensions: 21
[2019-04-04 17:54:17.184] [sharedprocess] [info] Scanned user extensions: 21
[2019-04-04 17:59:17.307] [sharedprocess] [info] Scanned user extensions: 21
[2019-04-04 18:04:17.388] [sharedprocess] [info] Scanned user extensions: 21
