[2019-04-09 17:41:31.596] [exthost] [info] extension host started
[2019-04-09 17:41:31.610] [exthost] [info] ExtensionService#_doActivateExtension vscode.debug-auto-launch {"startup":true,"activationEvent":"*"}
[2019-04-09 17:41:31.610] [exthost] [info] ExtensionService#loadCommonJSModule /opt/visual-studio-code/resources/app/extensions/debug-auto-launch/dist/extension
[2019-04-09 17:41:31.614] [exthost] [info] ExtensionService#_doActivateExtension vscode.emmet {"startup":true,"activationEvent":"*"}
[2019-04-09 17:41:31.614] [exthost] [info] ExtensionService#loadCommonJSModule /opt/visual-studio-code/resources/app/extensions/emmet/dist/extension
[2019-04-09 17:41:31.631] [exthost] [info] ExtensionService#_doActivateExtension vscode.git {"startup":true,"activationEvent":"*"}
[2019-04-09 17:41:31.631] [exthost] [info] ExtensionService#loadCommonJSModule /opt/visual-studio-code/resources/app/extensions/git/dist/main
[2019-04-09 17:41:31.703] [exthost] [info] ExtensionService#_doActivateExtension vscode.merge-conflict {"startup":true,"activationEvent":"*"}
[2019-04-09 17:41:31.703] [exthost] [info] ExtensionService#loadCommonJSModule /opt/visual-studio-code/resources/app/extensions/merge-conflict/dist/extension
[2019-04-09 17:41:31.707] [exthost] [info] ExtensionService#_doActivateExtension dbaeumer.vscode-eslint {"startup":true,"activationEvent":"*"}
[2019-04-09 17:41:31.707] [exthost] [info] ExtensionService#loadCommonJSModule /home/alex/.vscode/extensions/dbaeumer.vscode-eslint-1.8.2/client/out/extension
[2019-04-09 17:41:31.736] [exthost] [info] ExtensionService#_doActivateExtension HookyQR.beautify {"startup":true,"activationEvent":"*"}
[2019-04-09 17:41:31.736] [exthost] [info] ExtensionService#loadCommonJSModule /home/alex/.vscode/extensions/hookyqr.beautify-1.4.11/extension
[2019-04-09 17:41:31.765] [exthost] [info] ExtensionService#_doActivateExtension ms-vscode.atom-keybindings {"startup":true,"activationEvent":"*"}
[2019-04-09 17:41:31.765] [exthost] [info] ExtensionService#loadCommonJSModule /home/alex/.vscode/extensions/ms-vscode.atom-keybindings-3.0.6/extension
[2019-04-09 17:41:31.766] [exthost] [info] ExtensionService#_doActivateExtension naumovs.color-highlight {"startup":true,"activationEvent":"*"}
[2019-04-09 17:41:31.766] [exthost] [info] ExtensionService#loadCommonJSModule /home/alex/.vscode/extensions/naumovs.color-highlight-2.3.0/dist/extension
[2019-04-09 17:41:31.789] [exthost] [info] ExtensionService#_doActivateExtension vincaslt.highlight-matching-tag {"startup":true,"activationEvent":"*"}
[2019-04-09 17:41:31.789] [exthost] [info] ExtensionService#loadCommonJSModule /home/alex/.vscode/extensions/vincaslt.highlight-matching-tag-0.9.1/out/src/extension
[2019-04-09 17:41:31.797] [exthost] [info] ExtensionService#_doActivateExtension ms-vscode.cpptools {"startup":true,"activationEvent":"*"}
[2019-04-09 17:41:31.797] [exthost] [info] ExtensionService#loadCommonJSModule /home/alex/.vscode/extensions/ms-vscode.cpptools-0.22.1/out/src/main
[2019-04-09 17:41:31.907] [exthost] [info] ExtensionService#_doActivateExtension wix.glean {"startup":true,"activationEvent":"*"}
[2019-04-09 17:41:31.907] [exthost] [info] ExtensionService#loadCommonJSModule /home/alex/.vscode/extensions/wix.glean-4.10.2/out/extension
[2019-04-09 17:41:32.193] [exthost] [info] ExtensionService#_doActivateExtension GitHub.vscode-pull-request-github {"startup":true,"activationEvent":"*"}
[2019-04-09 17:41:32.193] [exthost] [info] ExtensionService#loadCommonJSModule /home/alex/.vscode/extensions/github.vscode-pull-request-github-0.5.1/media/extension
[2019-04-09 17:41:32.375] [exthost] [info] ExtensionService#_doActivateExtension vsciot-vscode.vscode-arduino {"startup":true,"activationEvent":"*"}
[2019-04-09 17:41:32.375] [exthost] [info] ExtensionService#loadCommonJSModule /home/alex/.vscode/extensions/vsciot-vscode.vscode-arduino-0.2.25/out/src/extension
[2019-04-09 17:41:32.544] [exthost] [info] eager extensions activated
[2019-04-09 17:41:35.953] [exthost] [info] ExtensionService#_doActivateExtension vscode.typescript-language-features {"startup":false,"activationEvent":"onLanguage:javascriptreact"}
[2019-04-09 17:41:35.953] [exthost] [info] ExtensionService#loadCommonJSModule /opt/visual-studio-code/resources/app/extensions/typescript-language-features/dist/extension
[2019-04-09 17:41:36.041] [exthost] [error] [wix.glean] provider FAILED
[2019-04-09 17:41:36.042] [exthost] [error] TypeError: Cannot read property 'selection' of undefined
	at Object.selectedText (/home/alex/.vscode/extensions/wix.glean-4.10.2/out/editor.js:37:30)
	at CompleteActionProvider.provideCodeActions (/home/alex/.vscode/extensions/wix.glean-4.10.2/out/extension.js:17:31)
	at define.provideCodeActions.a.asPromise (/opt/visual-studio-code/resources/app/out/vs/workbench/services/extensions/node/extensionHostProcess.js:564:641)
	at t.asPromise.Promise (/opt/visual-studio-code/resources/app/out/vs/workbench/services/extensions/node/extensionHostProcess.js:48:58)
	at new Promise (<anonymous>)
	at Object.t.asPromise (/opt/visual-studio-code/resources/app/out/vs/workbench/services/extensions/node/extensionHostProcess.js:48:32)
	at I.provideCodeActions (/opt/visual-studio-code/resources/app/out/vs/workbench/services/extensions/node/extensionHostProcess.js:564:612)
	at define.$provideCodeActions._withAdapter.e (/opt/visual-studio-code/resources/app/out/vs/workbench/services/extensions/node/extensionHostProcess.js:580:417)
	at $._withAdapter (/opt/visual-studio-code/resources/app/out/vs/workbench/services/extensions/node/extensionHostProcess.js:575:502)
	at $provideCodeActions (/opt/visual-studio-code/resources/app/out/vs/workbench/services/extensions/node/extensionHostProcess.js:580:395)
	at h._doInvokeHandler (/opt/visual-studio-code/resources/app/out/vs/workbench/services/extensions/node/extensionHostProcess.js:593:118)
	at h._invokeHandler (/opt/visual-studio-code/resources/app/out/vs/workbench/services/extensions/node/extensionHostProcess.js:592:777)
	at h._receiveRequest (/opt/visual-studio-code/resources/app/out/vs/workbench/services/extensions/node/extensionHostProcess.js:591:383)
	at h._receiveOneMessage (/opt/visual-studio-code/resources/app/out/vs/workbench/services/extensions/node/extensionHostProcess.js:590:279)
	at define.constructor._protocol.onMessage.e (/opt/visual-studio-code/resources/app/out/vs/workbench/services/extensions/node/extensionHostProcess.js:588:565)
	at u.fire (/opt/visual-studio-code/resources/app/out/vs/workbench/services/extensions/node/extensionHostProcess.js:43:254)
	at e (/opt/visual-studio-code/resources/app/out/vs/workbench/services/extensions/node/extensionHostProcess.js:39:64)
	at u.fire (/opt/visual-studio-code/resources/app/out/vs/workbench/services/extensions/node/extensionHostProcess.js:43:254)
	at s (/opt/visual-studio-code/resources/app/out/vs/workbench/services/extensions/node/extensionHostProcess.js:168:754)
	at Socket.define.constructor._socketDataListener.e (/opt/visual-studio-code/resources/app/out/vs/workbench/services/extensions/node/extensionHostProcess.js:168:960)
	at Socket.emit (events.js:182:13)
	at addChunk (_stream_readable.js:279:12)
	at readableAddChunk (_stream_readable.js:264:11)
	at Socket.Readable.push (_stream_readable.js:219:10)
	at Pipe.onread (net.js:636:20)
[2019-04-09 17:43:49.671] [exthost] [info] ExtensionService#_doActivateExtension vscode.extension-editing {"startup":false,"activationEvent":"onLanguage:typescript"}
[2019-04-09 17:43:49.671] [exthost] [info] ExtensionService#loadCommonJSModule /opt/visual-studio-code/resources/app/extensions/extension-editing/dist/extension
[2019-04-09 17:44:22.148] [exthost] [info] ExtensionService#_doActivateExtension vscode.configuration-editing {"startup":false,"activationEvent":"onLanguage:json"}
[2019-04-09 17:44:22.148] [exthost] [info] ExtensionService#loadCommonJSModule /opt/visual-studio-code/resources/app/extensions/configuration-editing/dist/extension
[2019-04-09 17:44:22.159] [exthost] [info] ExtensionService#_doActivateExtension vscode.json-language-features {"startup":false,"activationEvent":"onLanguage:json"}
[2019-04-09 17:44:22.159] [exthost] [info] ExtensionService#loadCommonJSModule /opt/visual-studio-code/resources/app/extensions/json-language-features/client/dist/jsonMain
[2019-04-09 17:44:22.229] [exthost] [info] ExtensionService#_doActivateExtension vscode.npm {"startup":false,"activationEvent":"onLanguage:json"}
[2019-04-09 17:44:22.230] [exthost] [info] ExtensionService#loadCommonJSModule /opt/visual-studio-code/resources/app/extensions/npm/dist/main
[2019-04-09 17:44:44.787] [exthost] [info] extension host started
[2019-04-09 17:44:44.803] [exthost] [info] ExtensionService#_doActivateExtension vscode.debug-auto-launch {"startup":true,"activationEvent":"*"}
[2019-04-09 17:44:44.803] [exthost] [info] ExtensionService#loadCommonJSModule /opt/visual-studio-code/resources/app/extensions/debug-auto-launch/dist/extension
[2019-04-09 17:44:44.807] [exthost] [info] ExtensionService#_doActivateExtension vscode.emmet {"startup":true,"activationEvent":"*"}
[2019-04-09 17:44:44.807] [exthost] [info] ExtensionService#loadCommonJSModule /opt/visual-studio-code/resources/app/extensions/emmet/dist/extension
[2019-04-09 17:44:44.822] [exthost] [info] ExtensionService#_doActivateExtension vscode.git {"startup":true,"activationEvent":"*"}
[2019-04-09 17:44:44.822] [exthost] [info] ExtensionService#loadCommonJSModule /opt/visual-studio-code/resources/app/extensions/git/dist/main
[2019-04-09 17:44:44.938] [exthost] [info] ExtensionService#_doActivateExtension vscode.merge-conflict {"startup":true,"activationEvent":"*"}
[2019-04-09 17:44:44.938] [exthost] [info] ExtensionService#loadCommonJSModule /opt/visual-studio-code/resources/app/extensions/merge-conflict/dist/extension
[2019-04-09 17:44:44.944] [exthost] [info] ExtensionService#_doActivateExtension dbaeumer.vscode-eslint {"startup":true,"activationEvent":"*"}
[2019-04-09 17:44:44.944] [exthost] [info] ExtensionService#loadCommonJSModule /home/alex/.vscode/extensions/dbaeumer.vscode-eslint-1.8.2/client/out/extension
[2019-04-09 17:44:44.993] [exthost] [info] ExtensionService#_doActivateExtension HookyQR.beautify {"startup":true,"activationEvent":"*"}
[2019-04-09 17:44:44.993] [exthost] [info] ExtensionService#loadCommonJSModule /home/alex/.vscode/extensions/hookyqr.beautify-1.4.11/extension
[2019-04-09 17:44:45.046] [exthost] [info] ExtensionService#_doActivateExtension ms-vscode.atom-keybindings {"startup":true,"activationEvent":"*"}
[2019-04-09 17:44:45.046] [exthost] [info] ExtensionService#loadCommonJSModule /home/alex/.vscode/extensions/ms-vscode.atom-keybindings-3.0.6/extension
[2019-04-09 17:44:45.047] [exthost] [info] ExtensionService#_doActivateExtension naumovs.color-highlight {"startup":true,"activationEvent":"*"}
[2019-04-09 17:44:45.047] [exthost] [info] ExtensionService#loadCommonJSModule /home/alex/.vscode/extensions/naumovs.color-highlight-2.3.0/dist/extension
[2019-04-09 17:44:45.075] [exthost] [info] ExtensionService#_doActivateExtension vincaslt.highlight-matching-tag {"startup":true,"activationEvent":"*"}
[2019-04-09 17:44:45.075] [exthost] [info] ExtensionService#loadCommonJSModule /home/alex/.vscode/extensions/vincaslt.highlight-matching-tag-0.9.1/out/src/extension
[2019-04-09 17:44:45.087] [exthost] [info] ExtensionService#_doActivateExtension ms-vscode.cpptools {"startup":true,"activationEvent":"*"}
[2019-04-09 17:44:45.087] [exthost] [info] ExtensionService#loadCommonJSModule /home/alex/.vscode/extensions/ms-vscode.cpptools-0.22.1/out/src/main
[2019-04-09 17:44:45.211] [exthost] [info] ExtensionService#_doActivateExtension wix.glean {"startup":true,"activationEvent":"*"}
[2019-04-09 17:44:45.211] [exthost] [info] ExtensionService#loadCommonJSModule /home/alex/.vscode/extensions/wix.glean-4.10.2/out/extension
[2019-04-09 17:44:45.389] [exthost] [info] ExtensionService#_doActivateExtension vscode.typescript-language-features {"startup":false,"activationEvent":"onLanguage:javascriptreact"}
[2019-04-09 17:44:45.389] [exthost] [info] ExtensionService#loadCommonJSModule /opt/visual-studio-code/resources/app/extensions/typescript-language-features/dist/extension
[2019-04-09 17:44:45.597] [exthost] [info] ExtensionService#_doActivateExtension GitHub.vscode-pull-request-github {"startup":true,"activationEvent":"*"}
[2019-04-09 17:44:45.597] [exthost] [info] ExtensionService#loadCommonJSModule /home/alex/.vscode/extensions/github.vscode-pull-request-github-0.5.1/media/extension
[2019-04-09 17:44:45.851] [exthost] [info] ExtensionService#_doActivateExtension vsciot-vscode.vscode-arduino {"startup":true,"activationEvent":"*"}
[2019-04-09 17:44:45.851] [exthost] [info] ExtensionService#loadCommonJSModule /home/alex/.vscode/extensions/vsciot-vscode.vscode-arduino-0.2.25/out/src/extension
[2019-04-09 17:44:46.139] [exthost] [info] eager extensions activated
[2019-04-09 17:45:24.388] [exthost] [info] extension host started
[2019-04-09 17:45:24.414] [exthost] [info] ExtensionService#_doActivateExtension vscode.debug-auto-launch {"startup":true,"activationEvent":"*"}
[2019-04-09 17:45:24.414] [exthost] [info] ExtensionService#loadCommonJSModule /opt/visual-studio-code/resources/app/extensions/debug-auto-launch/dist/extension
[2019-04-09 17:45:24.419] [exthost] [info] ExtensionService#_doActivateExtension vscode.emmet {"startup":true,"activationEvent":"*"}
[2019-04-09 17:45:24.419] [exthost] [info] ExtensionService#loadCommonJSModule /opt/visual-studio-code/resources/app/extensions/emmet/dist/extension
[2019-04-09 17:45:24.436] [exthost] [info] ExtensionService#_doActivateExtension vscode.git {"startup":true,"activationEvent":"*"}
[2019-04-09 17:45:24.436] [exthost] [info] ExtensionService#loadCommonJSModule /opt/visual-studio-code/resources/app/extensions/git/dist/main
[2019-04-09 17:45:24.535] [exthost] [info] ExtensionService#_doActivateExtension vscode.merge-conflict {"startup":true,"activationEvent":"*"}
[2019-04-09 17:45:24.535] [exthost] [info] ExtensionService#loadCommonJSModule /opt/visual-studio-code/resources/app/extensions/merge-conflict/dist/extension
[2019-04-09 17:45:24.542] [exthost] [info] ExtensionService#_doActivateExtension dbaeumer.vscode-eslint {"startup":true,"activationEvent":"*"}
[2019-04-09 17:45:24.542] [exthost] [info] ExtensionService#loadCommonJSModule /home/alex/.vscode/extensions/dbaeumer.vscode-eslint-1.8.2/client/out/extension
[2019-04-09 17:45:24.593] [exthost] [info] ExtensionService#_doActivateExtension HookyQR.beautify {"startup":true,"activationEvent":"*"}
[2019-04-09 17:45:24.593] [exthost] [info] ExtensionService#loadCommonJSModule /home/alex/.vscode/extensions/hookyqr.beautify-1.4.11/extension
[2019-04-09 17:45:24.640] [exthost] [info] ExtensionService#_doActivateExtension ms-vscode.atom-keybindings {"startup":true,"activationEvent":"*"}
[2019-04-09 17:45:24.640] [exthost] [info] ExtensionService#loadCommonJSModule /home/alex/.vscode/extensions/ms-vscode.atom-keybindings-3.0.6/extension
[2019-04-09 17:45:24.640] [exthost] [info] ExtensionService#_doActivateExtension naumovs.color-highlight {"startup":true,"activationEvent":"*"}
[2019-04-09 17:45:24.640] [exthost] [info] ExtensionService#loadCommonJSModule /home/alex/.vscode/extensions/naumovs.color-highlight-2.3.0/dist/extension
[2019-04-09 17:45:24.672] [exthost] [info] ExtensionService#_doActivateExtension vincaslt.highlight-matching-tag {"startup":true,"activationEvent":"*"}
[2019-04-09 17:45:24.672] [exthost] [info] ExtensionService#loadCommonJSModule /home/alex/.vscode/extensions/vincaslt.highlight-matching-tag-0.9.1/out/src/extension
[2019-04-09 17:45:24.682] [exthost] [info] ExtensionService#_doActivateExtension ms-vscode.cpptools {"startup":true,"activationEvent":"*"}
[2019-04-09 17:45:24.682] [exthost] [info] ExtensionService#loadCommonJSModule /home/alex/.vscode/extensions/ms-vscode.cpptools-0.22.1/out/src/main
[2019-04-09 17:45:24.816] [exthost] [info] ExtensionService#_doActivateExtension wix.glean {"startup":true,"activationEvent":"*"}
[2019-04-09 17:45:24.816] [exthost] [info] ExtensionService#loadCommonJSModule /home/alex/.vscode/extensions/wix.glean-4.10.2/out/extension
[2019-04-09 17:45:25.048] [exthost] [info] ExtensionService#_doActivateExtension vscode.typescript-language-features {"startup":false,"activationEvent":"onLanguage:javascriptreact"}
[2019-04-09 17:45:25.048] [exthost] [info] ExtensionService#loadCommonJSModule /opt/visual-studio-code/resources/app/extensions/typescript-language-features/dist/extension
[2019-04-09 17:45:25.312] [exthost] [info] ExtensionService#_doActivateExtension GitHub.vscode-pull-request-github {"startup":true,"activationEvent":"*"}
[2019-04-09 17:45:25.312] [exthost] [info] ExtensionService#loadCommonJSModule /home/alex/.vscode/extensions/github.vscode-pull-request-github-0.5.1/media/extension
[2019-04-09 17:45:25.538] [exthost] [info] ExtensionService#_doActivateExtension vsciot-vscode.vscode-arduino {"startup":true,"activationEvent":"*"}
[2019-04-09 17:45:25.538] [exthost] [info] ExtensionService#loadCommonJSModule /home/alex/.vscode/extensions/vsciot-vscode.vscode-arduino-0.2.25/out/src/extension
[2019-04-09 17:45:25.790] [exthost] [info] eager extensions activated
[2019-04-09 17:45:51.336] [exthost] [info] extension host started
[2019-04-09 17:45:51.354] [exthost] [info] ExtensionService#_doActivateExtension vscode.debug-auto-launch {"startup":true,"activationEvent":"*"}
[2019-04-09 17:45:51.354] [exthost] [info] ExtensionService#loadCommonJSModule /opt/visual-studio-code/resources/app/extensions/debug-auto-launch/dist/extension
[2019-04-09 17:45:51.358] [exthost] [info] ExtensionService#_doActivateExtension vscode.emmet {"startup":true,"activationEvent":"*"}
[2019-04-09 17:45:51.358] [exthost] [info] ExtensionService#loadCommonJSModule /opt/visual-studio-code/resources/app/extensions/emmet/dist/extension
[2019-04-09 17:45:51.374] [exthost] [info] ExtensionService#_doActivateExtension vscode.git {"startup":true,"activationEvent":"*"}
[2019-04-09 17:45:51.374] [exthost] [info] ExtensionService#loadCommonJSModule /opt/visual-studio-code/resources/app/extensions/git/dist/main
[2019-04-09 17:45:51.459] [exthost] [info] ExtensionService#_doActivateExtension vscode.merge-conflict {"startup":true,"activationEvent":"*"}
[2019-04-09 17:45:51.459] [exthost] [info] ExtensionService#loadCommonJSModule /opt/visual-studio-code/resources/app/extensions/merge-conflict/dist/extension
[2019-04-09 17:45:51.465] [exthost] [info] ExtensionService#_doActivateExtension dbaeumer.vscode-eslint {"startup":true,"activationEvent":"*"}
[2019-04-09 17:45:51.465] [exthost] [info] ExtensionService#loadCommonJSModule /home/alex/.vscode/extensions/dbaeumer.vscode-eslint-1.8.2/client/out/extension
[2019-04-09 17:45:51.498] [exthost] [info] ExtensionService#_doActivateExtension HookyQR.beautify {"startup":true,"activationEvent":"*"}
[2019-04-09 17:45:51.498] [exthost] [info] ExtensionService#loadCommonJSModule /home/alex/.vscode/extensions/hookyqr.beautify-1.4.11/extension
[2019-04-09 17:45:51.536] [exthost] [info] ExtensionService#_doActivateExtension ms-vscode.atom-keybindings {"startup":true,"activationEvent":"*"}
[2019-04-09 17:45:51.536] [exthost] [info] ExtensionService#loadCommonJSModule /home/alex/.vscode/extensions/ms-vscode.atom-keybindings-3.0.6/extension
[2019-04-09 17:45:51.537] [exthost] [info] ExtensionService#_doActivateExtension naumovs.color-highlight {"startup":true,"activationEvent":"*"}
[2019-04-09 17:45:51.537] [exthost] [info] ExtensionService#loadCommonJSModule /home/alex/.vscode/extensions/naumovs.color-highlight-2.3.0/dist/extension
[2019-04-09 17:45:51.564] [exthost] [info] ExtensionService#_doActivateExtension vincaslt.highlight-matching-tag {"startup":true,"activationEvent":"*"}
[2019-04-09 17:45:51.564] [exthost] [info] ExtensionService#loadCommonJSModule /home/alex/.vscode/extensions/vincaslt.highlight-matching-tag-0.9.1/out/src/extension
[2019-04-09 17:45:51.573] [exthost] [info] ExtensionService#_doActivateExtension ms-vscode.cpptools {"startup":true,"activationEvent":"*"}
[2019-04-09 17:45:51.573] [exthost] [info] ExtensionService#loadCommonJSModule /home/alex/.vscode/extensions/ms-vscode.cpptools-0.22.1/out/src/main
[2019-04-09 17:45:51.676] [exthost] [info] ExtensionService#_doActivateExtension wix.glean {"startup":true,"activationEvent":"*"}
[2019-04-09 17:45:51.676] [exthost] [info] ExtensionService#loadCommonJSModule /home/alex/.vscode/extensions/wix.glean-4.10.2/out/extension
[2019-04-09 17:45:51.849] [exthost] [info] ExtensionService#_doActivateExtension vscode.typescript-language-features {"startup":false,"activationEvent":"onLanguage:javascriptreact"}
[2019-04-09 17:45:51.849] [exthost] [info] ExtensionService#loadCommonJSModule /opt/visual-studio-code/resources/app/extensions/typescript-language-features/dist/extension
[2019-04-09 17:45:52.157] [exthost] [info] ExtensionService#_doActivateExtension GitHub.vscode-pull-request-github {"startup":true,"activationEvent":"*"}
[2019-04-09 17:45:52.157] [exthost] [info] ExtensionService#loadCommonJSModule /home/alex/.vscode/extensions/github.vscode-pull-request-github-0.5.1/media/extension
[2019-04-09 17:45:52.405] [exthost] [info] ExtensionService#_doActivateExtension vsciot-vscode.vscode-arduino {"startup":true,"activationEvent":"*"}
[2019-04-09 17:45:52.405] [exthost] [info] ExtensionService#loadCommonJSModule /home/alex/.vscode/extensions/vsciot-vscode.vscode-arduino-0.2.25/out/src/extension
[2019-04-09 17:45:52.706] [exthost] [info] eager extensions activated
[2019-04-09 17:46:11.277] [exthost] [info] extension host started
[2019-04-09 17:46:11.292] [exthost] [info] ExtensionService#_doActivateExtension vscode.debug-auto-launch {"startup":true,"activationEvent":"*"}
[2019-04-09 17:46:11.293] [exthost] [info] ExtensionService#loadCommonJSModule /opt/visual-studio-code/resources/app/extensions/debug-auto-launch/dist/extension
[2019-04-09 17:46:11.297] [exthost] [info] ExtensionService#_doActivateExtension vscode.emmet {"startup":true,"activationEvent":"*"}
[2019-04-09 17:46:11.297] [exthost] [info] ExtensionService#loadCommonJSModule /opt/visual-studio-code/resources/app/extensions/emmet/dist/extension
[2019-04-09 17:46:11.313] [exthost] [info] ExtensionService#_doActivateExtension vscode.git {"startup":true,"activationEvent":"*"}
[2019-04-09 17:46:11.313] [exthost] [info] ExtensionService#loadCommonJSModule /opt/visual-studio-code/resources/app/extensions/git/dist/main
[2019-04-09 17:46:11.415] [exthost] [info] ExtensionService#_doActivateExtension vscode.merge-conflict {"startup":true,"activationEvent":"*"}
[2019-04-09 17:46:11.415] [exthost] [info] ExtensionService#loadCommonJSModule /opt/visual-studio-code/resources/app/extensions/merge-conflict/dist/extension
[2019-04-09 17:46:11.420] [exthost] [info] ExtensionService#_doActivateExtension dbaeumer.vscode-eslint {"startup":true,"activationEvent":"*"}
[2019-04-09 17:46:11.421] [exthost] [info] ExtensionService#loadCommonJSModule /home/alex/.vscode/extensions/dbaeumer.vscode-eslint-1.8.2/client/out/extension
[2019-04-09 17:46:11.469] [exthost] [info] ExtensionService#_doActivateExtension HookyQR.beautify {"startup":true,"activationEvent":"*"}
[2019-04-09 17:46:11.469] [exthost] [info] ExtensionService#loadCommonJSModule /home/alex/.vscode/extensions/hookyqr.beautify-1.4.11/extension
[2019-04-09 17:46:11.511] [exthost] [info] ExtensionService#_doActivateExtension ms-vscode.atom-keybindings {"startup":true,"activationEvent":"*"}
[2019-04-09 17:46:11.511] [exthost] [info] ExtensionService#loadCommonJSModule /home/alex/.vscode/extensions/ms-vscode.atom-keybindings-3.0.6/extension
[2019-04-09 17:46:11.512] [exthost] [info] ExtensionService#_doActivateExtension naumovs.color-highlight {"startup":true,"activationEvent":"*"}
[2019-04-09 17:46:11.512] [exthost] [info] ExtensionService#loadCommonJSModule /home/alex/.vscode/extensions/naumovs.color-highlight-2.3.0/dist/extension
[2019-04-09 17:46:11.534] [exthost] [info] ExtensionService#_doActivateExtension vincaslt.highlight-matching-tag {"startup":true,"activationEvent":"*"}
[2019-04-09 17:46:11.534] [exthost] [info] ExtensionService#loadCommonJSModule /home/alex/.vscode/extensions/vincaslt.highlight-matching-tag-0.9.1/out/src/extension
[2019-04-09 17:46:11.541] [exthost] [info] ExtensionService#_doActivateExtension ms-vscode.cpptools {"startup":true,"activationEvent":"*"}
[2019-04-09 17:46:11.541] [exthost] [info] ExtensionService#loadCommonJSModule /home/alex/.vscode/extensions/ms-vscode.cpptools-0.22.1/out/src/main
[2019-04-09 17:46:11.657] [exthost] [info] ExtensionService#_doActivateExtension wix.glean {"startup":true,"activationEvent":"*"}
[2019-04-09 17:46:11.657] [exthost] [info] ExtensionService#loadCommonJSModule /home/alex/.vscode/extensions/wix.glean-4.10.2/out/extension
[2019-04-09 17:46:11.875] [exthost] [info] ExtensionService#_doActivateExtension vscode.typescript-language-features {"startup":false,"activationEvent":"onLanguage:javascriptreact"}
[2019-04-09 17:46:11.875] [exthost] [info] ExtensionService#loadCommonJSModule /opt/visual-studio-code/resources/app/extensions/typescript-language-features/dist/extension
[2019-04-09 17:46:12.147] [exthost] [info] ExtensionService#_doActivateExtension GitHub.vscode-pull-request-github {"startup":true,"activationEvent":"*"}
[2019-04-09 17:46:12.150] [exthost] [info] ExtensionService#loadCommonJSModule /home/alex/.vscode/extensions/github.vscode-pull-request-github-0.5.1/media/extension
[2019-04-09 17:46:12.404] [exthost] [info] ExtensionService#_doActivateExtension vsciot-vscode.vscode-arduino {"startup":true,"activationEvent":"*"}
[2019-04-09 17:46:12.404] [exthost] [info] ExtensionService#loadCommonJSModule /home/alex/.vscode/extensions/vsciot-vscode.vscode-arduino-0.2.25/out/src/extension
[2019-04-09 17:46:12.732] [exthost] [info] eager extensions activated
[2019-04-09 17:46:36.478] [exthost] [info] extension host started
[2019-04-09 17:46:36.494] [exthost] [info] ExtensionService#_doActivateExtension vscode.debug-auto-launch {"startup":true,"activationEvent":"*"}
[2019-04-09 17:46:36.494] [exthost] [info] ExtensionService#loadCommonJSModule /opt/visual-studio-code/resources/app/extensions/debug-auto-launch/dist/extension
[2019-04-09 17:46:36.499] [exthost] [info] ExtensionService#_doActivateExtension vscode.emmet {"startup":true,"activationEvent":"*"}
[2019-04-09 17:46:36.499] [exthost] [info] ExtensionService#loadCommonJSModule /opt/visual-studio-code/resources/app/extensions/emmet/dist/extension
[2019-04-09 17:46:36.516] [exthost] [info] ExtensionService#_doActivateExtension vscode.git {"startup":true,"activationEvent":"*"}
[2019-04-09 17:46:36.516] [exthost] [info] ExtensionService#loadCommonJSModule /opt/visual-studio-code/resources/app/extensions/git/dist/main
[2019-04-09 17:46:36.610] [exthost] [info] ExtensionService#_doActivateExtension vscode.merge-conflict {"startup":true,"activationEvent":"*"}
[2019-04-09 17:46:36.610] [exthost] [info] ExtensionService#loadCommonJSModule /opt/visual-studio-code/resources/app/extensions/merge-conflict/dist/extension
[2019-04-09 17:46:36.614] [exthost] [info] ExtensionService#_doActivateExtension dbaeumer.vscode-eslint {"startup":true,"activationEvent":"*"}
[2019-04-09 17:46:36.614] [exthost] [info] ExtensionService#loadCommonJSModule /home/alex/.vscode/extensions/dbaeumer.vscode-eslint-1.8.2/client/out/extension
[2019-04-09 17:46:36.649] [exthost] [info] ExtensionService#_doActivateExtension HookyQR.beautify {"startup":true,"activationEvent":"*"}
[2019-04-09 17:46:36.649] [exthost] [info] ExtensionService#loadCommonJSModule /home/alex/.vscode/extensions/hookyqr.beautify-1.4.11/extension
[2019-04-09 17:46:36.692] [exthost] [info] ExtensionService#_doActivateExtension ms-vscode.atom-keybindings {"startup":true,"activationEvent":"*"}
[2019-04-09 17:46:36.692] [exthost] [info] ExtensionService#loadCommonJSModule /home/alex/.vscode/extensions/ms-vscode.atom-keybindings-3.0.6/extension
[2019-04-09 17:46:36.693] [exthost] [info] ExtensionService#_doActivateExtension naumovs.color-highlight {"startup":true,"activationEvent":"*"}
[2019-04-09 17:46:36.693] [exthost] [info] ExtensionService#loadCommonJSModule /home/alex/.vscode/extensions/naumovs.color-highlight-2.3.0/dist/extension
[2019-04-09 17:46:36.718] [exthost] [info] ExtensionService#_doActivateExtension vincaslt.highlight-matching-tag {"startup":true,"activationEvent":"*"}
[2019-04-09 17:46:36.718] [exthost] [info] ExtensionService#loadCommonJSModule /home/alex/.vscode/extensions/vincaslt.highlight-matching-tag-0.9.1/out/src/extension
[2019-04-09 17:46:36.725] [exthost] [info] ExtensionService#_doActivateExtension ms-vscode.cpptools {"startup":true,"activationEvent":"*"}
[2019-04-09 17:46:36.725] [exthost] [info] ExtensionService#loadCommonJSModule /home/alex/.vscode/extensions/ms-vscode.cpptools-0.22.1/out/src/main
[2019-04-09 17:46:36.842] [exthost] [info] ExtensionService#_doActivateExtension wix.glean {"startup":true,"activationEvent":"*"}
[2019-04-09 17:46:36.842] [exthost] [info] ExtensionService#loadCommonJSModule /home/alex/.vscode/extensions/wix.glean-4.10.2/out/extension
[2019-04-09 17:46:37.113] [exthost] [info] ExtensionService#_doActivateExtension vscode.typescript-language-features {"startup":false,"activationEvent":"onLanguage:javascriptreact"}
[2019-04-09 17:46:37.113] [exthost] [info] ExtensionService#loadCommonJSModule /opt/visual-studio-code/resources/app/extensions/typescript-language-features/dist/extension
[2019-04-09 17:46:37.346] [exthost] [info] ExtensionService#_doActivateExtension GitHub.vscode-pull-request-github {"startup":true,"activationEvent":"*"}
[2019-04-09 17:46:37.350] [exthost] [info] ExtensionService#loadCommonJSModule /home/alex/.vscode/extensions/github.vscode-pull-request-github-0.5.1/media/extension
[2019-04-09 17:46:37.630] [exthost] [info] ExtensionService#_doActivateExtension vsciot-vscode.vscode-arduino {"startup":true,"activationEvent":"*"}
[2019-04-09 17:46:37.630] [exthost] [info] ExtensionService#loadCommonJSModule /home/alex/.vscode/extensions/vsciot-vscode.vscode-arduino-0.2.25/out/src/extension
[2019-04-09 17:46:37.932] [exthost] [info] eager extensions activated
[2019-04-09 17:46:55.982] [exthost] [info] extension host started
[2019-04-09 17:46:56.028] [exthost] [info] ExtensionService#_doActivateExtension vscode.debug-auto-launch {"startup":true,"activationEvent":"*"}
[2019-04-09 17:46:56.028] [exthost] [info] ExtensionService#loadCommonJSModule /opt/visual-studio-code/resources/app/extensions/debug-auto-launch/dist/extension
[2019-04-09 17:46:56.038] [exthost] [info] ExtensionService#_doActivateExtension vscode.emmet {"startup":true,"activationEvent":"*"}
[2019-04-09 17:46:56.038] [exthost] [info] ExtensionService#loadCommonJSModule /opt/visual-studio-code/resources/app/extensions/emmet/dist/extension
[2019-04-09 17:46:56.066] [exthost] [info] ExtensionService#_doActivateExtension vscode.git {"startup":true,"activationEvent":"*"}
[2019-04-09 17:46:56.066] [exthost] [info] ExtensionService#loadCommonJSModule /opt/visual-studio-code/resources/app/extensions/git/dist/main
[2019-04-09 17:46:56.210] [exthost] [info] ExtensionService#_doActivateExtension vscode.merge-conflict {"startup":true,"activationEvent":"*"}
[2019-04-09 17:46:56.210] [exthost] [info] ExtensionService#loadCommonJSModule /opt/visual-studio-code/resources/app/extensions/merge-conflict/dist/extension
[2019-04-09 17:46:56.215] [exthost] [info] ExtensionService#_doActivateExtension dbaeumer.vscode-eslint {"startup":true,"activationEvent":"*"}
[2019-04-09 17:46:56.216] [exthost] [info] ExtensionService#loadCommonJSModule /home/alex/.vscode/extensions/dbaeumer.vscode-eslint-1.8.2/client/out/extension
[2019-04-09 17:46:56.264] [exthost] [info] ExtensionService#_doActivateExtension HookyQR.beautify {"startup":true,"activationEvent":"*"}
[2019-04-09 17:46:56.264] [exthost] [info] ExtensionService#loadCommonJSModule /home/alex/.vscode/extensions/hookyqr.beautify-1.4.11/extension
[2019-04-09 17:46:56.315] [exthost] [info] ExtensionService#_doActivateExtension ms-vscode.atom-keybindings {"startup":true,"activationEvent":"*"}
[2019-04-09 17:46:56.315] [exthost] [info] ExtensionService#loadCommonJSModule /home/alex/.vscode/extensions/ms-vscode.atom-keybindings-3.0.6/extension
[2019-04-09 17:46:56.317] [exthost] [info] ExtensionService#_doActivateExtension naumovs.color-highlight {"startup":true,"activationEvent":"*"}
[2019-04-09 17:46:56.317] [exthost] [info] ExtensionService#loadCommonJSModule /home/alex/.vscode/extensions/naumovs.color-highlight-2.3.0/dist/extension
[2019-04-09 17:46:56.350] [exthost] [info] ExtensionService#_doActivateExtension vincaslt.highlight-matching-tag {"startup":true,"activationEvent":"*"}
[2019-04-09 17:46:56.350] [exthost] [info] ExtensionService#loadCommonJSModule /home/alex/.vscode/extensions/vincaslt.highlight-matching-tag-0.9.1/out/src/extension
[2019-04-09 17:46:56.363] [exthost] [info] ExtensionService#_doActivateExtension ms-vscode.cpptools {"startup":true,"activationEvent":"*"}
[2019-04-09 17:46:56.363] [exthost] [info] ExtensionService#loadCommonJSModule /home/alex/.vscode/extensions/ms-vscode.cpptools-0.22.1/out/src/main
[2019-04-09 17:46:56.557] [exthost] [info] ExtensionService#_doActivateExtension wix.glean {"startup":true,"activationEvent":"*"}
[2019-04-09 17:46:56.557] [exthost] [info] ExtensionService#loadCommonJSModule /home/alex/.vscode/extensions/wix.glean-4.10.2/out/extension
[2019-04-09 17:46:56.807] [exthost] [info] ExtensionService#_doActivateExtension vscode.typescript-language-features {"startup":false,"activationEvent":"onLanguage:javascriptreact"}
[2019-04-09 17:46:56.807] [exthost] [info] ExtensionService#loadCommonJSModule /opt/visual-studio-code/resources/app/extensions/typescript-language-features/dist/extension
[2019-04-09 17:46:57.177] [exthost] [info] ExtensionService#_doActivateExtension GitHub.vscode-pull-request-github {"startup":true,"activationEvent":"*"}
[2019-04-09 17:46:57.177] [exthost] [info] ExtensionService#loadCommonJSModule /home/alex/.vscode/extensions/github.vscode-pull-request-github-0.5.1/media/extension
[2019-04-09 17:46:57.599] [exthost] [info] ExtensionService#_doActivateExtension vsciot-vscode.vscode-arduino {"startup":true,"activationEvent":"*"}
[2019-04-09 17:46:57.599] [exthost] [info] ExtensionService#loadCommonJSModule /home/alex/.vscode/extensions/vsciot-vscode.vscode-arduino-0.2.25/out/src/extension
[2019-04-09 17:46:58.221] [exthost] [info] eager extensions activated
[2019-04-09 17:51:23.270] [exthost] [info] extension host started
[2019-04-09 17:51:23.291] [exthost] [info] ExtensionService#_doActivateExtension vscode.debug-auto-launch {"startup":true,"activationEvent":"*"}
[2019-04-09 17:51:23.291] [exthost] [info] ExtensionService#loadCommonJSModule /opt/visual-studio-code/resources/app/extensions/debug-auto-launch/dist/extension
[2019-04-09 17:51:23.297] [exthost] [info] ExtensionService#_doActivateExtension vscode.emmet {"startup":true,"activationEvent":"*"}
[2019-04-09 17:51:23.297] [exthost] [info] ExtensionService#loadCommonJSModule /opt/visual-studio-code/resources/app/extensions/emmet/dist/extension
[2019-04-09 17:51:23.312] [exthost] [info] ExtensionService#_doActivateExtension vscode.git {"startup":true,"activationEvent":"*"}
[2019-04-09 17:51:23.312] [exthost] [info] ExtensionService#loadCommonJSModule /opt/visual-studio-code/resources/app/extensions/git/dist/main
[2019-04-09 17:51:23.410] [exthost] [info] ExtensionService#_doActivateExtension vscode.merge-conflict {"startup":true,"activationEvent":"*"}
[2019-04-09 17:51:23.410] [exthost] [info] ExtensionService#loadCommonJSModule /opt/visual-studio-code/resources/app/extensions/merge-conflict/dist/extension
[2019-04-09 17:51:23.415] [exthost] [info] ExtensionService#_doActivateExtension dbaeumer.vscode-eslint {"startup":true,"activationEvent":"*"}
[2019-04-09 17:51:23.415] [exthost] [info] ExtensionService#loadCommonJSModule /home/alex/.vscode/extensions/dbaeumer.vscode-eslint-1.8.2/client/out/extension
[2019-04-09 17:51:23.453] [exthost] [info] ExtensionService#_doActivateExtension HookyQR.beautify {"startup":true,"activationEvent":"*"}
[2019-04-09 17:51:23.453] [exthost] [info] ExtensionService#loadCommonJSModule /home/alex/.vscode/extensions/hookyqr.beautify-1.4.11/extension
[2019-04-09 17:51:23.489] [exthost] [info] ExtensionService#_doActivateExtension ms-vscode.atom-keybindings {"startup":true,"activationEvent":"*"}
[2019-04-09 17:51:23.489] [exthost] [info] ExtensionService#loadCommonJSModule /home/alex/.vscode/extensions/ms-vscode.atom-keybindings-3.0.6/extension
[2019-04-09 17:51:23.489] [exthost] [info] ExtensionService#_doActivateExtension naumovs.color-highlight {"startup":true,"activationEvent":"*"}
[2019-04-09 17:51:23.489] [exthost] [info] ExtensionService#loadCommonJSModule /home/alex/.vscode/extensions/naumovs.color-highlight-2.3.0/dist/extension
[2019-04-09 17:51:23.510] [exthost] [info] ExtensionService#_doActivateExtension vincaslt.highlight-matching-tag {"startup":true,"activationEvent":"*"}
[2019-04-09 17:51:23.510] [exthost] [info] ExtensionService#loadCommonJSModule /home/alex/.vscode/extensions/vincaslt.highlight-matching-tag-0.9.1/out/src/extension
[2019-04-09 17:51:23.517] [exthost] [info] ExtensionService#_doActivateExtension ms-vscode.cpptools {"startup":true,"activationEvent":"*"}
[2019-04-09 17:51:23.517] [exthost] [info] ExtensionService#loadCommonJSModule /home/alex/.vscode/extensions/ms-vscode.cpptools-0.22.1/out/src/main
[2019-04-09 17:51:23.628] [exthost] [info] ExtensionService#_doActivateExtension wix.glean {"startup":true,"activationEvent":"*"}
[2019-04-09 17:51:23.628] [exthost] [info] ExtensionService#loadCommonJSModule /home/alex/.vscode/extensions/wix.glean-4.10.2/out/extension
[2019-04-09 17:51:23.795] [exthost] [info] ExtensionService#_doActivateExtension vscode.typescript-language-features {"startup":false,"activationEvent":"onLanguage:javascriptreact"}
[2019-04-09 17:51:23.795] [exthost] [info] ExtensionService#loadCommonJSModule /opt/visual-studio-code/resources/app/extensions/typescript-language-features/dist/extension
[2019-04-09 17:51:23.998] [exthost] [info] ExtensionService#_doActivateExtension GitHub.vscode-pull-request-github {"startup":true,"activationEvent":"*"}
[2019-04-09 17:51:23.998] [exthost] [info] ExtensionService#loadCommonJSModule /home/alex/.vscode/extensions/github.vscode-pull-request-github-0.5.1/media/extension
[2019-04-09 17:51:24.290] [exthost] [info] ExtensionService#_doActivateExtension vsciot-vscode.vscode-arduino {"startup":true,"activationEvent":"*"}
[2019-04-09 17:51:24.290] [exthost] [info] ExtensionService#loadCommonJSModule /home/alex/.vscode/extensions/vsciot-vscode.vscode-arduino-0.2.25/out/src/extension
[2019-04-09 17:51:24.582] [exthost] [info] eager extensions activated
[2019-04-09 17:51:55.364] [exthost] [info] ExtensionService#_doActivateExtension vscode.configuration-editing {"startup":false,"activationEvent":"onLanguage:json"}
[2019-04-09 17:51:55.364] [exthost] [info] ExtensionService#loadCommonJSModule /opt/visual-studio-code/resources/app/extensions/configuration-editing/dist/extension
[2019-04-09 17:51:55.379] [exthost] [info] ExtensionService#_doActivateExtension vscode.extension-editing {"startup":false,"activationEvent":"onLanguage:json"}
[2019-04-09 17:51:55.381] [exthost] [info] ExtensionService#loadCommonJSModule /opt/visual-studio-code/resources/app/extensions/extension-editing/dist/extension
[2019-04-09 17:51:55.512] [exthost] [info] ExtensionService#_doActivateExtension vscode.json-language-features {"startup":false,"activationEvent":"onLanguage:json"}
[2019-04-09 17:51:55.512] [exthost] [info] ExtensionService#loadCommonJSModule /opt/visual-studio-code/resources/app/extensions/json-language-features/client/dist/jsonMain
[2019-04-09 17:51:55.638] [exthost] [info] ExtensionService#_doActivateExtension vscode.npm {"startup":false,"activationEvent":"onLanguage:json"}
[2019-04-09 17:51:55.638] [exthost] [info] ExtensionService#loadCommonJSModule /opt/visual-studio-code/resources/app/extensions/npm/dist/main
[2019-04-09 17:51:55.673] [exthost] [error] [wix.glean] provider FAILED
[2019-04-09 17:51:55.674] [exthost] [error] TypeError: Cannot read property 'selection' of undefined
	at Object.selectedText (/home/alex/.vscode/extensions/wix.glean-4.10.2/out/editor.js:37:30)
	at CompleteActionProvider.provideCodeActions (/home/alex/.vscode/extensions/wix.glean-4.10.2/out/extension.js:17:31)
	at define.provideCodeActions.a.asPromise (/opt/visual-studio-code/resources/app/out/vs/workbench/services/extensions/node/extensionHostProcess.js:564:641)
	at t.asPromise.Promise (/opt/visual-studio-code/resources/app/out/vs/workbench/services/extensions/node/extensionHostProcess.js:48:58)
	at new Promise (<anonymous>)
	at Object.t.asPromise (/opt/visual-studio-code/resources/app/out/vs/workbench/services/extensions/node/extensionHostProcess.js:48:32)
	at I.provideCodeActions (/opt/visual-studio-code/resources/app/out/vs/workbench/services/extensions/node/extensionHostProcess.js:564:612)
	at define.$provideCodeActions._withAdapter.e (/opt/visual-studio-code/resources/app/out/vs/workbench/services/extensions/node/extensionHostProcess.js:580:417)
	at $._withAdapter (/opt/visual-studio-code/resources/app/out/vs/workbench/services/extensions/node/extensionHostProcess.js:575:502)
	at $provideCodeActions (/opt/visual-studio-code/resources/app/out/vs/workbench/services/extensions/node/extensionHostProcess.js:580:395)
	at h._doInvokeHandler (/opt/visual-studio-code/resources/app/out/vs/workbench/services/extensions/node/extensionHostProcess.js:593:118)
	at h._invokeHandler (/opt/visual-studio-code/resources/app/out/vs/workbench/services/extensions/node/extensionHostProcess.js:592:777)
	at h._receiveRequest (/opt/visual-studio-code/resources/app/out/vs/workbench/services/extensions/node/extensionHostProcess.js:591:383)
	at h._receiveOneMessage (/opt/visual-studio-code/resources/app/out/vs/workbench/services/extensions/node/extensionHostProcess.js:590:279)
	at define.constructor._protocol.onMessage.e (/opt/visual-studio-code/resources/app/out/vs/workbench/services/extensions/node/extensionHostProcess.js:588:565)
	at u.fire (/opt/visual-studio-code/resources/app/out/vs/workbench/services/extensions/node/extensionHostProcess.js:43:254)
	at e (/opt/visual-studio-code/resources/app/out/vs/workbench/services/extensions/node/extensionHostProcess.js:39:64)
	at u.fire (/opt/visual-studio-code/resources/app/out/vs/workbench/services/extensions/node/extensionHostProcess.js:43:254)
	at s (/opt/visual-studio-code/resources/app/out/vs/workbench/services/extensions/node/extensionHostProcess.js:168:754)
	at Socket.define.constructor._socketDataListener.e (/opt/visual-studio-code/resources/app/out/vs/workbench/services/extensions/node/extensionHostProcess.js:168:960)
	at Socket.emit (events.js:182:13)
	at addChunk (_stream_readable.js:279:12)
	at readableAddChunk (_stream_readable.js:264:11)
	at Socket.Readable.push (_stream_readable.js:219:10)
	at Pipe.onread (net.js:636:20)
[2019-04-09 17:52:01.143] [exthost] [error] [wix.glean] provider FAILED
[2019-04-09 17:52:01.144] [exthost] [error] TypeError: Cannot read property 'selection' of undefined
	at Object.selectedText (/home/alex/.vscode/extensions/wix.glean-4.10.2/out/editor.js:37:30)
	at CompleteActionProvider.provideCodeActions (/home/alex/.vscode/extensions/wix.glean-4.10.2/out/extension.js:17:31)
	at define.provideCodeActions.a.asPromise (/opt/visual-studio-code/resources/app/out/vs/workbench/services/extensions/node/extensionHostProcess.js:564:641)
	at t.asPromise.Promise (/opt/visual-studio-code/resources/app/out/vs/workbench/services/extensions/node/extensionHostProcess.js:48:58)
	at new Promise (<anonymous>)
	at Object.t.asPromise (/opt/visual-studio-code/resources/app/out/vs/workbench/services/extensions/node/extensionHostProcess.js:48:32)
	at I.provideCodeActions (/opt/visual-studio-code/resources/app/out/vs/workbench/services/extensions/node/extensionHostProcess.js:564:612)
	at define.$provideCodeActions._withAdapter.e (/opt/visual-studio-code/resources/app/out/vs/workbench/services/extensions/node/extensionHostProcess.js:580:417)
	at $._withAdapter (/opt/visual-studio-code/resources/app/out/vs/workbench/services/extensions/node/extensionHostProcess.js:575:502)
	at $provideCodeActions (/opt/visual-studio-code/resources/app/out/vs/workbench/services/extensions/node/extensionHostProcess.js:580:395)
	at h._doInvokeHandler (/opt/visual-studio-code/resources/app/out/vs/workbench/services/extensions/node/extensionHostProcess.js:593:118)
	at h._invokeHandler (/opt/visual-studio-code/resources/app/out/vs/workbench/services/extensions/node/extensionHostProcess.js:592:777)
	at h._receiveRequest (/opt/visual-studio-code/resources/app/out/vs/workbench/services/extensions/node/extensionHostProcess.js:591:383)
	at h._receiveOneMessage (/opt/visual-studio-code/resources/app/out/vs/workbench/services/extensions/node/extensionHostProcess.js:590:279)
	at define.constructor._protocol.onMessage.e (/opt/visual-studio-code/resources/app/out/vs/workbench/services/extensions/node/extensionHostProcess.js:588:565)
	at u.fire (/opt/visual-studio-code/resources/app/out/vs/workbench/services/extensions/node/extensionHostProcess.js:43:254)
	at e (/opt/visual-studio-code/resources/app/out/vs/workbench/services/extensions/node/extensionHostProcess.js:39:64)
	at u.fire (/opt/visual-studio-code/resources/app/out/vs/workbench/services/extensions/node/extensionHostProcess.js:43:254)
	at s (/opt/visual-studio-code/resources/app/out/vs/workbench/services/extensions/node/extensionHostProcess.js:168:754)
	at Socket.define.constructor._socketDataListener.e (/opt/visual-studio-code/resources/app/out/vs/workbench/services/extensions/node/extensionHostProcess.js:168:960)
	at Socket.emit (events.js:182:13)
	at addChunk (_stream_readable.js:279:12)
	at readableAddChunk (_stream_readable.js:264:11)
	at Socket.Readable.push (_stream_readable.js:219:10)
	at Pipe.onread (net.js:636:20)
[2019-04-09 17:52:20.664] [exthost] [info] extension host started
[2019-04-09 17:52:20.688] [exthost] [info] ExtensionService#_doActivateExtension vscode.debug-auto-launch {"startup":true,"activationEvent":"*"}
[2019-04-09 17:52:20.688] [exthost] [info] ExtensionService#loadCommonJSModule /opt/visual-studio-code/resources/app/extensions/debug-auto-launch/dist/extension
[2019-04-09 17:52:20.697] [exthost] [info] ExtensionService#_doActivateExtension vscode.emmet {"startup":true,"activationEvent":"*"}
[2019-04-09 17:52:20.697] [exthost] [info] ExtensionService#loadCommonJSModule /opt/visual-studio-code/resources/app/extensions/emmet/dist/extension
[2019-04-09 17:52:20.718] [exthost] [info] ExtensionService#_doActivateExtension vscode.git {"startup":true,"activationEvent":"*"}
[2019-04-09 17:52:20.718] [exthost] [info] ExtensionService#loadCommonJSModule /opt/visual-studio-code/resources/app/extensions/git/dist/main
[2019-04-09 17:52:20.848] [exthost] [info] ExtensionService#_doActivateExtension vscode.merge-conflict {"startup":true,"activationEvent":"*"}
[2019-04-09 17:52:20.848] [exthost] [info] ExtensionService#loadCommonJSModule /opt/visual-studio-code/resources/app/extensions/merge-conflict/dist/extension
[2019-04-09 17:52:20.856] [exthost] [info] ExtensionService#_doActivateExtension dbaeumer.vscode-eslint {"startup":true,"activationEvent":"*"}
[2019-04-09 17:52:20.856] [exthost] [info] ExtensionService#loadCommonJSModule /home/alex/.vscode/extensions/dbaeumer.vscode-eslint-1.8.2/client/out/extension
[2019-04-09 17:52:20.911] [exthost] [info] ExtensionService#_doActivateExtension HookyQR.beautify {"startup":true,"activationEvent":"*"}
[2019-04-09 17:52:20.911] [exthost] [info] ExtensionService#loadCommonJSModule /home/alex/.vscode/extensions/hookyqr.beautify-1.4.11/extension
[2019-04-09 17:52:20.961] [exthost] [info] ExtensionService#_doActivateExtension ms-vscode.atom-keybindings {"startup":true,"activationEvent":"*"}
[2019-04-09 17:52:20.961] [exthost] [info] ExtensionService#loadCommonJSModule /home/alex/.vscode/extensions/ms-vscode.atom-keybindings-3.0.6/extension
[2019-04-09 17:52:20.963] [exthost] [info] ExtensionService#_doActivateExtension naumovs.color-highlight {"startup":true,"activationEvent":"*"}
[2019-04-09 17:52:20.963] [exthost] [info] ExtensionService#loadCommonJSModule /home/alex/.vscode/extensions/naumovs.color-highlight-2.3.0/dist/extension
[2019-04-09 17:52:21.004] [exthost] [info] ExtensionService#_doActivateExtension vincaslt.highlight-matching-tag {"startup":true,"activationEvent":"*"}
[2019-04-09 17:52:21.004] [exthost] [info] ExtensionService#loadCommonJSModule /home/alex/.vscode/extensions/vincaslt.highlight-matching-tag-0.9.1/out/src/extension
[2019-04-09 17:52:21.032] [exthost] [info] ExtensionService#_doActivateExtension ms-vscode.cpptools {"startup":true,"activationEvent":"*"}
[2019-04-09 17:52:21.032] [exthost] [info] ExtensionService#loadCommonJSModule /home/alex/.vscode/extensions/ms-vscode.cpptools-0.22.1/out/src/main
[2019-04-09 17:52:21.201] [exthost] [info] ExtensionService#_doActivateExtension wix.glean {"startup":true,"activationEvent":"*"}
[2019-04-09 17:52:21.201] [exthost] [info] ExtensionService#loadCommonJSModule /home/alex/.vscode/extensions/wix.glean-4.10.2/out/extension
[2019-04-09 17:52:21.409] [exthost] [info] ExtensionService#_doActivateExtension vscode.typescript-language-features {"startup":false,"activationEvent":"onLanguage:javascriptreact"}
[2019-04-09 17:52:21.409] [exthost] [info] ExtensionService#loadCommonJSModule /opt/visual-studio-code/resources/app/extensions/typescript-language-features/dist/extension
[2019-04-09 17:52:21.690] [exthost] [info] ExtensionService#_doActivateExtension GitHub.vscode-pull-request-github {"startup":true,"activationEvent":"*"}
[2019-04-09 17:52:21.690] [exthost] [info] ExtensionService#loadCommonJSModule /home/alex/.vscode/extensions/github.vscode-pull-request-github-0.5.1/media/extension
[2019-04-09 17:52:22.018] [exthost] [info] ExtensionService#_doActivateExtension vsciot-vscode.vscode-arduino {"startup":true,"activationEvent":"*"}
[2019-04-09 17:52:22.018] [exthost] [info] ExtensionService#loadCommonJSModule /home/alex/.vscode/extensions/vsciot-vscode.vscode-arduino-0.2.25/out/src/extension
[2019-04-09 17:52:22.381] [exthost] [info] eager extensions activated
[2019-04-09 17:53:10.099] [exthost] [info] ExtensionService#_doActivateExtension vscode.configuration-editing {"startup":false,"activationEvent":"onLanguage:json"}
[2019-04-09 17:53:10.099] [exthost] [info] ExtensionService#loadCommonJSModule /opt/visual-studio-code/resources/app/extensions/configuration-editing/dist/extension
[2019-04-09 17:53:10.104] [exthost] [info] ExtensionService#_doActivateExtension vscode.extension-editing {"startup":false,"activationEvent":"onLanguage:json"}
[2019-04-09 17:53:10.104] [exthost] [info] ExtensionService#loadCommonJSModule /opt/visual-studio-code/resources/app/extensions/extension-editing/dist/extension
[2019-04-09 17:53:10.156] [exthost] [info] ExtensionService#_doActivateExtension vscode.json-language-features {"startup":false,"activationEvent":"onLanguage:json"}
[2019-04-09 17:53:10.156] [exthost] [info] ExtensionService#loadCommonJSModule /opt/visual-studio-code/resources/app/extensions/json-language-features/client/dist/jsonMain
[2019-04-09 17:53:10.212] [exthost] [info] ExtensionService#_doActivateExtension vscode.npm {"startup":false,"activationEvent":"onLanguage:json"}
[2019-04-09 17:53:10.212] [exthost] [info] ExtensionService#loadCommonJSModule /opt/visual-studio-code/resources/app/extensions/npm/dist/main
[2019-04-09 18:01:41.458] [exthost] [info] extension host started
[2019-04-09 18:01:41.497] [exthost] [info] ExtensionService#_doActivateExtension vscode.debug-auto-launch {"startup":true,"activationEvent":"*"}
[2019-04-09 18:01:41.497] [exthost] [info] ExtensionService#loadCommonJSModule /opt/visual-studio-code/resources/app/extensions/debug-auto-launch/dist/extension
[2019-04-09 18:01:41.512] [exthost] [info] ExtensionService#_doActivateExtension vscode.emmet {"startup":true,"activationEvent":"*"}
[2019-04-09 18:01:41.512] [exthost] [info] ExtensionService#loadCommonJSModule /opt/visual-studio-code/resources/app/extensions/emmet/dist/extension
[2019-04-09 18:01:41.542] [exthost] [info] ExtensionService#_doActivateExtension vscode.git {"startup":true,"activationEvent":"*"}
[2019-04-09 18:01:41.542] [exthost] [info] ExtensionService#loadCommonJSModule /opt/visual-studio-code/resources/app/extensions/git/dist/main
[2019-04-09 18:01:41.674] [exthost] [info] ExtensionService#_doActivateExtension vscode.merge-conflict {"startup":true,"activationEvent":"*"}
[2019-04-09 18:01:41.674] [exthost] [info] ExtensionService#loadCommonJSModule /opt/visual-studio-code/resources/app/extensions/merge-conflict/dist/extension
[2019-04-09 18:01:41.681] [exthost] [info] ExtensionService#_doActivateExtension dbaeumer.vscode-eslint {"startup":true,"activationEvent":"*"}
[2019-04-09 18:01:41.681] [exthost] [info] ExtensionService#loadCommonJSModule /home/alex/.vscode/extensions/dbaeumer.vscode-eslint-1.8.2/client/out/extension
[2019-04-09 18:01:41.767] [exthost] [info] ExtensionService#_doActivateExtension HookyQR.beautify {"startup":true,"activationEvent":"*"}
[2019-04-09 18:01:41.767] [exthost] [info] ExtensionService#loadCommonJSModule /home/alex/.vscode/extensions/hookyqr.beautify-1.4.11/extension
[2019-04-09 18:01:41.821] [exthost] [info] ExtensionService#_doActivateExtension ms-vscode.atom-keybindings {"startup":true,"activationEvent":"*"}
[2019-04-09 18:01:41.821] [exthost] [info] ExtensionService#loadCommonJSModule /home/alex/.vscode/extensions/ms-vscode.atom-keybindings-3.0.6/extension
[2019-04-09 18:01:41.822] [exthost] [info] ExtensionService#_doActivateExtension naumovs.color-highlight {"startup":true,"activationEvent":"*"}
[2019-04-09 18:01:41.822] [exthost] [info] ExtensionService#loadCommonJSModule /home/alex/.vscode/extensions/naumovs.color-highlight-2.3.0/dist/extension
[2019-04-09 18:01:41.859] [exthost] [info] ExtensionService#_doActivateExtension vincaslt.highlight-matching-tag {"startup":true,"activationEvent":"*"}
[2019-04-09 18:01:41.859] [exthost] [info] ExtensionService#loadCommonJSModule /home/alex/.vscode/extensions/vincaslt.highlight-matching-tag-0.9.1/out/src/extension
[2019-04-09 18:01:41.874] [exthost] [info] ExtensionService#_doActivateExtension ms-vscode.cpptools {"startup":true,"activationEvent":"*"}
[2019-04-09 18:01:41.874] [exthost] [info] ExtensionService#loadCommonJSModule /home/alex/.vscode/extensions/ms-vscode.cpptools-0.22.1/out/src/main
[2019-04-09 18:01:42.089] [exthost] [info] ExtensionService#_doActivateExtension wix.glean {"startup":true,"activationEvent":"*"}
[2019-04-09 18:01:42.089] [exthost] [info] ExtensionService#loadCommonJSModule /home/alex/.vscode/extensions/wix.glean-4.10.2/out/extension
[2019-04-09 18:01:42.303] [exthost] [info] ExtensionService#_doActivateExtension vscode.typescript-language-features {"startup":false,"activationEvent":"onLanguage:javascriptreact"}
[2019-04-09 18:01:42.303] [exthost] [info] ExtensionService#loadCommonJSModule /opt/visual-studio-code/resources/app/extensions/typescript-language-features/dist/extension
[2019-04-09 18:01:42.634] [exthost] [info] ExtensionService#_doActivateExtension GitHub.vscode-pull-request-github {"startup":true,"activationEvent":"*"}
[2019-04-09 18:01:42.634] [exthost] [info] ExtensionService#loadCommonJSModule /home/alex/.vscode/extensions/github.vscode-pull-request-github-0.5.1/media/extension
[2019-04-09 18:01:43.003] [exthost] [info] ExtensionService#_doActivateExtension vsciot-vscode.vscode-arduino {"startup":true,"activationEvent":"*"}
[2019-04-09 18:01:43.003] [exthost] [info] ExtensionService#loadCommonJSModule /home/alex/.vscode/extensions/vsciot-vscode.vscode-arduino-0.2.25/out/src/extension
[2019-04-09 18:01:43.964] [exthost] [info] eager extensions activated
[2019-04-09 18:02:30.784] [exthost] [info] extension host started
[2019-04-09 18:02:30.813] [exthost] [info] ExtensionService#_doActivateExtension vscode.debug-auto-launch {"startup":true,"activationEvent":"*"}
[2019-04-09 18:02:30.813] [exthost] [info] ExtensionService#loadCommonJSModule /opt/visual-studio-code/resources/app/extensions/debug-auto-launch/dist/extension
[2019-04-09 18:02:30.822] [exthost] [info] ExtensionService#_doActivateExtension vscode.emmet {"startup":true,"activationEvent":"*"}
[2019-04-09 18:02:30.822] [exthost] [info] ExtensionService#loadCommonJSModule /opt/visual-studio-code/resources/app/extensions/emmet/dist/extension
[2019-04-09 18:02:30.845] [exthost] [info] ExtensionService#_doActivateExtension vscode.git {"startup":true,"activationEvent":"*"}
[2019-04-09 18:02:30.845] [exthost] [info] ExtensionService#loadCommonJSModule /opt/visual-studio-code/resources/app/extensions/git/dist/main
[2019-04-09 18:02:30.968] [exthost] [info] ExtensionService#_doActivateExtension vscode.merge-conflict {"startup":true,"activationEvent":"*"}
[2019-04-09 18:02:30.968] [exthost] [info] ExtensionService#loadCommonJSModule /opt/visual-studio-code/resources/app/extensions/merge-conflict/dist/extension
[2019-04-09 18:02:30.974] [exthost] [info] ExtensionService#_doActivateExtension dbaeumer.vscode-eslint {"startup":true,"activationEvent":"*"}
[2019-04-09 18:02:30.974] [exthost] [info] ExtensionService#loadCommonJSModule /home/alex/.vscode/extensions/dbaeumer.vscode-eslint-1.8.2/client/out/extension
[2019-04-09 18:02:31.028] [exthost] [info] ExtensionService#_doActivateExtension HookyQR.beautify {"startup":true,"activationEvent":"*"}
[2019-04-09 18:02:31.028] [exthost] [info] ExtensionService#loadCommonJSModule /home/alex/.vscode/extensions/hookyqr.beautify-1.4.11/extension
[2019-04-09 18:02:31.080] [exthost] [info] ExtensionService#_doActivateExtension ms-vscode.atom-keybindings {"startup":true,"activationEvent":"*"}
[2019-04-09 18:02:31.086] [exthost] [info] ExtensionService#loadCommonJSModule /home/alex/.vscode/extensions/ms-vscode.atom-keybindings-3.0.6/extension
[2019-04-09 18:02:31.088] [exthost] [info] ExtensionService#_doActivateExtension naumovs.color-highlight {"startup":true,"activationEvent":"*"}
[2019-04-09 18:02:31.088] [exthost] [info] ExtensionService#loadCommonJSModule /home/alex/.vscode/extensions/naumovs.color-highlight-2.3.0/dist/extension
[2019-04-09 18:02:31.131] [exthost] [info] ExtensionService#_doActivateExtension vincaslt.highlight-matching-tag {"startup":true,"activationEvent":"*"}
[2019-04-09 18:02:31.131] [exthost] [info] ExtensionService#loadCommonJSModule /home/alex/.vscode/extensions/vincaslt.highlight-matching-tag-0.9.1/out/src/extension
[2019-04-09 18:02:31.151] [exthost] [info] ExtensionService#_doActivateExtension ms-vscode.cpptools {"startup":true,"activationEvent":"*"}
[2019-04-09 18:02:31.151] [exthost] [info] ExtensionService#loadCommonJSModule /home/alex/.vscode/extensions/ms-vscode.cpptools-0.22.1/out/src/main
[2019-04-09 18:02:31.307] [exthost] [info] ExtensionService#_doActivateExtension wix.glean {"startup":true,"activationEvent":"*"}
[2019-04-09 18:02:31.307] [exthost] [info] ExtensionService#loadCommonJSModule /home/alex/.vscode/extensions/wix.glean-4.10.2/out/extension
[2019-04-09 18:02:31.513] [exthost] [info] ExtensionService#_doActivateExtension vscode.typescript-language-features {"startup":false,"activationEvent":"onLanguage:javascriptreact"}
[2019-04-09 18:02:31.513] [exthost] [info] ExtensionService#loadCommonJSModule /opt/visual-studio-code/resources/app/extensions/typescript-language-features/dist/extension
[2019-04-09 18:02:31.857] [exthost] [info] ExtensionService#_doActivateExtension GitHub.vscode-pull-request-github {"startup":true,"activationEvent":"*"}
[2019-04-09 18:02:31.857] [exthost] [info] ExtensionService#loadCommonJSModule /home/alex/.vscode/extensions/github.vscode-pull-request-github-0.5.1/media/extension
[2019-04-09 18:02:32.296] [exthost] [info] ExtensionService#_doActivateExtension vsciot-vscode.vscode-arduino {"startup":true,"activationEvent":"*"}
[2019-04-09 18:02:32.296] [exthost] [info] ExtensionService#loadCommonJSModule /home/alex/.vscode/extensions/vsciot-vscode.vscode-arduino-0.2.25/out/src/extension
[2019-04-09 18:02:32.655] [exthost] [info] eager extensions activated
[2019-04-09 18:03:09.732] [exthost] [info] extension host started
[2019-04-09 18:03:09.785] [exthost] [info] ExtensionService#_doActivateExtension vscode.debug-auto-launch {"startup":true,"activationEvent":"*"}
[2019-04-09 18:03:09.785] [exthost] [info] ExtensionService#loadCommonJSModule /opt/visual-studio-code/resources/app/extensions/debug-auto-launch/dist/extension
[2019-04-09 18:03:09.793] [exthost] [info] ExtensionService#_doActivateExtension vscode.emmet {"startup":true,"activationEvent":"*"}
[2019-04-09 18:03:09.793] [exthost] [info] ExtensionService#loadCommonJSModule /opt/visual-studio-code/resources/app/extensions/emmet/dist/extension
[2019-04-09 18:03:09.816] [exthost] [info] ExtensionService#_doActivateExtension vscode.git {"startup":true,"activationEvent":"*"}
[2019-04-09 18:03:09.816] [exthost] [info] ExtensionService#loadCommonJSModule /opt/visual-studio-code/resources/app/extensions/git/dist/main
[2019-04-09 18:03:09.920] [exthost] [info] ExtensionService#_doActivateExtension vscode.merge-conflict {"startup":true,"activationEvent":"*"}
[2019-04-09 18:03:09.920] [exthost] [info] ExtensionService#loadCommonJSModule /opt/visual-studio-code/resources/app/extensions/merge-conflict/dist/extension
[2019-04-09 18:03:09.926] [exthost] [info] ExtensionService#_doActivateExtension dbaeumer.vscode-eslint {"startup":true,"activationEvent":"*"}
[2019-04-09 18:03:09.926] [exthost] [info] ExtensionService#loadCommonJSModule /home/alex/.vscode/extensions/dbaeumer.vscode-eslint-1.8.2/client/out/extension
[2019-04-09 18:03:09.976] [exthost] [info] ExtensionService#_doActivateExtension HookyQR.beautify {"startup":true,"activationEvent":"*"}
[2019-04-09 18:03:09.977] [exthost] [info] ExtensionService#loadCommonJSModule /home/alex/.vscode/extensions/hookyqr.beautify-1.4.11/extension
[2019-04-09 18:03:10.030] [exthost] [info] ExtensionService#_doActivateExtension ms-vscode.atom-keybindings {"startup":true,"activationEvent":"*"}
[2019-04-09 18:03:10.030] [exthost] [info] ExtensionService#loadCommonJSModule /home/alex/.vscode/extensions/ms-vscode.atom-keybindings-3.0.6/extension
[2019-04-09 18:03:10.031] [exthost] [info] ExtensionService#_doActivateExtension naumovs.color-highlight {"startup":true,"activationEvent":"*"}
[2019-04-09 18:03:10.031] [exthost] [info] ExtensionService#loadCommonJSModule /home/alex/.vscode/extensions/naumovs.color-highlight-2.3.0/dist/extension
[2019-04-09 18:03:10.065] [exthost] [info] ExtensionService#_doActivateExtension vincaslt.highlight-matching-tag {"startup":true,"activationEvent":"*"}
[2019-04-09 18:03:10.065] [exthost] [info] ExtensionService#loadCommonJSModule /home/alex/.vscode/extensions/vincaslt.highlight-matching-tag-0.9.1/out/src/extension
[2019-04-09 18:03:10.087] [exthost] [info] ExtensionService#_doActivateExtension ms-vscode.cpptools {"startup":true,"activationEvent":"*"}
[2019-04-09 18:03:10.087] [exthost] [info] ExtensionService#loadCommonJSModule /home/alex/.vscode/extensions/ms-vscode.cpptools-0.22.1/out/src/main
[2019-04-09 18:03:10.225] [exthost] [info] ExtensionService#_doActivateExtension wix.glean {"startup":true,"activationEvent":"*"}
[2019-04-09 18:03:10.225] [exthost] [info] ExtensionService#loadCommonJSModule /home/alex/.vscode/extensions/wix.glean-4.10.2/out/extension
[2019-04-09 18:03:10.434] [exthost] [info] ExtensionService#_doActivateExtension vscode.typescript-language-features {"startup":false,"activationEvent":"onLanguage:javascriptreact"}
[2019-04-09 18:03:10.434] [exthost] [info] ExtensionService#loadCommonJSModule /opt/visual-studio-code/resources/app/extensions/typescript-language-features/dist/extension
[2019-04-09 18:03:10.841] [exthost] [info] ExtensionService#_doActivateExtension GitHub.vscode-pull-request-github {"startup":true,"activationEvent":"*"}
[2019-04-09 18:03:10.841] [exthost] [info] ExtensionService#loadCommonJSModule /home/alex/.vscode/extensions/github.vscode-pull-request-github-0.5.1/media/extension
[2019-04-09 18:03:11.342] [exthost] [info] ExtensionService#_doActivateExtension vsciot-vscode.vscode-arduino {"startup":true,"activationEvent":"*"}
[2019-04-09 18:03:11.342] [exthost] [info] ExtensionService#loadCommonJSModule /home/alex/.vscode/extensions/vsciot-vscode.vscode-arduino-0.2.25/out/src/extension
[2019-04-09 18:03:11.939] [exthost] [info] eager extensions activated
[2019-04-09 18:03:46.684] [exthost] [info] extension host started
[2019-04-09 18:03:46.713] [exthost] [info] ExtensionService#_doActivateExtension vscode.debug-auto-launch {"startup":true,"activationEvent":"*"}
[2019-04-09 18:03:46.713] [exthost] [info] ExtensionService#loadCommonJSModule /opt/visual-studio-code/resources/app/extensions/debug-auto-launch/dist/extension
[2019-04-09 18:03:46.727] [exthost] [info] ExtensionService#_doActivateExtension vscode.emmet {"startup":true,"activationEvent":"*"}
[2019-04-09 18:03:46.727] [exthost] [info] ExtensionService#loadCommonJSModule /opt/visual-studio-code/resources/app/extensions/emmet/dist/extension
[2019-04-09 18:03:46.747] [exthost] [info] ExtensionService#_doActivateExtension vscode.git {"startup":true,"activationEvent":"*"}
[2019-04-09 18:03:46.747] [exthost] [info] ExtensionService#loadCommonJSModule /opt/visual-studio-code/resources/app/extensions/git/dist/main
[2019-04-09 18:03:46.875] [exthost] [info] ExtensionService#_doActivateExtension vscode.merge-conflict {"startup":true,"activationEvent":"*"}
[2019-04-09 18:03:46.875] [exthost] [info] ExtensionService#loadCommonJSModule /opt/visual-studio-code/resources/app/extensions/merge-conflict/dist/extension
[2019-04-09 18:03:46.881] [exthost] [info] ExtensionService#_doActivateExtension dbaeumer.vscode-eslint {"startup":true,"activationEvent":"*"}
[2019-04-09 18:03:46.881] [exthost] [info] ExtensionService#loadCommonJSModule /home/alex/.vscode/extensions/dbaeumer.vscode-eslint-1.8.2/client/out/extension
[2019-04-09 18:03:46.937] [exthost] [info] ExtensionService#_doActivateExtension HookyQR.beautify {"startup":true,"activationEvent":"*"}
[2019-04-09 18:03:46.937] [exthost] [info] ExtensionService#loadCommonJSModule /home/alex/.vscode/extensions/hookyqr.beautify-1.4.11/extension
[2019-04-09 18:03:46.997] [exthost] [info] ExtensionService#_doActivateExtension ms-vscode.atom-keybindings {"startup":true,"activationEvent":"*"}
[2019-04-09 18:03:46.997] [exthost] [info] ExtensionService#loadCommonJSModule /home/alex/.vscode/extensions/ms-vscode.atom-keybindings-3.0.6/extension
[2019-04-09 18:03:46.999] [exthost] [info] ExtensionService#_doActivateExtension naumovs.color-highlight {"startup":true,"activationEvent":"*"}
[2019-04-09 18:03:46.999] [exthost] [info] ExtensionService#loadCommonJSModule /home/alex/.vscode/extensions/naumovs.color-highlight-2.3.0/dist/extension
[2019-04-09 18:03:47.041] [exthost] [info] ExtensionService#_doActivateExtension vincaslt.highlight-matching-tag {"startup":true,"activationEvent":"*"}
[2019-04-09 18:03:47.041] [exthost] [info] ExtensionService#loadCommonJSModule /home/alex/.vscode/extensions/vincaslt.highlight-matching-tag-0.9.1/out/src/extension
[2019-04-09 18:03:47.059] [exthost] [info] ExtensionService#_doActivateExtension ms-vscode.cpptools {"startup":true,"activationEvent":"*"}
[2019-04-09 18:03:47.059] [exthost] [info] ExtensionService#loadCommonJSModule /home/alex/.vscode/extensions/ms-vscode.cpptools-0.22.1/out/src/main
[2019-04-09 18:03:47.375] [exthost] [info] ExtensionService#_doActivateExtension wix.glean {"startup":true,"activationEvent":"*"}
[2019-04-09 18:03:47.375] [exthost] [info] ExtensionService#loadCommonJSModule /home/alex/.vscode/extensions/wix.glean-4.10.2/out/extension
[2019-04-09 18:03:47.577] [exthost] [info] ExtensionService#_doActivateExtension vscode.typescript-language-features {"startup":false,"activationEvent":"onLanguage:javascriptreact"}
[2019-04-09 18:03:47.577] [exthost] [info] ExtensionService#loadCommonJSModule /opt/visual-studio-code/resources/app/extensions/typescript-language-features/dist/extension
[2019-04-09 18:03:47.838] [exthost] [info] ExtensionService#_doActivateExtension GitHub.vscode-pull-request-github {"startup":true,"activationEvent":"*"}
[2019-04-09 18:03:47.838] [exthost] [info] ExtensionService#loadCommonJSModule /home/alex/.vscode/extensions/github.vscode-pull-request-github-0.5.1/media/extension
[2019-04-09 18:03:48.320] [exthost] [info] ExtensionService#_doActivateExtension vsciot-vscode.vscode-arduino {"startup":true,"activationEvent":"*"}
[2019-04-09 18:03:48.320] [exthost] [info] ExtensionService#loadCommonJSModule /home/alex/.vscode/extensions/vsciot-vscode.vscode-arduino-0.2.25/out/src/extension
[2019-04-09 18:03:48.809] [exthost] [info] eager extensions activated
[2019-04-09 18:04:21.838] [exthost] [info] extension host started
[2019-04-09 18:04:21.883] [exthost] [info] ExtensionService#_doActivateExtension vscode.debug-auto-launch {"startup":true,"activationEvent":"*"}
[2019-04-09 18:04:21.883] [exthost] [info] ExtensionService#loadCommonJSModule /opt/visual-studio-code/resources/app/extensions/debug-auto-launch/dist/extension
[2019-04-09 18:04:21.896] [exthost] [info] ExtensionService#_doActivateExtension vscode.emmet {"startup":true,"activationEvent":"*"}
[2019-04-09 18:04:21.896] [exthost] [info] ExtensionService#loadCommonJSModule /opt/visual-studio-code/resources/app/extensions/emmet/dist/extension
[2019-04-09 18:04:21.918] [exthost] [info] ExtensionService#_doActivateExtension vscode.git {"startup":true,"activationEvent":"*"}
[2019-04-09 18:04:21.918] [exthost] [info] ExtensionService#loadCommonJSModule /opt/visual-studio-code/resources/app/extensions/git/dist/main
[2019-04-09 18:04:22.054] [exthost] [info] ExtensionService#_doActivateExtension vscode.merge-conflict {"startup":true,"activationEvent":"*"}
[2019-04-09 18:04:22.054] [exthost] [info] ExtensionService#loadCommonJSModule /opt/visual-studio-code/resources/app/extensions/merge-conflict/dist/extension
[2019-04-09 18:04:22.063] [exthost] [info] ExtensionService#_doActivateExtension dbaeumer.vscode-eslint {"startup":true,"activationEvent":"*"}
[2019-04-09 18:04:22.064] [exthost] [info] ExtensionService#loadCommonJSModule /home/alex/.vscode/extensions/dbaeumer.vscode-eslint-1.8.2/client/out/extension
[2019-04-09 18:04:22.215] [exthost] [info] ExtensionService#_doActivateExtension HookyQR.beautify {"startup":true,"activationEvent":"*"}
[2019-04-09 18:04:22.215] [exthost] [info] ExtensionService#loadCommonJSModule /home/alex/.vscode/extensions/hookyqr.beautify-1.4.11/extension
[2019-04-09 18:04:22.386] [exthost] [info] ExtensionService#_doActivateExtension ms-vscode.atom-keybindings {"startup":true,"activationEvent":"*"}
[2019-04-09 18:04:22.386] [exthost] [info] ExtensionService#loadCommonJSModule /home/alex/.vscode/extensions/ms-vscode.atom-keybindings-3.0.6/extension
[2019-04-09 18:04:22.387] [exthost] [info] ExtensionService#_doActivateExtension naumovs.color-highlight {"startup":true,"activationEvent":"*"}
[2019-04-09 18:04:22.387] [exthost] [info] ExtensionService#loadCommonJSModule /home/alex/.vscode/extensions/naumovs.color-highlight-2.3.0/dist/extension
[2019-04-09 18:04:22.461] [exthost] [info] ExtensionService#_doActivateExtension vincaslt.highlight-matching-tag {"startup":true,"activationEvent":"*"}
[2019-04-09 18:04:22.461] [exthost] [info] ExtensionService#loadCommonJSModule /home/alex/.vscode/extensions/vincaslt.highlight-matching-tag-0.9.1/out/src/extension
[2019-04-09 18:04:22.474] [exthost] [info] ExtensionService#_doActivateExtension ms-vscode.cpptools {"startup":true,"activationEvent":"*"}
[2019-04-09 18:04:22.474] [exthost] [info] ExtensionService#loadCommonJSModule /home/alex/.vscode/extensions/ms-vscode.cpptools-0.22.1/out/src/main
[2019-04-09 18:04:22.600] [exthost] [info] ExtensionService#_doActivateExtension wix.glean {"startup":true,"activationEvent":"*"}
[2019-04-09 18:04:22.600] [exthost] [info] ExtensionService#loadCommonJSModule /home/alex/.vscode/extensions/wix.glean-4.10.2/out/extension
[2019-04-09 18:04:22.812] [exthost] [info] ExtensionService#_doActivateExtension vscode.typescript-language-features {"startup":false,"activationEvent":"onLanguage:javascriptreact"}
[2019-04-09 18:04:22.812] [exthost] [info] ExtensionService#loadCommonJSModule /opt/visual-studio-code/resources/app/extensions/typescript-language-features/dist/extension
[2019-04-09 18:04:23.116] [exthost] [info] ExtensionService#_doActivateExtension GitHub.vscode-pull-request-github {"startup":true,"activationEvent":"*"}
[2019-04-09 18:04:23.116] [exthost] [info] ExtensionService#loadCommonJSModule /home/alex/.vscode/extensions/github.vscode-pull-request-github-0.5.1/media/extension
[2019-04-09 18:04:23.504] [exthost] [info] ExtensionService#_doActivateExtension vsciot-vscode.vscode-arduino {"startup":true,"activationEvent":"*"}
[2019-04-09 18:04:23.504] [exthost] [info] ExtensionService#loadCommonJSModule /home/alex/.vscode/extensions/vsciot-vscode.vscode-arduino-0.2.25/out/src/extension
[2019-04-09 18:04:23.934] [exthost] [info] eager extensions activated
[2019-04-09 18:14:03.633] [exthost] [info] ExtensionService#_doActivateExtension vscode.configuration-editing {"startup":false,"activationEvent":"onLanguage:json"}
[2019-04-09 18:14:03.633] [exthost] [info] ExtensionService#loadCommonJSModule /opt/visual-studio-code/resources/app/extensions/configuration-editing/dist/extension
[2019-04-09 18:14:03.649] [exthost] [info] ExtensionService#_doActivateExtension vscode.extension-editing {"startup":false,"activationEvent":"onLanguage:json"}
[2019-04-09 18:14:03.649] [exthost] [info] ExtensionService#loadCommonJSModule /opt/visual-studio-code/resources/app/extensions/extension-editing/dist/extension
[2019-04-09 18:14:03.741] [exthost] [info] ExtensionService#_doActivateExtension vscode.json-language-features {"startup":false,"activationEvent":"onLanguage:json"}
[2019-04-09 18:14:03.742] [exthost] [info] ExtensionService#loadCommonJSModule /opt/visual-studio-code/resources/app/extensions/json-language-features/client/dist/jsonMain
[2019-04-09 18:14:03.816] [exthost] [info] ExtensionService#_doActivateExtension vscode.npm {"startup":false,"activationEvent":"onLanguage:json"}
[2019-04-09 18:14:03.816] [exthost] [info] ExtensionService#loadCommonJSModule /opt/visual-studio-code/resources/app/extensions/npm/dist/main
[2019-04-09 18:14:05.964] [exthost] [error] [wix.glean] provider FAILED
[2019-04-09 18:14:05.965] [exthost] [error] TypeError: Cannot read property 'selection' of undefined
	at Object.selectedText (/home/alex/.vscode/extensions/wix.glean-4.10.2/out/editor.js:37:30)
	at CompleteActionProvider.provideCodeActions (/home/alex/.vscode/extensions/wix.glean-4.10.2/out/extension.js:17:31)
	at define.provideCodeActions.a.asPromise (/opt/visual-studio-code/resources/app/out/vs/workbench/services/extensions/node/extensionHostProcess.js:564:641)
	at t.asPromise.Promise (/opt/visual-studio-code/resources/app/out/vs/workbench/services/extensions/node/extensionHostProcess.js:48:58)
	at new Promise (<anonymous>)
	at Object.t.asPromise (/opt/visual-studio-code/resources/app/out/vs/workbench/services/extensions/node/extensionHostProcess.js:48:32)
	at I.provideCodeActions (/opt/visual-studio-code/resources/app/out/vs/workbench/services/extensions/node/extensionHostProcess.js:564:612)
	at define.$provideCodeActions._withAdapter.e (/opt/visual-studio-code/resources/app/out/vs/workbench/services/extensions/node/extensionHostProcess.js:580:417)
	at $._withAdapter (/opt/visual-studio-code/resources/app/out/vs/workbench/services/extensions/node/extensionHostProcess.js:575:502)
	at $provideCodeActions (/opt/visual-studio-code/resources/app/out/vs/workbench/services/extensions/node/extensionHostProcess.js:580:395)
	at h._doInvokeHandler (/opt/visual-studio-code/resources/app/out/vs/workbench/services/extensions/node/extensionHostProcess.js:593:118)
	at h._invokeHandler (/opt/visual-studio-code/resources/app/out/vs/workbench/services/extensions/node/extensionHostProcess.js:592:777)
	at h._receiveRequest (/opt/visual-studio-code/resources/app/out/vs/workbench/services/extensions/node/extensionHostProcess.js:591:383)
	at h._receiveOneMessage (/opt/visual-studio-code/resources/app/out/vs/workbench/services/extensions/node/extensionHostProcess.js:590:279)
	at define.constructor._protocol.onMessage.e (/opt/visual-studio-code/resources/app/out/vs/workbench/services/extensions/node/extensionHostProcess.js:588:565)
	at u.fire (/opt/visual-studio-code/resources/app/out/vs/workbench/services/extensions/node/extensionHostProcess.js:43:254)
	at e (/opt/visual-studio-code/resources/app/out/vs/workbench/services/extensions/node/extensionHostProcess.js:39:64)
	at u.fire (/opt/visual-studio-code/resources/app/out/vs/workbench/services/extensions/node/extensionHostProcess.js:43:254)
	at s (/opt/visual-studio-code/resources/app/out/vs/workbench/services/extensions/node/extensionHostProcess.js:168:754)
	at Socket.define.constructor._socketDataListener.e (/opt/visual-studio-code/resources/app/out/vs/workbench/services/extensions/node/extensionHostProcess.js:168:960)
	at Socket.emit (events.js:182:13)
	at addChunk (_stream_readable.js:279:12)
	at readableAddChunk (_stream_readable.js:264:11)
	at Socket.Readable.push (_stream_readable.js:219:10)
	at Pipe.onread (net.js:636:20)
[2019-04-09 18:14:19.326] [exthost] [info] extension host started
[2019-04-09 18:14:19.358] [exthost] [info] ExtensionService#_doActivateExtension vscode.debug-auto-launch {"startup":true,"activationEvent":"*"}
[2019-04-09 18:14:19.358] [exthost] [info] ExtensionService#loadCommonJSModule /opt/visual-studio-code/resources/app/extensions/debug-auto-launch/dist/extension
[2019-04-09 18:14:19.363] [exthost] [info] ExtensionService#_doActivateExtension vscode.emmet {"startup":true,"activationEvent":"*"}
[2019-04-09 18:14:19.363] [exthost] [info] ExtensionService#loadCommonJSModule /opt/visual-studio-code/resources/app/extensions/emmet/dist/extension
[2019-04-09 18:14:19.383] [exthost] [info] ExtensionService#_doActivateExtension vscode.git {"startup":true,"activationEvent":"*"}
[2019-04-09 18:14:19.383] [exthost] [info] ExtensionService#loadCommonJSModule /opt/visual-studio-code/resources/app/extensions/git/dist/main
[2019-04-09 18:14:19.486] [exthost] [info] ExtensionService#_doActivateExtension vscode.merge-conflict {"startup":true,"activationEvent":"*"}
[2019-04-09 18:14:19.486] [exthost] [info] ExtensionService#loadCommonJSModule /opt/visual-studio-code/resources/app/extensions/merge-conflict/dist/extension
[2019-04-09 18:14:19.496] [exthost] [info] ExtensionService#_doActivateExtension dbaeumer.vscode-eslint {"startup":true,"activationEvent":"*"}
[2019-04-09 18:14:19.496] [exthost] [info] ExtensionService#loadCommonJSModule /home/alex/.vscode/extensions/dbaeumer.vscode-eslint-1.8.2/client/out/extension
[2019-04-09 18:14:19.538] [exthost] [info] ExtensionService#_doActivateExtension HookyQR.beautify {"startup":true,"activationEvent":"*"}
[2019-04-09 18:14:19.538] [exthost] [info] ExtensionService#loadCommonJSModule /home/alex/.vscode/extensions/hookyqr.beautify-1.4.11/extension
[2019-04-09 18:14:19.577] [exthost] [info] ExtensionService#_doActivateExtension ms-vscode.atom-keybindings {"startup":true,"activationEvent":"*"}
[2019-04-09 18:14:19.577] [exthost] [info] ExtensionService#loadCommonJSModule /home/alex/.vscode/extensions/ms-vscode.atom-keybindings-3.0.6/extension
[2019-04-09 18:14:19.578] [exthost] [info] ExtensionService#_doActivateExtension naumovs.color-highlight {"startup":true,"activationEvent":"*"}
[2019-04-09 18:14:19.578] [exthost] [info] ExtensionService#loadCommonJSModule /home/alex/.vscode/extensions/naumovs.color-highlight-2.3.0/dist/extension
[2019-04-09 18:14:19.601] [exthost] [info] ExtensionService#_doActivateExtension vincaslt.highlight-matching-tag {"startup":true,"activationEvent":"*"}
[2019-04-09 18:14:19.601] [exthost] [info] ExtensionService#loadCommonJSModule /home/alex/.vscode/extensions/vincaslt.highlight-matching-tag-0.9.1/out/src/extension
[2019-04-09 18:14:19.610] [exthost] [info] ExtensionService#_doActivateExtension ms-vscode.cpptools {"startup":true,"activationEvent":"*"}
[2019-04-09 18:14:19.610] [exthost] [info] ExtensionService#loadCommonJSModule /home/alex/.vscode/extensions/ms-vscode.cpptools-0.22.1/out/src/main
[2019-04-09 18:14:19.738] [exthost] [info] ExtensionService#_doActivateExtension wix.glean {"startup":true,"activationEvent":"*"}
[2019-04-09 18:14:19.738] [exthost] [info] ExtensionService#loadCommonJSModule /home/alex/.vscode/extensions/wix.glean-4.10.2/out/extension
[2019-04-09 18:14:19.942] [exthost] [info] ExtensionService#_doActivateExtension vscode.configuration-editing {"startup":false,"activationEvent":"onLanguage:json"}
[2019-04-09 18:14:19.942] [exthost] [info] ExtensionService#loadCommonJSModule /opt/visual-studio-code/resources/app/extensions/configuration-editing/dist/extension
[2019-04-09 18:14:19.948] [exthost] [info] ExtensionService#_doActivateExtension vscode.extension-editing {"startup":false,"activationEvent":"onLanguage:json"}
[2019-04-09 18:14:19.948] [exthost] [info] ExtensionService#loadCommonJSModule /opt/visual-studio-code/resources/app/extensions/extension-editing/dist/extension
[2019-04-09 18:14:19.993] [exthost] [info] ExtensionService#_doActivateExtension vscode.json-language-features {"startup":false,"activationEvent":"onLanguage:json"}
[2019-04-09 18:14:19.993] [exthost] [info] ExtensionService#loadCommonJSModule /opt/visual-studio-code/resources/app/extensions/json-language-features/client/dist/jsonMain
[2019-04-09 18:14:20.061] [exthost] [info] ExtensionService#_doActivateExtension vscode.npm {"startup":false,"activationEvent":"onLanguage:json"}
[2019-04-09 18:14:20.061] [exthost] [info] ExtensionService#loadCommonJSModule /opt/visual-studio-code/resources/app/extensions/npm/dist/main
[2019-04-09 18:14:20.219] [exthost] [info] ExtensionService#_doActivateExtension GitHub.vscode-pull-request-github {"startup":true,"activationEvent":"*"}
[2019-04-09 18:14:20.219] [exthost] [info] ExtensionService#loadCommonJSModule /home/alex/.vscode/extensions/github.vscode-pull-request-github-0.5.1/media/extension
[2019-04-09 18:14:20.445] [exthost] [info] ExtensionService#_doActivateExtension vsciot-vscode.vscode-arduino {"startup":true,"activationEvent":"*"}
[2019-04-09 18:14:20.445] [exthost] [info] ExtensionService#loadCommonJSModule /home/alex/.vscode/extensions/vsciot-vscode.vscode-arduino-0.2.25/out/src/extension
[2019-04-09 18:14:20.642] [exthost] [info] eager extensions activated
[2019-04-09 18:14:34.018] [exthost] [info] ExtensionService#_doActivateExtension vscode.typescript-language-features {"startup":false,"activationEvent":"onLanguage:javascriptreact"}
[2019-04-09 18:14:34.018] [exthost] [info] ExtensionService#loadCommonJSModule /opt/visual-studio-code/resources/app/extensions/typescript-language-features/dist/extension
[2019-04-09 18:15:45.038] [exthost] [info] extension host started
[2019-04-09 18:15:45.101] [exthost] [info] ExtensionService#_doActivateExtension vscode.debug-auto-launch {"startup":true,"activationEvent":"*"}
[2019-04-09 18:15:45.101] [exthost] [info] ExtensionService#loadCommonJSModule /opt/visual-studio-code/resources/app/extensions/debug-auto-launch/dist/extension
[2019-04-09 18:15:45.108] [exthost] [info] ExtensionService#_doActivateExtension vscode.emmet {"startup":true,"activationEvent":"*"}
[2019-04-09 18:15:45.108] [exthost] [info] ExtensionService#loadCommonJSModule /opt/visual-studio-code/resources/app/extensions/emmet/dist/extension
[2019-04-09 18:15:45.129] [exthost] [info] ExtensionService#_doActivateExtension vscode.git {"startup":true,"activationEvent":"*"}
[2019-04-09 18:15:45.129] [exthost] [info] ExtensionService#loadCommonJSModule /opt/visual-studio-code/resources/app/extensions/git/dist/main
[2019-04-09 18:15:45.221] [exthost] [info] ExtensionService#_doActivateExtension vscode.merge-conflict {"startup":true,"activationEvent":"*"}
[2019-04-09 18:15:45.221] [exthost] [info] ExtensionService#loadCommonJSModule /opt/visual-studio-code/resources/app/extensions/merge-conflict/dist/extension
[2019-04-09 18:15:45.228] [exthost] [info] ExtensionService#_doActivateExtension dbaeumer.vscode-eslint {"startup":true,"activationEvent":"*"}
[2019-04-09 18:15:45.228] [exthost] [info] ExtensionService#loadCommonJSModule /home/alex/.vscode/extensions/dbaeumer.vscode-eslint-1.8.2/client/out/extension
[2019-04-09 18:15:45.264] [exthost] [info] ExtensionService#_doActivateExtension HookyQR.beautify {"startup":true,"activationEvent":"*"}
[2019-04-09 18:15:45.264] [exthost] [info] ExtensionService#loadCommonJSModule /home/alex/.vscode/extensions/hookyqr.beautify-1.4.11/extension
[2019-04-09 18:15:45.305] [exthost] [info] ExtensionService#_doActivateExtension ms-vscode.atom-keybindings {"startup":true,"activationEvent":"*"}
[2019-04-09 18:15:45.305] [exthost] [info] ExtensionService#loadCommonJSModule /home/alex/.vscode/extensions/ms-vscode.atom-keybindings-3.0.6/extension
[2019-04-09 18:15:45.307] [exthost] [info] ExtensionService#_doActivateExtension naumovs.color-highlight {"startup":true,"activationEvent":"*"}
[2019-04-09 18:15:45.307] [exthost] [info] ExtensionService#loadCommonJSModule /home/alex/.vscode/extensions/naumovs.color-highlight-2.3.0/dist/extension
[2019-04-09 18:15:45.330] [exthost] [info] ExtensionService#_doActivateExtension vincaslt.highlight-matching-tag {"startup":true,"activationEvent":"*"}
[2019-04-09 18:15:45.330] [exthost] [info] ExtensionService#loadCommonJSModule /home/alex/.vscode/extensions/vincaslt.highlight-matching-tag-0.9.1/out/src/extension
[2019-04-09 18:15:45.339] [exthost] [info] ExtensionService#_doActivateExtension ms-vscode.cpptools {"startup":true,"activationEvent":"*"}
[2019-04-09 18:15:45.339] [exthost] [info] ExtensionService#loadCommonJSModule /home/alex/.vscode/extensions/ms-vscode.cpptools-0.22.1/out/src/main
[2019-04-09 18:15:45.483] [exthost] [info] ExtensionService#_doActivateExtension wix.glean {"startup":true,"activationEvent":"*"}
[2019-04-09 18:15:45.483] [exthost] [info] ExtensionService#loadCommonJSModule /home/alex/.vscode/extensions/wix.glean-4.10.2/out/extension
[2019-04-09 18:15:45.702] [exthost] [info] ExtensionService#_doActivateExtension vscode.configuration-editing {"startup":false,"activationEvent":"onLanguage:json"}
[2019-04-09 18:15:45.702] [exthost] [info] ExtensionService#loadCommonJSModule /opt/visual-studio-code/resources/app/extensions/configuration-editing/dist/extension
[2019-04-09 18:15:45.708] [exthost] [info] ExtensionService#_doActivateExtension vscode.extension-editing {"startup":false,"activationEvent":"onLanguage:json"}
[2019-04-09 18:15:45.708] [exthost] [info] ExtensionService#loadCommonJSModule /opt/visual-studio-code/resources/app/extensions/extension-editing/dist/extension
[2019-04-09 18:15:45.742] [exthost] [info] ExtensionService#_doActivateExtension vscode.json-language-features {"startup":false,"activationEvent":"onLanguage:json"}
[2019-04-09 18:15:45.742] [exthost] [info] ExtensionService#loadCommonJSModule /opt/visual-studio-code/resources/app/extensions/json-language-features/client/dist/jsonMain
[2019-04-09 18:15:45.795] [exthost] [info] ExtensionService#_doActivateExtension vscode.npm {"startup":false,"activationEvent":"onLanguage:json"}
[2019-04-09 18:15:45.795] [exthost] [info] ExtensionService#loadCommonJSModule /opt/visual-studio-code/resources/app/extensions/npm/dist/main
[2019-04-09 18:15:45.923] [exthost] [info] ExtensionService#_doActivateExtension GitHub.vscode-pull-request-github {"startup":true,"activationEvent":"*"}
[2019-04-09 18:15:45.923] [exthost] [info] ExtensionService#loadCommonJSModule /home/alex/.vscode/extensions/github.vscode-pull-request-github-0.5.1/media/extension
[2019-04-09 18:15:46.194] [exthost] [info] ExtensionService#_doActivateExtension vsciot-vscode.vscode-arduino {"startup":true,"activationEvent":"*"}
[2019-04-09 18:15:46.194] [exthost] [info] ExtensionService#loadCommonJSModule /home/alex/.vscode/extensions/vsciot-vscode.vscode-arduino-0.2.25/out/src/extension
[2019-04-09 18:15:46.383] [exthost] [info] eager extensions activated
[2019-04-09 18:16:09.406] [exthost] [info] ExtensionService#_doActivateExtension vscode.typescript-language-features {"startup":false,"activationEvent":"onLanguage:javascriptreact"}
[2019-04-09 18:16:09.406] [exthost] [info] ExtensionService#loadCommonJSModule /opt/visual-studio-code/resources/app/extensions/typescript-language-features/dist/extension
[2019-04-09 18:21:33.929] [exthost] [info] extension host started
[2019-04-09 18:21:33.979] [exthost] [info] ExtensionService#_doActivateExtension vscode.debug-auto-launch {"startup":true,"activationEvent":"*"}
[2019-04-09 18:21:33.979] [exthost] [info] ExtensionService#loadCommonJSModule /opt/visual-studio-code/resources/app/extensions/debug-auto-launch/dist/extension
[2019-04-09 18:21:34.001] [exthost] [info] ExtensionService#_doActivateExtension vscode.emmet {"startup":true,"activationEvent":"*"}
[2019-04-09 18:21:34.001] [exthost] [info] ExtensionService#loadCommonJSModule /opt/visual-studio-code/resources/app/extensions/emmet/dist/extension
[2019-04-09 18:21:34.113] [exthost] [info] ExtensionService#_doActivateExtension vscode.git {"startup":true,"activationEvent":"*"}
[2019-04-09 18:21:34.113] [exthost] [info] ExtensionService#loadCommonJSModule /opt/visual-studio-code/resources/app/extensions/git/dist/main
[2019-04-09 18:21:34.377] [exthost] [info] ExtensionService#_doActivateExtension vscode.merge-conflict {"startup":true,"activationEvent":"*"}
[2019-04-09 18:21:34.377] [exthost] [info] ExtensionService#loadCommonJSModule /opt/visual-studio-code/resources/app/extensions/merge-conflict/dist/extension
[2019-04-09 18:21:34.421] [exthost] [info] ExtensionService#_doActivateExtension dbaeumer.vscode-eslint {"startup":true,"activationEvent":"*"}
[2019-04-09 18:21:34.421] [exthost] [info] ExtensionService#loadCommonJSModule /home/alex/.vscode/extensions/dbaeumer.vscode-eslint-1.8.2/client/out/extension
[2019-04-09 18:21:34.523] [exthost] [info] ExtensionService#_doActivateExtension HookyQR.beautify {"startup":true,"activationEvent":"*"}
[2019-04-09 18:21:34.523] [exthost] [info] ExtensionService#loadCommonJSModule /home/alex/.vscode/extensions/hookyqr.beautify-1.4.11/extension
[2019-04-09 18:21:34.630] [exthost] [info] ExtensionService#_doActivateExtension ms-vscode.atom-keybindings {"startup":true,"activationEvent":"*"}
[2019-04-09 18:21:34.630] [exthost] [info] ExtensionService#loadCommonJSModule /home/alex/.vscode/extensions/ms-vscode.atom-keybindings-3.0.6/extension
[2019-04-09 18:21:34.633] [exthost] [info] ExtensionService#_doActivateExtension naumovs.color-highlight {"startup":true,"activationEvent":"*"}
[2019-04-09 18:21:34.633] [exthost] [info] ExtensionService#loadCommonJSModule /home/alex/.vscode/extensions/naumovs.color-highlight-2.3.0/dist/extension
[2019-04-09 18:21:34.696] [exthost] [info] ExtensionService#_doActivateExtension vincaslt.highlight-matching-tag {"startup":true,"activationEvent":"*"}
[2019-04-09 18:21:34.696] [exthost] [info] ExtensionService#loadCommonJSModule /home/alex/.vscode/extensions/vincaslt.highlight-matching-tag-0.9.1/out/src/extension
[2019-04-09 18:21:34.715] [exthost] [info] ExtensionService#_doActivateExtension ms-vscode.cpptools {"startup":true,"activationEvent":"*"}
[2019-04-09 18:21:34.715] [exthost] [info] ExtensionService#loadCommonJSModule /home/alex/.vscode/extensions/ms-vscode.cpptools-0.22.1/out/src/main
[2019-04-09 18:21:34.937] [exthost] [info] ExtensionService#_doActivateExtension wix.glean {"startup":true,"activationEvent":"*"}
[2019-04-09 18:21:34.937] [exthost] [info] ExtensionService#loadCommonJSModule /home/alex/.vscode/extensions/wix.glean-4.10.2/out/extension
[2019-04-09 18:21:35.179] [exthost] [info] ExtensionService#_doActivateExtension vscode.typescript-language-features {"startup":false,"activationEvent":"onLanguage:javascriptreact"}
[2019-04-09 18:21:35.179] [exthost] [info] ExtensionService#loadCommonJSModule /opt/visual-studio-code/resources/app/extensions/typescript-language-features/dist/extension
[2019-04-09 18:21:36.027] [exthost] [info] ExtensionService#_doActivateExtension GitHub.vscode-pull-request-github {"startup":true,"activationEvent":"*"}
[2019-04-09 18:21:36.027] [exthost] [info] ExtensionService#loadCommonJSModule /home/alex/.vscode/extensions/github.vscode-pull-request-github-0.5.1/media/extension
[2019-04-09 18:21:36.689] [exthost] [info] ExtensionService#_doActivateExtension vsciot-vscode.vscode-arduino {"startup":true,"activationEvent":"*"}
[2019-04-09 18:21:36.689] [exthost] [info] ExtensionService#loadCommonJSModule /home/alex/.vscode/extensions/vsciot-vscode.vscode-arduino-0.2.25/out/src/extension
[2019-04-09 18:21:37.358] [exthost] [info] eager extensions activated
