[2019-04-29 10:55:01.079] [sharedprocess] [info] main {"machineId":"0fbda7ce6ef26c3850e56c6db10cececd72c40fded58aa690a29dd2a69f5ee09"}
[2019-04-29 10:55:01.357] [sharedprocess] [info] Scanned user extensions: 21
[2019-04-29 10:55:01.437] [sharedprocess] [info] Scanned system extensions: 72
[2019-04-29 10:55:01.845] [sharedprocess] [info] Deleted from disk wix.glean /home/alex/.vscode/extensions/wix.glean-4.10.2
[2019-04-29 10:55:01.854] [sharedprocess] [info] Scanned user extensions: 21
[2019-04-29 10:55:01.865] [sharedprocess] [info] Scanned user extensions: 21
[2019-04-29 10:55:01.906] [sharedprocess] [info] Scanned system extensions: 72
[2019-04-29 10:55:41.094] [sharedprocess] [info] Starting to clean up unused language packs.
[2019-04-29 11:00:01.966] [sharedprocess] [info] Scanned user extensions: 21
[2019-04-29 11:05:02.050] [sharedprocess] [info] Scanned user extensions: 21
[2019-04-29 11:10:02.157] [sharedprocess] [info] Scanned user extensions: 21
[2019-04-29 11:15:02.259] [sharedprocess] [info] Scanned user extensions: 21
[2019-04-29 11:20:02.301] [sharedprocess] [info] Scanned user extensions: 21
[2019-04-29 11:25:02.358] [sharedprocess] [info] Scanned user extensions: 21
[2019-04-29 11:30:02.430] [sharedprocess] [info] Scanned user extensions: 21
[2019-04-29 11:32:05.239] [sharedprocess] [info] Scanned user extensions: 21
[2019-04-29 11:32:05.264] [sharedprocess] [info] Scanned system extensions: 72
[2019-04-29 11:32:05.715] [sharedprocess] [info] Scanned user extensions: 21
[2019-04-29 11:32:05.734] [sharedprocess] [info] Scanned system extensions: 72
[2019-04-29 11:35:02.567] [sharedprocess] [info] Scanned user extensions: 21
[2019-04-29 11:40:02.603] [sharedprocess] [info] Scanned user extensions: 21
[2019-04-29 11:45:02.670] [sharedprocess] [info] Scanned user extensions: 21
[2019-04-29 11:50:02.745] [sharedprocess] [info] Scanned user extensions: 21
[2019-04-29 11:55:02.817] [sharedprocess] [info] Scanned user extensions: 21
[2019-04-29 12:00:02.859] [sharedprocess] [info] Scanned user extensions: 21
[2019-04-29 12:05:02.925] [sharedprocess] [info] Scanned user extensions: 21
[2019-04-29 12:10:02.998] [sharedprocess] [info] Scanned user extensions: 21
[2019-04-29 12:15:03.103] [sharedprocess] [info] Scanned user extensions: 21
[2019-04-29 12:20:03.195] [sharedprocess] [info] Scanned user extensions: 21
[2019-04-29 12:25:03.263] [sharedprocess] [info] Scanned user extensions: 21
[2019-04-29 12:30:03.301] [sharedprocess] [info] Scanned user extensions: 21
[2019-04-29 12:35:03.406] [sharedprocess] [info] Scanned user extensions: 21
[2019-04-29 12:40:03.436] [sharedprocess] [info] Scanned user extensions: 21
[2019-04-29 12:45:03.467] [sharedprocess] [info] Scanned user extensions: 21
[2019-04-29 12:50:03.507] [sharedprocess] [info] Scanned user extensions: 21
[2019-04-29 12:55:03.545] [sharedprocess] [info] Scanned user extensions: 21
[2019-04-29 13:00:03.573] [sharedprocess] [info] Scanned user extensions: 21
[2019-04-29 13:05:03.601] [sharedprocess] [info] Scanned user extensions: 21
[2019-04-29 13:10:03.630] [sharedprocess] [info] Scanned user extensions: 21
[2019-04-29 13:15:03.656] [sharedprocess] [info] Scanned user extensions: 21
[2019-04-29 13:20:03.685] [sharedprocess] [info] Scanned user extensions: 21
[2019-04-29 13:25:03.710] [sharedprocess] [info] Scanned user extensions: 21
[2019-04-29 13:30:03.730] [sharedprocess] [info] Scanned user extensions: 21
[2019-04-29 13:35:03.835] [sharedprocess] [info] Scanned user extensions: 21
[2019-04-29 13:40:03.889] [sharedprocess] [info] Scanned user extensions: 21
[2019-04-29 13:45:03.945] [sharedprocess] [info] Scanned user extensions: 21
[2019-04-29 13:50:04.006] [sharedprocess] [info] Scanned user extensions: 21
[2019-04-29 13:55:04.063] [sharedprocess] [info] Scanned user extensions: 21
[2019-04-29 14:00:04.118] [sharedprocess] [info] Scanned user extensions: 21
[2019-04-29 14:05:04.174] [sharedprocess] [info] Scanned user extensions: 21
[2019-04-29 14:10:04.226] [sharedprocess] [info] Scanned user extensions: 21
[2019-04-29 14:15:04.264] [sharedprocess] [info] Scanned user extensions: 21
[2019-04-29 14:20:04.294] [sharedprocess] [info] Scanned user extensions: 21
[2019-04-29 14:25:04.324] [sharedprocess] [info] Scanned user extensions: 21
[2019-04-29 14:30:04.351] [sharedprocess] [info] Scanned user extensions: 21
[2019-04-29 18:39:17.080] [sharedprocess] [info] Scanned user extensions: 21
[2019-04-29 18:44:17.106] [sharedprocess] [info] Scanned user extensions: 21
[2019-04-29 18:49:17.125] [sharedprocess] [info] Scanned user extensions: 21
[2019-04-29 18:54:17.146] [sharedprocess] [info] Scanned user extensions: 21
[2019-04-29 18:59:17.167] [sharedprocess] [info] Scanned user extensions: 21
[2019-04-29 19:04:17.194] [sharedprocess] [info] Scanned user extensions: 21
[2019-04-29 19:09:17.215] [sharedprocess] [info] Scanned user extensions: 21
[2019-04-29 19:14:17.232] [sharedprocess] [info] Scanned user extensions: 21
[2019-04-29 19:19:17.249] [sharedprocess] [info] Scanned user extensions: 21
[2019-04-29 19:24:17.268] [sharedprocess] [info] Scanned user extensions: 21
[2019-04-29 19:29:17.286] [sharedprocess] [info] Scanned user extensions: 21
[2019-04-29 19:34:17.315] [sharedprocess] [info] Scanned user extensions: 21
[2019-04-29 19:39:17.395] [sharedprocess] [info] Scanned user extensions: 21
[2019-04-29 19:44:17.414] [sharedprocess] [info] Scanned user extensions: 21
[2019-04-29 19:49:17.432] [sharedprocess] [info] Scanned user extensions: 21
[2019-04-29 19:54:17.449] [sharedprocess] [info] Scanned user extensions: 21
[2019-04-29 19:59:17.467] [sharedprocess] [info] Scanned user extensions: 21
[2019-04-29 20:04:17.488] [sharedprocess] [info] Scanned user extensions: 21
[2019-04-29 20:09:17.506] [sharedprocess] [info] Scanned user extensions: 21
[2019-04-29 20:14:17.522] [sharedprocess] [info] Scanned user extensions: 21
[2019-04-29 20:19:17.540] [sharedprocess] [info] Scanned user extensions: 21
[2019-04-29 20:24:17.557] [sharedprocess] [info] Scanned user extensions: 21
[2019-04-29 20:29:17.577] [sharedprocess] [info] Scanned user extensions: 21
[2019-04-29 20:34:17.596] [sharedprocess] [info] Scanned user extensions: 21
[2019-04-29 20:39:17.679] [sharedprocess] [info] Scanned user extensions: 21
[2019-04-29 20:44:17.696] [sharedprocess] [info] Scanned user extensions: 21
[2019-04-29 20:49:17.715] [sharedprocess] [info] Scanned user extensions: 21
[2019-04-29 20:54:17.733] [sharedprocess] [info] Scanned user extensions: 21
[2019-04-29 20:59:17.752] [sharedprocess] [info] Scanned user extensions: 21
[2019-04-29 21:04:17.772] [sharedprocess] [info] Scanned user extensions: 21
[2019-04-29 21:09:17.791] [sharedprocess] [info] Scanned user extensions: 21
[2019-04-30 10:32:22.578] [sharedprocess] [info] Scanned user extensions: 21
[2019-04-30 10:37:23.391] [sharedprocess] [info] Scanned user extensions: 21
[2019-04-30 10:42:23.414] [sharedprocess] [info] Scanned user extensions: 21
[2019-04-30 10:47:23.437] [sharedprocess] [info] Scanned user extensions: 21
[2019-04-30 10:52:23.460] [sharedprocess] [info] Scanned user extensions: 21
[2019-04-30 10:57:23.483] [sharedprocess] [info] Scanned user extensions: 21
[2019-04-30 11:02:23.505] [sharedprocess] [info] Scanned user extensions: 21
[2019-04-30 11:07:23.537] [sharedprocess] [info] Scanned user extensions: 21
[2019-04-30 11:12:23.567] [sharedprocess] [info] Scanned user extensions: 21
[2019-04-30 11:17:23.588] [sharedprocess] [info] Scanned user extensions: 21
[2019-04-30 11:22:23.608] [sharedprocess] [info] Scanned user extensions: 21
[2019-04-30 11:27:23.633] [sharedprocess] [info] Scanned user extensions: 21
[2019-04-30 11:32:23.732] [sharedprocess] [info] Scanned user extensions: 21
[2019-04-30 11:37:23.758] [sharedprocess] [info] Scanned user extensions: 21
[2019-04-30 11:42:23.803] [sharedprocess] [info] Scanned user extensions: 21
[2019-04-30 11:47:23.830] [sharedprocess] [info] Scanned user extensions: 21
[2019-04-30 11:52:23.850] [sharedprocess] [info] Scanned user extensions: 21
[2019-04-30 11:57:23.869] [sharedprocess] [info] Scanned user extensions: 21
[2019-04-30 12:02:23.889] [sharedprocess] [info] Scanned user extensions: 21
[2019-04-30 12:07:23.906] [sharedprocess] [info] Scanned user extensions: 21
[2019-04-30 12:12:23.924] [sharedprocess] [info] Scanned user extensions: 21
[2019-04-30 12:17:23.941] [sharedprocess] [info] Scanned user extensions: 21
[2019-04-30 12:22:23.958] [sharedprocess] [info] Scanned user extensions: 21
[2019-04-30 12:27:23.974] [sharedprocess] [info] Scanned user extensions: 21
[2019-04-30 12:32:24.057] [sharedprocess] [info] Scanned user extensions: 21
[2019-04-30 12:37:24.077] [sharedprocess] [info] Scanned user extensions: 21
[2019-04-30 12:42:24.096] [sharedprocess] [info] Scanned user extensions: 21
[2019-04-30 12:47:24.115] [sharedprocess] [info] Scanned user extensions: 21
[2019-04-30 12:52:24.133] [sharedprocess] [info] Scanned user extensions: 21
[2019-04-30 12:57:24.150] [sharedprocess] [info] Scanned user extensions: 21
[2019-04-30 13:02:24.168] [sharedprocess] [info] Scanned user extensions: 21
[2019-04-30 13:07:24.187] [sharedprocess] [info] Scanned user extensions: 21
[2019-04-30 13:12:24.206] [sharedprocess] [info] Scanned user extensions: 21
[2019-04-30 13:17:24.225] [sharedprocess] [info] Scanned user extensions: 21
[2019-04-30 13:21:32.968] [sharedprocess] [info] Scanned user extensions: 21
[2019-04-30 13:21:33.006] [sharedprocess] [info] Scanned system extensions: 72
[2019-04-30 13:22:24.248] [sharedprocess] [info] Scanned user extensions: 21
[2019-04-30 13:27:24.274] [sharedprocess] [info] Scanned user extensions: 21
[2019-04-30 13:32:24.371] [sharedprocess] [info] Scanned user extensions: 21
[2019-04-30 13:37:24.396] [sharedprocess] [info] Scanned user extensions: 21
[2019-04-30 13:42:24.419] [sharedprocess] [info] Scanned user extensions: 21
[2019-04-30 13:47:24.443] [sharedprocess] [info] Scanned user extensions: 21
[2019-04-30 13:52:24.464] [sharedprocess] [info] Scanned user extensions: 21
[2019-04-30 13:57:24.483] [sharedprocess] [info] Scanned user extensions: 21
[2019-04-30 14:02:24.504] [sharedprocess] [info] Scanned user extensions: 21
[2019-04-30 14:07:24.524] [sharedprocess] [info] Scanned user extensions: 21
[2019-04-30 14:12:24.545] [sharedprocess] [info] Scanned user extensions: 21
[2019-04-30 14:17:24.564] [sharedprocess] [info] Scanned user extensions: 21
[2019-04-30 14:22:24.582] [sharedprocess] [info] Scanned user extensions: 21
[2019-04-30 14:27:24.606] [sharedprocess] [info] Scanned user extensions: 21
[2019-04-30 14:32:24.700] [sharedprocess] [info] Scanned user extensions: 21
[2019-04-30 14:37:24.718] [sharedprocess] [info] Scanned user extensions: 21
[2019-04-30 14:42:24.736] [sharedprocess] [info] Scanned user extensions: 21
[2019-04-30 14:47:24.755] [sharedprocess] [info] Scanned user extensions: 21
[2019-04-30 14:52:24.777] [sharedprocess] [info] Scanned user extensions: 21
[2019-04-30 14:57:24.814] [sharedprocess] [info] Scanned user extensions: 21
[2019-04-30 15:02:24.842] [sharedprocess] [info] Scanned user extensions: 21
[2019-04-30 15:07:24.862] [sharedprocess] [info] Scanned user extensions: 21
[2019-04-30 15:12:24.878] [sharedprocess] [info] Scanned user extensions: 21
[2019-04-30 15:17:24.895] [sharedprocess] [info] Scanned user extensions: 21
[2019-04-30 15:22:24.923] [sharedprocess] [info] Scanned user extensions: 21
[2019-04-30 15:27:24.941] [sharedprocess] [info] Scanned user extensions: 21
[2019-04-30 15:32:25.026] [sharedprocess] [info] Scanned user extensions: 21
[2019-04-30 15:37:25.047] [sharedprocess] [info] Scanned user extensions: 21
[2019-04-30 15:42:25.069] [sharedprocess] [info] Scanned user extensions: 21
[2019-04-30 15:47:25.091] [sharedprocess] [info] Scanned user extensions: 21
[2019-04-30 15:52:25.118] [sharedprocess] [info] Scanned user extensions: 21
[2019-04-30 15:57:25.144] [sharedprocess] [info] Scanned user extensions: 21
[2019-04-30 16:02:25.166] [sharedprocess] [info] Scanned user extensions: 21
[2019-04-30 16:07:25.190] [sharedprocess] [info] Scanned user extensions: 21
[2019-04-30 16:12:25.212] [sharedprocess] [info] Scanned user extensions: 21
[2019-04-30 16:17:25.234] [sharedprocess] [info] Scanned user extensions: 21
[2019-04-30 16:22:25.258] [sharedprocess] [info] Scanned user extensions: 21
[2019-04-30 16:27:25.280] [sharedprocess] [info] Scanned user extensions: 21
[2019-04-30 16:32:25.364] [sharedprocess] [info] Scanned user extensions: 21
[2019-04-30 16:37:25.384] [sharedprocess] [info] Scanned user extensions: 21
[2019-04-30 16:42:25.402] [sharedprocess] [info] Scanned user extensions: 21
[2019-04-30 16:47:25.421] [sharedprocess] [info] Scanned user extensions: 21
[2019-04-30 16:52:25.442] [sharedprocess] [info] Scanned user extensions: 21
[2019-04-30 16:57:25.460] [sharedprocess] [info] Scanned user extensions: 21
[2019-04-30 17:02:25.481] [sharedprocess] [info] Scanned user extensions: 21
[2019-04-30 17:07:25.505] [sharedprocess] [info] Scanned user extensions: 21
[2019-04-30 17:12:25.523] [sharedprocess] [info] Scanned user extensions: 21
[2019-04-30 17:17:25.542] [sharedprocess] [info] Scanned user extensions: 21
[2019-04-30 17:22:25.561] [sharedprocess] [info] Scanned user extensions: 21
[2019-04-30 17:27:25.580] [sharedprocess] [info] Scanned user extensions: 21
[2019-04-30 17:32:25.670] [sharedprocess] [info] Scanned user extensions: 21
[2019-04-30 17:37:25.688] [sharedprocess] [info] Scanned user extensions: 21
[2019-04-30 17:42:25.706] [sharedprocess] [info] Scanned user extensions: 21
[2019-04-30 17:47:25.729] [sharedprocess] [info] Scanned user extensions: 21
[2019-04-30 17:52:25.759] [sharedprocess] [info] Scanned user extensions: 21
[2019-04-30 17:57:25.785] [sharedprocess] [info] Scanned user extensions: 21
[2019-04-30 18:02:25.811] [sharedprocess] [info] Scanned user extensions: 21
[2019-04-30 18:07:25.834] [sharedprocess] [info] Scanned user extensions: 21
[2019-04-30 18:12:25.850] [sharedprocess] [info] Scanned user extensions: 21
[2019-04-30 18:17:25.869] [sharedprocess] [info] Scanned user extensions: 21
[2019-04-30 18:22:25.886] [sharedprocess] [info] Scanned user extensions: 21
[2019-04-30 18:27:25.906] [sharedprocess] [info] Scanned user extensions: 21
[2019-04-30 18:32:26.000] [sharedprocess] [info] Scanned user extensions: 21
[2019-04-30 18:37:26.019] [sharedprocess] [info] Scanned user extensions: 21
[2019-04-30 18:42:26.037] [sharedprocess] [info] Scanned user extensions: 21
[2019-04-30 18:47:26.056] [sharedprocess] [info] Scanned user extensions: 21
[2019-04-30 18:52:26.075] [sharedprocess] [info] Scanned user extensions: 21
[2019-04-30 18:57:26.095] [sharedprocess] [info] Scanned user extensions: 21
[2019-04-30 19:02:26.119] [sharedprocess] [info] Scanned user extensions: 21
[2019-04-30 19:07:26.137] [sharedprocess] [info] Scanned user extensions: 21
[2019-04-30 19:12:26.156] [sharedprocess] [info] Scanned user extensions: 21
[2019-04-30 19:17:26.176] [sharedprocess] [info] Scanned user extensions: 21
[2019-04-30 19:22:26.196] [sharedprocess] [info] Scanned user extensions: 21
[2019-04-30 19:27:26.214] [sharedprocess] [info] Scanned user extensions: 21
[2019-04-30 19:32:26.320] [sharedprocess] [info] Scanned user extensions: 21
[2019-04-30 19:37:26.340] [sharedprocess] [info] Scanned user extensions: 21
[2019-04-30 19:42:26.359] [sharedprocess] [info] Scanned user extensions: 21
[2019-05-02 11:20:25.071] [sharedprocess] [info] Scanned user extensions: 21
[2019-05-02 11:25:25.093] [sharedprocess] [info] Scanned user extensions: 21
[2019-05-02 11:30:25.110] [sharedprocess] [info] Scanned user extensions: 21
[2019-05-02 11:35:25.129] [sharedprocess] [info] Scanned user extensions: 21
[2019-05-02 11:40:25.147] [sharedprocess] [info] Scanned user extensions: 21
[2019-05-02 11:45:25.192] [sharedprocess] [info] Scanned user extensions: 21
[2019-05-02 11:50:25.211] [sharedprocess] [info] Scanned user extensions: 21
[2019-05-02 11:55:25.230] [sharedprocess] [info] Scanned user extensions: 21
[2019-05-02 12:00:25.249] [sharedprocess] [info] Scanned user extensions: 21
[2019-05-02 12:05:25.277] [sharedprocess] [info] Scanned user extensions: 21
[2019-05-02 12:10:25.298] [sharedprocess] [info] Scanned user extensions: 21
[2019-05-02 12:15:25.319] [sharedprocess] [info] Scanned user extensions: 21
[2019-05-02 12:20:25.435] [sharedprocess] [info] Scanned user extensions: 21
[2019-05-02 12:25:25.455] [sharedprocess] [info] Scanned user extensions: 21
[2019-05-02 12:30:25.475] [sharedprocess] [info] Scanned user extensions: 21
[2019-05-02 12:35:25.494] [sharedprocess] [info] Scanned user extensions: 21
[2019-05-02 12:40:25.511] [sharedprocess] [info] Scanned user extensions: 21
[2019-05-02 12:45:25.530] [sharedprocess] [info] Scanned user extensions: 21
[2019-05-02 12:50:25.549] [sharedprocess] [info] Scanned user extensions: 21
[2019-05-02 12:55:25.566] [sharedprocess] [info] Scanned user extensions: 21
[2019-05-02 13:00:25.582] [sharedprocess] [info] Scanned user extensions: 21
[2019-05-02 13:05:25.602] [sharedprocess] [info] Scanned user extensions: 21
[2019-05-02 13:10:25.620] [sharedprocess] [info] Scanned user extensions: 21
[2019-05-02 13:15:25.640] [sharedprocess] [info] Scanned user extensions: 21
[2019-05-02 13:20:25.720] [sharedprocess] [info] Scanned user extensions: 21
[2019-05-02 13:25:25.739] [sharedprocess] [info] Scanned user extensions: 21
[2019-05-02 13:30:25.757] [sharedprocess] [info] Scanned user extensions: 21
[2019-05-02 13:35:25.777] [sharedprocess] [info] Scanned user extensions: 21
[2019-05-02 13:40:25.794] [sharedprocess] [info] Scanned user extensions: 21
[2019-05-02 13:45:25.810] [sharedprocess] [info] Scanned user extensions: 21
[2019-05-02 13:50:25.833] [sharedprocess] [info] Scanned user extensions: 21
[2019-05-02 13:55:25.858] [sharedprocess] [info] Scanned user extensions: 21
[2019-05-02 14:00:25.881] [sharedprocess] [info] Scanned user extensions: 21
[2019-05-02 14:05:25.903] [sharedprocess] [info] Scanned user extensions: 21
[2019-05-02 14:10:25.928] [sharedprocess] [info] Scanned user extensions: 21
[2019-05-02 14:15:25.950] [sharedprocess] [info] Scanned user extensions: 21
[2019-05-02 14:20:26.040] [sharedprocess] [info] Scanned user extensions: 21
[2019-05-02 14:25:26.083] [sharedprocess] [info] Scanned user extensions: 21
[2019-05-02 14:30:26.107] [sharedprocess] [info] Scanned user extensions: 21
[2019-05-02 14:35:26.134] [sharedprocess] [info] Scanned user extensions: 21
[2019-05-02 14:40:26.173] [sharedprocess] [info] Scanned user extensions: 21
[2019-05-02 14:45:26.199] [sharedprocess] [info] Scanned user extensions: 21
[2019-05-02 14:50:26.219] [sharedprocess] [info] Scanned user extensions: 21
[2019-05-02 14:55:26.238] [sharedprocess] [info] Scanned user extensions: 21
[2019-05-02 15:00:26.259] [sharedprocess] [info] Scanned user extensions: 21
[2019-05-02 15:05:26.288] [sharedprocess] [info] Scanned user extensions: 21
[2019-05-02 15:10:26.328] [sharedprocess] [info] Scanned user extensions: 21
[2019-05-02 15:15:26.351] [sharedprocess] [info] Scanned user extensions: 21
[2019-05-02 15:20:26.440] [sharedprocess] [info] Scanned user extensions: 21
[2019-05-02 15:25:26.462] [sharedprocess] [info] Scanned user extensions: 21
[2019-05-02 15:30:26.485] [sharedprocess] [info] Scanned user extensions: 21
[2019-05-02 15:35:26.506] [sharedprocess] [info] Scanned user extensions: 21
[2019-05-02 15:40:26.525] [sharedprocess] [info] Scanned user extensions: 21
[2019-05-02 15:45:26.546] [sharedprocess] [info] Scanned user extensions: 21
[2019-05-02 15:50:26.568] [sharedprocess] [info] Scanned user extensions: 21
[2019-05-02 15:55:26.592] [sharedprocess] [info] Scanned user extensions: 21
[2019-05-02 16:00:26.612] [sharedprocess] [info] Scanned user extensions: 21
[2019-05-02 16:05:26.631] [sharedprocess] [info] Scanned user extensions: 21
[2019-05-02 16:10:26.658] [sharedprocess] [info] Scanned user extensions: 21
[2019-05-02 16:15:26.677] [sharedprocess] [info] Scanned user extensions: 21
[2019-05-02 16:20:26.764] [sharedprocess] [info] Scanned user extensions: 21
[2019-05-02 16:25:26.783] [sharedprocess] [info] Scanned user extensions: 21
[2019-05-02 16:30:26.803] [sharedprocess] [info] Scanned user extensions: 21
[2019-05-02 16:35:26.821] [sharedprocess] [info] Scanned user extensions: 21
[2019-05-02 16:40:26.848] [sharedprocess] [info] Scanned user extensions: 21
[2019-05-02 16:45:26.896] [sharedprocess] [info] Scanned user extensions: 21
[2019-05-02 16:50:26.916] [sharedprocess] [info] Scanned user extensions: 21
[2019-05-02 16:55:26.939] [sharedprocess] [info] Scanned user extensions: 21
[2019-05-02 17:00:26.963] [sharedprocess] [info] Scanned user extensions: 21
[2019-05-02 17:05:26.981] [sharedprocess] [info] Scanned user extensions: 21
[2019-05-02 17:10:27.003] [sharedprocess] [info] Scanned user extensions: 21
[2019-05-02 17:15:27.026] [sharedprocess] [info] Scanned user extensions: 21
[2019-05-02 17:20:27.137] [sharedprocess] [info] Scanned user extensions: 21
[2019-05-02 17:25:27.155] [sharedprocess] [info] Scanned user extensions: 21
[2019-05-02 17:30:27.176] [sharedprocess] [info] Scanned user extensions: 21
[2019-05-02 17:35:27.200] [sharedprocess] [info] Scanned user extensions: 21
[2019-05-02 17:40:27.224] [sharedprocess] [info] Scanned user extensions: 21
[2019-05-02 17:45:27.261] [sharedprocess] [info] Scanned user extensions: 21
[2019-05-02 17:50:27.291] [sharedprocess] [info] Scanned user extensions: 21
[2019-05-02 17:55:27.308] [sharedprocess] [info] Scanned user extensions: 21
[2019-05-02 18:00:27.328] [sharedprocess] [info] Scanned user extensions: 21
[2019-05-02 18:05:27.351] [sharedprocess] [info] Scanned user extensions: 21
[2019-05-03 13:15:21.871] [sharedprocess] [info] Scanned user extensions: 21
[2019-05-03 13:15:21.902] [sharedprocess] [info] Scanned system extensions: 72
[2019-05-03 13:15:24.197] [sharedprocess] [info] Installing extension: hookyqr.beautify
[2019-05-03 13:15:24.211] [sharedprocess] [info] Scanned user extensions: 21
[2019-05-03 13:15:24.501] [sharedprocess] [info] Scanned user extensions: 21
[2019-05-03 13:15:24.524] [sharedprocess] [info] Downloaded extension: hookyqr.beautify /tmp/ff2d64ec-24d5-4cf3-a391-0e509f4558d0
[2019-05-03 13:15:25.024] [sharedprocess] [info] Extracted extension to /home/alex/.vscode/extensions/.hookyqr.beautify-1.5.0: hookyqr.beautify
[2019-05-03 13:15:25.024] [sharedprocess] [info] Renamed to /home/alex/.vscode/extensions/hookyqr.beautify-1.5.0
[2019-05-03 13:15:25.025] [sharedprocess] [info] Installation completed. hookyqr.beautify
[2019-05-03 13:15:25.031] [sharedprocess] [info] Extensions installed successfully: hookyqr.beautify
[2019-05-03 13:20:24.690] [sharedprocess] [info] Scanned user extensions: 21
[2019-05-03 13:25:24.711] [sharedprocess] [info] Scanned user extensions: 21
[2019-05-03 13:30:24.731] [sharedprocess] [info] Scanned user extensions: 21
[2019-05-03 13:35:24.759] [sharedprocess] [info] Scanned user extensions: 21
[2019-05-03 13:40:24.781] [sharedprocess] [info] Scanned user extensions: 21
[2019-05-03 13:45:24.812] [sharedprocess] [info] Scanned user extensions: 21
[2019-05-03 13:50:24.843] [sharedprocess] [info] Scanned user extensions: 21
[2019-05-03 13:55:24.866] [sharedprocess] [info] Scanned user extensions: 21
[2019-05-03 14:00:24.890] [sharedprocess] [info] Scanned user extensions: 21
[2019-05-03 14:05:24.971] [sharedprocess] [info] Scanned user extensions: 21
[2019-05-03 14:10:25.017] [sharedprocess] [info] Scanned user extensions: 21
[2019-05-03 14:15:25.114] [sharedprocess] [info] Scanned user extensions: 21
[2019-05-03 14:20:25.140] [sharedprocess] [info] Scanned user extensions: 21
[2019-05-03 14:25:25.165] [sharedprocess] [info] Scanned user extensions: 21
[2019-05-03 14:30:25.195] [sharedprocess] [info] Scanned user extensions: 21
[2019-05-03 14:35:25.228] [sharedprocess] [info] Scanned user extensions: 21
[2019-05-03 14:40:25.249] [sharedprocess] [info] Scanned user extensions: 21
[2019-05-03 14:45:25.269] [sharedprocess] [info] Scanned user extensions: 21
[2019-05-03 14:50:25.287] [sharedprocess] [info] Scanned user extensions: 21
[2019-05-03 14:55:25.306] [sharedprocess] [info] Scanned user extensions: 21
[2019-05-03 15:00:25.329] [sharedprocess] [info] Scanned user extensions: 21
[2019-05-03 15:05:25.354] [sharedprocess] [info] Scanned user extensions: 21
[2019-05-03 15:10:25.382] [sharedprocess] [info] Scanned user extensions: 21
[2019-05-03 15:15:25.470] [sharedprocess] [info] Scanned user extensions: 21
[2019-05-03 15:20:25.496] [sharedprocess] [info] Scanned user extensions: 21
[2019-05-03 15:25:25.521] [sharedprocess] [info] Scanned user extensions: 21
[2019-05-03 15:30:25.544] [sharedprocess] [info] Scanned user extensions: 21
[2019-05-03 15:35:25.569] [sharedprocess] [info] Scanned user extensions: 21
[2019-05-03 15:40:25.595] [sharedprocess] [info] Scanned user extensions: 21
[2019-05-03 15:45:25.615] [sharedprocess] [info] Scanned user extensions: 21
[2019-05-03 15:50:25.638] [sharedprocess] [info] Scanned user extensions: 21
[2019-05-03 15:55:25.661] [sharedprocess] [info] Scanned user extensions: 21
[2019-05-03 16:00:25.692] [sharedprocess] [info] Scanned user extensions: 21
[2019-05-03 16:05:25.723] [sharedprocess] [info] Scanned user extensions: 21
[2019-05-03 16:10:25.751] [sharedprocess] [info] Scanned user extensions: 21
[2019-05-03 16:15:25.846] [sharedprocess] [info] Scanned user extensions: 21
[2019-05-03 16:20:25.872] [sharedprocess] [info] Scanned user extensions: 21
[2019-05-03 16:25:25.891] [sharedprocess] [info] Scanned user extensions: 21
[2019-05-03 16:30:25.913] [sharedprocess] [info] Scanned user extensions: 21
[2019-05-03 16:35:25.934] [sharedprocess] [info] Scanned user extensions: 21
[2019-05-03 16:40:25.953] [sharedprocess] [info] Scanned user extensions: 21
[2019-05-03 16:45:25.974] [sharedprocess] [info] Scanned user extensions: 21
[2019-05-03 16:50:25.999] [sharedprocess] [info] Scanned user extensions: 21
[2019-05-03 16:55:26.026] [sharedprocess] [info] Scanned user extensions: 21
[2019-05-03 17:00:26.059] [sharedprocess] [info] Scanned user extensions: 21
[2019-05-03 17:05:26.093] [sharedprocess] [info] Scanned user extensions: 21
[2019-05-03 17:10:26.116] [sharedprocess] [info] Scanned user extensions: 21
[2019-05-04 12:06:27.812] [sharedprocess] [info] Scanned user extensions: 21
[2019-05-04 12:11:27.837] [sharedprocess] [info] Scanned user extensions: 21
[2019-05-04 12:16:27.861] [sharedprocess] [info] Scanned user extensions: 21
