Looking for git in: git
Using git 2.21.0 from git
> git rev-parse --show-toplevel
> git config --get commit.template
Open repository: /home/alex/Projects/optionizr_main
> git status -z -u
> git symbolic-ref --short HEAD
> git rev-parse AM_26_03_CheckPasswordClean
> git show :APP_MAIL/views/templates/zplintr/notification.ejs
> git config --local -l
> git rev-parse --symbolic-full-name AM_26_03_CheckPasswordClean@{u}
fatal: no upstream configured for branch 'AM_26_03_CheckPasswordClean'
> git for-each-ref --format %(refname) %(objectname) --sort -committerdate
> git remote --verbose
> git status -z -u
> git symbolic-ref --short HEAD
> git rev-parse AM_26_03_CheckPasswordClean
> git rev-parse --symbolic-full-name AM_26_03_CheckPasswordClean@{u}
fatal: no upstream configured for branch 'AM_26_03_CheckPasswordClean'
> git for-each-ref --format %(refname) %(objectname) --sort -committerdate
> git remote --verbose
> git config --local branch.AM_26_03_CheckPasswordClean.github-pr-owner-number
> git check-ignore -z --stdin
> git config --local -l
> git status -z -u
> git symbolic-ref --short HEAD
> git rev-parse AM_26_03_CheckPasswordClean
> git rev-parse --symbolic-full-name AM_26_03_CheckPasswordClean@{u}
fatal: no upstream configured for branch 'AM_26_03_CheckPasswordClean'
> git for-each-ref --format %(refname) %(objectname) --sort -committerdate
> git remote --verbose
> git config --local branch.AM_26_03_CheckPasswordClean.github-pr-owner-number
> git show :APP_MAIL/views/templates/zplintr/notification.ejs
> git status -z -u
> git symbolic-ref --short HEAD
> git rev-parse deploy_prod
> git rev-parse --symbolic-full-name deploy_prod@{u}
> git rev-list --left-right deploy_prod...refs/remotes/origin/deploy_prod
> git for-each-ref --format %(refname) %(objectname) --sort -committerdate
> git remote --verbose
> git config --local -l
> git status -z -u
> git symbolic-ref --short HEAD
> git rev-parse deploy_prod
> git rev-parse --symbolic-full-name deploy_prod@{u}
> git rev-list --left-right deploy_prod...refs/remotes/origin/deploy_prod
> git for-each-ref --format %(refname) %(objectname) --sort -committerdate
> git remote --verbose
> git config --local branch.deploy_prod.github-pr-owner-number
> git show :APP_MAIL/controllers/helpers/retrieve_string/zplintr.js
> git check-ignore -z --stdin
> git check-ignore -z --stdin
> git status -z -u
> git symbolic-ref --short HEAD
> git rev-parse deploy_prod
> git rev-parse --symbolic-full-name deploy_prod@{u}
> git rev-list --left-right deploy_prod...refs/remotes/origin/deploy_prod
> git for-each-ref --format %(refname) %(objectname) --sort -committerdate
> git remote --verbose
> git config --local -l
> git status -z -u
> git symbolic-ref --short HEAD
> git rev-parse deploy_prod
> git rev-parse --symbolic-full-name deploy_prod@{u}
> git rev-list --left-right deploy_prod...refs/remotes/origin/deploy_prod
> git for-each-ref --format %(refname) %(objectname) --sort -committerdate
> git remote --verbose
> git config --local branch.deploy_prod.github-pr-owner-number
> git check-ignore -z --stdin
> git check-ignore -z --stdin
> git status -z -u
> git symbolic-ref --short HEAD
> git rev-parse deploy_prod
> git rev-parse --symbolic-full-name deploy_prod@{u}
> git rev-list --left-right deploy_prod...refs/remotes/origin/deploy_prod
> git for-each-ref --format %(refname) %(objectname) --sort -committerdate
> git remote --verbose
> git show :APP_SCRIPT/controllers/fill_template_route.js
> git show :APP_SCRIPT/controllers/fill_template_route.js
> git status -z -u
> git symbolic-ref --short HEAD
> git rev-parse deploy_prod
> git rev-parse --symbolic-full-name deploy_prod@{u}
> git rev-list --left-right deploy_prod...refs/remotes/origin/deploy_prod
> git for-each-ref --format %(refname) %(objectname) --sort -committerdate
> git remote --verbose
> git show :shared_features/cdn.js
> git check-ignore -z --stdin
> git show :APP_ADMIN/controllers/details/getDetails.js
> git status -z -u
> git symbolic-ref --short HEAD
> git rev-parse deploy_prod
> git rev-parse --symbolic-full-name deploy_prod@{u}
> git rev-list --left-right deploy_prod...refs/remotes/origin/deploy_prod
> git for-each-ref --format %(refname) %(objectname) --sort -committerdate
> git remote --verbose
> git status -z -u
> git symbolic-ref --short HEAD
> git rev-parse deploy_prod
> git rev-parse --symbolic-full-name deploy_prod@{u}
> git rev-list --left-right deploy_prod...refs/remotes/origin/deploy_prod
> git for-each-ref --format %(refname) %(objectname) --sort -committerdate
> git remote --verbose
> git status -z -u
> git symbolic-ref --short HEAD
> git rev-parse deploy_prod
> git rev-parse --symbolic-full-name deploy_prod@{u}
> git rev-list --left-right deploy_prod...refs/remotes/origin/deploy_prod
> git for-each-ref --format %(refname) %(objectname) --sort -committerdate
> git remote --verbose
> git status -z -u
> git symbolic-ref --short HEAD
> git rev-parse deploy_prod
> git rev-parse --symbolic-full-name deploy_prod@{u}
> git rev-list --left-right deploy_prod...refs/remotes/origin/deploy_prod
> git for-each-ref --format %(refname) %(objectname) --sort -committerdate
> git remote --verbose
> git status -z -u
> git symbolic-ref --short HEAD
> git rev-parse deploy_prod
> git rev-parse --symbolic-full-name deploy_prod@{u}
> git rev-list --left-right deploy_prod...refs/remotes/origin/deploy_prod
> git for-each-ref --format %(refname) %(objectname) --sort -committerdate
> git remote --verbose
> git status -z -u
> git symbolic-ref --short HEAD
> git rev-parse deploy_prod
> git rev-parse --symbolic-full-name deploy_prod@{u}
> git rev-list --left-right deploy_prod...refs/remotes/origin/deploy_prod
> git for-each-ref --format %(refname) %(objectname) --sort -committerdate
> git remote --verbose
> git status -z -u
> git symbolic-ref --short HEAD
> git rev-parse deploy_prod
> git rev-parse --symbolic-full-name deploy_prod@{u}
> git rev-list --left-right deploy_prod...refs/remotes/origin/deploy_prod
> git for-each-ref --format %(refname) %(objectname) --sort -committerdate
> git remote --verbose
> git status -z -u
> git symbolic-ref --short HEAD
> git rev-parse deploy_prod
> git rev-parse --symbolic-full-name deploy_prod@{u}
> git rev-list --left-right deploy_prod...refs/remotes/origin/deploy_prod
> git for-each-ref --format %(refname) %(objectname) --sort -committerdate
> git remote --verbose
> git status -z -u
> git symbolic-ref --short HEAD
> git rev-parse deploy_prod
> git rev-parse --symbolic-full-name deploy_prod@{u}
> git rev-list --left-right deploy_prod...refs/remotes/origin/deploy_prod
> git for-each-ref --format %(refname) %(objectname) --sort -committerdate
> git remote --verbose
> git status -z -u
> git symbolic-ref --short HEAD
> git rev-parse deploy_prod
> git rev-parse --symbolic-full-name deploy_prod@{u}
> git rev-list --left-right deploy_prod...refs/remotes/origin/deploy_prod
> git for-each-ref --format %(refname) %(objectname) --sort -committerdate
> git remote --verbose
> git status -z -u
> git symbolic-ref --short HEAD
> git rev-parse deploy_prod
> git rev-parse --symbolic-full-name deploy_prod@{u}
> git rev-list --left-right deploy_prod...refs/remotes/origin/deploy_prod
> git for-each-ref --format %(refname) %(objectname) --sort -committerdate
> git remote --verbose
> git status -z -u
> git symbolic-ref --short HEAD
> git rev-parse deploy_prod
> git rev-parse --symbolic-full-name deploy_prod@{u}
> git rev-list --left-right deploy_prod...refs/remotes/origin/deploy_prod
> git for-each-ref --format %(refname) %(objectname) --sort -committerdate
> git remote --verbose
> git status -z -u
> git symbolic-ref --short HEAD
> git rev-parse deploy_prod
> git rev-parse --symbolic-full-name deploy_prod@{u}
> git rev-list --left-right deploy_prod...refs/remotes/origin/deploy_prod
> git for-each-ref --format %(refname) %(objectname) --sort -committerdate
> git remote --verbose
> git status -z -u
> git symbolic-ref --short HEAD
> git rev-parse deploy_prod
> git rev-parse --symbolic-full-name deploy_prod@{u}
> git rev-list --left-right deploy_prod...refs/remotes/origin/deploy_prod
> git for-each-ref --format %(refname) %(objectname) --sort -committerdate
> git remote --verbose
> git status -z -u
> git symbolic-ref --short HEAD
> git rev-parse deploy_prod
> git rev-parse --symbolic-full-name deploy_prod@{u}
> git rev-list --left-right deploy_prod...refs/remotes/origin/deploy_prod
> git for-each-ref --format %(refname) %(objectname) --sort -committerdate
> git remote --verbose
> git status -z -u
> git symbolic-ref --short HEAD
> git rev-parse deploy_prod
> git rev-parse --symbolic-full-name deploy_prod@{u}
> git rev-list --left-right deploy_prod...refs/remotes/origin/deploy_prod
> git for-each-ref --format %(refname) %(objectname) --sort -committerdate
> git remote --verbose
> git show :APP_SCRIPT/controllers/fill_template_route.js
> git show :APP_ADMIN/controllers/details/getDetails.js
> git status -z -u
> git symbolic-ref --short HEAD
> git rev-parse deploy_prod
> git rev-parse --symbolic-full-name deploy_prod@{u}
> git rev-list --left-right deploy_prod...refs/remotes/origin/deploy_prod
> git for-each-ref --format %(refname) %(objectname) --sort -committerdate
> git remote --verbose
> git check-ignore -z --stdin
> git show :shared_features/cdn.js
> git show :APP_ADMIN/controllers/details/getDetails.js
> git status -z -u
> git symbolic-ref --short HEAD
> git rev-parse deploy_prod
> git rev-parse --symbolic-full-name deploy_prod@{u}
> git rev-list --left-right deploy_prod...refs/remotes/origin/deploy_prod
> git for-each-ref --format %(refname) %(objectname) --sort -committerdate
> git remote --verbose
> git show :APP_SCRIPT/controllers/fill_template_route.js
> git status -z -u
> git symbolic-ref --short HEAD
> git rev-parse deploy_prod
> git rev-parse --symbolic-full-name deploy_prod@{u}
> git rev-list --left-right deploy_prod...refs/remotes/origin/deploy_prod
> git for-each-ref --format %(refname) %(objectname) --sort -committerdate
> git remote --verbose
> git show :shared_features/cdn.js
> git status -z -u
> git symbolic-ref --short HEAD
> git rev-parse deploy_prod
> git rev-parse --symbolic-full-name deploy_prod@{u}
> git rev-list --left-right deploy_prod...refs/remotes/origin/deploy_prod
> git for-each-ref --format %(refname) %(objectname) --sort -committerdate
> git remote --verbose
> git status -z -u
> git symbolic-ref --short HEAD
> git rev-parse deploy_prod
> git rev-parse --symbolic-full-name deploy_prod@{u}
> git rev-list --left-right deploy_prod...refs/remotes/origin/deploy_prod
> git for-each-ref --format %(refname) %(objectname) --sort -committerdate
> git remote --verbose
> git show :APP_ADMIN/controllers/details/getDetails.js
> git status -z -u
> git symbolic-ref --short HEAD
> git rev-parse deploy_prod
> git rev-parse --symbolic-full-name deploy_prod@{u}
> git rev-list --left-right deploy_prod...refs/remotes/origin/deploy_prod
> git for-each-ref --format %(refname) %(objectname) --sort -committerdate
> git remote --verbose
> git status -z -u
> git symbolic-ref --short HEAD
> git rev-parse deploy_prod
> git rev-parse --symbolic-full-name deploy_prod@{u}
> git rev-list --left-right deploy_prod...refs/remotes/origin/deploy_prod
> git for-each-ref --format %(refname) %(objectname) --sort -committerdate
> git remote --verbose
> git show :shared_features/cdn.js
> git status -z -u
> git symbolic-ref --short HEAD
> git rev-parse deploy_prod
> git rev-parse --symbolic-full-name deploy_prod@{u}
> git rev-list --left-right deploy_prod...refs/remotes/origin/deploy_prod
> git for-each-ref --format %(refname) %(objectname) --sort -committerdate
> git remote --verbose
> git status -z -u
> git symbolic-ref --short HEAD
> git rev-parse deploy_prod
> git rev-parse --symbolic-full-name deploy_prod@{u}
> git rev-list --left-right deploy_prod...refs/remotes/origin/deploy_prod
> git for-each-ref --format %(refname) %(objectname) --sort -committerdate
> git remote --verbose
> git show :APP_ADMIN/controllers/details/getDetails.js
> git status -z -u
> git symbolic-ref --short HEAD
> git rev-parse deploy_prod
> git rev-parse --symbolic-full-name deploy_prod@{u}
> git rev-list --left-right deploy_prod...refs/remotes/origin/deploy_prod
> git for-each-ref --format %(refname) %(objectname) --sort -committerdate
> git remote --verbose
> git status -z -u
> git symbolic-ref --short HEAD
> git rev-parse deploy_prod
> git rev-parse --symbolic-full-name deploy_prod@{u}
> git rev-list --left-right deploy_prod...refs/remotes/origin/deploy_prod
> git for-each-ref --format %(refname) %(objectname) --sort -committerdate
> git remote --verbose
> git show :shared_features/cdn.js
> git show :APP_SCRIPT/controllers/fill_template_route.js
> git show :APP_ADMIN/controllers/details/getDetails.js
> git status -z -u
> git symbolic-ref --short HEAD
> git rev-parse deploy_prod
> git rev-parse --symbolic-full-name deploy_prod@{u}
> git rev-list --left-right deploy_prod...refs/remotes/origin/deploy_prod
> git for-each-ref --format %(refname) %(objectname) --sort -committerdate
> git remote --verbose
> git status -z -u
> git symbolic-ref --short HEAD
> git rev-parse deploy_prod
> git rev-parse --symbolic-full-name deploy_prod@{u}
> git rev-list --left-right deploy_prod...refs/remotes/origin/deploy_prod
> git for-each-ref --format %(refname) %(objectname) --sort -committerdate
> git remote --verbose
> git status -z -u
> git symbolic-ref --short HEAD
> git rev-parse deploy_prod
> git rev-parse --symbolic-full-name deploy_prod@{u}
> git rev-list --left-right deploy_prod...refs/remotes/origin/deploy_prod
> git for-each-ref --format %(refname) %(objectname) --sort -committerdate
> git remote --verbose
> git status -z -u
> git symbolic-ref --short HEAD
> git rev-parse deploy_prod
> git rev-parse --symbolic-full-name deploy_prod@{u}
> git rev-list --left-right deploy_prod...refs/remotes/origin/deploy_prod
> git for-each-ref --format %(refname) %(objectname) --sort -committerdate
> git remote --verbose
> git status -z -u
> git symbolic-ref --short HEAD
> git rev-parse deploy_prod
> git rev-parse --symbolic-full-name deploy_prod@{u}
> git rev-list --left-right deploy_prod...refs/remotes/origin/deploy_prod
> git for-each-ref --format %(refname) %(objectname) --sort -committerdate
> git remote --verbose
> git status -z -u
> git symbolic-ref --short HEAD
> git rev-parse deploy_prod
> git rev-parse --symbolic-full-name deploy_prod@{u}
> git rev-list --left-right deploy_prod...refs/remotes/origin/deploy_prod
> git for-each-ref --format %(refname) %(objectname) --sort -committerdate
> git remote --verbose
> git status -z -u
> git symbolic-ref --short HEAD
> git rev-parse deploy_prod
> git rev-parse --symbolic-full-name deploy_prod@{u}
> git rev-list --left-right deploy_prod...refs/remotes/origin/deploy_prod
> git for-each-ref --format %(refname) %(objectname) --sort -committerdate
> git remote --verbose
> git show :APP_SCRIPT/controllers/fill_template_route.js
> git show :APP_ADMIN/controllers/details/getDetails.js
> git show :APP_ADMIN/views/details/details.ejs
> git status -z -u
> git symbolic-ref --short HEAD
> git rev-parse deploy_prod
> git rev-parse --symbolic-full-name deploy_prod@{u}
> git rev-list --left-right deploy_prod...refs/remotes/origin/deploy_prod
> git for-each-ref --format %(refname) %(objectname) --sort -committerdate
> git remote --verbose
> git status -z -u
> git symbolic-ref --short HEAD
> git rev-parse deploy_prod
> git rev-parse --symbolic-full-name deploy_prod@{u}
> git rev-list --left-right deploy_prod...refs/remotes/origin/deploy_prod
> git for-each-ref --format %(refname) %(objectname) --sort -committerdate
> git remote --verbose
> git status -z -u
> git symbolic-ref --short HEAD
> git rev-parse deploy_prod
> git rev-parse --symbolic-full-name deploy_prod@{u}
> git rev-list --left-right deploy_prod...refs/remotes/origin/deploy_prod
> git for-each-ref --format %(refname) %(objectname) --sort -committerdate
> git remote --verbose
> git status -z -u
> git symbolic-ref --short HEAD
> git rev-parse deploy_prod
> git rev-parse --symbolic-full-name deploy_prod@{u}
> git rev-list --left-right deploy_prod...refs/remotes/origin/deploy_prod
> git for-each-ref --format %(refname) %(objectname) --sort -committerdate
> git remote --verbose
> git status -z -u
> git symbolic-ref --short HEAD
> git rev-parse deploy_prod
> git rev-parse --symbolic-full-name deploy_prod@{u}
> git rev-list --left-right deploy_prod...refs/remotes/origin/deploy_prod
> git for-each-ref --format %(refname) %(objectname) --sort -committerdate
> git remote --verbose
> git status -z -u
> git symbolic-ref --short HEAD
> git rev-parse deploy_prod
> git rev-parse --symbolic-full-name deploy_prod@{u}
> git rev-list --left-right deploy_prod...refs/remotes/origin/deploy_prod
> git for-each-ref --format %(refname) %(objectname) --sort -committerdate
> git remote --verbose
> git status -z -u
> git symbolic-ref --short HEAD
> git rev-parse deploy_prod
> git rev-parse --symbolic-full-name deploy_prod@{u}
> git rev-list --left-right deploy_prod...refs/remotes/origin/deploy_prod
> git for-each-ref --format %(refname) %(objectname) --sort -committerdate
> git remote --verbose
> git status -z -u
> git symbolic-ref --short HEAD
> git rev-parse deploy_prod
> git rev-parse --symbolic-full-name deploy_prod@{u}
> git rev-list --left-right deploy_prod...refs/remotes/origin/deploy_prod
> git for-each-ref --format %(refname) %(objectname) --sort -committerdate
> git remote --verbose
> git status -z -u
> git symbolic-ref --short HEAD
> git rev-parse deploy_prod
> git rev-parse --symbolic-full-name deploy_prod@{u}
> git rev-list --left-right deploy_prod...refs/remotes/origin/deploy_prod
> git for-each-ref --format %(refname) %(objectname) --sort -committerdate
> git remote --verbose
> git status -z -u
> git symbolic-ref --short HEAD
> git rev-parse deploy_prod
> git rev-parse --symbolic-full-name deploy_prod@{u}
> git rev-list --left-right deploy_prod...refs/remotes/origin/deploy_prod
> git for-each-ref --format %(refname) %(objectname) --sort -committerdate
> git remote --verbose
> git status -z -u
> git symbolic-ref --short HEAD
> git rev-parse deploy_prod
> git rev-parse --symbolic-full-name deploy_prod@{u}
> git rev-list --left-right deploy_prod...refs/remotes/origin/deploy_prod
> git for-each-ref --format %(refname) %(objectname) --sort -committerdate
> git remote --verbose
> git status -z -u
> git symbolic-ref --short HEAD
> git rev-parse deploy_prod
> git rev-parse --symbolic-full-name deploy_prod@{u}
> git rev-list --left-right deploy_prod...refs/remotes/origin/deploy_prod
> git for-each-ref --format %(refname) %(objectname) --sort -committerdate
> git remote --verbose
> git status -z -u
> git symbolic-ref --short HEAD
> git rev-parse deploy_prod
> git rev-parse --symbolic-full-name deploy_prod@{u}
> git rev-list --left-right deploy_prod...refs/remotes/origin/deploy_prod
> git for-each-ref --format %(refname) %(objectname) --sort -committerdate
> git remote --verbose
> git check-ignore -z --stdin
> git show :APP_ADMIN/app.js
> git status -z -u
> git symbolic-ref --short HEAD
> git rev-parse deploy_prod
> git rev-parse --symbolic-full-name deploy_prod@{u}
> git rev-list --left-right deploy_prod...refs/remotes/origin/deploy_prod
> git for-each-ref --format %(refname) %(objectname) --sort -committerdate
> git remote --verbose
> git show :APP_ADMIN/controllers/updateScript.js
> git check-ignore -z --stdin
> git show :APP_ADMIN/controllers/clearScript.js
> git ls-files --stage -- APP_ADMIN/controllers/
> git status -z -u
> git symbolic-ref --short HEAD
> git rev-parse deploy_prod
> git rev-parse --symbolic-full-name deploy_prod@{u}
> git check-ignore -z --stdin
> git rev-list --left-right deploy_prod...refs/remotes/origin/deploy_prod
> git for-each-ref --format %(refname) %(objectname) --sort -committerdate
> git remote --verbose
> git show :shared_features/cdn.js
> git show :APP_ADMIN/controllers/clearScript.js
> git ls-files --stage -- APP_ADMIN/controllers/
> git show :shared_features/cdn.js
> git status -z -u
> git symbolic-ref --short HEAD
> git rev-parse deploy_prod
> git rev-parse --symbolic-full-name deploy_prod@{u}
> git rev-list --left-right deploy_prod...refs/remotes/origin/deploy_prod
> git for-each-ref --format %(refname) %(objectname) --sort -committerdate
> git remote --verbose
> git status -z -u
> git symbolic-ref --short HEAD
> git rev-parse deploy_prod
> git rev-parse --symbolic-full-name deploy_prod@{u}
> git rev-list --left-right deploy_prod...refs/remotes/origin/deploy_prod
> git for-each-ref --format %(refname) %(objectname) --sort -committerdate
> git remote --verbose
> git show :APP_ADMIN/controllers/clearScript.js
> git ls-files --stage -- APP_ADMIN/controllers/
> git status -z -u
> git symbolic-ref --short HEAD
> git rev-parse deploy_prod
> git rev-parse --symbolic-full-name deploy_prod@{u}
> git rev-list --left-right deploy_prod...refs/remotes/origin/deploy_prod
> git for-each-ref --format %(refname) %(objectname) --sort -committerdate
> git remote --verbose
> git status -z -u
> git symbolic-ref --short HEAD
> git rev-parse deploy_prod
> git rev-parse --symbolic-full-name deploy_prod@{u}
> git rev-list --left-right deploy_prod...refs/remotes/origin/deploy_prod
> git for-each-ref --format %(refname) %(objectname) --sort -committerdate
> git remote --verbose
> git show :shared_features/cdn.js
> git show :APP_ADMIN/controllers/clearScript.js
> git ls-files --stage -- APP_ADMIN/controllers/
> git show :shared_features/cdn.js
> git status -z -u
> git symbolic-ref --short HEAD
> git rev-parse deploy_prod
> git rev-parse --symbolic-full-name deploy_prod@{u}
> git rev-list --left-right deploy_prod...refs/remotes/origin/deploy_prod
> git for-each-ref --format %(refname) %(objectname) --sort -committerdate
> git remote --verbose
> git show :APP_ADMIN/controllers/clearScript.js
> git ls-files --stage -- APP_ADMIN/controllers/
> git show :shared_features/cdn.js
> git show :APP_ADMIN/controllers/clearScript.js
> git ls-files --stage -- APP_ADMIN/controllers/
> git status -z -u
> git symbolic-ref --short HEAD
> git rev-parse deploy_prod
> git rev-parse --symbolic-full-name deploy_prod@{u}
> git rev-list --left-right deploy_prod...refs/remotes/origin/deploy_prod
> git for-each-ref --format %(refname) %(objectname) --sort -committerdate
> git remote --verbose
> git show :shared_features/cdn.js
> git status -z -u
> git symbolic-ref --short HEAD
> git rev-parse deploy_prod
> git rev-parse --symbolic-full-name deploy_prod@{u}
> git rev-list --left-right deploy_prod...refs/remotes/origin/deploy_prod
> git for-each-ref --format %(refname) %(objectname) --sort -committerdate
> git remote --verbose
> git status -z -u
> git symbolic-ref --short HEAD
> git rev-parse deploy_prod
> git rev-parse --symbolic-full-name deploy_prod@{u}
> git rev-list --left-right deploy_prod...refs/remotes/origin/deploy_prod
> git for-each-ref --format %(refname) %(objectname) --sort -committerdate
> git remote --verbose
> git status -z -u
> git symbolic-ref --short HEAD
> git rev-parse deploy_prod
> git rev-parse --symbolic-full-name deploy_prod@{u}
> git rev-list --left-right deploy_prod...refs/remotes/origin/deploy_prod
> git for-each-ref --format %(refname) %(objectname) --sort -committerdate
> git remote --verbose
> git status -z -u
> git symbolic-ref --short HEAD
> git rev-parse deploy_prod
> git rev-parse --symbolic-full-name deploy_prod@{u}
> git rev-list --left-right deploy_prod...refs/remotes/origin/deploy_prod
> git for-each-ref --format %(refname) %(objectname) --sort -committerdate
> git remote --verbose
> git show :APP_ADMIN/controllers/clearScript.js
> git ls-files --stage -- APP_ADMIN/controllers/
> git status -z -u
> git symbolic-ref --short HEAD
> git rev-parse deploy_prod
> git rev-parse --symbolic-full-name deploy_prod@{u}
> git rev-list --left-right deploy_prod...refs/remotes/origin/deploy_prod
> git for-each-ref --format %(refname) %(objectname) --sort -committerdate
> git remote --verbose
> git show :shared_features/cdn.js
> git status -z -u
> git symbolic-ref --short HEAD
> git rev-parse deploy_prod
> git rev-parse --symbolic-full-name deploy_prod@{u}
> git rev-list --left-right deploy_prod...refs/remotes/origin/deploy_prod
> git for-each-ref --format %(refname) %(objectname) --sort -committerdate
> git remote --verbose
> git status -z -u
> git symbolic-ref --short HEAD
> git rev-parse deploy_prod
> git rev-parse --symbolic-full-name deploy_prod@{u}
> git rev-list --left-right deploy_prod...refs/remotes/origin/deploy_prod
> git for-each-ref --format %(refname) %(objectname) --sort -committerdate
> git remote --verbose
> git show :APP_ADMIN/controllers/clearScript.js
> git ls-files --stage -- APP_ADMIN/controllers/
> git status -z -u
> git symbolic-ref --short HEAD
> git rev-parse deploy_prod
> git rev-parse --symbolic-full-name deploy_prod@{u}
> git rev-list --left-right deploy_prod...refs/remotes/origin/deploy_prod
> git for-each-ref --format %(refname) %(objectname) --sort -committerdate
> git remote --verbose
> git status -z -u
> git symbolic-ref --short HEAD
> git rev-parse deploy_prod
> git rev-parse --symbolic-full-name deploy_prod@{u}
> git rev-list --left-right deploy_prod...refs/remotes/origin/deploy_prod
> git for-each-ref --format %(refname) %(objectname) --sort -committerdate
> git remote --verbose
> git show :shared_features/cdn.js
> git status -z -u
> git symbolic-ref --short HEAD
> git rev-parse deploy_prod
> git rev-parse --symbolic-full-name deploy_prod@{u}
> git rev-list --left-right deploy_prod...refs/remotes/origin/deploy_prod
> git for-each-ref --format %(refname) %(objectname) --sort -committerdate
> git remote --verbose
> git status -z -u
> git symbolic-ref --short HEAD
> git rev-parse deploy_prod
> git rev-parse --symbolic-full-name deploy_prod@{u}
> git rev-list --left-right deploy_prod...refs/remotes/origin/deploy_prod
> git for-each-ref --format %(refname) %(objectname) --sort -committerdate
> git remote --verbose
> git status -z -u
> git symbolic-ref --short HEAD
> git rev-parse deploy_prod
> git rev-parse --symbolic-full-name deploy_prod@{u}
> git rev-list --left-right deploy_prod...refs/remotes/origin/deploy_prod
> git for-each-ref --format %(refname) %(objectname) --sort -committerdate
> git remote --verbose
> git show :APP_ADMIN/controllers/clearScript.js
> git ls-files --stage -- APP_ADMIN/controllers/
> git show :APP_ADMIN/app.js
> git show :shared_features/cdn.js
> git show :APP_ADMIN/controllers/clearScript.js
> git ls-files --stage -- APP_ADMIN/controllers/
> git status -z -u
> git symbolic-ref --short HEAD
> git rev-parse deploy_prod
> git rev-parse --symbolic-full-name deploy_prod@{u}
> git rev-list --left-right deploy_prod...refs/remotes/origin/deploy_prod
> git for-each-ref --format %(refname) %(objectname) --sort -committerdate
> git remote --verbose
> git status -z -u
> git symbolic-ref --short HEAD
> git rev-parse deploy_prod
> git rev-parse --symbolic-full-name deploy_prod@{u}
> git rev-list --left-right deploy_prod...refs/remotes/origin/deploy_prod
> git for-each-ref --format %(refname) %(objectname) --sort -committerdate
> git remote --verbose
> git status -z -u
> git symbolic-ref --short HEAD
> git rev-parse deploy_prod
> git rev-parse --symbolic-full-name deploy_prod@{u}
> git rev-list --left-right deploy_prod...refs/remotes/origin/deploy_prod
> git for-each-ref --format %(refname) %(objectname) --sort -committerdate
> git remote --verbose
> git show :APP_SCRIPT/controllers/fill_template_route.js
> git status -z -u
> git symbolic-ref --short HEAD
> git rev-parse deploy_prod
> git rev-parse --symbolic-full-name deploy_prod@{u}
> git rev-list --left-right deploy_prod...refs/remotes/origin/deploy_prod
> git for-each-ref --format %(refname) %(objectname) --sort -committerdate
> git remote --verbose
> git status -z -u
> git symbolic-ref --short HEAD
> git rev-parse deploy_prod
> git rev-parse --symbolic-full-name deploy_prod@{u}
> git rev-list --left-right deploy_prod...refs/remotes/origin/deploy_prod
> git for-each-ref --format %(refname) %(objectname) --sort -committerdate
> git remote --verbose
> git status -z -u
> git symbolic-ref --short HEAD
> git rev-parse deploy_prod
> git rev-parse --symbolic-full-name deploy_prod@{u}
> git rev-list --left-right deploy_prod...refs/remotes/origin/deploy_prod
> git for-each-ref --format %(refname) %(objectname) --sort -committerdate
> git remote --verbose
> git status -z -u
> git symbolic-ref --short HEAD
> git rev-parse deploy_prod
> git rev-parse --symbolic-full-name deploy_prod@{u}
> git rev-list --left-right deploy_prod...refs/remotes/origin/deploy_prod
> git for-each-ref --format %(refname) %(objectname) --sort -committerdate
> git remote --verbose
> git status -z -u
> git symbolic-ref --short HEAD
> git rev-parse deploy_prod
> git rev-parse --symbolic-full-name deploy_prod@{u}
> git rev-list --left-right deploy_prod...refs/remotes/origin/deploy_prod
> git for-each-ref --format %(refname) %(objectname) --sort -committerdate
> git remote --verbose
> git status -z -u
> git symbolic-ref --short HEAD
> git rev-parse deploy_prod
> git rev-parse --symbolic-full-name deploy_prod@{u}
> git rev-list --left-right deploy_prod...refs/remotes/origin/deploy_prod
> git for-each-ref --format %(refname) %(objectname) --sort -committerdate
> git remote --verbose
> git status -z -u
> git symbolic-ref --short HEAD
> git rev-parse deploy_prod
> git rev-parse --symbolic-full-name deploy_prod@{u}
> git rev-list --left-right deploy_prod...refs/remotes/origin/deploy_prod
> git for-each-ref --format %(refname) %(objectname) --sort -committerdate
> git remote --verbose
> git check-ignore -z --stdin
> git ls-tree -l HEAD -- /home/alex/Projects/optionizr_main/APP_ADMIN/app.js
> git show 75c63131e2223b560b10c179c8b6863883877279
> git show HEAD:APP_ADMIN/app.js
> git show :APP_ADMIN/controllers/clearScript.js
> git ls-files --stage -- APP_ADMIN/controllers/
> git ls-tree -l HEAD -- /home/alex/Projects/optionizr_main/APP_ADMIN/views/details/details.ejs
> git show 3ad32ceba8f89b3015c9201cdd37565445f0e18c
> git show HEAD:APP_ADMIN/views/details/details.ejs
> git ls-tree -l HEAD -- /home/alex/Projects/optionizr_main/APP_SCRIPT/controllers/fill_template_route.js
> git show 3089132e2dc29376204f7d32f11c0c40ba0e0d93
> git show HEAD:APP_SCRIPT/controllers/fill_template_route.js
> git ls-tree -l HEAD -- /home/alex/Projects/optionizr_main/shared_features/cdn.js
> git show 2bb033cb94ca33cd87c7eabaf900f31503bf0fae
> git show HEAD:shared_features/cdn.js
> git show :APP_ADMIN/controllers/clearScript.js
> git ls-files --stage -- APP_ADMIN/controllers/
> git show :APP_ADMIN/controllers/clearScript.js
> git status -z -u
> git ls-files --stage -- APP_ADMIN/controllers/
> git symbolic-ref --short HEAD
> git rev-parse deploy_prod
> git rev-parse --symbolic-full-name deploy_prod@{u}
> git rev-list --left-right deploy_prod...refs/remotes/origin/deploy_prod
> git for-each-ref --format %(refname) %(objectname) --sort -committerdate
> git remote --verbose
> git show :APP_ADMIN/controllers/clearScript.js
> git status -z -u
> git symbolic-ref --short HEAD
> git rev-parse AM_29_03_ClearScript
> git rev-parse --symbolic-full-name AM_29_03_ClearScript@{u}
fatal: no upstream configured for branch 'AM_29_03_ClearScript'
> git for-each-ref --format %(refname) %(objectname) --sort -committerdate
> git remote --verbose
> git config --local -l
> git status -z -u
> git symbolic-ref --short HEAD
> git rev-parse AM_29_03_ClearScript
> git rev-parse --symbolic-full-name AM_29_03_ClearScript@{u}
fatal: no upstream configured for branch 'AM_29_03_ClearScript'
> git for-each-ref --format %(refname) %(objectname) --sort -committerdate
> git remote --verbose
> git config --local branch.AM_29_03_ClearScript.github-pr-owner-number
> git show :APP_ADMIN/controllers/clearScript.js
> git status -z -u
> git symbolic-ref --short HEAD
> git rev-parse AM_29_03_ClearScript
> git rev-parse --symbolic-full-name AM_29_03_ClearScript@{u}
fatal: no upstream configured for branch 'AM_29_03_ClearScript'
> git for-each-ref --format %(refname) %(objectname) --sort -committerdate
> git remote --verbose
> git status -z -u
> git symbolic-ref --short HEAD
> git rev-parse AM_29_03_ClearScript
> git rev-parse --symbolic-full-name AM_29_03_ClearScript@{u}
fatal: no upstream configured for branch 'AM_29_03_ClearScript'
> git for-each-ref --format %(refname) %(objectname) --sort -committerdate
> git remote --verbose
> git show :shared_features/cdn.js
> git show :APP_ADMIN/controllers/clearScript.js
> git show :shared_features/cdn.js
> git show :shared_features/cdn.js
> git status -z -u
