[2019-04-15 11:55:18.223] [sharedprocess] [info] main {"machineId":"0fbda7ce6ef26c3850e56c6db10cececd72c40fded58aa690a29dd2a69f5ee09"}
[2019-04-15 11:55:18.604] [sharedprocess] [info] Scanned user extensions: 21
[2019-04-15 11:55:18.740] [sharedprocess] [info] Scanned system extensions: 72
[2019-04-15 11:55:18.822] [sharedprocess] [info] Deleted from disk digitalbrainstem.javascript-ejs-support /home/alex/.vscode/extensions/digitalbrainstem.javascript-ejs-support-0.4.4
[2019-04-15 11:55:18.992] [sharedprocess] [info] Scanned user extensions: 21
[2019-04-15 11:55:19.057] [sharedprocess] [info] Deleted from disk wix.glean /home/alex/.vscode/extensions/wix.glean-4.10.1
[2019-04-15 11:55:19.064] [sharedprocess] [info] Deleted from disk ms-python.python /home/alex/.vscode/extensions/ms-python.python-2019.3.6352
[2019-04-15 11:55:19.075] [sharedprocess] [info] Scanned system extensions: 72
[2019-04-15 11:55:19.094] [sharedprocess] [info] Scanned user extensions: 21
[2019-04-15 11:55:58.242] [sharedprocess] [info] Starting to clean up unused language packs.
[2019-04-15 12:00:19.265] [sharedprocess] [info] Scanned user extensions: 21
[2019-04-15 12:05:19.379] [sharedprocess] [info] Scanned user extensions: 21
[2019-04-15 12:10:19.462] [sharedprocess] [info] Scanned user extensions: 21
[2019-04-15 12:15:19.564] [sharedprocess] [info] Scanned user extensions: 21
[2019-04-15 12:20:19.645] [sharedprocess] [info] Scanned user extensions: 21
[2019-04-15 12:25:19.710] [sharedprocess] [info] Scanned user extensions: 21
[2019-04-15 12:30:19.774] [sharedprocess] [info] Scanned user extensions: 21
[2019-04-15 12:35:19.860] [sharedprocess] [info] Scanned user extensions: 21
[2019-04-15 12:40:19.911] [sharedprocess] [info] Scanned user extensions: 21
[2019-04-15 12:45:19.963] [sharedprocess] [info] Scanned user extensions: 21
[2019-04-15 12:50:20.026] [sharedprocess] [info] Scanned user extensions: 21
[2019-04-15 12:55:20.189] [sharedprocess] [info] Scanned user extensions: 21
[2019-04-15 13:00:20.311] [sharedprocess] [info] Scanned user extensions: 21
[2019-04-15 13:05:20.352] [sharedprocess] [info] Scanned user extensions: 21
[2019-04-15 13:10:20.461] [sharedprocess] [info] Scanned user extensions: 21
[2019-04-15 13:15:20.531] [sharedprocess] [info] Scanned user extensions: 21
[2019-04-15 13:20:20.593] [sharedprocess] [info] Scanned user extensions: 21
[2019-04-15 13:25:20.659] [sharedprocess] [info] Scanned user extensions: 21
[2019-04-15 13:30:20.722] [sharedprocess] [info] Scanned user extensions: 21
[2019-04-15 13:35:20.789] [sharedprocess] [info] Scanned user extensions: 21
[2019-04-15 13:40:20.857] [sharedprocess] [info] Scanned user extensions: 21
[2019-04-15 13:45:20.920] [sharedprocess] [info] Scanned user extensions: 21
[2019-04-15 13:50:20.999] [sharedprocess] [info] Scanned user extensions: 21
[2019-04-15 13:55:21.142] [sharedprocess] [info] Scanned user extensions: 21
[2019-04-15 14:00:21.177] [sharedprocess] [info] Scanned user extensions: 21
[2019-04-15 14:05:21.261] [sharedprocess] [info] Scanned user extensions: 21
[2019-04-15 14:10:21.332] [sharedprocess] [info] Scanned user extensions: 21
[2019-04-15 14:15:21.408] [sharedprocess] [info] Scanned user extensions: 21
[2019-04-15 14:20:21.480] [sharedprocess] [info] Scanned user extensions: 21
[2019-04-15 14:25:21.543] [sharedprocess] [info] Scanned user extensions: 21
[2019-04-15 14:30:21.622] [sharedprocess] [info] Scanned user extensions: 21
[2019-04-15 14:35:21.670] [sharedprocess] [info] Scanned user extensions: 21
[2019-04-15 14:40:21.721] [sharedprocess] [info] Scanned user extensions: 21
[2019-04-15 14:45:21.762] [sharedprocess] [info] Scanned user extensions: 21
[2019-04-15 14:50:21.788] [sharedprocess] [info] Scanned user extensions: 21
[2019-04-15 14:55:21.917] [sharedprocess] [info] Scanned user extensions: 21
[2019-04-15 15:00:21.988] [sharedprocess] [info] Scanned user extensions: 21
[2019-04-15 15:05:22.049] [sharedprocess] [info] Scanned user extensions: 21
[2019-04-15 15:10:22.124] [sharedprocess] [info] Scanned user extensions: 21
[2019-04-15 15:15:22.178] [sharedprocess] [info] Scanned user extensions: 21
[2019-04-15 15:20:22.216] [sharedprocess] [info] Scanned user extensions: 21
[2019-04-15 15:25:22.268] [sharedprocess] [info] Scanned user extensions: 21
[2019-04-15 15:30:22.299] [sharedprocess] [info] Scanned user extensions: 21
[2019-04-15 15:35:22.338] [sharedprocess] [info] Scanned user extensions: 21
[2019-04-15 15:40:22.377] [sharedprocess] [info] Scanned user extensions: 21
[2019-04-15 15:45:22.410] [sharedprocess] [info] Scanned user extensions: 21
[2019-04-15 15:50:22.474] [sharedprocess] [info] Scanned user extensions: 21
[2019-04-15 15:55:22.695] [sharedprocess] [info] Scanned user extensions: 21
[2019-04-15 16:00:22.768] [sharedprocess] [info] Scanned user extensions: 21
[2019-04-15 16:05:22.814] [sharedprocess] [info] Scanned user extensions: 21
[2019-04-15 16:10:22.879] [sharedprocess] [info] Scanned user extensions: 21
[2019-04-15 16:15:23.172] [sharedprocess] [info] Scanned user extensions: 21
[2019-04-15 16:19:20.656] [sharedprocess] [info] Scanned user extensions: 21
[2019-04-15 16:20:23.284] [sharedprocess] [info] Scanned user extensions: 21
[2019-04-15 16:25:23.374] [sharedprocess] [info] Scanned user extensions: 21
[2019-04-15 16:30:23.426] [sharedprocess] [info] Scanned user extensions: 21
[2019-04-15 16:35:23.546] [sharedprocess] [info] Scanned user extensions: 21
[2019-04-15 16:40:23.631] [sharedprocess] [info] Scanned user extensions: 21
[2019-04-15 16:45:23.722] [sharedprocess] [info] Scanned user extensions: 21
[2019-04-15 16:50:23.795] [sharedprocess] [info] Scanned user extensions: 21
[2019-04-15 16:55:23.941] [sharedprocess] [info] Scanned user extensions: 21
[2019-04-15 17:00:24.010] [sharedprocess] [info] Scanned user extensions: 21
[2019-04-15 17:05:24.091] [sharedprocess] [info] Scanned user extensions: 21
[2019-04-15 17:10:24.163] [sharedprocess] [info] Scanned user extensions: 21
[2019-04-15 17:15:24.253] [sharedprocess] [info] Scanned user extensions: 21
[2019-04-15 17:20:24.326] [sharedprocess] [info] Scanned user extensions: 21
[2019-04-15 17:25:24.348] [sharedprocess] [info] Scanned user extensions: 21
[2019-04-15 17:30:24.368] [sharedprocess] [info] Scanned user extensions: 21
[2019-04-15 17:35:24.400] [sharedprocess] [info] Scanned user extensions: 21
[2019-04-15 17:40:24.454] [sharedprocess] [info] Scanned user extensions: 21
[2019-04-15 17:45:24.512] [sharedprocess] [info] Scanned user extensions: 21
[2019-04-15 17:50:24.591] [sharedprocess] [info] Scanned user extensions: 21
[2019-04-15 17:55:24.721] [sharedprocess] [info] Scanned user extensions: 21
[2019-04-15 18:00:24.816] [sharedprocess] [info] Scanned user extensions: 21
[2019-04-15 18:05:24.887] [sharedprocess] [info] Scanned user extensions: 21
[2019-04-15 18:10:24.964] [sharedprocess] [info] Scanned user extensions: 21
[2019-04-15 18:15:25.081] [sharedprocess] [info] Scanned user extensions: 21
[2019-04-15 18:20:25.111] [sharedprocess] [info] Scanned user extensions: 21
[2019-04-15 18:25:25.134] [sharedprocess] [info] Scanned user extensions: 21
[2019-04-15 18:30:25.215] [sharedprocess] [info] Scanned user extensions: 21
[2019-04-15 18:35:25.353] [sharedprocess] [info] Scanned user extensions: 21
[2019-04-15 18:40:25.383] [sharedprocess] [info] Scanned user extensions: 21
[2019-04-15 18:45:25.449] [sharedprocess] [info] Scanned user extensions: 21
[2019-04-15 18:50:25.645] [sharedprocess] [info] Scanned user extensions: 21
[2019-04-15 18:55:25.837] [sharedprocess] [info] Scanned user extensions: 21
[2019-04-15 19:00:25.905] [sharedprocess] [info] Scanned user extensions: 21
[2019-04-15 19:05:25.995] [sharedprocess] [info] Scanned user extensions: 21
[2019-04-15 19:10:26.068] [sharedprocess] [info] Scanned user extensions: 21
[2019-04-15 19:15:26.121] [sharedprocess] [info] Scanned user extensions: 21
[2019-04-15 19:20:26.184] [sharedprocess] [info] Scanned user extensions: 21
[2019-04-15 19:25:26.241] [sharedprocess] [info] Scanned user extensions: 21
[2019-04-15 19:30:26.258] [sharedprocess] [info] Scanned user extensions: 21
[2019-04-15 19:35:26.275] [sharedprocess] [info] Scanned user extensions: 21
[2019-04-15 19:40:26.297] [sharedprocess] [info] Scanned user extensions: 21
[2019-04-15 19:45:26.330] [sharedprocess] [info] Scanned user extensions: 21
[2019-04-15 20:25:55.379] [sharedprocess] [info] Scanned user extensions: 21
[2019-04-15 20:30:55.412] [sharedprocess] [info] Scanned user extensions: 21
[2019-04-15 20:35:55.472] [sharedprocess] [info] Scanned user extensions: 21
[2019-04-16 10:04:00.866] [sharedprocess] [info] Scanned user extensions: 21
[2019-04-16 10:09:00.902] [sharedprocess] [info] Scanned user extensions: 21
[2019-04-16 10:14:00.947] [sharedprocess] [info] Scanned user extensions: 21
[2019-04-16 10:19:00.992] [sharedprocess] [info] Scanned user extensions: 21
[2019-04-16 10:24:01.035] [sharedprocess] [info] Scanned user extensions: 21
[2019-04-16 10:29:01.085] [sharedprocess] [info] Scanned user extensions: 21
[2019-04-16 10:34:01.143] [sharedprocess] [info] Scanned user extensions: 21
[2019-04-16 10:39:01.186] [sharedprocess] [info] Scanned user extensions: 21
[2019-04-16 10:44:01.237] [sharedprocess] [info] Scanned user extensions: 21
[2019-04-16 10:49:01.292] [sharedprocess] [info] Scanned user extensions: 21
[2019-04-16 10:54:01.342] [sharedprocess] [info] Scanned user extensions: 21
[2019-04-16 10:59:01.397] [sharedprocess] [info] Scanned user extensions: 21
[2019-04-16 11:04:01.665] [sharedprocess] [info] Scanned user extensions: 21
[2019-04-16 11:09:01.705] [sharedprocess] [info] Scanned user extensions: 21
[2019-04-16 11:14:01.735] [sharedprocess] [info] Scanned user extensions: 21
[2019-04-16 11:19:01.766] [sharedprocess] [info] Scanned user extensions: 21
[2019-04-16 11:24:01.794] [sharedprocess] [info] Scanned user extensions: 21
[2019-04-16 11:29:01.843] [sharedprocess] [info] Scanned user extensions: 21
[2019-04-16 11:34:01.889] [sharedprocess] [info] Scanned user extensions: 21
[2019-04-16 11:39:01.938] [sharedprocess] [info] Scanned user extensions: 21
[2019-04-16 11:44:01.967] [sharedprocess] [info] Scanned user extensions: 21
[2019-04-16 11:49:02.012] [sharedprocess] [info] Scanned user extensions: 21
[2019-04-16 11:54:02.057] [sharedprocess] [info] Scanned user extensions: 21
[2019-04-16 11:59:02.106] [sharedprocess] [info] Scanned user extensions: 21
[2019-04-16 12:04:02.231] [sharedprocess] [info] Scanned user extensions: 21
[2019-04-16 12:09:02.278] [sharedprocess] [info] Scanned user extensions: 21
[2019-04-16 12:14:02.368] [sharedprocess] [info] Scanned user extensions: 21
[2019-04-16 12:19:02.421] [sharedprocess] [info] Scanned user extensions: 21
[2019-04-16 12:24:02.467] [sharedprocess] [info] Scanned user extensions: 21
[2019-04-16 12:29:02.517] [sharedprocess] [info] Scanned user extensions: 21
[2019-04-16 12:34:02.560] [sharedprocess] [info] Scanned user extensions: 21
[2019-04-16 12:39:02.579] [sharedprocess] [info] Scanned user extensions: 21
[2019-04-16 12:44:02.600] [sharedprocess] [info] Scanned user extensions: 21
[2019-04-16 12:49:02.644] [sharedprocess] [info] Scanned user extensions: 21
[2019-04-16 12:54:02.663] [sharedprocess] [info] Scanned user extensions: 21
[2019-04-16 12:59:02.682] [sharedprocess] [info] Scanned user extensions: 21
[2019-04-16 13:04:02.766] [sharedprocess] [info] Scanned user extensions: 21
[2019-04-16 13:09:02.787] [sharedprocess] [info] Scanned user extensions: 21
[2019-04-16 13:14:02.829] [sharedprocess] [info] Scanned user extensions: 21
[2019-04-16 13:19:02.851] [sharedprocess] [info] Scanned user extensions: 21
[2019-04-16 13:24:02.873] [sharedprocess] [info] Scanned user extensions: 21
[2019-04-16 13:29:02.922] [sharedprocess] [info] Scanned user extensions: 21
[2019-04-16 13:34:02.944] [sharedprocess] [info] Scanned user extensions: 21
[2019-04-16 13:39:02.969] [sharedprocess] [info] Scanned user extensions: 21
[2019-04-16 13:44:02.991] [sharedprocess] [info] Scanned user extensions: 21
[2019-04-16 13:49:03.016] [sharedprocess] [info] Scanned user extensions: 21
[2019-04-16 13:54:03.041] [sharedprocess] [info] Scanned user extensions: 21
[2019-04-16 13:59:03.062] [sharedprocess] [info] Scanned user extensions: 21
[2019-04-16 14:04:03.156] [sharedprocess] [info] Scanned user extensions: 21
[2019-04-16 14:09:03.199] [sharedprocess] [info] Scanned user extensions: 21
[2019-04-16 14:14:03.245] [sharedprocess] [info] Scanned user extensions: 21
[2019-04-16 14:19:03.269] [sharedprocess] [info] Scanned user extensions: 21
[2019-04-16 14:24:03.312] [sharedprocess] [info] Scanned user extensions: 21
[2019-04-16 14:29:03.334] [sharedprocess] [info] Scanned user extensions: 21
[2019-04-16 14:34:03.356] [sharedprocess] [info] Scanned user extensions: 21
[2019-04-16 14:39:03.387] [sharedprocess] [info] Scanned user extensions: 21
[2019-04-16 14:44:03.426] [sharedprocess] [info] Scanned user extensions: 21
[2019-04-16 14:49:03.460] [sharedprocess] [info] Scanned user extensions: 21
[2019-04-16 14:54:03.507] [sharedprocess] [info] Scanned user extensions: 21
[2019-04-16 14:59:03.526] [sharedprocess] [info] Scanned user extensions: 21
[2019-04-16 15:04:03.630] [sharedprocess] [info] Scanned user extensions: 21
[2019-04-16 15:09:03.661] [sharedprocess] [info] Scanned user extensions: 21
[2019-04-16 15:14:03.701] [sharedprocess] [info] Scanned user extensions: 21
[2019-04-16 15:19:03.745] [sharedprocess] [info] Scanned user extensions: 21
[2019-04-16 15:24:03.834] [sharedprocess] [info] Scanned user extensions: 21
[2019-04-16 15:29:03.904] [sharedprocess] [info] Scanned user extensions: 21
[2019-04-16 15:34:03.925] [sharedprocess] [info] Scanned user extensions: 21
[2019-04-16 15:39:03.946] [sharedprocess] [info] Scanned user extensions: 21
[2019-04-16 15:44:03.990] [sharedprocess] [info] Scanned user extensions: 21
[2019-04-16 15:49:04.037] [sharedprocess] [info] Scanned user extensions: 21
[2019-04-16 15:54:04.096] [sharedprocess] [info] Scanned user extensions: 21
[2019-04-16 15:59:04.118] [sharedprocess] [info] Scanned user extensions: 21
[2019-04-16 16:04:04.215] [sharedprocess] [info] Scanned user extensions: 21
[2019-04-16 16:09:04.259] [sharedprocess] [info] Scanned user extensions: 21
[2019-04-16 16:14:04.279] [sharedprocess] [info] Scanned user extensions: 21
[2019-04-16 16:19:04.296] [sharedprocess] [info] Scanned user extensions: 21
[2019-04-16 16:24:04.315] [sharedprocess] [info] Scanned user extensions: 21
[2019-04-16 16:29:04.335] [sharedprocess] [info] Scanned user extensions: 21
[2019-04-16 16:34:04.353] [sharedprocess] [info] Scanned user extensions: 21
[2019-04-16 16:39:04.396] [sharedprocess] [info] Scanned user extensions: 21
[2019-04-16 16:44:04.427] [sharedprocess] [info] Scanned user extensions: 21
[2019-04-16 16:49:04.465] [sharedprocess] [info] Scanned user extensions: 21
[2019-04-16 16:54:04.514] [sharedprocess] [info] Scanned user extensions: 21
[2019-04-16 16:59:04.538] [sharedprocess] [info] Scanned user extensions: 21
[2019-04-16 17:04:04.624] [sharedprocess] [info] Scanned user extensions: 21
[2019-04-16 17:09:04.644] [sharedprocess] [info] Scanned user extensions: 21
[2019-04-16 17:14:04.681] [sharedprocess] [info] Scanned user extensions: 21
[2019-04-16 17:19:04.704] [sharedprocess] [info] Scanned user extensions: 21
[2019-04-16 17:24:04.729] [sharedprocess] [info] Scanned user extensions: 21
[2019-04-16 17:29:04.775] [sharedprocess] [info] Scanned user extensions: 21
[2019-04-16 17:34:04.800] [sharedprocess] [info] Scanned user extensions: 21
[2019-04-16 17:39:04.829] [sharedprocess] [info] Scanned user extensions: 21
[2019-04-16 17:44:04.861] [sharedprocess] [info] Scanned user extensions: 21
[2019-04-16 17:49:04.911] [sharedprocess] [info] Scanned user extensions: 21
[2019-04-16 17:54:04.955] [sharedprocess] [info] Scanned user extensions: 21
[2019-04-16 17:59:04.990] [sharedprocess] [info] Scanned user extensions: 21
[2019-04-16 18:04:05.110] [sharedprocess] [info] Scanned user extensions: 21
[2019-04-16 18:09:05.135] [sharedprocess] [info] Scanned user extensions: 21
[2019-04-16 18:14:05.157] [sharedprocess] [info] Scanned user extensions: 21
[2019-04-16 18:19:05.187] [sharedprocess] [info] Scanned user extensions: 21
[2019-04-16 18:24:05.209] [sharedprocess] [info] Scanned user extensions: 21
[2019-04-16 18:29:05.228] [sharedprocess] [info] Scanned user extensions: 21
[2019-04-16 18:34:05.273] [sharedprocess] [info] Scanned user extensions: 21
[2019-04-16 18:39:05.302] [sharedprocess] [info] Scanned user extensions: 21
[2019-04-16 18:44:05.333] [sharedprocess] [info] Scanned user extensions: 21
[2019-04-16 18:49:05.380] [sharedprocess] [info] Scanned user extensions: 21
[2019-04-16 18:54:05.403] [sharedprocess] [info] Scanned user extensions: 21
[2019-04-16 18:59:05.439] [sharedprocess] [info] Scanned user extensions: 21
[2019-04-16 19:01:01.057] [sharedprocess] [info] Scanned user extensions: 21
[2019-04-16 19:01:01.082] [sharedprocess] [info] Scanned system extensions: 72
[2019-04-16 19:01:03.862] [sharedprocess] [info] Scanned user extensions: 21
[2019-04-16 19:06:03.966] [sharedprocess] [info] Scanned user extensions: 21
[2019-04-16 19:11:03.996] [sharedprocess] [info] Scanned user extensions: 21
[2019-04-16 19:16:04.020] [sharedprocess] [info] Scanned user extensions: 21
[2019-04-16 19:21:04.054] [sharedprocess] [info] Scanned user extensions: 21
[2019-04-16 19:26:04.077] [sharedprocess] [info] Scanned user extensions: 21
[2019-04-16 19:31:04.111] [sharedprocess] [info] Scanned user extensions: 21
[2019-04-17 09:53:22.400] [sharedprocess] [info] Scanned user extensions: 21
[2019-04-17 09:58:22.509] [sharedprocess] [info] Scanned user extensions: 21
[2019-04-17 10:03:22.598] [sharedprocess] [info] Scanned user extensions: 21
[2019-04-17 10:08:22.631] [sharedprocess] [info] Scanned user extensions: 21
[2019-04-17 10:13:22.700] [sharedprocess] [info] Scanned user extensions: 21
[2019-04-17 10:18:22.760] [sharedprocess] [info] Scanned user extensions: 21
[2019-04-17 10:23:22.848] [sharedprocess] [info] Scanned user extensions: 21
[2019-04-17 10:28:22.926] [sharedprocess] [info] Scanned user extensions: 21
[2019-04-17 10:33:22.986] [sharedprocess] [info] Scanned user extensions: 21
[2019-04-17 10:38:23.031] [sharedprocess] [info] Scanned user extensions: 21
[2019-04-17 10:43:23.131] [sharedprocess] [info] Scanned user extensions: 21
[2019-04-17 10:48:23.244] [sharedprocess] [info] Scanned user extensions: 21
[2019-04-17 10:53:23.472] [sharedprocess] [info] Scanned user extensions: 21
[2019-04-17 10:58:23.583] [sharedprocess] [info] Scanned user extensions: 21
[2019-04-17 11:03:23.657] [sharedprocess] [info] Scanned user extensions: 21
[2019-04-17 11:08:23.708] [sharedprocess] [info] Scanned user extensions: 21
[2019-04-17 11:13:23.771] [sharedprocess] [info] Scanned user extensions: 21
[2019-04-17 11:18:23.864] [sharedprocess] [info] Scanned user extensions: 21
[2019-04-17 11:23:23.938] [sharedprocess] [info] Scanned user extensions: 21
[2019-04-17 11:28:24.035] [sharedprocess] [info] Scanned user extensions: 21
[2019-04-17 11:33:24.097] [sharedprocess] [info] Scanned user extensions: 21
[2019-04-17 11:38:24.222] [sharedprocess] [info] Scanned user extensions: 21
[2019-04-17 11:43:24.258] [sharedprocess] [info] Scanned user extensions: 21
[2019-04-17 11:48:24.313] [sharedprocess] [info] Scanned user extensions: 21
[2019-04-17 11:53:24.452] [sharedprocess] [info] Scanned user extensions: 21
[2019-04-17 11:58:24.521] [sharedprocess] [info] Scanned user extensions: 21
[2019-04-17 12:03:24.576] [sharedprocess] [info] Scanned user extensions: 21
[2019-04-17 12:08:24.617] [sharedprocess] [info] Scanned user extensions: 21
[2019-04-17 12:13:24.677] [sharedprocess] [info] Scanned user extensions: 21
[2019-04-17 12:18:24.772] [sharedprocess] [info] Scanned user extensions: 21
[2019-04-17 12:23:24.831] [sharedprocess] [info] Scanned user extensions: 21
[2019-04-17 12:28:24.917] [sharedprocess] [info] Scanned user extensions: 21
[2019-04-17 12:33:25.004] [sharedprocess] [info] Scanned user extensions: 21
[2019-04-17 12:38:25.068] [sharedprocess] [info] Scanned user extensions: 21
[2019-04-17 12:43:25.129] [sharedprocess] [info] Scanned user extensions: 21
[2019-04-17 12:48:25.197] [sharedprocess] [info] Scanned user extensions: 21
[2019-04-17 12:53:25.340] [sharedprocess] [info] Scanned user extensions: 21
[2019-04-17 12:58:25.389] [sharedprocess] [info] Scanned user extensions: 21
[2019-04-17 13:03:25.424] [sharedprocess] [info] Scanned user extensions: 21
[2019-04-17 13:08:25.451] [sharedprocess] [info] Scanned user extensions: 21
[2019-04-17 13:13:25.478] [sharedprocess] [info] Scanned user extensions: 21
[2019-04-17 13:18:25.514] [sharedprocess] [info] Scanned user extensions: 21
[2019-04-17 13:23:25.540] [sharedprocess] [info] Scanned user extensions: 21
[2019-04-17 13:28:25.561] [sharedprocess] [info] Scanned user extensions: 21
[2019-04-17 13:33:25.631] [sharedprocess] [info] Scanned user extensions: 21
[2019-04-17 14:16:39.070] [sharedprocess] [info] Scanned user extensions: 21
[2019-04-17 14:21:39.091] [sharedprocess] [info] Scanned user extensions: 21
[2019-04-17 14:26:39.121] [sharedprocess] [info] Scanned user extensions: 21
[2019-04-17 14:31:39.148] [sharedprocess] [info] Scanned user extensions: 21
[2019-04-17 14:36:39.178] [sharedprocess] [info] Scanned user extensions: 21
[2019-04-17 14:41:39.202] [sharedprocess] [info] Scanned user extensions: 21
[2019-04-17 14:46:39.273] [sharedprocess] [info] Scanned user extensions: 21
[2019-04-17 14:51:39.293] [sharedprocess] [info] Scanned user extensions: 21
[2019-04-17 14:56:39.374] [sharedprocess] [info] Scanned user extensions: 21
[2019-04-17 15:01:39.398] [sharedprocess] [info] Scanned user extensions: 21
[2019-04-17 15:06:39.422] [sharedprocess] [info] Scanned user extensions: 21
[2019-04-17 15:11:39.448] [sharedprocess] [info] Scanned user extensions: 21
[2019-04-17 15:16:39.577] [sharedprocess] [info] Scanned user extensions: 21
[2019-04-17 15:21:39.602] [sharedprocess] [info] Scanned user extensions: 21
[2019-04-17 15:26:39.628] [sharedprocess] [info] Scanned user extensions: 21
[2019-04-17 15:31:39.674] [sharedprocess] [info] Scanned user extensions: 21
[2019-04-17 15:36:39.694] [sharedprocess] [info] Scanned user extensions: 21
[2019-04-17 15:41:39.714] [sharedprocess] [info] Scanned user extensions: 21
[2019-04-17 15:46:39.734] [sharedprocess] [info] Scanned user extensions: 21
[2019-04-17 15:51:39.751] [sharedprocess] [info] Scanned user extensions: 21
[2019-04-17 15:56:39.784] [sharedprocess] [info] Scanned user extensions: 21
[2019-04-17 16:01:39.822] [sharedprocess] [info] Scanned user extensions: 21
[2019-04-17 16:06:39.893] [sharedprocess] [info] Scanned user extensions: 21
[2019-04-17 16:11:39.910] [sharedprocess] [info] Scanned user extensions: 21
[2019-04-17 16:16:39.999] [sharedprocess] [info] Scanned user extensions: 21
[2019-04-17 16:21:40.021] [sharedprocess] [info] Scanned user extensions: 21
[2019-04-17 16:26:40.075] [sharedprocess] [info] Scanned user extensions: 21
[2019-04-17 16:31:40.102] [sharedprocess] [info] Scanned user extensions: 21
[2019-04-17 16:36:40.125] [sharedprocess] [info] Scanned user extensions: 21
[2019-04-17 16:41:40.147] [sharedprocess] [info] Scanned user extensions: 21
[2019-04-17 16:46:40.167] [sharedprocess] [info] Scanned user extensions: 21
[2019-04-17 16:51:40.183] [sharedprocess] [info] Scanned user extensions: 21
[2019-04-17 16:56:40.200] [sharedprocess] [info] Scanned user extensions: 21
[2019-04-17 17:01:40.222] [sharedprocess] [info] Scanned user extensions: 21
[2019-04-17 17:06:40.241] [sharedprocess] [info] Scanned user extensions: 21
[2019-04-17 17:11:40.259] [sharedprocess] [info] Scanned user extensions: 21
[2019-04-17 17:16:40.370] [sharedprocess] [info] Scanned user extensions: 21
[2019-04-17 17:21:40.387] [sharedprocess] [info] Scanned user extensions: 21
[2019-04-17 17:26:40.428] [sharedprocess] [info] Scanned user extensions: 21
[2019-04-17 17:31:40.446] [sharedprocess] [info] Scanned user extensions: 21
[2019-04-17 17:36:40.468] [sharedprocess] [info] Scanned user extensions: 21
[2019-04-17 17:41:40.491] [sharedprocess] [info] Scanned user extensions: 21
[2019-04-17 17:46:40.517] [sharedprocess] [info] Scanned user extensions: 21
[2019-04-17 17:51:40.566] [sharedprocess] [info] Scanned user extensions: 21
[2019-04-17 17:56:40.617] [sharedprocess] [info] Scanned user extensions: 21
[2019-04-17 18:01:40.664] [sharedprocess] [info] Scanned user extensions: 21
[2019-04-17 18:06:40.681] [sharedprocess] [info] Scanned user extensions: 21
[2019-04-17 18:11:40.729] [sharedprocess] [info] Scanned user extensions: 21
[2019-04-17 18:16:40.854] [sharedprocess] [info] Scanned user extensions: 21
[2019-04-17 18:21:40.874] [sharedprocess] [info] Scanned user extensions: 21
[2019-04-17 18:26:40.894] [sharedprocess] [info] Scanned user extensions: 21
[2019-04-17 18:31:40.961] [sharedprocess] [info] Scanned user extensions: 21
[2019-04-17 18:36:40.988] [sharedprocess] [info] Scanned user extensions: 21
[2019-04-17 18:41:41.016] [sharedprocess] [info] Scanned user extensions: 21
[2019-04-17 18:46:41.038] [sharedprocess] [info] Scanned user extensions: 21
[2019-04-17 18:51:41.064] [sharedprocess] [info] Scanned user extensions: 21
[2019-04-18 11:27:55.123] [sharedprocess] [info] Scanned user extensions: 21
[2019-04-18 11:32:55.143] [sharedprocess] [info] Scanned user extensions: 21
[2019-04-18 11:37:55.192] [sharedprocess] [info] Scanned user extensions: 21
[2019-04-18 11:42:55.242] [sharedprocess] [info] Scanned user extensions: 21
[2019-04-18 11:47:55.265] [sharedprocess] [info] Scanned user extensions: 21
[2019-04-18 11:52:55.312] [sharedprocess] [info] Scanned user extensions: 21
[2019-04-18 11:57:55.333] [sharedprocess] [info] Scanned user extensions: 21
[2019-04-18 12:02:55.377] [sharedprocess] [info] Scanned user extensions: 21
[2019-04-18 12:07:55.417] [sharedprocess] [info] Scanned user extensions: 21
[2019-04-18 12:12:55.463] [sharedprocess] [info] Scanned user extensions: 21
[2019-04-18 12:17:55.484] [sharedprocess] [info] Scanned user extensions: 21
[2019-04-18 12:22:55.536] [sharedprocess] [info] Scanned user extensions: 21
[2019-04-18 12:27:55.658] [sharedprocess] [info] Scanned user extensions: 21
[2019-04-18 12:32:55.682] [sharedprocess] [info] Scanned user extensions: 21
[2019-04-18 12:37:55.705] [sharedprocess] [info] Scanned user extensions: 21
[2019-04-18 12:42:55.764] [sharedprocess] [info] Scanned user extensions: 21
[2019-04-18 12:47:55.824] [sharedprocess] [info] Scanned user extensions: 21
[2019-04-18 12:52:55.841] [sharedprocess] [info] Scanned user extensions: 21
[2019-04-18 12:57:55.884] [sharedprocess] [info] Scanned user extensions: 21
[2019-04-18 13:02:55.901] [sharedprocess] [info] Scanned user extensions: 21
[2019-04-18 13:07:55.985] [sharedprocess] [info] Scanned user extensions: 21
[2019-04-18 13:12:56.027] [sharedprocess] [info] Scanned user extensions: 21
[2019-04-18 13:17:56.047] [sharedprocess] [info] Scanned user extensions: 21
[2019-04-18 13:22:56.116] [sharedprocess] [info] Scanned user extensions: 21
[2019-04-18 13:27:56.206] [sharedprocess] [info] Scanned user extensions: 21
[2019-04-18 13:32:56.227] [sharedprocess] [info] Scanned user extensions: 21
[2019-04-18 13:37:56.254] [sharedprocess] [info] Scanned user extensions: 21
[2019-04-18 13:42:56.277] [sharedprocess] [info] Scanned user extensions: 21
[2019-04-18 13:47:56.320] [sharedprocess] [info] Scanned user extensions: 21
[2019-04-18 13:52:56.340] [sharedprocess] [info] Scanned user extensions: 21
[2019-04-18 13:57:56.359] [sharedprocess] [info] Scanned user extensions: 21
[2019-04-18 14:02:56.404] [sharedprocess] [info] Scanned user extensions: 21
[2019-04-18 14:07:56.428] [sharedprocess] [info] Scanned user extensions: 21
[2019-04-18 14:12:56.454] [sharedprocess] [info] Scanned user extensions: 21
[2019-04-18 14:17:56.473] [sharedprocess] [info] Scanned user extensions: 21
[2019-04-18 14:22:56.498] [sharedprocess] [info] Scanned user extensions: 21
[2019-04-18 14:27:48.421] [sharedprocess] [info] Installing extension: dart-code.dart-code
[2019-04-18 14:27:48.422] [sharedprocess] [info] Installing extension: dart-code.flutter
[2019-04-18 14:27:48.450] [sharedprocess] [info] Scanned user extensions: 21
[2019-04-18 14:27:48.454] [sharedprocess] [info] Scanned user extensions: 21
[2019-04-18 14:27:48.872] [sharedprocess] [info] Downloaded extension: dart-code.flutter /tmp/1e7103a4-e5be-435d-a302-44a0865f1200
[2019-04-18 14:27:48.904] [sharedprocess] [info] Downloaded extension: dart-code.dart-code /tmp/a87ce8ab-7404-468b-a83b-1a4c3a0f39c3
[2019-04-18 14:27:48.934] [sharedprocess] [info] Extracted extension to /home/alex/.vscode/extensions/.dart-code.flutter-2.25.1: dart-code.flutter
[2019-04-18 14:27:48.935] [sharedprocess] [info] Renamed to /home/alex/.vscode/extensions/dart-code.flutter-2.25.1
[2019-04-18 14:27:48.936] [sharedprocess] [info] Installation completed. dart-code.flutter
[2019-04-18 14:27:48.995] [sharedprocess] [info] Scanned user extensions: 21
[2019-04-18 14:27:49.016] [sharedprocess] [info] Scanned system extensions: 72
[2019-04-18 14:27:49.017] [sharedprocess] [info] Extensions installed successfully: dart-code.flutter
[2019-04-18 14:27:49.519] [sharedprocess] [info] Extracted extension to /home/alex/.vscode/extensions/.dart-code.dart-code-2.25.1: dart-code.dart-code
[2019-04-18 14:27:49.519] [sharedprocess] [info] Renamed to /home/alex/.vscode/extensions/dart-code.dart-code-2.25.1
[2019-04-18 14:27:49.520] [sharedprocess] [info] Installation completed. dart-code.dart-code
[2019-04-18 14:27:49.526] [sharedprocess] [info] Extensions installed successfully: dart-code.dart-code
[2019-04-18 14:27:56.603] [sharedprocess] [info] Scanned user extensions: 21
[2019-04-18 14:32:56.625] [sharedprocess] [info] Scanned user extensions: 21
[2019-04-18 14:37:56.651] [sharedprocess] [info] Scanned user extensions: 21
[2019-04-18 14:42:56.674] [sharedprocess] [info] Scanned user extensions: 21
[2019-04-18 14:47:56.701] [sharedprocess] [info] Scanned user extensions: 21
[2019-04-18 14:52:56.724] [sharedprocess] [info] Scanned user extensions: 21
[2019-04-18 14:57:56.756] [sharedprocess] [info] Scanned user extensions: 21
[2019-04-18 15:02:56.788] [sharedprocess] [info] Scanned user extensions: 21
[2019-04-18 15:07:56.809] [sharedprocess] [info] Scanned user extensions: 21
[2019-04-18 15:12:56.831] [sharedprocess] [info] Scanned user extensions: 21
[2019-04-18 15:17:56.876] [sharedprocess] [info] Scanned user extensions: 21
[2019-04-18 15:22:56.918] [sharedprocess] [info] Scanned user extensions: 21
[2019-04-18 15:27:57.024] [sharedprocess] [info] Scanned user extensions: 21
[2019-04-18 15:32:57.048] [sharedprocess] [info] Scanned user extensions: 21
[2019-04-18 15:37:57.077] [sharedprocess] [info] Scanned user extensions: 21
[2019-04-18 15:42:57.099] [sharedprocess] [info] Scanned user extensions: 21
[2019-04-18 15:47:57.125] [sharedprocess] [info] Scanned user extensions: 21
[2019-04-18 15:52:57.151] [sharedprocess] [info] Scanned user extensions: 21
[2019-04-18 15:57:57.181] [sharedprocess] [info] Scanned user extensions: 21
[2019-04-18 16:02:57.211] [sharedprocess] [info] Scanned user extensions: 21
[2019-04-18 16:07:57.244] [sharedprocess] [info] Scanned user extensions: 21
[2019-04-18 16:12:57.268] [sharedprocess] [info] Scanned user extensions: 21
[2019-04-18 16:17:57.294] [sharedprocess] [info] Scanned user extensions: 21
[2019-04-18 16:22:57.339] [sharedprocess] [info] Scanned user extensions: 21
[2019-04-18 16:27:57.442] [sharedprocess] [info] Scanned user extensions: 21
[2019-04-18 16:32:57.465] [sharedprocess] [info] Scanned user extensions: 21
[2019-04-18 16:37:57.513] [sharedprocess] [info] Scanned user extensions: 21
[2019-04-18 16:42:57.541] [sharedprocess] [info] Scanned user extensions: 21
[2019-04-18 16:47:57.611] [sharedprocess] [info] Scanned user extensions: 21
[2019-04-18 16:52:57.634] [sharedprocess] [info] Scanned user extensions: 21
[2019-04-18 16:57:57.660] [sharedprocess] [info] Scanned user extensions: 21
[2019-04-18 17:02:57.682] [sharedprocess] [info] Scanned user extensions: 21
[2019-04-18 17:07:57.725] [sharedprocess] [info] Scanned user extensions: 21
[2019-04-18 17:12:57.779] [sharedprocess] [info] Scanned user extensions: 21
[2019-04-18 17:17:57.833] [sharedprocess] [info] Scanned user extensions: 21
[2019-04-18 17:22:57.879] [sharedprocess] [info] Scanned user extensions: 21
[2019-04-18 17:27:58.007] [sharedprocess] [info] Scanned user extensions: 21
[2019-04-18 17:32:58.055] [sharedprocess] [info] Scanned user extensions: 21
[2019-04-18 17:37:58.104] [sharedprocess] [info] Scanned user extensions: 21
[2019-04-18 17:42:58.131] [sharedprocess] [info] Scanned user extensions: 21
[2019-04-18 17:47:58.175] [sharedprocess] [info] Scanned user extensions: 21
[2019-04-18 17:52:58.232] [sharedprocess] [info] Scanned user extensions: 21
[2019-04-18 17:57:58.290] [sharedprocess] [info] Scanned user extensions: 21
[2019-04-18 18:02:58.314] [sharedprocess] [info] Scanned user extensions: 21
[2019-04-18 18:07:58.410] [sharedprocess] [info] Scanned user extensions: 21
[2019-04-18 18:12:58.490] [sharedprocess] [info] Scanned user extensions: 21
[2019-04-18 18:17:58.543] [sharedprocess] [info] Scanned user extensions: 21
[2019-04-18 18:22:58.596] [sharedprocess] [info] Scanned user extensions: 21
[2019-04-18 18:27:58.701] [sharedprocess] [info] Scanned user extensions: 21
[2019-04-18 18:32:58.744] [sharedprocess] [info] Scanned user extensions: 21
[2019-04-18 18:37:58.817] [sharedprocess] [info] Scanned user extensions: 21
[2019-04-18 18:42:58.990] [sharedprocess] [info] Scanned user extensions: 21
[2019-04-18 18:47:59.028] [sharedprocess] [info] Scanned user extensions: 21
[2019-04-18 18:52:59.066] [sharedprocess] [info] Scanned user extensions: 21
[2019-04-18 18:57:59.089] [sharedprocess] [info] Scanned user extensions: 21
[2019-04-18 19:02:59.112] [sharedprocess] [info] Scanned user extensions: 21
[2019-04-18 19:07:59.142] [sharedprocess] [info] Scanned user extensions: 21
[2019-04-18 19:12:59.189] [sharedprocess] [info] Scanned user extensions: 21
[2019-04-18 19:17:59.220] [sharedprocess] [info] Scanned user extensions: 21
[2019-04-18 19:22:59.598] [sharedprocess] [info] Scanned user extensions: 21
[2019-04-18 19:27:59.727] [sharedprocess] [info] Scanned user extensions: 21
[2019-04-18 19:32:59.770] [sharedprocess] [info] Scanned user extensions: 21
[2019-04-18 19:37:59.841] [sharedprocess] [info] Scanned user extensions: 21
[2019-04-18 19:42:59.944] [sharedprocess] [info] Scanned user extensions: 21
[2019-04-18 19:48:00.006] [sharedprocess] [info] Scanned user extensions: 21
[2019-04-18 19:53:00.054] [sharedprocess] [info] Scanned user extensions: 21
[2019-04-18 19:58:00.102] [sharedprocess] [info] Scanned user extensions: 21
[2019-04-18 20:03:00.123] [sharedprocess] [info] Scanned user extensions: 21
[2019-04-18 20:08:00.170] [sharedprocess] [info] Scanned user extensions: 21
[2019-04-18 20:13:00.217] [sharedprocess] [info] Scanned user extensions: 21
[2019-04-18 20:18:00.240] [sharedprocess] [info] Scanned user extensions: 21
[2019-04-18 20:23:00.289] [sharedprocess] [info] Scanned user extensions: 21
[2019-04-18 20:28:00.369] [sharedprocess] [info] Scanned user extensions: 21
[2019-04-18 20:33:00.418] [sharedprocess] [info] Scanned user extensions: 21
[2019-04-18 20:38:00.468] [sharedprocess] [info] Scanned user extensions: 21
[2019-04-18 20:43:00.493] [sharedprocess] [info] Scanned user extensions: 21
[2019-04-18 20:48:00.562] [sharedprocess] [info] Scanned user extensions: 21
[2019-04-18 20:53:00.607] [sharedprocess] [info] Scanned user extensions: 21
[2019-04-18 20:58:00.657] [sharedprocess] [info] Scanned user extensions: 21
[2019-04-18 21:03:00.677] [sharedprocess] [info] Scanned user extensions: 21
[2019-04-18 21:08:00.721] [sharedprocess] [info] Scanned user extensions: 21
[2019-04-18 21:13:00.752] [sharedprocess] [info] Scanned user extensions: 21
[2019-04-18 21:18:00.796] [sharedprocess] [info] Scanned user extensions: 21
[2019-04-18 21:23:00.841] [sharedprocess] [info] Scanned user extensions: 21
[2019-04-18 21:28:00.940] [sharedprocess] [info] Scanned user extensions: 21
[2019-04-18 21:33:00.959] [sharedprocess] [info] Scanned user extensions: 21
[2019-04-18 21:38:00.984] [sharedprocess] [info] Scanned user extensions: 21
[2019-04-18 21:43:01.004] [sharedprocess] [info] Scanned user extensions: 21
[2019-04-18 21:48:01.022] [sharedprocess] [info] Scanned user extensions: 21
[2019-04-18 21:53:01.044] [sharedprocess] [info] Scanned user extensions: 21
[2019-04-18 21:58:01.063] [sharedprocess] [info] Scanned user extensions: 21
[2019-04-18 22:03:01.082] [sharedprocess] [info] Scanned user extensions: 21
[2019-04-18 22:08:01.104] [sharedprocess] [info] Scanned user extensions: 21
[2019-04-19 06:40:14.609] [sharedprocess] [info] Scanned user extensions: 21
[2019-04-19 06:45:14.640] [sharedprocess] [info] Scanned user extensions: 21
[2019-04-19 06:50:14.685] [sharedprocess] [info] Scanned user extensions: 21
[2019-04-19 06:55:14.705] [sharedprocess] [info] Scanned user extensions: 21
[2019-04-19 07:00:14.723] [sharedprocess] [info] Scanned user extensions: 21
[2019-04-19 07:05:14.750] [sharedprocess] [info] Scanned user extensions: 21
[2019-04-19 07:10:14.786] [sharedprocess] [info] Scanned user extensions: 21
[2019-04-19 07:15:14.823] [sharedprocess] [info] Scanned user extensions: 21
[2019-04-19 07:20:14.848] [sharedprocess] [info] Scanned user extensions: 21
[2019-04-19 07:25:14.869] [sharedprocess] [info] Scanned user extensions: 21
[2019-04-19 07:30:14.890] [sharedprocess] [info] Scanned user extensions: 21
[2019-04-19 07:35:14.908] [sharedprocess] [info] Scanned user extensions: 21
[2019-04-19 07:40:15.009] [sharedprocess] [info] Scanned user extensions: 21
[2019-04-19 07:45:15.045] [sharedprocess] [info] Scanned user extensions: 21
[2019-04-19 07:50:15.082] [sharedprocess] [info] Scanned user extensions: 21
[2019-04-19 07:55:15.136] [sharedprocess] [info] Scanned user extensions: 21
[2019-04-19 08:00:15.175] [sharedprocess] [info] Scanned user extensions: 21
[2019-04-19 08:05:15.194] [sharedprocess] [info] Scanned user extensions: 21
[2019-04-19 08:10:15.215] [sharedprocess] [info] Scanned user extensions: 21
[2019-04-19 08:15:15.233] [sharedprocess] [info] Scanned user extensions: 21
[2019-04-19 08:20:15.253] [sharedprocess] [info] Scanned user extensions: 21
[2019-04-19 08:25:15.274] [sharedprocess] [info] Scanned user extensions: 21
[2019-04-19 08:30:15.297] [sharedprocess] [info] Scanned user extensions: 21
[2019-04-19 08:35:15.319] [sharedprocess] [info] Scanned user extensions: 21
[2019-04-19 08:40:15.413] [sharedprocess] [info] Scanned user extensions: 21
[2019-04-19 08:45:15.432] [sharedprocess] [info] Scanned user extensions: 21
[2019-04-19 08:50:15.477] [sharedprocess] [info] Scanned user extensions: 21
[2019-04-19 08:55:15.499] [sharedprocess] [info] Scanned user extensions: 21
[2019-04-19 09:00:15.520] [sharedprocess] [info] Scanned user extensions: 21
[2019-04-19 09:05:15.551] [sharedprocess] [info] Scanned user extensions: 21
[2019-04-19 09:10:15.579] [sharedprocess] [info] Scanned user extensions: 21
[2019-04-19 09:15:15.601] [sharedprocess] [info] Scanned user extensions: 21
[2019-04-19 09:20:15.623] [sharedprocess] [info] Scanned user extensions: 21
[2019-04-19 09:25:15.646] [sharedprocess] [info] Scanned user extensions: 21
[2019-04-19 09:30:15.671] [sharedprocess] [info] Scanned user extensions: 21
[2019-04-19 09:35:15.695] [sharedprocess] [info] Scanned user extensions: 21
[2019-04-19 09:40:15.801] [sharedprocess] [info] Scanned user extensions: 21
[2019-04-19 09:45:15.834] [sharedprocess] [info] Scanned user extensions: 21
[2019-04-19 09:50:15.859] [sharedprocess] [info] Scanned user extensions: 21
[2019-04-19 09:55:15.883] [sharedprocess] [info] Scanned user extensions: 21
[2019-04-19 10:00:15.902] [sharedprocess] [info] Scanned user extensions: 21
[2019-04-19 10:05:15.924] [sharedprocess] [info] Scanned user extensions: 21
[2019-04-19 10:10:15.950] [sharedprocess] [info] Scanned user extensions: 21
[2019-04-19 10:15:15.978] [sharedprocess] [info] Scanned user extensions: 21
[2019-04-19 10:20:15.999] [sharedprocess] [info] Scanned user extensions: 21
[2019-04-19 10:25:16.018] [sharedprocess] [info] Scanned user extensions: 21
[2019-04-19 10:30:16.043] [sharedprocess] [info] Scanned user extensions: 21
[2019-04-19 10:35:16.073] [sharedprocess] [info] Scanned user extensions: 21
[2019-04-19 10:40:16.179] [sharedprocess] [info] Scanned user extensions: 21
[2019-04-19 10:45:16.208] [sharedprocess] [info] Scanned user extensions: 21
[2019-04-19 10:50:16.238] [sharedprocess] [info] Scanned user extensions: 21
[2019-04-19 10:55:16.275] [sharedprocess] [info] Scanned user extensions: 21
[2019-04-19 11:00:16.316] [sharedprocess] [info] Scanned user extensions: 21
[2019-04-19 11:05:16.338] [sharedprocess] [info] Scanned user extensions: 21
[2019-04-19 11:10:16.360] [sharedprocess] [info] Scanned user extensions: 21
[2019-04-19 11:15:16.385] [sharedprocess] [info] Scanned user extensions: 21
[2019-04-19 11:20:16.406] [sharedprocess] [info] Scanned user extensions: 21
[2019-04-19 11:25:16.428] [sharedprocess] [info] Scanned user extensions: 21
[2019-04-19 11:30:16.452] [sharedprocess] [info] Scanned user extensions: 21
[2019-04-19 11:35:16.473] [sharedprocess] [info] Scanned user extensions: 21
[2019-04-19 11:40:16.584] [sharedprocess] [info] Scanned user extensions: 21
[2019-04-19 11:45:16.606] [sharedprocess] [info] Scanned user extensions: 21
[2019-04-19 11:50:16.630] [sharedprocess] [info] Scanned user extensions: 21
[2019-04-19 11:55:16.677] [sharedprocess] [info] Scanned user extensions: 21
[2019-04-19 12:00:16.713] [sharedprocess] [info] Scanned user extensions: 21
[2019-04-19 12:05:16.800] [sharedprocess] [info] Scanned user extensions: 21
[2019-04-19 12:10:16.823] [sharedprocess] [info] Scanned user extensions: 21
[2019-04-19 12:15:16.848] [sharedprocess] [info] Scanned user extensions: 21
[2019-04-19 12:20:16.869] [sharedprocess] [info] Scanned user extensions: 21
[2019-04-19 12:25:16.890] [sharedprocess] [info] Scanned user extensions: 21
[2019-04-19 12:30:16.932] [sharedprocess] [info] Scanned user extensions: 21
[2019-04-19 12:35:16.979] [sharedprocess] [info] Scanned user extensions: 21
[2019-04-19 12:40:17.095] [sharedprocess] [info] Scanned user extensions: 21
[2019-04-19 12:45:17.121] [sharedprocess] [info] Scanned user extensions: 21
[2019-04-19 12:50:17.156] [sharedprocess] [info] Scanned user extensions: 21
[2019-04-19 12:55:17.179] [sharedprocess] [info] Scanned user extensions: 21
[2019-04-19 13:00:17.201] [sharedprocess] [info] Scanned user extensions: 21
[2019-04-19 13:05:17.219] [sharedprocess] [info] Scanned user extensions: 21
[2019-04-19 13:10:17.238] [sharedprocess] [info] Scanned user extensions: 21
[2019-04-19 13:15:17.256] [sharedprocess] [info] Scanned user extensions: 21
[2019-04-19 13:20:17.275] [sharedprocess] [info] Scanned user extensions: 21
[2019-04-19 13:25:17.297] [sharedprocess] [info] Scanned user extensions: 21
[2019-04-19 13:30:17.318] [sharedprocess] [info] Scanned user extensions: 21
[2019-04-19 13:35:17.337] [sharedprocess] [info] Scanned user extensions: 21
[2019-04-19 13:40:17.412] [sharedprocess] [info] Scanned user extensions: 21
[2019-04-19 13:45:17.433] [sharedprocess] [info] Scanned user extensions: 21
[2019-04-19 13:50:17.453] [sharedprocess] [info] Scanned user extensions: 21
[2019-04-19 13:55:17.473] [sharedprocess] [info] Scanned user extensions: 21
[2019-04-19 14:00:17.494] [sharedprocess] [info] Scanned user extensions: 21
[2019-04-19 14:05:17.514] [sharedprocess] [info] Scanned user extensions: 21
[2019-04-19 14:10:17.540] [sharedprocess] [info] Scanned user extensions: 21
[2019-04-19 14:15:17.589] [sharedprocess] [info] Scanned user extensions: 21
[2019-04-19 14:20:17.634] [sharedprocess] [info] Scanned user extensions: 21
[2019-04-19 14:25:17.682] [sharedprocess] [info] Scanned user extensions: 21
[2019-04-19 14:30:17.707] [sharedprocess] [info] Scanned user extensions: 21
[2019-04-19 14:35:17.732] [sharedprocess] [info] Scanned user extensions: 21
[2019-04-19 14:40:17.831] [sharedprocess] [info] Scanned user extensions: 21
[2019-04-19 14:45:18.239] [sharedprocess] [info] Scanned user extensions: 21
[2019-04-19 14:50:22.410] [sharedprocess] [info] Scanned user extensions: 21
[2019-04-19 14:55:25.760] [sharedprocess] [info] Scanned user extensions: 21
[2019-04-19 15:00:25.815] [sharedprocess] [info] Scanned user extensions: 21
[2019-04-19 15:05:25.843] [sharedprocess] [info] Scanned user extensions: 21
[2019-04-19 15:10:25.885] [sharedprocess] [info] Scanned user extensions: 21
[2019-04-19 15:15:25.913] [sharedprocess] [info] Scanned user extensions: 21
[2019-04-19 15:20:25.950] [sharedprocess] [info] Scanned user extensions: 21
[2019-04-19 15:25:25.979] [sharedprocess] [info] Scanned user extensions: 21
[2019-04-19 15:30:26.016] [sharedprocess] [info] Scanned user extensions: 21
[2019-04-19 15:35:26.072] [sharedprocess] [info] Scanned user extensions: 21
[2019-04-19 15:40:26.185] [sharedprocess] [info] Scanned user extensions: 21
[2019-04-19 15:45:26.207] [sharedprocess] [info] Scanned user extensions: 21
[2019-04-19 15:50:26.224] [sharedprocess] [info] Scanned user extensions: 21
[2019-04-19 15:55:26.268] [sharedprocess] [info] Scanned user extensions: 21
[2019-04-19 16:00:26.314] [sharedprocess] [info] Scanned user extensions: 21
[2019-04-19 16:05:28.933] [sharedprocess] [info] Scanned user extensions: 21
[2019-04-19 16:10:28.961] [sharedprocess] [info] Scanned user extensions: 21
[2019-04-19 16:15:29.056] [sharedprocess] [info] Scanned user extensions: 21
[2019-04-19 16:20:29.118] [sharedprocess] [info] Scanned user extensions: 21
[2019-04-19 16:25:29.150] [sharedprocess] [info] Scanned user extensions: 21
[2019-04-19 16:30:29.175] [sharedprocess] [info] Scanned user extensions: 21
[2019-04-19 16:35:29.197] [sharedprocess] [info] Scanned user extensions: 21
[2019-04-19 16:40:29.280] [sharedprocess] [info] Scanned user extensions: 21
[2019-04-19 16:45:29.324] [sharedprocess] [info] Scanned user extensions: 21
[2019-04-19 16:50:29.345] [sharedprocess] [info] Scanned user extensions: 21
[2019-04-19 16:55:29.365] [sharedprocess] [info] Scanned user extensions: 21
[2019-04-19 17:00:29.385] [sharedprocess] [info] Scanned user extensions: 21
[2019-04-19 17:05:29.457] [sharedprocess] [info] Scanned user extensions: 21
[2019-04-19 17:10:29.504] [sharedprocess] [info] Scanned user extensions: 21
[2019-04-19 17:15:29.555] [sharedprocess] [info] Scanned user extensions: 21
[2019-04-19 17:20:29.602] [sharedprocess] [info] Scanned user extensions: 21
[2019-04-19 17:25:29.654] [sharedprocess] [info] Scanned user extensions: 21
[2019-04-19 17:30:29.679] [sharedprocess] [info] Scanned user extensions: 21
[2019-04-19 17:35:29.722] [sharedprocess] [info] Scanned user extensions: 21
[2019-04-19 17:40:29.839] [sharedprocess] [info] Scanned user extensions: 21
[2019-04-19 17:45:29.857] [sharedprocess] [info] Scanned user extensions: 21
[2019-04-19 17:50:29.878] [sharedprocess] [info] Scanned user extensions: 21
[2019-04-19 17:55:29.897] [sharedprocess] [info] Scanned user extensions: 21
[2019-04-19 18:00:29.922] [sharedprocess] [info] Scanned user extensions: 21
[2019-04-19 18:05:29.946] [sharedprocess] [info] Scanned user extensions: 21
[2019-04-19 18:10:29.969] [sharedprocess] [info] Scanned user extensions: 21
[2019-04-19 18:15:29.990] [sharedprocess] [info] Scanned user extensions: 21
[2019-04-19 18:20:30.009] [sharedprocess] [info] Scanned user extensions: 21
[2019-04-19 18:25:30.029] [sharedprocess] [info] Scanned user extensions: 21
[2019-04-19 18:30:30.051] [sharedprocess] [info] Scanned user extensions: 21
[2019-04-19 18:35:30.073] [sharedprocess] [info] Scanned user extensions: 21
[2019-04-19 18:40:30.165] [sharedprocess] [info] Scanned user extensions: 21
[2019-04-19 18:45:30.185] [sharedprocess] [info] Scanned user extensions: 21
[2019-04-19 18:50:30.210] [sharedprocess] [info] Scanned user extensions: 21
[2019-04-19 18:55:30.229] [sharedprocess] [info] Scanned user extensions: 21
