[2019-04-07 15:09:57.224] [sharedprocess] [info] main {"machineId":"0fbda7ce6ef26c3850e56c6db10cececd72c40fded58aa690a29dd2a69f5ee09"}
[2019-04-07 15:09:57.476] [sharedprocess] [info] Scanned user extensions: 21
[2019-04-07 15:09:57.550] [sharedprocess] [info] Scanned user extensions: 21
[2019-04-07 15:09:57.623] [sharedprocess] [info] Scanned user extensions: 21
[2019-04-07 15:09:57.673] [sharedprocess] [info] Scanned system extensions: 72
[2019-04-07 15:09:57.677] [sharedprocess] [info] Scanned system extensions: 72
[2019-04-07 15:09:57.691] [sharedprocess] [info] Deleted from disk vincaslt.highlight-matching-tag /home/alex/.vscode/extensions/vincaslt.highlight-matching-tag-0.9.0
[2019-04-07 15:10:37.237] [sharedprocess] [info] Starting to clean up unused language packs.
[2019-04-07 15:14:57.739] [sharedprocess] [info] Scanned user extensions: 21
[2019-04-07 15:19:57.809] [sharedprocess] [info] Scanned user extensions: 21
[2019-04-07 15:24:57.891] [sharedprocess] [info] Scanned user extensions: 21
[2019-04-07 15:29:57.976] [sharedprocess] [info] Scanned user extensions: 21
[2019-04-07 15:34:58.028] [sharedprocess] [info] Scanned user extensions: 21
[2019-04-07 15:39:58.075] [sharedprocess] [info] Scanned user extensions: 21
[2019-04-07 15:44:58.120] [sharedprocess] [info] Scanned user extensions: 21
[2019-04-07 15:49:58.147] [sharedprocess] [info] Scanned user extensions: 21
[2019-04-07 15:54:58.223] [sharedprocess] [info] Scanned user extensions: 21
[2019-04-07 15:59:58.285] [sharedprocess] [info] Scanned user extensions: 21
[2019-04-07 16:04:58.352] [sharedprocess] [info] Scanned user extensions: 21
[2019-04-07 16:09:58.508] [sharedprocess] [info] Scanned user extensions: 21
[2019-04-07 16:14:58.588] [sharedprocess] [info] Scanned user extensions: 21
[2019-04-07 16:19:58.684] [sharedprocess] [info] Scanned user extensions: 21
[2019-04-07 16:24:58.751] [sharedprocess] [info] Scanned user extensions: 21
[2019-04-07 16:29:58.790] [sharedprocess] [info] Scanned user extensions: 21
[2019-04-07 16:34:58.856] [sharedprocess] [info] Scanned user extensions: 21
[2019-04-07 16:39:58.959] [sharedprocess] [info] Scanned user extensions: 21
[2019-04-07 16:44:59.037] [sharedprocess] [info] Scanned user extensions: 21
[2019-04-07 16:49:59.093] [sharedprocess] [info] Scanned user extensions: 21
[2019-04-07 16:54:59.157] [sharedprocess] [info] Scanned user extensions: 21
[2019-04-07 16:59:59.214] [sharedprocess] [info] Scanned user extensions: 21
[2019-04-07 17:04:59.270] [sharedprocess] [info] Scanned user extensions: 21
[2019-04-07 17:09:59.378] [sharedprocess] [info] Scanned user extensions: 21
[2019-04-07 17:14:59.435] [sharedprocess] [info] Scanned user extensions: 21
[2019-04-07 17:19:59.485] [sharedprocess] [info] Scanned user extensions: 21
[2019-04-07 17:24:59.502] [sharedprocess] [info] Scanned user extensions: 21
[2019-04-07 17:29:59.546] [sharedprocess] [info] Scanned user extensions: 21
[2019-04-07 17:34:59.604] [sharedprocess] [info] Scanned user extensions: 21
[2019-04-07 17:39:59.699] [sharedprocess] [info] Scanned user extensions: 21
[2019-04-07 17:44:59.785] [sharedprocess] [info] Scanned user extensions: 21
[2019-04-07 17:49:59.834] [sharedprocess] [info] Scanned user extensions: 21
[2019-04-07 17:54:59.896] [sharedprocess] [info] Scanned user extensions: 21
[2019-04-07 17:59:59.957] [sharedprocess] [info] Scanned user extensions: 21
[2019-04-07 18:05:00.024] [sharedprocess] [info] Scanned user extensions: 21
[2019-04-07 18:10:00.142] [sharedprocess] [info] Scanned user extensions: 21
[2019-04-07 18:15:00.204] [sharedprocess] [info] Scanned user extensions: 21
[2019-04-07 18:20:00.255] [sharedprocess] [info] Scanned user extensions: 21
[2019-04-07 18:25:00.288] [sharedprocess] [info] Scanned user extensions: 21
[2019-04-07 18:30:00.354] [sharedprocess] [info] Scanned user extensions: 21
[2019-04-07 18:35:00.449] [sharedprocess] [info] Scanned user extensions: 21
[2019-04-07 18:40:00.506] [sharedprocess] [info] Scanned user extensions: 21
[2019-04-07 18:45:00.538] [sharedprocess] [info] Scanned user extensions: 21
[2019-04-07 18:50:00.565] [sharedprocess] [info] Scanned user extensions: 21
[2019-04-07 18:55:00.617] [sharedprocess] [info] Scanned user extensions: 21
[2019-04-07 19:00:00.658] [sharedprocess] [info] Scanned user extensions: 21
[2019-04-07 19:05:00.735] [sharedprocess] [info] Scanned user extensions: 21
[2019-04-07 19:10:00.893] [sharedprocess] [info] Scanned user extensions: 21
[2019-04-07 19:15:00.959] [sharedprocess] [info] Scanned user extensions: 21
[2019-04-07 19:20:01.023] [sharedprocess] [info] Scanned user extensions: 21
[2019-04-07 19:25:01.099] [sharedprocess] [info] Scanned user extensions: 21
[2019-04-07 19:30:01.164] [sharedprocess] [info] Scanned user extensions: 21
[2019-04-07 19:35:01.234] [sharedprocess] [info] Scanned user extensions: 21
[2019-04-07 19:40:01.323] [sharedprocess] [info] Scanned user extensions: 21
[2019-04-07 19:45:01.372] [sharedprocess] [info] Scanned user extensions: 21
[2019-04-07 19:50:01.464] [sharedprocess] [info] Scanned user extensions: 21
[2019-04-07 19:55:01.517] [sharedprocess] [info] Scanned user extensions: 21
[2019-04-07 20:00:01.564] [sharedprocess] [info] Scanned user extensions: 21
[2019-04-07 20:05:01.609] [sharedprocess] [info] Scanned user extensions: 21
[2019-04-07 20:10:01.740] [sharedprocess] [info] Scanned user extensions: 21
[2019-04-07 20:15:01.798] [sharedprocess] [info] Scanned user extensions: 21
[2019-04-07 20:20:01.865] [sharedprocess] [info] Scanned user extensions: 21
[2019-04-07 20:25:01.927] [sharedprocess] [info] Scanned user extensions: 21
[2019-04-07 20:30:01.984] [sharedprocess] [info] Scanned user extensions: 21
[2019-04-07 20:35:02.040] [sharedprocess] [info] Scanned user extensions: 21
[2019-04-07 20:40:02.091] [sharedprocess] [info] Scanned user extensions: 21
[2019-04-07 20:45:02.152] [sharedprocess] [info] Scanned user extensions: 21
[2019-04-07 20:50:02.200] [sharedprocess] [info] Scanned user extensions: 21
[2019-04-07 20:55:02.250] [sharedprocess] [info] Scanned user extensions: 21
[2019-04-07 21:00:02.309] [sharedprocess] [info] Scanned user extensions: 21
[2019-04-07 21:05:02.359] [sharedprocess] [info] Scanned user extensions: 21
[2019-04-07 21:10:02.489] [sharedprocess] [info] Scanned user extensions: 21
[2019-04-07 21:15:02.516] [sharedprocess] [info] Scanned user extensions: 21
[2019-04-07 21:20:02.564] [sharedprocess] [info] Scanned user extensions: 21
[2019-04-07 21:25:02.625] [sharedprocess] [info] Scanned user extensions: 21
[2019-04-07 21:30:02.685] [sharedprocess] [info] Scanned user extensions: 21
[2019-04-07 21:35:02.749] [sharedprocess] [info] Scanned user extensions: 21
[2019-04-07 21:40:02.816] [sharedprocess] [info] Scanned user extensions: 21
