[Info] /home/alex/.ssh/config: ENOENT: no such file or directory, open '/home/alex/.ssh/config'
[Info] Looking for git repository
[Info] Git repository found, initializing review manager and pr tree view.
[Info] No GitHub remotes found
[Info] Review> no matching pull request metadata found for current branch master
[Info] Found GitHub remote
[Info] https://api.github.com: GraphQL support detected
[Info] {
  "data": {
    "viewer": {
      "login": "amoinier",
      "__typename": "User"
    }
  },
  "loading": false,
  "networkStatus": 7,
  "stale": false
}
[Info] Review> no matching pull request metadata found for current branch master
[Info] Found GitHub remote
[Info] Review> no matching pull request metadata found for current branch master
[Info] Found GitHub remote
[Info] Review> no matching pull request metadata found for current branch master
[Info] Found GitHub remote
[Info] Review> no matching pull request metadata found for current branch master
[Info] Found GitHub remote
[Info] Review> no matching pull request metadata found for current branch master
[Info] Found GitHub remote
[Info] Review> no matching pull request metadata found for current branch master
[Info] Found GitHub remote
[Info] Review> no matching pull request metadata found for current branch master
[Info] Found GitHub remote
[Info] Review> no matching pull request metadata found for current branch master
[Info] Found GitHub remote
[Info] Review> no matching pull request metadata found for current branch master
[Info] Found GitHub remote
[Info] Review> no matching pull request metadata found for current branch master
[Info] Found GitHub remote
[Info] Review> no matching pull request metadata found for current branch master
[Info] Found GitHub remote
[Info] Review> no matching pull request metadata found for current branch master
[Info] Found GitHub remote
[Info] Review> no matching pull request metadata found for current branch master
[Info] Found GitHub remote
[Info] Review> no matching pull request metadata found for current branch master
[Info] Found GitHub remote
[Info] Review> no matching pull request metadata found for current branch master
[Info] Found GitHub remote
[Info] Review> no matching pull request metadata found for current branch master
[Info] Found GitHub remote
[Info] Review> no matching pull request metadata found for current branch master
[Info] Found GitHub remote
[Info] Review> no matching pull request metadata found for current branch master
[Info] Found GitHub remote
[Info] Review> no matching pull request metadata found for current branch master
[Info] Found GitHub remote
[Info] Review> no matching pull request metadata found for current branch master
[Info] Found GitHub remote
[Info] Review> no matching pull request metadata found for current branch master
[Info] Found GitHub remote
[Info] Review> no matching pull request metadata found for current branch master
[Info] Found GitHub remote
[Info] Review> no matching pull request metadata found for current branch master
[Info] Found GitHub remote
[Info] Review> no matching pull request metadata found for current branch master
[Info] Found GitHub remote
[Info] Review> no matching pull request metadata found for current branch master
[Info] Found GitHub remote
[Info] Review> no matching pull request metadata found for current branch master
[Info] Found GitHub remote
[Info] Review> no matching pull request metadata found for current branch master
[Info] Found GitHub remote
[Info] Review> no matching pull request metadata found for current branch master
[Info] Found GitHub remote
[Info] Review> no matching pull request metadata found for current branch master
[Info] Found GitHub remote
[Info] Review> no matching pull request metadata found for current branch master
[Info] Found GitHub remote
[Info] Review> no matching pull request metadata found for current branch master
[Info] Found GitHub remote
[Info] Review> no matching pull request metadata found for current branch master
[Info] Found GitHub remote
[Info] Review> no matching pull request metadata found for current branch master
[Info] Found GitHub remote
[Info] Review> no matching pull request metadata found for current branch master
[Info] Found GitHub remote
[Info] Review> no matching pull request metadata found for current branch master
[Info] Found GitHub remote
[Info] Review> no matching pull request metadata found for current branch master
[Info] Found GitHub remote
[Info] Review> no matching pull request metadata found for current branch master
