[2019-04-04 15:06:15.595] [sharedprocess] [info] main {"machineId":"0fbda7ce6ef26c3850e56c6db10cececd72c40fded58aa690a29dd2a69f5ee09"}
[2019-04-04 15:06:15.746] [sharedprocess] [info] Scanned user extensions: 21
[2019-04-04 15:06:15.764] [sharedprocess] [info] Scanned user extensions: 21
[2019-04-04 15:06:15.792] [sharedprocess] [info] Scanned system extensions: 72
[2019-04-04 15:06:15.796] [sharedprocess] [info] Scanned system extensions: 72
[2019-04-04 15:06:15.878] [sharedprocess] [info] Scanned user extensions: 21
[2019-04-04 15:06:15.888] [sharedprocess] [info] Deleted from disk wix.glean /home/alex/.vscode/extensions/wix.glean-4.10.0
[2019-04-04 15:06:15.888] [sharedprocess] [info] Deleted from disk ms-python.python /home/alex/.vscode/extensions/ms-python.python-2019.3.6139
[2019-04-04 15:06:17.177] [sharedprocess] [info] Installing extension: dart-code.dart-code
[2019-04-04 15:06:17.178] [sharedprocess] [info] Installing extension: dart-code.flutter
[2019-04-04 15:06:17.180] [sharedprocess] [info] Installing extension: ms-python.python
[2019-04-04 15:06:17.180] [sharedprocess] [info] Installing extension: vincaslt.highlight-matching-tag
[2019-04-04 15:06:17.306] [sharedprocess] [info] Scanned user extensions: 21
[2019-04-04 15:06:17.314] [sharedprocess] [info] Scanned user extensions: 21
[2019-04-04 15:06:17.318] [sharedprocess] [info] Scanned user extensions: 21
[2019-04-04 15:06:17.321] [sharedprocess] [info] Scanned user extensions: 21
[2019-04-04 15:06:17.615] [sharedprocess] [info] Downloaded extension: dart-code.flutter /tmp/5069db22-b877-4663-bad6-8ecea216b769
[2019-04-04 15:06:17.652] [sharedprocess] [info] Downloaded extension: dart-code.dart-code /tmp/bf55e964-4484-4c60-8054-0b52fe384130
[2019-04-04 15:06:17.688] [sharedprocess] [info] Extracted extension to /home/alex/.vscode/extensions/.dart-code.flutter-2.25.0: dart-code.flutter
[2019-04-04 15:06:17.689] [sharedprocess] [info] Renamed to /home/alex/.vscode/extensions/dart-code.flutter-2.25.0
[2019-04-04 15:06:17.691] [sharedprocess] [info] Installation completed. dart-code.flutter
[2019-04-04 15:06:17.773] [sharedprocess] [info] Scanned user extensions: 21
[2019-04-04 15:06:17.811] [sharedprocess] [info] Scanned system extensions: 72
[2019-04-04 15:06:17.811] [sharedprocess] [info] Extensions installed successfully: dart-code.flutter
[2019-04-04 15:06:18.290] [sharedprocess] [info] Extracted extension to /home/alex/.vscode/extensions/.dart-code.dart-code-2.25.0: dart-code.dart-code
[2019-04-04 15:06:18.291] [sharedprocess] [info] Renamed to /home/alex/.vscode/extensions/dart-code.dart-code-2.25.0
[2019-04-04 15:06:18.292] [sharedprocess] [info] Installation completed. dart-code.dart-code
[2019-04-04 15:06:18.300] [sharedprocess] [info] Extensions installed successfully: dart-code.dart-code
[2019-04-04 15:06:19.028] [sharedprocess] [info] Downloaded extension: ms-python.python /tmp/4bf1d50b-8cd7-4584-88a4-c8db77b5e8bc
[2019-04-04 15:06:22.518] [sharedprocess] [info] Extracted extension to /home/alex/.vscode/extensions/.ms-python.python-2019.3.6352: ms-python.python
[2019-04-04 15:06:22.518] [sharedprocess] [info] Renamed to /home/alex/.vscode/extensions/ms-python.python-2019.3.6352
[2019-04-04 15:06:22.524] [sharedprocess] [info] Installation completed. ms-python.python
[2019-04-04 15:06:22.535] [sharedprocess] [info] Extensions installed successfully: ms-python.python
[2019-04-04 15:06:23.019] [sharedprocess] [info] Downloaded extension: vincaslt.highlight-matching-tag /tmp/3273150c-5c9f-4935-b4d3-7711f1eba0d0
[2019-04-04 15:06:23.072] [sharedprocess] [info] Extracted extension to /home/alex/.vscode/extensions/.vincaslt.highlight-matching-tag-0.9.0: vincaslt.highlight-matching-tag
[2019-04-04 15:06:23.072] [sharedprocess] [info] Renamed to /home/alex/.vscode/extensions/vincaslt.highlight-matching-tag-0.9.0
[2019-04-04 15:06:23.074] [sharedprocess] [info] Installation completed. vincaslt.highlight-matching-tag
[2019-04-04 15:06:23.081] [sharedprocess] [info] Extensions installed successfully: vincaslt.highlight-matching-tag
[2019-04-04 15:06:55.602] [sharedprocess] [info] Starting to clean up unused language packs.
[2019-04-04 15:11:16.057] [sharedprocess] [info] Scanned user extensions: 21
[2019-04-04 15:12:49.790] [sharedprocess] [info] Scanned user extensions: 21
[2019-04-04 15:12:49.830] [sharedprocess] [info] Scanned system extensions: 72
[2019-04-04 15:12:52.276] [sharedprocess] [info] Scanned user extensions: 21
[2019-04-04 15:17:52.394] [sharedprocess] [info] Scanned user extensions: 21
[2019-04-04 15:20:29.332] [sharedprocess] [info] Scanned user extensions: 21
[2019-04-04 15:20:29.355] [sharedprocess] [info] Scanned system extensions: 72
[2019-04-04 15:22:52.487] [sharedprocess] [info] Scanned user extensions: 21
[2019-04-04 15:27:52.590] [sharedprocess] [info] Scanned user extensions: 21
[2019-04-04 15:32:52.702] [sharedprocess] [info] Scanned user extensions: 21
[2019-04-04 15:37:52.806] [sharedprocess] [info] Scanned user extensions: 21
