[2019-04-09 17:41:24.826] [exthost] [info] extension host started
[2019-04-09 17:41:24.845] [exthost] [info] ExtensionService#_doActivateExtension vscode.debug-auto-launch {"startup":true,"activationEvent":"*"}
[2019-04-09 17:41:24.845] [exthost] [info] ExtensionService#loadCommonJSModule /opt/visual-studio-code/resources/app/extensions/debug-auto-launch/dist/extension
[2019-04-09 17:41:24.847] [exthost] [info] ExtensionService#_doActivateExtension vscode.emmet {"startup":true,"activationEvent":"*"}
[2019-04-09 17:41:24.847] [exthost] [info] ExtensionService#loadCommonJSModule /opt/visual-studio-code/resources/app/extensions/emmet/dist/extension
[2019-04-09 17:41:24.851] [exthost] [info] ExtensionService#_doActivateExtension vscode.git {"startup":true,"activationEvent":"*"}
[2019-04-09 17:41:24.851] [exthost] [info] ExtensionService#loadCommonJSModule /opt/visual-studio-code/resources/app/extensions/git/dist/main
[2019-04-09 17:41:24.870] [exthost] [info] ExtensionService#_doActivateExtension vscode.merge-conflict {"startup":true,"activationEvent":"*"}
[2019-04-09 17:41:24.870] [exthost] [info] ExtensionService#loadCommonJSModule /opt/visual-studio-code/resources/app/extensions/merge-conflict/dist/extension
[2019-04-09 17:41:24.872] [exthost] [info] ExtensionService#_doActivateExtension dbaeumer.vscode-eslint {"startup":true,"activationEvent":"*"}
[2019-04-09 17:41:24.872] [exthost] [info] ExtensionService#loadCommonJSModule /home/alex/.vscode/extensions/dbaeumer.vscode-eslint-1.8.2/client/out/extension
[2019-04-09 17:41:24.878] [exthost] [info] ExtensionService#_doActivateExtension HookyQR.beautify {"startup":true,"activationEvent":"*"}
[2019-04-09 17:41:24.878] [exthost] [info] ExtensionService#loadCommonJSModule /home/alex/.vscode/extensions/hookyqr.beautify-1.4.11/extension
[2019-04-09 17:41:24.907] [exthost] [info] ExtensionService#_doActivateExtension ms-vscode.atom-keybindings {"startup":true,"activationEvent":"*"}
[2019-04-09 17:41:24.907] [exthost] [info] ExtensionService#loadCommonJSModule /home/alex/.vscode/extensions/ms-vscode.atom-keybindings-3.0.6/extension
[2019-04-09 17:41:24.908] [exthost] [info] ExtensionService#_doActivateExtension naumovs.color-highlight {"startup":true,"activationEvent":"*"}
[2019-04-09 17:41:24.908] [exthost] [info] ExtensionService#loadCommonJSModule /home/alex/.vscode/extensions/naumovs.color-highlight-2.3.0/dist/extension
[2019-04-09 17:41:24.914] [exthost] [info] ExtensionService#_doActivateExtension vincaslt.highlight-matching-tag {"startup":true,"activationEvent":"*"}
[2019-04-09 17:41:24.914] [exthost] [info] ExtensionService#loadCommonJSModule /home/alex/.vscode/extensions/vincaslt.highlight-matching-tag-0.9.1/out/src/extension
[2019-04-09 17:41:24.932] [exthost] [info] ExtensionService#_doActivateExtension ms-vscode.cpptools {"startup":true,"activationEvent":"*"}
[2019-04-09 17:41:24.932] [exthost] [info] ExtensionService#loadCommonJSModule /home/alex/.vscode/extensions/ms-vscode.cpptools-0.22.1/out/src/main
[2019-04-09 17:41:25.091] [exthost] [info] ExtensionService#_doActivateExtension wix.glean {"startup":true,"activationEvent":"*"}
[2019-04-09 17:41:25.091] [exthost] [info] ExtensionService#loadCommonJSModule /home/alex/.vscode/extensions/wix.glean-4.10.2/out/extension
[2019-04-09 17:41:25.365] [exthost] [info] eager extensions activated
[2019-04-09 17:41:25.416] [exthost] [info] ExtensionService#_doActivateExtension GitHub.vscode-pull-request-github {"startup":true,"activationEvent":"*"}
[2019-04-09 17:41:25.416] [exthost] [info] ExtensionService#loadCommonJSModule /home/alex/.vscode/extensions/github.vscode-pull-request-github-0.5.1/media/extension
[2019-04-09 17:41:25.471] [exthost] [info] ExtensionService#_doActivateExtension vsciot-vscode.vscode-arduino {"startup":true,"activationEvent":"*"}
[2019-04-09 17:41:25.471] [exthost] [info] ExtensionService#loadCommonJSModule /home/alex/.vscode/extensions/vsciot-vscode.vscode-arduino-0.2.25/out/src/extension
