[2019-04-09 11:39:04.256] [sharedprocess] [info] main {"machineId":"0fbda7ce6ef26c3850e56c6db10cececd72c40fded58aa690a29dd2a69f5ee09"}
[2019-04-09 11:39:04.484] [sharedprocess] [info] Scanned user extensions: 21
[2019-04-09 11:39:04.498] [sharedprocess] [info] Scanned user extensions: 21
[2019-04-09 11:39:04.541] [sharedprocess] [info] Scanned system extensions: 72
[2019-04-09 11:39:04.543] [sharedprocess] [info] Scanned system extensions: 72
[2019-04-09 11:39:04.681] [sharedprocess] [info] Scanned user extensions: 21
[2019-04-09 11:39:06.164] [sharedprocess] [info] Installing extension: ms-python.python
[2019-04-09 11:39:06.164] [sharedprocess] [info] Installing extension: wix.glean
[2019-04-09 11:39:06.204] [sharedprocess] [info] Scanned user extensions: 21
[2019-04-09 11:39:06.210] [sharedprocess] [info] Scanned user extensions: 21
[2019-04-09 11:39:07.764] [sharedprocess] [info] Downloaded extension: ms-python.python /tmp/2d34a2ad-0ccc-40e0-b3b7-5f17cbabcc24
[2019-04-09 11:39:09.689] [sharedprocess] [info] Downloaded extension: wix.glean /tmp/56077d13-3585-48d6-9082-326830e42f30
[2019-04-09 11:39:10.148] [sharedprocess] [info] Extracted extension to /home/alex/.vscode/extensions/.ms-python.python-2019.3.6558: ms-python.python
[2019-04-09 11:39:10.149] [sharedprocess] [info] Renamed to /home/alex/.vscode/extensions/ms-python.python-2019.3.6558
[2019-04-09 11:39:10.151] [sharedprocess] [info] Installation completed. ms-python.python
[2019-04-09 11:39:10.169] [sharedprocess] [info] Extensions installed successfully: ms-python.python
[2019-04-09 11:39:11.459] [sharedprocess] [info] Extracted extension to /home/alex/.vscode/extensions/.wix.glean-4.10.2: wix.glean
[2019-04-09 11:39:11.459] [sharedprocess] [info] Renamed to /home/alex/.vscode/extensions/wix.glean-4.10.2
[2019-04-09 11:39:11.459] [sharedprocess] [info] Installation completed. wix.glean
[2019-04-09 11:39:11.470] [sharedprocess] [info] Extensions installed successfully: wix.glean
[2019-04-09 11:39:44.268] [sharedprocess] [info] Starting to clean up unused language packs.
[2019-04-09 11:44:04.819] [sharedprocess] [info] Scanned user extensions: 21
[2019-04-09 11:49:04.915] [sharedprocess] [info] Scanned user extensions: 21
[2019-04-09 11:54:05.022] [sharedprocess] [info] Scanned user extensions: 21
[2019-04-09 11:59:05.061] [sharedprocess] [info] Scanned user extensions: 21
[2019-04-09 12:04:05.089] [sharedprocess] [info] Scanned user extensions: 21
[2019-04-09 12:09:05.149] [sharedprocess] [info] Scanned user extensions: 21
[2019-04-09 12:14:05.242] [sharedprocess] [info] Scanned user extensions: 21
[2019-04-09 12:19:05.323] [sharedprocess] [info] Scanned user extensions: 21
[2019-04-09 12:24:05.397] [sharedprocess] [info] Scanned user extensions: 21
[2019-04-09 12:29:05.466] [sharedprocess] [info] Scanned user extensions: 21
[2019-04-09 12:34:05.524] [sharedprocess] [info] Scanned user extensions: 21
[2019-04-09 12:39:05.637] [sharedprocess] [info] Scanned user extensions: 21
[2019-04-09 12:44:05.735] [sharedprocess] [info] Scanned user extensions: 21
[2019-04-09 12:49:05.807] [sharedprocess] [info] Scanned user extensions: 21
[2019-04-09 12:54:05.880] [sharedprocess] [info] Scanned user extensions: 21
[2019-04-09 12:59:05.964] [sharedprocess] [info] Scanned user extensions: 21
[2019-04-09 13:04:06.074] [sharedprocess] [info] Scanned user extensions: 21
[2019-04-09 13:09:06.109] [sharedprocess] [info] Scanned user extensions: 21
[2019-04-09 13:14:06.132] [sharedprocess] [info] Scanned user extensions: 21
[2019-04-09 13:19:06.171] [sharedprocess] [info] Scanned user extensions: 21
[2019-04-09 13:24:06.210] [sharedprocess] [info] Scanned user extensions: 21
[2019-04-09 13:29:06.251] [sharedprocess] [info] Scanned user extensions: 21
[2019-04-09 13:34:06.324] [sharedprocess] [info] Scanned user extensions: 21
[2019-04-09 13:39:06.492] [sharedprocess] [info] Scanned user extensions: 21
[2019-04-09 13:44:06.615] [sharedprocess] [info] Scanned user extensions: 21
[2019-04-09 13:49:06.700] [sharedprocess] [info] Scanned user extensions: 21
[2019-04-09 13:54:06.775] [sharedprocess] [info] Scanned user extensions: 21
[2019-04-09 13:59:06.905] [sharedprocess] [info] Scanned user extensions: 21
[2019-04-09 14:04:06.956] [sharedprocess] [info] Scanned user extensions: 21
[2019-04-09 14:09:07.023] [sharedprocess] [info] Scanned user extensions: 21
[2019-04-09 14:14:07.091] [sharedprocess] [info] Scanned user extensions: 21
[2019-04-09 14:19:07.132] [sharedprocess] [info] Scanned user extensions: 21
[2019-04-09 14:24:07.152] [sharedprocess] [info] Scanned user extensions: 21
[2019-04-09 14:29:07.214] [sharedprocess] [info] Scanned user extensions: 21
[2019-04-09 14:34:07.308] [sharedprocess] [info] Scanned user extensions: 21
[2019-04-09 14:39:07.474] [sharedprocess] [info] Scanned user extensions: 21
[2019-04-09 14:44:07.556] [sharedprocess] [info] Scanned user extensions: 21
[2019-04-09 14:49:07.628] [sharedprocess] [info] Scanned user extensions: 21
[2019-04-09 14:54:07.742] [sharedprocess] [info] Scanned user extensions: 21
[2019-04-09 14:59:07.803] [sharedprocess] [info] Scanned user extensions: 21
[2019-04-09 15:04:07.875] [sharedprocess] [info] Scanned user extensions: 21
[2019-04-09 15:09:07.960] [sharedprocess] [info] Scanned user extensions: 21
[2019-04-09 15:14:08.001] [sharedprocess] [info] Scanned user extensions: 21
[2019-04-09 15:19:08.027] [sharedprocess] [info] Scanned user extensions: 21
[2019-04-09 15:24:08.047] [sharedprocess] [info] Scanned user extensions: 21
[2019-04-09 15:29:08.068] [sharedprocess] [info] Scanned user extensions: 21
[2019-04-09 15:34:08.108] [sharedprocess] [info] Scanned user extensions: 21
[2019-04-09 15:39:08.254] [sharedprocess] [info] Scanned user extensions: 21
[2019-04-09 15:44:08.347] [sharedprocess] [info] Scanned user extensions: 21
[2019-04-09 15:49:08.434] [sharedprocess] [info] Scanned user extensions: 21
[2019-04-09 15:54:08.525] [sharedprocess] [info] Scanned user extensions: 21
[2019-04-09 15:59:08.620] [sharedprocess] [info] Scanned user extensions: 21
[2019-04-09 16:04:08.738] [sharedprocess] [info] Scanned user extensions: 21
[2019-04-09 16:09:08.835] [sharedprocess] [info] Scanned user extensions: 21
[2019-04-09 16:14:08.922] [sharedprocess] [info] Scanned user extensions: 21
[2019-04-09 16:19:08.987] [sharedprocess] [info] Scanned user extensions: 21
[2019-04-09 16:24:09.067] [sharedprocess] [info] Scanned user extensions: 21
[2019-04-09 16:29:09.101] [sharedprocess] [info] Scanned user extensions: 21
[2019-04-09 16:34:09.126] [sharedprocess] [info] Scanned user extensions: 21
[2019-04-09 16:39:09.236] [sharedprocess] [info] Scanned user extensions: 21
[2019-04-09 16:44:09.320] [sharedprocess] [info] Scanned user extensions: 21
[2019-04-09 16:49:09.399] [sharedprocess] [info] Scanned user extensions: 21
[2019-04-09 16:54:09.483] [sharedprocess] [info] Scanned user extensions: 21
[2019-04-09 16:59:09.570] [sharedprocess] [info] Scanned user extensions: 21
[2019-04-09 17:04:09.640] [sharedprocess] [info] Scanned user extensions: 21
[2019-04-09 17:09:09.670] [sharedprocess] [info] Scanned user extensions: 21
[2019-04-09 17:14:09.700] [sharedprocess] [info] Scanned user extensions: 21
[2019-04-09 17:19:09.772] [sharedprocess] [info] Scanned user extensions: 21
[2019-04-09 17:24:09.806] [sharedprocess] [info] Scanned user extensions: 21
[2019-04-09 17:29:09.875] [sharedprocess] [info] Scanned user extensions: 21
[2019-04-09 17:34:09.968] [sharedprocess] [info] Scanned user extensions: 21
[2019-04-09 17:39:10.065] [sharedprocess] [info] Scanned user extensions: 21
[2019-04-09 17:41:24.519] [sharedprocess] [info] Scanned user extensions: 21
[2019-04-09 17:41:24.534] [sharedprocess] [info] Scanned system extensions: 72
[2019-04-09 17:41:26.484] [sharedprocess] [info] Installing extension: digitalbrainstem.javascript-ejs-support
[2019-04-09 17:41:26.526] [sharedprocess] [info] Scanned user extensions: 21
[2019-04-09 17:41:27.146] [sharedprocess] [info] Downloaded extension: digitalbrainstem.javascript-ejs-support /tmp/99823eb8-ffaf-4323-a67f-557e551bd08c
[2019-04-09 17:41:27.167] [sharedprocess] [info] Extracted extension to /home/alex/.vscode/extensions/.digitalbrainstem.javascript-ejs-support-0.5.0: digitalbrainstem.javascript-ejs-support
[2019-04-09 17:41:27.167] [sharedprocess] [info] Renamed to /home/alex/.vscode/extensions/digitalbrainstem.javascript-ejs-support-0.5.0
[2019-04-09 17:41:27.178] [sharedprocess] [info] Installation completed. digitalbrainstem.javascript-ejs-support
[2019-04-09 17:41:27.195] [sharedprocess] [info] Scanned user extensions: 21
[2019-04-09 17:41:27.198] [sharedprocess] [info] Extensions installed successfully: digitalbrainstem.javascript-ejs-support
[2019-04-09 17:41:31.205] [sharedprocess] [info] Scanned user extensions: 21
[2019-04-09 17:41:31.257] [sharedprocess] [info] Scanned system extensions: 72
[2019-04-09 17:41:33.709] [sharedprocess] [info] Scanned user extensions: 21
[2019-04-09 17:44:10.094] [sharedprocess] [info] Scanned user extensions: 21
[2019-04-09 17:44:44.308] [sharedprocess] [info] Scanned user extensions: 21
[2019-04-09 17:44:44.319] [sharedprocess] [info] Scanned system extensions: 72
[2019-04-09 17:44:46.888] [sharedprocess] [info] Scanned user extensions: 21
[2019-04-09 17:45:23.797] [sharedprocess] [info] Scanned user extensions: 21
[2019-04-09 17:45:23.803] [sharedprocess] [info] Scanned system extensions: 72
[2019-04-09 17:45:26.401] [sharedprocess] [info] Scanned user extensions: 21
[2019-04-09 17:45:50.790] [sharedprocess] [info] Scanned user extensions: 21
[2019-04-09 17:45:50.801] [sharedprocess] [info] Scanned system extensions: 72
[2019-04-09 17:45:53.301] [sharedprocess] [info] Scanned user extensions: 21
[2019-04-09 17:46:10.713] [sharedprocess] [info] Scanned user extensions: 21
[2019-04-09 17:46:10.719] [sharedprocess] [info] Scanned system extensions: 72
[2019-04-09 17:46:13.317] [sharedprocess] [info] Scanned user extensions: 21
[2019-04-09 17:46:35.909] [sharedprocess] [info] Scanned user extensions: 21
[2019-04-09 17:46:35.933] [sharedprocess] [info] Scanned system extensions: 72
[2019-04-09 17:46:38.665] [sharedprocess] [info] Scanned user extensions: 21
[2019-04-09 17:46:55.467] [sharedprocess] [info] Scanned user extensions: 21
[2019-04-09 17:46:55.484] [sharedprocess] [info] Scanned system extensions: 72
[2019-04-09 17:46:58.129] [sharedprocess] [info] Scanned user extensions: 21
[2019-04-09 17:49:10.150] [sharedprocess] [info] Scanned user extensions: 21
[2019-04-09 17:51:22.725] [sharedprocess] [info] Scanned user extensions: 21
[2019-04-09 17:51:22.744] [sharedprocess] [info] Scanned system extensions: 72
[2019-04-09 17:51:25.282] [sharedprocess] [info] Scanned user extensions: 21
[2019-04-09 17:52:19.980] [sharedprocess] [info] Scanned user extensions: 21
[2019-04-09 17:52:19.999] [sharedprocess] [info] Scanned system extensions: 72
[2019-04-09 17:52:22.979] [sharedprocess] [info] Scanned user extensions: 21
[2019-04-09 17:54:10.192] [sharedprocess] [info] Scanned user extensions: 21
[2019-04-09 17:57:23.096] [sharedprocess] [info] Scanned user extensions: 21
[2019-04-09 17:59:10.270] [sharedprocess] [info] Scanned user extensions: 21
[2019-04-09 18:01:40.470] [sharedprocess] [info] Scanned user extensions: 21
[2019-04-09 18:01:40.493] [sharedprocess] [info] Scanned system extensions: 72
[2019-04-09 18:01:43.551] [sharedprocess] [info] Scanned user extensions: 21
[2019-04-09 18:02:30.181] [sharedprocess] [info] Scanned user extensions: 21
[2019-04-09 18:02:30.214] [sharedprocess] [info] Scanned system extensions: 72
[2019-04-09 18:02:33.469] [sharedprocess] [info] Scanned user extensions: 21
[2019-04-09 18:03:09.098] [sharedprocess] [info] Scanned user extensions: 21
[2019-04-09 18:03:09.119] [sharedprocess] [info] Scanned system extensions: 72
[2019-04-09 18:03:11.692] [sharedprocess] [info] Scanned user extensions: 21
[2019-04-09 18:03:45.892] [sharedprocess] [info] Scanned user extensions: 21
[2019-04-09 18:03:45.950] [sharedprocess] [info] Scanned system extensions: 72
[2019-04-09 18:03:48.471] [sharedprocess] [info] Scanned user extensions: 21
[2019-04-09 18:04:10.310] [sharedprocess] [info] Scanned user extensions: 21
[2019-04-09 18:04:21.194] [sharedprocess] [info] Scanned user extensions: 21
[2019-04-09 18:04:21.244] [sharedprocess] [info] Scanned system extensions: 72
[2019-04-09 18:04:23.810] [sharedprocess] [info] Scanned user extensions: 21
[2019-04-09 18:09:10.385] [sharedprocess] [info] Scanned user extensions: 21
[2019-04-09 18:09:24.024] [sharedprocess] [info] Scanned user extensions: 21
[2019-04-09 18:14:10.476] [sharedprocess] [info] Scanned user extensions: 21
[2019-04-09 18:14:18.691] [sharedprocess] [info] Scanned user extensions: 21
[2019-04-09 18:14:18.710] [sharedprocess] [info] Scanned system extensions: 72
[2019-04-09 18:14:21.174] [sharedprocess] [info] Scanned user extensions: 21
[2019-04-09 18:15:44.353] [sharedprocess] [info] Scanned user extensions: 21
[2019-04-09 18:15:44.377] [sharedprocess] [info] Scanned system extensions: 72
[2019-04-09 18:15:47.001] [sharedprocess] [info] Scanned user extensions: 21
[2019-04-09 18:19:10.570] [sharedprocess] [info] Scanned user extensions: 21
[2019-04-09 18:20:47.094] [sharedprocess] [info] Scanned user extensions: 21
[2019-04-09 18:21:31.833] [sharedprocess] [info] Scanned user extensions: 21
[2019-04-09 18:21:31.927] [sharedprocess] [info] Scanned system extensions: 72
[2019-04-09 18:21:34.363] [sharedprocess] [info] Scanned user extensions: 21
[2019-04-09 18:24:10.686] [sharedprocess] [info] Scanned user extensions: 21
[2019-04-09 18:26:34.559] [sharedprocess] [info] Scanned user extensions: 21
[2019-04-09 18:29:10.745] [sharedprocess] [info] Scanned user extensions: 21
[2019-04-09 18:31:34.612] [sharedprocess] [info] Scanned user extensions: 21
[2019-04-09 18:34:10.852] [sharedprocess] [info] Scanned user extensions: 21
[2019-04-09 18:36:34.692] [sharedprocess] [info] Scanned user extensions: 21
[2019-04-09 18:39:11.038] [sharedprocess] [info] Scanned user extensions: 21
[2019-04-09 18:41:34.753] [sharedprocess] [info] Scanned user extensions: 21
[2019-04-09 18:44:11.099] [sharedprocess] [info] Scanned user extensions: 21
[2019-04-09 18:46:34.835] [sharedprocess] [info] Scanned user extensions: 21
[2019-04-09 18:49:11.122] [sharedprocess] [info] Scanned user extensions: 21
[2019-04-09 18:51:34.925] [sharedprocess] [info] Scanned user extensions: 21
[2019-04-09 18:54:11.141] [sharedprocess] [info] Scanned user extensions: 21
[2019-04-09 18:56:35.043] [sharedprocess] [info] Scanned user extensions: 21
[2019-04-09 18:59:11.165] [sharedprocess] [info] Scanned user extensions: 21
[2019-04-09 19:01:35.085] [sharedprocess] [info] Scanned user extensions: 21
[2019-04-09 19:04:11.204] [sharedprocess] [info] Scanned user extensions: 21
[2019-04-09 19:06:35.119] [sharedprocess] [info] Scanned user extensions: 21
[2019-04-09 19:09:11.309] [sharedprocess] [info] Scanned user extensions: 21
[2019-04-09 19:11:35.143] [sharedprocess] [info] Scanned user extensions: 21
[2019-04-09 19:14:11.411] [sharedprocess] [info] Scanned user extensions: 21
[2019-04-09 19:16:35.215] [sharedprocess] [info] Scanned user extensions: 21
[2019-04-09 19:19:11.502] [sharedprocess] [info] Scanned user extensions: 21
[2019-04-09 19:21:35.332] [sharedprocess] [info] Scanned user extensions: 21
[2019-04-09 19:24:11.591] [sharedprocess] [info] Scanned user extensions: 21
[2019-04-09 19:26:35.384] [sharedprocess] [info] Scanned user extensions: 21
[2019-04-09 19:29:11.682] [sharedprocess] [info] Scanned user extensions: 21
[2019-04-09 19:31:35.463] [sharedprocess] [info] Scanned user extensions: 21
[2019-04-09 19:34:11.799] [sharedprocess] [info] Scanned user extensions: 21
[2019-04-09 19:36:35.564] [sharedprocess] [info] Scanned user extensions: 21
[2019-04-09 19:39:11.985] [sharedprocess] [info] Scanned user extensions: 21
[2019-04-09 19:41:35.627] [sharedprocess] [info] Scanned user extensions: 21
[2019-04-09 19:44:12.095] [sharedprocess] [info] Scanned user extensions: 21
[2019-04-09 19:46:35.720] [sharedprocess] [info] Scanned user extensions: 21
[2019-04-09 19:49:12.122] [sharedprocess] [info] Scanned user extensions: 21
[2019-04-09 19:51:35.800] [sharedprocess] [info] Scanned user extensions: 21
[2019-04-09 19:54:12.146] [sharedprocess] [info] Scanned user extensions: 21
[2019-04-09 19:56:35.907] [sharedprocess] [info] Scanned user extensions: 21
[2019-04-09 19:59:12.173] [sharedprocess] [info] Scanned user extensions: 21
[2019-04-09 20:01:36.010] [sharedprocess] [info] Scanned user extensions: 21
[2019-04-09 20:04:12.225] [sharedprocess] [info] Scanned user extensions: 21
[2019-04-09 20:06:36.066] [sharedprocess] [info] Scanned user extensions: 21
[2019-04-09 20:09:12.358] [sharedprocess] [info] Scanned user extensions: 21
[2019-04-09 20:11:36.090] [sharedprocess] [info] Scanned user extensions: 21
[2019-04-09 20:14:12.453] [sharedprocess] [info] Scanned user extensions: 21
[2019-04-09 20:16:36.112] [sharedprocess] [info] Scanned user extensions: 21
[2019-04-09 20:19:12.570] [sharedprocess] [info] Scanned user extensions: 21
[2019-04-09 20:21:36.134] [sharedprocess] [info] Scanned user extensions: 21
[2019-04-09 20:24:12.629] [sharedprocess] [info] Scanned user extensions: 21
[2019-04-09 20:26:36.162] [sharedprocess] [info] Scanned user extensions: 21
[2019-04-09 20:29:12.702] [sharedprocess] [info] Scanned user extensions: 21
[2019-04-09 20:31:36.232] [sharedprocess] [info] Scanned user extensions: 21
[2019-04-10 12:05:23.984] [sharedprocess] [info] Scanned user extensions: 21
[2019-04-10 12:07:47.469] [sharedprocess] [info] Scanned user extensions: 21
[2019-04-10 12:10:24.007] [sharedprocess] [info] Scanned user extensions: 21
[2019-04-10 12:12:47.492] [sharedprocess] [info] Scanned user extensions: 21
[2019-04-10 12:15:24.027] [sharedprocess] [info] Scanned user extensions: 21
[2019-04-10 12:17:47.511] [sharedprocess] [info] Scanned user extensions: 21
[2019-04-10 12:20:24.050] [sharedprocess] [info] Scanned user extensions: 21
[2019-04-10 12:22:47.529] [sharedprocess] [info] Scanned user extensions: 21
[2019-04-10 12:25:24.075] [sharedprocess] [info] Scanned user extensions: 21
[2019-04-10 12:27:47.546] [sharedprocess] [info] Scanned user extensions: 21
[2019-04-10 12:30:24.094] [sharedprocess] [info] Scanned user extensions: 21
[2019-04-10 12:32:47.563] [sharedprocess] [info] Scanned user extensions: 21
[2019-04-10 12:35:24.113] [sharedprocess] [info] Scanned user extensions: 21
[2019-04-10 12:37:47.580] [sharedprocess] [info] Scanned user extensions: 21
[2019-04-10 12:40:24.134] [sharedprocess] [info] Scanned user extensions: 21
[2019-04-10 12:42:47.601] [sharedprocess] [info] Scanned user extensions: 21
[2019-04-10 12:45:24.156] [sharedprocess] [info] Scanned user extensions: 21
[2019-04-10 12:47:47.620] [sharedprocess] [info] Scanned user extensions: 21
[2019-04-10 12:50:24.183] [sharedprocess] [info] Scanned user extensions: 21
[2019-04-10 12:52:47.662] [sharedprocess] [info] Scanned user extensions: 21
[2019-04-10 12:55:24.245] [sharedprocess] [info] Scanned user extensions: 21
[2019-04-10 12:57:47.699] [sharedprocess] [info] Scanned user extensions: 21
[2019-04-10 13:00:24.409] [sharedprocess] [info] Scanned user extensions: 21
[2019-04-10 13:02:47.763] [sharedprocess] [info] Scanned user extensions: 21
[2019-04-10 13:05:24.598] [sharedprocess] [info] Scanned user extensions: 21
[2019-04-10 13:07:47.839] [sharedprocess] [info] Scanned user extensions: 21
[2019-04-10 13:10:24.676] [sharedprocess] [info] Scanned user extensions: 21
[2019-04-10 13:12:47.882] [sharedprocess] [info] Scanned user extensions: 21
[2019-04-10 13:15:24.702] [sharedprocess] [info] Scanned user extensions: 21
[2019-04-10 13:17:47.909] [sharedprocess] [info] Scanned user extensions: 21
[2019-04-10 13:20:24.728] [sharedprocess] [info] Scanned user extensions: 21
[2019-04-10 13:22:47.937] [sharedprocess] [info] Scanned user extensions: 21
[2019-04-10 13:25:24.749] [sharedprocess] [info] Scanned user extensions: 21
[2019-04-10 13:27:47.965] [sharedprocess] [info] Scanned user extensions: 21
[2019-04-10 13:30:24.804] [sharedprocess] [info] Scanned user extensions: 21
[2019-04-10 13:32:47.984] [sharedprocess] [info] Scanned user extensions: 21
[2019-04-10 13:35:24.858] [sharedprocess] [info] Scanned user extensions: 21
[2019-04-10 13:37:48.015] [sharedprocess] [info] Scanned user extensions: 21
[2019-04-10 13:40:24.887] [sharedprocess] [info] Scanned user extensions: 21
[2019-04-10 13:42:48.037] [sharedprocess] [info] Scanned user extensions: 21
[2019-04-10 13:45:24.912] [sharedprocess] [info] Scanned user extensions: 21
[2019-04-10 13:47:48.059] [sharedprocess] [info] Scanned user extensions: 21
[2019-04-10 13:50:24.934] [sharedprocess] [info] Scanned user extensions: 21
[2019-04-10 13:52:48.108] [sharedprocess] [info] Scanned user extensions: 21
[2019-04-10 13:55:24.963] [sharedprocess] [info] Scanned user extensions: 21
[2019-04-10 13:57:48.135] [sharedprocess] [info] Scanned user extensions: 21
[2019-04-10 14:00:24.986] [sharedprocess] [info] Scanned user extensions: 21
[2019-04-10 14:02:48.165] [sharedprocess] [info] Scanned user extensions: 21
[2019-04-10 14:05:25.090] [sharedprocess] [info] Scanned user extensions: 21
[2019-04-10 14:07:48.196] [sharedprocess] [info] Scanned user extensions: 21
[2019-04-10 14:10:25.115] [sharedprocess] [info] Scanned user extensions: 21
[2019-04-10 14:12:48.223] [sharedprocess] [info] Scanned user extensions: 21
[2019-04-10 14:15:25.156] [sharedprocess] [info] Scanned user extensions: 21
[2019-04-10 14:17:48.263] [sharedprocess] [info] Scanned user extensions: 21
[2019-04-10 14:20:25.205] [sharedprocess] [info] Scanned user extensions: 21
[2019-04-10 14:22:48.290] [sharedprocess] [info] Scanned user extensions: 21
[2019-04-10 14:25:25.244] [sharedprocess] [info] Scanned user extensions: 21
[2019-04-10 14:27:48.306] [sharedprocess] [info] Scanned user extensions: 21
[2019-04-10 14:30:25.267] [sharedprocess] [info] Scanned user extensions: 21
[2019-04-10 14:32:48.324] [sharedprocess] [info] Scanned user extensions: 21
[2019-04-10 14:35:25.291] [sharedprocess] [info] Scanned user extensions: 21
[2019-04-10 14:37:48.343] [sharedprocess] [info] Scanned user extensions: 21
[2019-04-10 14:40:25.310] [sharedprocess] [info] Scanned user extensions: 21
[2019-04-10 14:41:12.077] [sharedprocess] [info] Scanned user extensions: 21
[2019-04-10 14:41:12.115] [sharedprocess] [info] Scanned system extensions: 72
[2019-04-10 14:42:48.369] [sharedprocess] [info] Scanned user extensions: 21
[2019-04-10 14:45:25.335] [sharedprocess] [info] Scanned user extensions: 21
[2019-04-10 14:47:48.400] [sharedprocess] [info] Scanned user extensions: 21
[2019-04-10 14:50:25.360] [sharedprocess] [info] Scanned user extensions: 21
[2019-04-10 14:52:48.436] [sharedprocess] [info] Scanned user extensions: 21
[2019-04-10 14:55:25.395] [sharedprocess] [info] Scanned user extensions: 21
[2019-04-10 14:57:48.461] [sharedprocess] [info] Scanned user extensions: 21
[2019-04-10 15:00:25.422] [sharedprocess] [info] Scanned user extensions: 21
[2019-04-10 15:02:48.483] [sharedprocess] [info] Scanned user extensions: 21
[2019-04-10 15:05:25.500] [sharedprocess] [info] Scanned user extensions: 21
[2019-04-10 15:07:48.505] [sharedprocess] [info] Scanned user extensions: 21
[2019-04-10 15:10:25.526] [sharedprocess] [info] Scanned user extensions: 21
[2019-04-10 15:12:48.528] [sharedprocess] [info] Scanned user extensions: 21
[2019-04-10 15:15:25.550] [sharedprocess] [info] Scanned user extensions: 21
[2019-04-10 15:17:48.565] [sharedprocess] [info] Scanned user extensions: 21
[2019-04-10 15:20:25.593] [sharedprocess] [info] Scanned user extensions: 21
[2019-04-10 15:22:48.594] [sharedprocess] [info] Scanned user extensions: 21
[2019-04-10 15:25:25.633] [sharedprocess] [info] Scanned user extensions: 21
[2019-04-10 15:27:48.617] [sharedprocess] [info] Scanned user extensions: 21
[2019-04-10 15:30:25.657] [sharedprocess] [info] Scanned user extensions: 21
[2019-04-10 15:32:48.642] [sharedprocess] [info] Scanned user extensions: 21
[2019-04-10 15:35:25.679] [sharedprocess] [info] Scanned user extensions: 21
[2019-04-10 15:37:48.669] [sharedprocess] [info] Scanned user extensions: 21
[2019-04-10 15:40:25.703] [sharedprocess] [info] Scanned user extensions: 21
[2019-04-10 15:42:48.692] [sharedprocess] [info] Scanned user extensions: 21
[2019-04-10 15:45:25.731] [sharedprocess] [info] Scanned user extensions: 21
[2019-04-10 15:50:25.777] [sharedprocess] [info] Scanned user extensions: 21
[2019-04-10 15:55:25.797] [sharedprocess] [info] Scanned user extensions: 21
[2019-04-10 16:00:25.822] [sharedprocess] [info] Scanned user extensions: 21
[2019-04-10 16:05:25.905] [sharedprocess] [info] Scanned user extensions: 21
[2019-04-10 16:10:25.950] [sharedprocess] [info] Scanned user extensions: 21
[2019-04-10 16:15:25.976] [sharedprocess] [info] Scanned user extensions: 21
[2019-04-10 16:20:26.004] [sharedprocess] [info] Scanned user extensions: 21
[2019-04-10 16:25:26.026] [sharedprocess] [info] Scanned user extensions: 21
[2019-04-10 16:30:26.052] [sharedprocess] [info] Scanned user extensions: 21
[2019-04-10 16:35:26.074] [sharedprocess] [info] Scanned user extensions: 21
[2019-04-10 16:40:26.095] [sharedprocess] [info] Scanned user extensions: 21
[2019-04-10 16:45:26.118] [sharedprocess] [info] Scanned user extensions: 21
[2019-04-10 16:50:26.147] [sharedprocess] [info] Scanned user extensions: 21
[2019-04-10 16:55:26.218] [sharedprocess] [info] Scanned user extensions: 21
[2019-04-10 17:00:26.239] [sharedprocess] [info] Scanned user extensions: 21
[2019-04-10 17:05:26.341] [sharedprocess] [info] Scanned user extensions: 21
[2019-04-10 17:10:26.372] [sharedprocess] [info] Scanned user extensions: 21
[2019-04-10 17:15:26.397] [sharedprocess] [info] Scanned user extensions: 21
[2019-04-10 17:20:26.424] [sharedprocess] [info] Scanned user extensions: 21
[2019-04-10 17:25:26.474] [sharedprocess] [info] Scanned user extensions: 21
[2019-04-10 17:30:26.499] [sharedprocess] [info] Scanned user extensions: 21
[2019-04-10 17:35:26.539] [sharedprocess] [info] Scanned user extensions: 21
[2019-04-10 17:40:26.564] [sharedprocess] [info] Scanned user extensions: 21
[2019-04-10 17:45:26.605] [sharedprocess] [info] Scanned user extensions: 21
[2019-04-10 17:50:26.630] [sharedprocess] [info] Scanned user extensions: 21
[2019-04-10 17:55:26.654] [sharedprocess] [info] Scanned user extensions: 21
[2019-04-10 18:00:26.673] [sharedprocess] [info] Scanned user extensions: 21
[2019-04-10 18:05:26.755] [sharedprocess] [info] Scanned user extensions: 21
[2019-04-10 18:10:26.777] [sharedprocess] [info] Scanned user extensions: 21
[2019-04-10 18:15:26.800] [sharedprocess] [info] Scanned user extensions: 21
[2019-04-10 18:20:26.818] [sharedprocess] [info] Scanned user extensions: 21
[2019-04-10 18:25:26.838] [sharedprocess] [info] Scanned user extensions: 21
[2019-04-10 18:30:26.859] [sharedprocess] [info] Scanned user extensions: 21
[2019-04-11 10:57:40.607] [sharedprocess] [info] Scanned user extensions: 21
[2019-04-11 11:02:41.274] [sharedprocess] [info] Scanned user extensions: 21
[2019-04-11 11:07:41.339] [sharedprocess] [info] Scanned user extensions: 21
[2019-04-11 11:12:41.361] [sharedprocess] [info] Scanned user extensions: 21
[2019-04-11 11:17:41.385] [sharedprocess] [info] Scanned user extensions: 21
[2019-04-11 11:22:41.413] [sharedprocess] [info] Scanned user extensions: 21
[2019-04-11 11:27:41.437] [sharedprocess] [info] Scanned user extensions: 21
[2019-04-11 11:32:41.462] [sharedprocess] [info] Scanned user extensions: 21
[2019-04-11 11:37:41.499] [sharedprocess] [info] Scanned user extensions: 21
[2019-04-11 11:42:41.537] [sharedprocess] [info] Scanned user extensions: 21
[2019-04-11 11:47:41.557] [sharedprocess] [info] Scanned user extensions: 21
[2019-04-11 11:52:41.578] [sharedprocess] [info] Scanned user extensions: 21
[2019-04-11 11:57:41.652] [sharedprocess] [info] Scanned user extensions: 21
[2019-04-11 12:02:41.679] [sharedprocess] [info] Scanned user extensions: 21
[2019-04-11 12:07:41.729] [sharedprocess] [info] Scanned user extensions: 21
[2019-04-11 12:12:41.756] [sharedprocess] [info] Scanned user extensions: 21
[2019-04-11 12:17:41.792] [sharedprocess] [info] Scanned user extensions: 21
[2019-04-11 12:22:41.816] [sharedprocess] [info] Scanned user extensions: 21
[2019-04-11 12:27:41.843] [sharedprocess] [info] Scanned user extensions: 21
[2019-04-11 12:32:41.871] [sharedprocess] [info] Scanned user extensions: 21
[2019-04-11 12:37:41.899] [sharedprocess] [info] Scanned user extensions: 21
[2019-04-11 12:42:41.926] [sharedprocess] [info] Scanned user extensions: 21
[2019-04-11 12:47:41.951] [sharedprocess] [info] Scanned user extensions: 21
[2019-04-11 12:52:41.978] [sharedprocess] [info] Scanned user extensions: 21
[2019-04-11 12:57:42.084] [sharedprocess] [info] Scanned user extensions: 21
[2019-04-11 13:02:42.104] [sharedprocess] [info] Scanned user extensions: 21
[2019-04-11 13:07:42.126] [sharedprocess] [info] Scanned user extensions: 21
[2019-04-11 13:12:42.147] [sharedprocess] [info] Scanned user extensions: 21
[2019-04-11 13:17:42.177] [sharedprocess] [info] Scanned user extensions: 21
[2019-04-11 13:22:42.199] [sharedprocess] [info] Scanned user extensions: 21
[2019-04-11 13:27:42.226] [sharedprocess] [info] Scanned user extensions: 21
[2019-04-11 13:32:42.246] [sharedprocess] [info] Scanned user extensions: 21
[2019-04-11 13:37:42.289] [sharedprocess] [info] Scanned user extensions: 21
[2019-04-11 13:42:42.311] [sharedprocess] [info] Scanned user extensions: 21
[2019-04-11 13:47:42.335] [sharedprocess] [info] Scanned user extensions: 21
[2019-04-11 13:52:42.359] [sharedprocess] [info] Scanned user extensions: 21
[2019-04-11 13:57:42.431] [sharedprocess] [info] Scanned user extensions: 21
[2019-04-11 14:02:42.454] [sharedprocess] [info] Scanned user extensions: 21
[2019-04-11 14:07:42.477] [sharedprocess] [info] Scanned user extensions: 21
[2019-04-11 14:12:42.573] [sharedprocess] [info] Scanned user extensions: 21
[2019-04-11 14:17:42.611] [sharedprocess] [info] Scanned user extensions: 21
[2019-04-11 14:22:42.633] [sharedprocess] [info] Scanned user extensions: 21
[2019-04-11 14:27:42.656] [sharedprocess] [info] Scanned user extensions: 21
[2019-04-11 14:32:42.677] [sharedprocess] [info] Scanned user extensions: 21
[2019-04-11 14:37:42.699] [sharedprocess] [info] Scanned user extensions: 21
[2019-04-11 14:42:42.718] [sharedprocess] [info] Scanned user extensions: 21
[2019-04-11 14:47:42.741] [sharedprocess] [info] Scanned user extensions: 21
[2019-04-11 14:52:42.766] [sharedprocess] [info] Scanned user extensions: 21
[2019-04-11 14:57:42.858] [sharedprocess] [info] Scanned user extensions: 21
[2019-04-11 15:02:42.881] [sharedprocess] [info] Scanned user extensions: 21
[2019-04-11 15:05:41.847] [sharedprocess] [info] Scanned user extensions: 21
[2019-04-11 15:05:41.868] [sharedprocess] [info] Scanned system extensions: 72
[2019-04-11 15:05:44.358] [sharedprocess] [info] Scanned user extensions: 21
[2019-04-11 15:07:04.819] [sharedprocess] [info] Scanned user extensions: 21
[2019-04-11 15:07:04.850] [sharedprocess] [info] Scanned system extensions: 72
[2019-04-11 15:07:07.365] [sharedprocess] [info] Scanned user extensions: 21
[2019-04-11 15:08:49.263] [sharedprocess] [info] Scanned user extensions: 21
[2019-04-11 15:08:49.277] [sharedprocess] [info] Scanned system extensions: 72
[2019-04-11 15:08:52.032] [sharedprocess] [info] Scanned user extensions: 21
[2019-04-11 15:11:53.359] [sharedprocess] [info] Scanned user extensions: 21
[2019-04-11 15:11:53.375] [sharedprocess] [info] Scanned system extensions: 72
[2019-04-11 15:11:55.975] [sharedprocess] [info] Scanned user extensions: 21
[2019-04-11 15:16:56.148] [sharedprocess] [info] Scanned user extensions: 21
[2019-04-11 15:21:56.177] [sharedprocess] [info] Scanned user extensions: 21
[2019-04-11 15:26:56.206] [sharedprocess] [info] Scanned user extensions: 21
[2019-04-11 15:31:56.233] [sharedprocess] [info] Scanned user extensions: 21
[2019-04-11 15:36:56.258] [sharedprocess] [info] Scanned user extensions: 21
[2019-04-11 15:41:56.278] [sharedprocess] [info] Scanned user extensions: 21
[2019-04-11 15:46:56.308] [sharedprocess] [info] Scanned user extensions: 21
[2019-04-11 15:51:56.331] [sharedprocess] [info] Scanned user extensions: 21
[2019-04-11 15:56:56.353] [sharedprocess] [info] Scanned user extensions: 21
[2019-04-11 16:01:56.426] [sharedprocess] [info] Scanned user extensions: 21
[2019-04-11 16:06:56.450] [sharedprocess] [info] Scanned user extensions: 21
[2019-04-11 16:11:56.473] [sharedprocess] [info] Scanned user extensions: 21
[2019-04-11 16:16:56.508] [sharedprocess] [info] Scanned user extensions: 21
[2019-04-11 16:21:56.561] [sharedprocess] [info] Scanned user extensions: 21
[2019-04-11 16:26:56.585] [sharedprocess] [info] Scanned user extensions: 21
[2019-04-11 16:31:56.630] [sharedprocess] [info] Scanned user extensions: 21
[2019-04-11 16:36:56.663] [sharedprocess] [info] Scanned user extensions: 21
[2019-04-11 16:41:56.688] [sharedprocess] [info] Scanned user extensions: 21
[2019-04-11 16:46:56.713] [sharedprocess] [info] Scanned user extensions: 21
[2019-04-11 16:51:56.733] [sharedprocess] [info] Scanned user extensions: 21
[2019-04-11 16:56:56.762] [sharedprocess] [info] Scanned user extensions: 21
[2019-04-11 17:01:56.838] [sharedprocess] [info] Scanned user extensions: 21
[2019-04-11 17:06:56.883] [sharedprocess] [info] Scanned user extensions: 21
[2019-04-11 17:11:56.914] [sharedprocess] [info] Scanned user extensions: 21
[2019-04-11 17:16:56.937] [sharedprocess] [info] Scanned user extensions: 21
[2019-04-11 17:21:56.960] [sharedprocess] [info] Scanned user extensions: 21
[2019-04-11 17:26:56.983] [sharedprocess] [info] Scanned user extensions: 21
[2019-04-11 17:31:57.018] [sharedprocess] [info] Scanned user extensions: 21
[2019-04-11 17:36:57.043] [sharedprocess] [info] Scanned user extensions: 21
[2019-04-11 17:41:57.065] [sharedprocess] [info] Scanned user extensions: 21
[2019-04-11 17:46:57.101] [sharedprocess] [info] Scanned user extensions: 21
[2019-04-11 17:51:57.205] [sharedprocess] [info] Scanned user extensions: 21
[2019-04-11 17:56:57.255] [sharedprocess] [info] Scanned user extensions: 21
[2019-04-11 18:01:57.385] [sharedprocess] [info] Scanned user extensions: 21
[2019-04-11 18:06:57.412] [sharedprocess] [info] Scanned user extensions: 21
[2019-04-11 18:11:57.443] [sharedprocess] [info] Scanned user extensions: 21
[2019-04-11 18:16:57.502] [sharedprocess] [info] Scanned user extensions: 21
[2019-04-11 18:21:57.543] [sharedprocess] [info] Scanned user extensions: 21
[2019-04-11 18:26:57.595] [sharedprocess] [info] Scanned user extensions: 21
[2019-04-11 18:31:57.614] [sharedprocess] [info] Scanned user extensions: 21
[2019-04-11 18:36:57.659] [sharedprocess] [info] Scanned user extensions: 21
[2019-04-11 18:41:57.684] [sharedprocess] [info] Scanned user extensions: 21
[2019-04-11 18:46:57.758] [sharedprocess] [info] Scanned user extensions: 21
[2019-04-11 18:51:57.914] [sharedprocess] [info] Scanned user extensions: 21
[2019-04-11 18:56:57.985] [sharedprocess] [info] Scanned user extensions: 21
[2019-04-11 19:01:58.151] [sharedprocess] [info] Scanned user extensions: 21
[2019-04-11 19:06:58.185] [sharedprocess] [info] Scanned user extensions: 21
[2019-04-11 19:11:58.295] [sharedprocess] [info] Scanned user extensions: 21
[2019-04-11 19:16:58.350] [sharedprocess] [info] Scanned user extensions: 21
[2019-04-11 19:21:58.469] [sharedprocess] [info] Scanned user extensions: 21
[2019-04-11 19:26:58.510] [sharedprocess] [info] Scanned user extensions: 21
[2019-04-11 19:31:58.573] [sharedprocess] [info] Scanned user extensions: 21
[2019-04-11 19:36:58.629] [sharedprocess] [info] Scanned user extensions: 21
[2019-04-11 19:41:58.663] [sharedprocess] [info] Scanned user extensions: 21
[2019-04-11 19:46:58.705] [sharedprocess] [info] Scanned user extensions: 21
[2019-04-11 19:51:58.756] [sharedprocess] [info] Scanned user extensions: 21
[2019-04-11 19:56:58.845] [sharedprocess] [info] Scanned user extensions: 21
[2019-04-11 20:01:58.956] [sharedprocess] [info] Scanned user extensions: 21
[2019-04-11 20:06:58.988] [sharedprocess] [info] Scanned user extensions: 21
[2019-04-11 20:11:59.016] [sharedprocess] [info] Scanned user extensions: 21
[2019-04-11 20:16:59.065] [sharedprocess] [info] Scanned user extensions: 21
[2019-04-11 20:21:59.090] [sharedprocess] [info] Scanned user extensions: 21
[2019-04-11 20:26:59.135] [sharedprocess] [info] Scanned user extensions: 21
[2019-04-11 20:31:59.240] [sharedprocess] [info] Scanned user extensions: 21
[2019-04-11 20:36:59.271] [sharedprocess] [info] Scanned user extensions: 21
[2019-04-11 20:41:59.329] [sharedprocess] [info] Scanned user extensions: 21
[2019-04-11 20:46:59.358] [sharedprocess] [info] Scanned user extensions: 21
[2019-04-11 20:51:59.382] [sharedprocess] [info] Scanned user extensions: 21
[2019-04-11 20:56:59.401] [sharedprocess] [info] Scanned user extensions: 21
[2019-04-11 21:01:59.525] [sharedprocess] [info] Scanned user extensions: 21
[2019-04-11 21:06:59.565] [sharedprocess] [info] Scanned user extensions: 21
[2019-04-11 21:11:59.624] [sharedprocess] [info] Scanned user extensions: 21
[2019-04-11 21:16:59.668] [sharedprocess] [info] Scanned user extensions: 21
[2019-04-11 21:21:59.716] [sharedprocess] [info] Scanned user extensions: 21
[2019-04-11 21:26:59.751] [sharedprocess] [info] Scanned user extensions: 21
[2019-04-11 21:31:59.798] [sharedprocess] [info] Scanned user extensions: 21
[2019-04-11 21:36:59.819] [sharedprocess] [info] Scanned user extensions: 21
[2019-04-12 09:47:23.990] [sharedprocess] [info] Scanned user extensions: 21
[2019-04-12 09:52:24.041] [sharedprocess] [info] Scanned user extensions: 21
[2019-04-12 09:57:24.064] [sharedprocess] [info] Scanned user extensions: 21
[2019-04-12 10:02:24.084] [sharedprocess] [info] Scanned user extensions: 21
[2019-04-12 10:07:24.109] [sharedprocess] [info] Scanned user extensions: 21
[2019-04-12 10:12:24.159] [sharedprocess] [info] Scanned user extensions: 21
[2019-04-12 10:17:24.185] [sharedprocess] [info] Scanned user extensions: 21
[2019-04-12 10:22:28.558] [sharedprocess] [info] Scanned user extensions: 21
[2019-04-12 10:27:28.622] [sharedprocess] [info] Scanned user extensions: 21
[2019-04-12 10:32:28.652] [sharedprocess] [info] Scanned user extensions: 21
[2019-04-12 10:37:28.700] [sharedprocess] [info] Scanned user extensions: 21
[2019-04-12 10:42:28.723] [sharedprocess] [info] Scanned user extensions: 21
[2019-04-12 10:47:28.861] [sharedprocess] [info] Scanned user extensions: 21
[2019-04-12 10:52:28.908] [sharedprocess] [info] Scanned user extensions: 21
[2019-04-12 10:57:28.932] [sharedprocess] [info] Scanned user extensions: 21
[2019-04-12 11:02:28.979] [sharedprocess] [info] Scanned user extensions: 21
[2019-04-12 11:07:29.019] [sharedprocess] [info] Scanned user extensions: 21
[2019-04-12 11:12:29.057] [sharedprocess] [info] Scanned user extensions: 21
[2019-04-12 11:17:29.087] [sharedprocess] [info] Scanned user extensions: 21
[2019-04-12 11:22:29.128] [sharedprocess] [info] Scanned user extensions: 21
[2019-04-12 11:27:29.184] [sharedprocess] [info] Scanned user extensions: 21
[2019-04-12 11:32:29.253] [sharedprocess] [info] Scanned user extensions: 21
[2019-04-12 11:37:29.338] [sharedprocess] [info] Scanned user extensions: 21
[2019-04-12 11:42:29.450] [sharedprocess] [info] Scanned user extensions: 21
[2019-04-12 11:47:29.655] [sharedprocess] [info] Scanned user extensions: 21
[2019-04-12 11:52:29.715] [sharedprocess] [info] Scanned user extensions: 21
[2019-04-12 11:57:29.738] [sharedprocess] [info] Scanned user extensions: 21
[2019-04-12 12:02:29.769] [sharedprocess] [info] Scanned user extensions: 21
[2019-04-12 12:07:29.851] [sharedprocess] [info] Scanned user extensions: 21
[2019-04-12 12:12:29.875] [sharedprocess] [info] Scanned user extensions: 21
[2019-04-12 12:17:29.928] [sharedprocess] [info] Scanned user extensions: 21
[2019-04-12 12:22:29.954] [sharedprocess] [info] Scanned user extensions: 21
[2019-04-12 12:27:30.005] [sharedprocess] [info] Scanned user extensions: 21
[2019-04-12 12:32:30.066] [sharedprocess] [info] Scanned user extensions: 21
[2019-04-12 12:37:30.104] [sharedprocess] [info] Scanned user extensions: 21
[2019-04-12 12:42:30.149] [sharedprocess] [info] Scanned user extensions: 21
[2019-04-12 12:47:30.278] [sharedprocess] [info] Scanned user extensions: 21
[2019-04-12 12:52:30.323] [sharedprocess] [info] Scanned user extensions: 21
[2019-04-12 12:57:30.369] [sharedprocess] [info] Scanned user extensions: 21
[2019-04-12 13:02:30.415] [sharedprocess] [info] Scanned user extensions: 21
[2019-04-12 13:07:30.434] [sharedprocess] [info] Scanned user extensions: 21
[2019-04-12 13:12:30.483] [sharedprocess] [info] Scanned user extensions: 21
[2019-04-12 13:17:30.507] [sharedprocess] [info] Scanned user extensions: 21
[2019-04-12 13:22:30.560] [sharedprocess] [info] Scanned user extensions: 21
[2019-04-12 13:27:30.607] [sharedprocess] [info] Scanned user extensions: 21
[2019-04-12 13:32:30.629] [sharedprocess] [info] Scanned user extensions: 21
[2019-04-12 13:37:30.648] [sharedprocess] [info] Scanned user extensions: 21
[2019-04-12 13:42:30.671] [sharedprocess] [info] Scanned user extensions: 21
[2019-04-12 13:47:30.772] [sharedprocess] [info] Scanned user extensions: 21
[2019-04-12 13:52:30.807] [sharedprocess] [info] Scanned user extensions: 21
[2019-04-12 13:57:30.838] [sharedprocess] [info] Scanned user extensions: 21
[2019-04-12 14:02:30.890] [sharedprocess] [info] Scanned user extensions: 21
[2019-04-12 14:07:30.938] [sharedprocess] [info] Scanned user extensions: 21
[2019-04-12 14:12:30.990] [sharedprocess] [info] Scanned user extensions: 21
[2019-04-12 14:17:31.015] [sharedprocess] [info] Scanned user extensions: 21
[2019-04-12 14:22:31.234] [sharedprocess] [info] Scanned user extensions: 21
[2019-04-12 14:27:31.315] [sharedprocess] [info] Scanned user extensions: 21
[2019-04-12 14:32:31.345] [sharedprocess] [info] Scanned user extensions: 21
[2019-04-12 14:37:31.406] [sharedprocess] [info] Scanned user extensions: 21
[2019-04-12 14:42:31.435] [sharedprocess] [info] Scanned user extensions: 21
[2019-04-12 14:47:31.516] [sharedprocess] [info] Scanned user extensions: 21
[2019-04-12 14:52:31.561] [sharedprocess] [info] Scanned user extensions: 21
[2019-04-12 14:57:31.588] [sharedprocess] [info] Scanned user extensions: 21
[2019-04-12 15:02:31.634] [sharedprocess] [info] Scanned user extensions: 21
[2019-04-12 15:07:31.661] [sharedprocess] [info] Scanned user extensions: 21
[2019-04-12 15:12:31.699] [sharedprocess] [info] Scanned user extensions: 21
[2019-04-12 15:17:31.740] [sharedprocess] [info] Scanned user extensions: 21
[2019-04-12 15:22:31.774] [sharedprocess] [info] Scanned user extensions: 21
[2019-04-12 15:27:31.820] [sharedprocess] [info] Scanned user extensions: 21
[2019-04-12 15:32:31.879] [sharedprocess] [info] Scanned user extensions: 21
[2019-04-12 15:37:31.909] [sharedprocess] [info] Scanned user extensions: 21
[2019-04-12 15:42:31.961] [sharedprocess] [info] Scanned user extensions: 21
[2019-04-12 15:47:32.057] [sharedprocess] [info] Scanned user extensions: 21
[2019-04-12 15:52:32.109] [sharedprocess] [info] Scanned user extensions: 21
[2019-04-12 15:57:32.129] [sharedprocess] [info] Scanned user extensions: 21
[2019-04-12 16:02:32.174] [sharedprocess] [info] Scanned user extensions: 21
[2019-04-12 16:07:32.219] [sharedprocess] [info] Scanned user extensions: 21
[2019-04-12 16:12:32.274] [sharedprocess] [info] Scanned user extensions: 21
[2019-04-12 16:17:32.316] [sharedprocess] [info] Scanned user extensions: 21
[2019-04-12 16:22:32.352] [sharedprocess] [info] Scanned user extensions: 21
[2019-04-12 16:27:32.403] [sharedprocess] [info] Scanned user extensions: 21
[2019-04-12 16:32:32.446] [sharedprocess] [info] Scanned user extensions: 21
[2019-04-12 16:37:32.494] [sharedprocess] [info] Scanned user extensions: 21
[2019-04-12 16:42:32.521] [sharedprocess] [info] Scanned user extensions: 21
[2019-04-12 16:47:32.651] [sharedprocess] [info] Scanned user extensions: 21
[2019-04-12 16:52:32.678] [sharedprocess] [info] Scanned user extensions: 21
[2019-04-12 16:57:32.704] [sharedprocess] [info] Scanned user extensions: 21
[2019-04-12 17:02:32.752] [sharedprocess] [info] Scanned user extensions: 21
[2019-04-12 17:07:32.777] [sharedprocess] [info] Scanned user extensions: 21
[2019-04-12 17:12:32.799] [sharedprocess] [info] Scanned user extensions: 21
[2019-04-12 17:17:32.850] [sharedprocess] [info] Scanned user extensions: 21
[2019-04-12 17:22:32.875] [sharedprocess] [info] Scanned user extensions: 21
[2019-04-12 17:27:32.915] [sharedprocess] [info] Scanned user extensions: 21
[2019-04-12 17:32:32.972] [sharedprocess] [info] Scanned user extensions: 21
[2019-04-12 17:37:33.000] [sharedprocess] [info] Scanned user extensions: 21
[2019-04-12 17:42:33.056] [sharedprocess] [info] Scanned user extensions: 21
[2019-04-12 17:47:33.162] [sharedprocess] [info] Scanned user extensions: 21
[2019-04-12 17:52:33.191] [sharedprocess] [info] Scanned user extensions: 21
[2019-04-12 17:57:33.222] [sharedprocess] [info] Scanned user extensions: 21
[2019-04-12 18:02:33.270] [sharedprocess] [info] Scanned user extensions: 21
[2019-04-12 18:07:33.301] [sharedprocess] [info] Scanned user extensions: 21
[2019-04-12 18:12:33.330] [sharedprocess] [info] Scanned user extensions: 21
[2019-04-12 18:17:33.357] [sharedprocess] [info] Scanned user extensions: 21
[2019-04-12 18:22:33.381] [sharedprocess] [info] Scanned user extensions: 21
[2019-04-12 18:27:33.443] [sharedprocess] [info] Scanned user extensions: 21
[2019-04-12 18:32:33.490] [sharedprocess] [info] Scanned user extensions: 21
[2019-04-12 18:37:33.561] [sharedprocess] [info] Scanned user extensions: 21
[2019-04-12 18:42:33.636] [sharedprocess] [info] Scanned user extensions: 21
[2019-04-12 18:47:33.779] [sharedprocess] [info] Scanned user extensions: 21
[2019-04-12 18:52:33.802] [sharedprocess] [info] Scanned user extensions: 21
[2019-04-12 18:57:33.823] [sharedprocess] [info] Scanned user extensions: 21
[2019-04-12 19:02:33.843] [sharedprocess] [info] Scanned user extensions: 21
[2019-04-12 19:07:33.891] [sharedprocess] [info] Scanned user extensions: 21
[2019-04-12 19:12:33.932] [sharedprocess] [info] Scanned user extensions: 21
[2019-04-12 19:17:33.956] [sharedprocess] [info] Scanned user extensions: 21
[2019-04-12 19:22:34.005] [sharedprocess] [info] Scanned user extensions: 21
[2019-04-12 19:27:34.031] [sharedprocess] [info] Scanned user extensions: 21
[2019-04-12 19:32:34.054] [sharedprocess] [info] Scanned user extensions: 21
[2019-04-12 19:37:34.104] [sharedprocess] [info] Scanned user extensions: 21
[2019-04-12 19:42:34.155] [sharedprocess] [info] Scanned user extensions: 21
[2019-04-12 19:47:34.260] [sharedprocess] [info] Scanned user extensions: 21
[2019-04-12 19:52:34.289] [sharedprocess] [info] Scanned user extensions: 21
[2019-04-12 19:57:34.337] [sharedprocess] [info] Scanned user extensions: 21
[2019-04-12 20:02:34.357] [sharedprocess] [info] Scanned user extensions: 21
[2019-04-12 20:07:34.412] [sharedprocess] [info] Scanned user extensions: 21
