[2019-04-29 10:32:23.494] [exthost] [info] extension host started
[2019-04-29 10:32:23.522] [exthost] [info] ExtensionService#_doActivateExtension vscode.debug-auto-launch {"startup":true,"activationEvent":"*"}
[2019-04-29 10:32:23.522] [exthost] [info] ExtensionService#loadCommonJSModule /opt/visual-studio-code/resources/app/extensions/debug-auto-launch/dist/extension
[2019-04-29 10:32:23.530] [exthost] [info] ExtensionService#_doActivateExtension vscode.emmet {"startup":true,"activationEvent":"*"}
[2019-04-29 10:32:23.530] [exthost] [info] ExtensionService#loadCommonJSModule /opt/visual-studio-code/resources/app/extensions/emmet/dist/extension
[2019-04-29 10:32:23.550] [exthost] [info] ExtensionService#_doActivateExtension vscode.git {"startup":true,"activationEvent":"*"}
[2019-04-29 10:32:23.550] [exthost] [info] ExtensionService#loadCommonJSModule /opt/visual-studio-code/resources/app/extensions/git/dist/main
[2019-04-29 10:32:23.668] [exthost] [info] ExtensionService#_doActivateExtension vscode.merge-conflict {"startup":true,"activationEvent":"*"}
[2019-04-29 10:32:23.668] [exthost] [info] ExtensionService#loadCommonJSModule /opt/visual-studio-code/resources/app/extensions/merge-conflict/dist/extension
[2019-04-29 10:32:23.677] [exthost] [info] ExtensionService#_doActivateExtension dbaeumer.vscode-eslint {"startup":true,"activationEvent":"*"}
[2019-04-29 10:32:23.677] [exthost] [info] ExtensionService#loadCommonJSModule /home/alex/.vscode/extensions/dbaeumer.vscode-eslint-1.8.2/client/out/extension
[2019-04-29 10:32:23.730] [exthost] [info] ExtensionService#_doActivateExtension HookyQR.beautify {"startup":true,"activationEvent":"*"}
[2019-04-29 10:32:23.730] [exthost] [info] ExtensionService#loadCommonJSModule /home/alex/.vscode/extensions/hookyqr.beautify-1.4.11/extension
[2019-04-29 10:32:23.853] [exthost] [info] ExtensionService#_doActivateExtension ms-vscode.atom-keybindings {"startup":true,"activationEvent":"*"}
[2019-04-29 10:32:23.853] [exthost] [info] ExtensionService#loadCommonJSModule /home/alex/.vscode/extensions/ms-vscode.atom-keybindings-3.0.6/extension
[2019-04-29 10:32:23.855] [exthost] [info] ExtensionService#_doActivateExtension naumovs.color-highlight {"startup":true,"activationEvent":"*"}
[2019-04-29 10:32:23.855] [exthost] [info] ExtensionService#loadCommonJSModule /home/alex/.vscode/extensions/naumovs.color-highlight-2.3.0/dist/extension
[2019-04-29 10:32:23.897] [exthost] [info] ExtensionService#_doActivateExtension vincaslt.highlight-matching-tag {"startup":true,"activationEvent":"*"}
[2019-04-29 10:32:23.897] [exthost] [info] ExtensionService#loadCommonJSModule /home/alex/.vscode/extensions/vincaslt.highlight-matching-tag-0.9.1/out/src/extension
[2019-04-29 10:32:23.912] [exthost] [info] ExtensionService#_doActivateExtension ms-vscode.cpptools {"startup":true,"activationEvent":"*"}
[2019-04-29 10:32:23.912] [exthost] [info] ExtensionService#loadCommonJSModule /home/alex/.vscode/extensions/ms-vscode.cpptools-0.22.1/out/src/main
[2019-04-29 10:32:24.139] [exthost] [info] ExtensionService#_doActivateExtension wix.glean {"startup":true,"activationEvent":"*"}
[2019-04-29 10:32:24.139] [exthost] [info] ExtensionService#loadCommonJSModule /home/alex/.vscode/extensions/wix.glean-4.10.2/out/extension
[2019-04-29 10:32:24.446] [exthost] [info] ExtensionService#_doActivateExtension vscode.typescript-language-features {"startup":false,"activationEvent":"onLanguage:javascriptreact"}
[2019-04-29 10:32:24.446] [exthost] [info] ExtensionService#loadCommonJSModule /opt/visual-studio-code/resources/app/extensions/typescript-language-features/dist/extension
[2019-04-29 10:32:24.728] [exthost] [info] ExtensionService#_doActivateExtension GitHub.vscode-pull-request-github {"startup":true,"activationEvent":"*"}
[2019-04-29 10:32:24.728] [exthost] [info] ExtensionService#loadCommonJSModule /home/alex/.vscode/extensions/github.vscode-pull-request-github-0.5.1/media/extension
[2019-04-29 10:32:24.968] [exthost] [info] ExtensionService#_doActivateExtension vsciot-vscode.vscode-arduino {"startup":true,"activationEvent":"*"}
[2019-04-29 10:32:24.968] [exthost] [info] ExtensionService#loadCommonJSModule /home/alex/.vscode/extensions/vsciot-vscode.vscode-arduino-0.2.25/out/src/extension
[2019-04-29 10:32:25.640] [exthost] [info] eager extensions activated
[2019-04-29 10:32:28.692] [exthost] [info] ExtensionService#_doActivateExtension vscode.extension-editing {"startup":false,"activationEvent":"onLanguage:typescript"}
[2019-04-29 10:32:28.692] [exthost] [info] ExtensionService#loadCommonJSModule /opt/visual-studio-code/resources/app/extensions/extension-editing/dist/extension
