[Info  - 2:03:01 PM] JavaScript Standard Style server is running.
[Info  - 2:03:01 PM] 
Failed to load the JavaScript Standard Style library for the document /home/alex/Projects/bot-messenger-webhook/app.js

To use JavaScript Standard Style please install JavaScript Standard Style by running 'npm install standard' in the workspace folder bot-messenger-webhook
or globally using 'npm install -g standard'. You need to reopen the workspace after installing JavaScript Standard Style.

Alternatively you can disable JavaScript Standard Style for the workspace folder bot-messenger-webhook by executing the 'Disable JavaScript Standard Style' command.
[Info  - 2:08:54 PM] 
Failed to load the JavaScript Standard Style library for the document /home/alex/Projects/bot-messenger-webhook/app.js

To use JavaScript Standard Style please install JavaScript Standard Style by running 'npm install standard' in the workspace folder bot-messenger-webhook
or globally using 'npm install -g standard'. You need to reopen the workspace after installing JavaScript Standard Style.

Alternatively you can disable JavaScript Standard Style for the workspace folder bot-messenger-webhook by executing the 'Disable JavaScript Standard Style' command.
[Info  - 2:09:36 PM] 
Failed to load the JavaScript Standard Style library for the document /home/alex/Projects/bot-messenger-webhook/app.js

To use JavaScript Standard Style please install JavaScript Standard Style by running 'npm install standard' in the workspace folder bot-messenger-webhook
or globally using 'npm install -g standard'. You need to reopen the workspace after installing JavaScript Standard Style.

Alternatively you can disable JavaScript Standard Style for the workspace folder bot-messenger-webhook by executing the 'Disable JavaScript Standard Style' command.
[Info  - 2:10:01 PM] 
Failed to load the JavaScript Standard Style library for the document /home/alex/Projects/bot-messenger-webhook/app.js

To use JavaScript Standard Style please install JavaScript Standard Style by running 'npm install standard' in the workspace folder bot-messenger-webhook
or globally using 'npm install -g standard'. You need to reopen the workspace after installing JavaScript Standard Style.

Alternatively you can disable JavaScript Standard Style for the workspace folder bot-messenger-webhook by executing the 'Disable JavaScript Standard Style' command.
[Info  - 2:10:06 PM] JavaScript Standard Style server stopped.
