Looking for git in: git
Using git 2.21.0 from git
> git rev-parse --show-toplevel
> git config --get commit.template
Open repository: /home/alex/Projects/optionizr_main
> git status -z -u
> git symbolic-ref --short HEAD
> git rev-parse AM_25_03_Fix_Zplintr
> git config --local -l
> git rev-parse --symbolic-full-name AM_25_03_Fix_Zplintr@{u}
fatal: no upstream configured for branch 'AM_25_03_Fix_Zplintr'
> git for-each-ref --format %(refname) %(objectname) --sort -committerdate
> git remote --verbose
> git status -z -u
> git symbolic-ref --short HEAD
> git rev-parse AM_25_03_Fix_Zplintr
> git rev-parse --symbolic-full-name AM_25_03_Fix_Zplintr@{u}
fatal: no upstream configured for branch 'AM_25_03_Fix_Zplintr'
> git for-each-ref --format %(refname) %(objectname) --sort -committerdate
> git remote --verbose
> git config --local branch.AM_25_03_Fix_Zplintr.github-pr-owner-number
> git check-ignore -z --stdin
> git config --local -l
> git status -z -u
> git symbolic-ref --short HEAD
> git rev-parse AM_25_03_Fix_Zplintr
> git rev-parse --symbolic-full-name AM_25_03_Fix_Zplintr@{u}
fatal: no upstream configured for branch 'AM_25_03_Fix_Zplintr'
> git for-each-ref --format %(refname) %(objectname) --sort -committerdate
> git remote --verbose
> git config --local branch.AM_25_03_Fix_Zplintr.github-pr-owner-number
> git config --local -l
> git status -z -u
> git symbolic-ref --short HEAD
> git rev-parse AM_25_03_Fix_Zplintr
> git rev-parse --symbolic-full-name AM_25_03_Fix_Zplintr@{u}
fatal: no upstream configured for branch 'AM_25_03_Fix_Zplintr'
> git for-each-ref --format %(refname) %(objectname) --sort -committerdate
> git remote --verbose
> git config --local branch.AM_25_03_Fix_Zplintr.github-pr-owner-number
