[2019-03-22 15:52:55.651] [exthost] [info] extension host started
[2019-03-22 15:52:55.666] [exthost] [info] ExtensionService#_doActivateExtension vscode.debug-auto-launch {"startup":true,"activationEvent":"*"}
[2019-03-22 15:52:55.666] [exthost] [info] ExtensionService#loadCommonJSModule /opt/visual-studio-code/resources/app/extensions/debug-auto-launch/dist/extension
[2019-03-22 15:52:55.668] [exthost] [info] ExtensionService#_doActivateExtension vscode.emmet {"startup":true,"activationEvent":"*"}
[2019-03-22 15:52:55.668] [exthost] [info] ExtensionService#loadCommonJSModule /opt/visual-studio-code/resources/app/extensions/emmet/dist/extension
[2019-03-22 15:52:55.673] [exthost] [info] ExtensionService#_doActivateExtension vscode.git {"startup":true,"activationEvent":"*"}
[2019-03-22 15:52:55.673] [exthost] [info] ExtensionService#loadCommonJSModule /opt/visual-studio-code/resources/app/extensions/git/dist/main
[2019-03-22 15:52:55.694] [exthost] [info] ExtensionService#_doActivateExtension vscode.merge-conflict {"startup":true,"activationEvent":"*"}
[2019-03-22 15:52:55.694] [exthost] [info] ExtensionService#loadCommonJSModule /opt/visual-studio-code/resources/app/extensions/merge-conflict/dist/extension
[2019-03-22 15:52:55.696] [exthost] [info] ExtensionService#_doActivateExtension chenxsan.vscode-standardjs {"startup":true,"activationEvent":"*"}
[2019-03-22 15:52:55.696] [exthost] [info] ExtensionService#loadCommonJSModule /home/alex/.vscode/extensions/chenxsan.vscode-standardjs-1.2.3/client/out/extension
[2019-03-22 15:52:55.723] [exthost] [info] ExtensionService#_doActivateExtension HookyQR.beautify {"startup":true,"activationEvent":"*"}
[2019-03-22 15:52:55.723] [exthost] [info] ExtensionService#loadCommonJSModule /home/alex/.vscode/extensions/hookyqr.beautify-1.4.11/extension
[2019-03-22 15:52:55.758] [exthost] [info] ExtensionService#_doActivateExtension ms-vscode.atom-keybindings {"startup":true,"activationEvent":"*"}
[2019-03-22 15:52:55.758] [exthost] [info] ExtensionService#loadCommonJSModule /home/alex/.vscode/extensions/ms-vscode.atom-keybindings-3.0.6/extension
[2019-03-22 15:52:55.759] [exthost] [info] ExtensionService#_doActivateExtension naumovs.color-highlight {"startup":true,"activationEvent":"*"}
[2019-03-22 15:52:55.759] [exthost] [info] ExtensionService#loadCommonJSModule /home/alex/.vscode/extensions/naumovs.color-highlight-2.3.0/dist/extension
[2019-03-22 15:52:55.768] [exthost] [info] ExtensionService#_doActivateExtension vincaslt.highlight-matching-tag {"startup":true,"activationEvent":"*"}
[2019-03-22 15:52:55.768] [exthost] [info] ExtensionService#loadCommonJSModule /home/alex/.vscode/extensions/vincaslt.highlight-matching-tag-0.8.6/out/src/extension
[2019-03-22 15:52:55.775] [exthost] [info] ExtensionService#_doActivateExtension ms-vscode.cpptools {"startup":true,"activationEvent":"*"}
[2019-03-22 15:52:55.775] [exthost] [info] ExtensionService#loadCommonJSModule /home/alex/.vscode/extensions/ms-vscode.cpptools-0.22.1/out/src/main
[2019-03-22 15:52:55.893] [exthost] [info] ExtensionService#_doActivateExtension wix.glean {"startup":true,"activationEvent":"*"}
[2019-03-22 15:52:55.893] [exthost] [info] ExtensionService#loadCommonJSModule /home/alex/.vscode/extensions/wix.glean-4.9.0/out/extension
[2019-03-22 15:52:56.073] [exthost] [info] eager extensions activated
[2019-03-22 15:52:56.109] [exthost] [info] ExtensionService#_doActivateExtension GitHub.vscode-pull-request-github {"startup":true,"activationEvent":"*"}
[2019-03-22 15:52:56.109] [exthost] [info] ExtensionService#loadCommonJSModule /home/alex/.vscode/extensions/github.vscode-pull-request-github-0.4.0/media/extension
[2019-03-22 15:52:56.158] [exthost] [info] ExtensionService#_doActivateExtension vsciot-vscode.vscode-arduino {"startup":true,"activationEvent":"*"}
[2019-03-22 15:52:56.158] [exthost] [info] ExtensionService#loadCommonJSModule /home/alex/.vscode/extensions/vsciot-vscode.vscode-arduino-0.2.25/out/src/extension
