[2019-03-25 14:11:22.062] [renderer1] [info] no standard startup: not just one text editor
[2019-03-25 14:11:35.755] [renderer1] [info] no standard startup: not a new window
[2019-03-25 14:11:35.772] [renderer1] [error] Cannot read property 'superClass' of undefined: TypeError: Cannot read property 'superClass' of undefined
	at isSupportedComponent (/home/alex/.vscode/extensions/wix.glean-4.9.0/out/modules/stateful-to-stateless.js:272:28)
	at Object.isStatefulComp (/home/alex/.vscode/extensions/wix.glean-4.9.0/out/modules/stateful-to-stateless.js:279:9)
	at CompleteActionProvider.provideCodeActions (/home/alex/.vscode/extensions/wix.glean-4.9.0/out/extension.js:39:37)
	at define.provideCodeActions.a.asPromise (/opt/visual-studio-code/resources/app/out/vs/workbench/services/extensions/node/extensionHostProcess.js:564:641)
	at t.asPromise.Promise (/opt/visual-studio-code/resources/app/out/vs/workbench/services/extensions/node/extensionHostProcess.js:48:58)
	at new Promise (<anonymous>)
	at Object.t.asPromise (/opt/visual-studio-code/resources/app/out/vs/workbench/services/extensions/node/extensionHostProcess.js:48:32)
	at I.provideCodeActions (/opt/visual-studio-code/resources/app/out/vs/workbench/services/extensions/node/extensionHostProcess.js:564:612)
	at define.$provideCodeActions._withAdapter.e (/opt/visual-studio-code/resources/app/out/vs/workbench/services/extensions/node/extensionHostProcess.js:580:417)
	at $._withAdapter (/opt/visual-studio-code/resources/app/out/vs/workbench/services/extensions/node/extensionHostProcess.js:575:502)
	at $provideCodeActions (/opt/visual-studio-code/resources/app/out/vs/workbench/services/extensions/node/extensionHostProcess.js:580:395)
	at h._doInvokeHandler (/opt/visual-studio-code/resources/app/out/vs/workbench/services/extensions/node/extensionHostProcess.js:593:118)
	at h._invokeHandler (/opt/visual-studio-code/resources/app/out/vs/workbench/services/extensions/node/extensionHostProcess.js:592:777)
	at h._receiveRequest (/opt/visual-studio-code/resources/app/out/vs/workbench/services/extensions/node/extensionHostProcess.js:591:383)
	at h._receiveOneMessage (/opt/visual-studio-code/resources/app/out/vs/workbench/services/extensions/node/extensionHostProcess.js:590:279)
	at define.constructor._protocol.onMessage.e (/opt/visual-studio-code/resources/app/out/vs/workbench/services/extensions/node/extensionHostProcess.js:588:565)
	at u.fire (/opt/visual-studio-code/resources/app/out/vs/workbench/services/extensions/node/extensionHostProcess.js:43:254)
	at e (/opt/visual-studio-code/resources/app/out/vs/workbench/services/extensions/node/extensionHostProcess.js:39:64)
	at u.fire (/opt/visual-studio-code/resources/app/out/vs/workbench/services/extensions/node/extensionHostProcess.js:43:254)
	at s (/opt/visual-studio-code/resources/app/out/vs/workbench/services/extensions/node/extensionHostProcess.js:168:754)
	at Socket.define.constructor._socketDataListener.e (/opt/visual-studio-code/resources/app/out/vs/workbench/services/extensions/node/extensionHostProcess.js:168:960)
	at Socket.emit (events.js:182:13)
	at addChunk (_stream_readable.js:279:12)
	at readableAddChunk (_stream_readable.js:264:11)
	at Socket.Readable.push (_stream_readable.js:219:10)
	at Pipe.onread (net.js:636:20)
[2019-03-25 14:11:38.818] [renderer1] [error] Cannot read property 'superClass' of undefined: TypeError: Cannot read property 'superClass' of undefined
	at isSupportedComponent (/home/alex/.vscode/extensions/wix.glean-4.9.0/out/modules/stateful-to-stateless.js:272:28)
	at Object.isStatefulComp (/home/alex/.vscode/extensions/wix.glean-4.9.0/out/modules/stateful-to-stateless.js:279:9)
	at CompleteActionProvider.provideCodeActions (/home/alex/.vscode/extensions/wix.glean-4.9.0/out/extension.js:39:37)
	at define.provideCodeActions.a.asPromise (/opt/visual-studio-code/resources/app/out/vs/workbench/services/extensions/node/extensionHostProcess.js:564:641)
	at t.asPromise.Promise (/opt/visual-studio-code/resources/app/out/vs/workbench/services/extensions/node/extensionHostProcess.js:48:58)
	at new Promise (<anonymous>)
	at Object.t.asPromise (/opt/visual-studio-code/resources/app/out/vs/workbench/services/extensions/node/extensionHostProcess.js:48:32)
	at I.provideCodeActions (/opt/visual-studio-code/resources/app/out/vs/workbench/services/extensions/node/extensionHostProcess.js:564:612)
	at define.$provideCodeActions._withAdapter.e (/opt/visual-studio-code/resources/app/out/vs/workbench/services/extensions/node/extensionHostProcess.js:580:417)
	at $._withAdapter (/opt/visual-studio-code/resources/app/out/vs/workbench/services/extensions/node/extensionHostProcess.js:575:502)
	at $provideCodeActions (/opt/visual-studio-code/resources/app/out/vs/workbench/services/extensions/node/extensionHostProcess.js:580:395)
	at h._doInvokeHandler (/opt/visual-studio-code/resources/app/out/vs/workbench/services/extensions/node/extensionHostProcess.js:593:118)
	at h._invokeHandler (/opt/visual-studio-code/resources/app/out/vs/workbench/services/extensions/node/extensionHostProcess.js:592:777)
	at h._receiveRequest (/opt/visual-studio-code/resources/app/out/vs/workbench/services/extensions/node/extensionHostProcess.js:591:383)
	at h._receiveOneMessage (/opt/visual-studio-code/resources/app/out/vs/workbench/services/extensions/node/extensionHostProcess.js:590:279)
	at define.constructor._protocol.onMessage.e (/opt/visual-studio-code/resources/app/out/vs/workbench/services/extensions/node/extensionHostProcess.js:588:565)
	at u.fire (/opt/visual-studio-code/resources/app/out/vs/workbench/services/extensions/node/extensionHostProcess.js:43:254)
	at e (/opt/visual-studio-code/resources/app/out/vs/workbench/services/extensions/node/extensionHostProcess.js:39:64)
	at u.fire (/opt/visual-studio-code/resources/app/out/vs/workbench/services/extensions/node/extensionHostProcess.js:43:254)
	at s (/opt/visual-studio-code/resources/app/out/vs/workbench/services/extensions/node/extensionHostProcess.js:168:754)
	at Socket.define.constructor._socketDataListener.e (/opt/visual-studio-code/resources/app/out/vs/workbench/services/extensions/node/extensionHostProcess.js:168:960)
	at Socket.emit (events.js:182:13)
	at addChunk (_stream_readable.js:279:12)
	at readableAddChunk (_stream_readable.js:264:11)
	at Socket.Readable.push (_stream_readable.js:219:10)
	at Pipe.onread (net.js:636:20)
[2019-03-25 14:12:22.131] [renderer1] [error] Cannot read property 'superClass' of undefined: TypeError: Cannot read property 'superClass' of undefined
	at isSupportedComponent (/home/alex/.vscode/extensions/wix.glean-4.9.0/out/modules/stateful-to-stateless.js:272:28)
	at Object.isStatefulComp (/home/alex/.vscode/extensions/wix.glean-4.9.0/out/modules/stateful-to-stateless.js:279:9)
	at CompleteActionProvider.provideCodeActions (/home/alex/.vscode/extensions/wix.glean-4.9.0/out/extension.js:39:37)
	at define.provideCodeActions.a.asPromise (/opt/visual-studio-code/resources/app/out/vs/workbench/services/extensions/node/extensionHostProcess.js:564:641)
	at t.asPromise.Promise (/opt/visual-studio-code/resources/app/out/vs/workbench/services/extensions/node/extensionHostProcess.js:48:58)
	at new Promise (<anonymous>)
	at Object.t.asPromise (/opt/visual-studio-code/resources/app/out/vs/workbench/services/extensions/node/extensionHostProcess.js:48:32)
	at I.provideCodeActions (/opt/visual-studio-code/resources/app/out/vs/workbench/services/extensions/node/extensionHostProcess.js:564:612)
	at define.$provideCodeActions._withAdapter.e (/opt/visual-studio-code/resources/app/out/vs/workbench/services/extensions/node/extensionHostProcess.js:580:417)
	at $._withAdapter (/opt/visual-studio-code/resources/app/out/vs/workbench/services/extensions/node/extensionHostProcess.js:575:502)
	at $provideCodeActions (/opt/visual-studio-code/resources/app/out/vs/workbench/services/extensions/node/extensionHostProcess.js:580:395)
	at h._doInvokeHandler (/opt/visual-studio-code/resources/app/out/vs/workbench/services/extensions/node/extensionHostProcess.js:593:118)
	at h._invokeHandler (/opt/visual-studio-code/resources/app/out/vs/workbench/services/extensions/node/extensionHostProcess.js:592:777)
	at h._receiveRequest (/opt/visual-studio-code/resources/app/out/vs/workbench/services/extensions/node/extensionHostProcess.js:591:383)
	at h._receiveOneMessage (/opt/visual-studio-code/resources/app/out/vs/workbench/services/extensions/node/extensionHostProcess.js:590:279)
	at define.constructor._protocol.onMessage.e (/opt/visual-studio-code/resources/app/out/vs/workbench/services/extensions/node/extensionHostProcess.js:588:565)
	at u.fire (/opt/visual-studio-code/resources/app/out/vs/workbench/services/extensions/node/extensionHostProcess.js:43:254)
	at e (/opt/visual-studio-code/resources/app/out/vs/workbench/services/extensions/node/extensionHostProcess.js:39:64)
	at u.fire (/opt/visual-studio-code/resources/app/out/vs/workbench/services/extensions/node/extensionHostProcess.js:43:254)
	at s (/opt/visual-studio-code/resources/app/out/vs/workbench/services/extensions/node/extensionHostProcess.js:168:754)
	at Socket.define.constructor._socketDataListener.e (/opt/visual-studio-code/resources/app/out/vs/workbench/services/extensions/node/extensionHostProcess.js:168:960)
	at Socket.emit (events.js:182:13)
	at addChunk (_stream_readable.js:279:12)
	at readableAddChunk (_stream_readable.js:264:11)
	at Socket.Readable.push (_stream_readable.js:219:10)
	at Pipe.onread (net.js:636:20)
[2019-03-25 14:14:01.986] [renderer1] [info] no standard startup: not a new window
[2019-03-25 14:14:02.285] [renderer1] [error] Cannot read property 'superClass' of undefined: TypeError: Cannot read property 'superClass' of undefined
	at isSupportedComponent (/home/alex/.vscode/extensions/wix.glean-4.9.0/out/modules/stateful-to-stateless.js:272:28)
	at Object.isStatefulComp (/home/alex/.vscode/extensions/wix.glean-4.9.0/out/modules/stateful-to-stateless.js:279:9)
	at CompleteActionProvider.provideCodeActions (/home/alex/.vscode/extensions/wix.glean-4.9.0/out/extension.js:39:37)
	at define.provideCodeActions.a.asPromise (/opt/visual-studio-code/resources/app/out/vs/workbench/services/extensions/node/extensionHostProcess.js:564:641)
	at t.asPromise.Promise (/opt/visual-studio-code/resources/app/out/vs/workbench/services/extensions/node/extensionHostProcess.js:48:58)
	at new Promise (<anonymous>)
	at Object.t.asPromise (/opt/visual-studio-code/resources/app/out/vs/workbench/services/extensions/node/extensionHostProcess.js:48:32)
	at I.provideCodeActions (/opt/visual-studio-code/resources/app/out/vs/workbench/services/extensions/node/extensionHostProcess.js:564:612)
	at define.$provideCodeActions._withAdapter.e (/opt/visual-studio-code/resources/app/out/vs/workbench/services/extensions/node/extensionHostProcess.js:580:417)
	at $._withAdapter (/opt/visual-studio-code/resources/app/out/vs/workbench/services/extensions/node/extensionHostProcess.js:575:502)
	at $provideCodeActions (/opt/visual-studio-code/resources/app/out/vs/workbench/services/extensions/node/extensionHostProcess.js:580:395)
	at h._doInvokeHandler (/opt/visual-studio-code/resources/app/out/vs/workbench/services/extensions/node/extensionHostProcess.js:593:118)
	at h._invokeHandler (/opt/visual-studio-code/resources/app/out/vs/workbench/services/extensions/node/extensionHostProcess.js:592:777)
	at h._receiveRequest (/opt/visual-studio-code/resources/app/out/vs/workbench/services/extensions/node/extensionHostProcess.js:591:383)
	at h._receiveOneMessage (/opt/visual-studio-code/resources/app/out/vs/workbench/services/extensions/node/extensionHostProcess.js:590:279)
	at define.constructor._protocol.onMessage.e (/opt/visual-studio-code/resources/app/out/vs/workbench/services/extensions/node/extensionHostProcess.js:588:565)
	at u.fire (/opt/visual-studio-code/resources/app/out/vs/workbench/services/extensions/node/extensionHostProcess.js:43:254)
	at e (/opt/visual-studio-code/resources/app/out/vs/workbench/services/extensions/node/extensionHostProcess.js:39:64)
	at u.fire (/opt/visual-studio-code/resources/app/out/vs/workbench/services/extensions/node/extensionHostProcess.js:43:254)
	at s (/opt/visual-studio-code/resources/app/out/vs/workbench/services/extensions/node/extensionHostProcess.js:168:754)
	at Socket.define.constructor._socketDataListener.e (/opt/visual-studio-code/resources/app/out/vs/workbench/services/extensions/node/extensionHostProcess.js:168:960)
	at Socket.emit (events.js:182:13)
	at addChunk (_stream_readable.js:279:12)
	at readableAddChunk (_stream_readable.js:264:11)
	at Socket.Readable.push (_stream_readable.js:219:10)
	at Pipe.onread (net.js:636:20)
[2019-03-25 14:14:05.238] [renderer1] [error] Cannot read property 'superClass' of undefined: TypeError: Cannot read property 'superClass' of undefined
	at isSupportedComponent (/home/alex/.vscode/extensions/wix.glean-4.9.0/out/modules/stateful-to-stateless.js:272:28)
	at Object.isStatefulComp (/home/alex/.vscode/extensions/wix.glean-4.9.0/out/modules/stateful-to-stateless.js:279:9)
	at CompleteActionProvider.provideCodeActions (/home/alex/.vscode/extensions/wix.glean-4.9.0/out/extension.js:39:37)
	at define.provideCodeActions.a.asPromise (/opt/visual-studio-code/resources/app/out/vs/workbench/services/extensions/node/extensionHostProcess.js:564:641)
	at t.asPromise.Promise (/opt/visual-studio-code/resources/app/out/vs/workbench/services/extensions/node/extensionHostProcess.js:48:58)
	at new Promise (<anonymous>)
	at Object.t.asPromise (/opt/visual-studio-code/resources/app/out/vs/workbench/services/extensions/node/extensionHostProcess.js:48:32)
	at I.provideCodeActions (/opt/visual-studio-code/resources/app/out/vs/workbench/services/extensions/node/extensionHostProcess.js:564:612)
	at define.$provideCodeActions._withAdapter.e (/opt/visual-studio-code/resources/app/out/vs/workbench/services/extensions/node/extensionHostProcess.js:580:417)
	at $._withAdapter (/opt/visual-studio-code/resources/app/out/vs/workbench/services/extensions/node/extensionHostProcess.js:575:502)
	at $provideCodeActions (/opt/visual-studio-code/resources/app/out/vs/workbench/services/extensions/node/extensionHostProcess.js:580:395)
	at h._doInvokeHandler (/opt/visual-studio-code/resources/app/out/vs/workbench/services/extensions/node/extensionHostProcess.js:593:118)
	at h._invokeHandler (/opt/visual-studio-code/resources/app/out/vs/workbench/services/extensions/node/extensionHostProcess.js:592:777)
	at h._receiveRequest (/opt/visual-studio-code/resources/app/out/vs/workbench/services/extensions/node/extensionHostProcess.js:591:383)
	at h._receiveOneMessage (/opt/visual-studio-code/resources/app/out/vs/workbench/services/extensions/node/extensionHostProcess.js:590:279)
	at define.constructor._protocol.onMessage.e (/opt/visual-studio-code/resources/app/out/vs/workbench/services/extensions/node/extensionHostProcess.js:588:565)
	at u.fire (/opt/visual-studio-code/resources/app/out/vs/workbench/services/extensions/node/extensionHostProcess.js:43:254)
	at e (/opt/visual-studio-code/resources/app/out/vs/workbench/services/extensions/node/extensionHostProcess.js:39:64)
	at u.fire (/opt/visual-studio-code/resources/app/out/vs/workbench/services/extensions/node/extensionHostProcess.js:43:254)
	at s (/opt/visual-studio-code/resources/app/out/vs/workbench/services/extensions/node/extensionHostProcess.js:168:754)
	at Socket.define.constructor._socketDataListener.e (/opt/visual-studio-code/resources/app/out/vs/workbench/services/extensions/node/extensionHostProcess.js:168:960)
	at Socket.emit (events.js:182:13)
	at addChunk (_stream_readable.js:279:12)
	at readableAddChunk (_stream_readable.js:264:11)
	at Socket.Readable.push (_stream_readable.js:219:10)
	at Pipe.onread (net.js:636:20)
[2019-03-25 14:15:12.813] [renderer1] [info] no standard startup: not a new window
[2019-03-25 14:15:13.014] [renderer1] [error] Cannot read property 'superClass' of undefined: TypeError: Cannot read property 'superClass' of undefined
	at isSupportedComponent (/home/alex/.vscode/extensions/wix.glean-4.9.0/out/modules/stateful-to-stateless.js:272:28)
	at Object.isStatefulComp (/home/alex/.vscode/extensions/wix.glean-4.9.0/out/modules/stateful-to-stateless.js:279:9)
	at CompleteActionProvider.provideCodeActions (/home/alex/.vscode/extensions/wix.glean-4.9.0/out/extension.js:39:37)
	at define.provideCodeActions.a.asPromise (/opt/visual-studio-code/resources/app/out/vs/workbench/services/extensions/node/extensionHostProcess.js:564:641)
	at t.asPromise.Promise (/opt/visual-studio-code/resources/app/out/vs/workbench/services/extensions/node/extensionHostProcess.js:48:58)
	at new Promise (<anonymous>)
	at Object.t.asPromise (/opt/visual-studio-code/resources/app/out/vs/workbench/services/extensions/node/extensionHostProcess.js:48:32)
	at I.provideCodeActions (/opt/visual-studio-code/resources/app/out/vs/workbench/services/extensions/node/extensionHostProcess.js:564:612)
	at define.$provideCodeActions._withAdapter.e (/opt/visual-studio-code/resources/app/out/vs/workbench/services/extensions/node/extensionHostProcess.js:580:417)
	at $._withAdapter (/opt/visual-studio-code/resources/app/out/vs/workbench/services/extensions/node/extensionHostProcess.js:575:502)
	at $provideCodeActions (/opt/visual-studio-code/resources/app/out/vs/workbench/services/extensions/node/extensionHostProcess.js:580:395)
	at h._doInvokeHandler (/opt/visual-studio-code/resources/app/out/vs/workbench/services/extensions/node/extensionHostProcess.js:593:118)
	at h._invokeHandler (/opt/visual-studio-code/resources/app/out/vs/workbench/services/extensions/node/extensionHostProcess.js:592:777)
	at h._receiveRequest (/opt/visual-studio-code/resources/app/out/vs/workbench/services/extensions/node/extensionHostProcess.js:591:383)
	at h._receiveOneMessage (/opt/visual-studio-code/resources/app/out/vs/workbench/services/extensions/node/extensionHostProcess.js:590:279)
	at define.constructor._protocol.onMessage.e (/opt/visual-studio-code/resources/app/out/vs/workbench/services/extensions/node/extensionHostProcess.js:588:565)
	at u.fire (/opt/visual-studio-code/resources/app/out/vs/workbench/services/extensions/node/extensionHostProcess.js:43:254)
	at e (/opt/visual-studio-code/resources/app/out/vs/workbench/services/extensions/node/extensionHostProcess.js:39:64)
	at u.fire (/opt/visual-studio-code/resources/app/out/vs/workbench/services/extensions/node/extensionHostProcess.js:43:254)
	at s (/opt/visual-studio-code/resources/app/out/vs/workbench/services/extensions/node/extensionHostProcess.js:168:754)
	at Socket.define.constructor._socketDataListener.e (/opt/visual-studio-code/resources/app/out/vs/workbench/services/extensions/node/extensionHostProcess.js:168:960)
	at Socket.emit (events.js:182:13)
	at addChunk (_stream_readable.js:279:12)
	at readableAddChunk (_stream_readable.js:264:11)
	at Socket.Readable.push (_stream_readable.js:219:10)
	at Pipe.onread (net.js:636:20)
[2019-03-25 14:15:15.763] [renderer1] [error] Cannot read property 'superClass' of undefined: TypeError: Cannot read property 'superClass' of undefined
	at isSupportedComponent (/home/alex/.vscode/extensions/wix.glean-4.9.0/out/modules/stateful-to-stateless.js:272:28)
	at Object.isStatefulComp (/home/alex/.vscode/extensions/wix.glean-4.9.0/out/modules/stateful-to-stateless.js:279:9)
	at CompleteActionProvider.provideCodeActions (/home/alex/.vscode/extensions/wix.glean-4.9.0/out/extension.js:39:37)
	at define.provideCodeActions.a.asPromise (/opt/visual-studio-code/resources/app/out/vs/workbench/services/extensions/node/extensionHostProcess.js:564:641)
	at t.asPromise.Promise (/opt/visual-studio-code/resources/app/out/vs/workbench/services/extensions/node/extensionHostProcess.js:48:58)
	at new Promise (<anonymous>)
	at Object.t.asPromise (/opt/visual-studio-code/resources/app/out/vs/workbench/services/extensions/node/extensionHostProcess.js:48:32)
	at I.provideCodeActions (/opt/visual-studio-code/resources/app/out/vs/workbench/services/extensions/node/extensionHostProcess.js:564:612)
	at define.$provideCodeActions._withAdapter.e (/opt/visual-studio-code/resources/app/out/vs/workbench/services/extensions/node/extensionHostProcess.js:580:417)
	at $._withAdapter (/opt/visual-studio-code/resources/app/out/vs/workbench/services/extensions/node/extensionHostProcess.js:575:502)
	at $provideCodeActions (/opt/visual-studio-code/resources/app/out/vs/workbench/services/extensions/node/extensionHostProcess.js:580:395)
	at h._doInvokeHandler (/opt/visual-studio-code/resources/app/out/vs/workbench/services/extensions/node/extensionHostProcess.js:593:118)
	at h._invokeHandler (/opt/visual-studio-code/resources/app/out/vs/workbench/services/extensions/node/extensionHostProcess.js:592:777)
	at h._receiveRequest (/opt/visual-studio-code/resources/app/out/vs/workbench/services/extensions/node/extensionHostProcess.js:591:383)
	at h._receiveOneMessage (/opt/visual-studio-code/resources/app/out/vs/workbench/services/extensions/node/extensionHostProcess.js:590:279)
	at define.constructor._protocol.onMessage.e (/opt/visual-studio-code/resources/app/out/vs/workbench/services/extensions/node/extensionHostProcess.js:588:565)
	at u.fire (/opt/visual-studio-code/resources/app/out/vs/workbench/services/extensions/node/extensionHostProcess.js:43:254)
	at e (/opt/visual-studio-code/resources/app/out/vs/workbench/services/extensions/node/extensionHostProcess.js:39:64)
	at u.fire (/opt/visual-studio-code/resources/app/out/vs/workbench/services/extensions/node/extensionHostProcess.js:43:254)
	at s (/opt/visual-studio-code/resources/app/out/vs/workbench/services/extensions/node/extensionHostProcess.js:168:754)
	at Socket.define.constructor._socketDataListener.e (/opt/visual-studio-code/resources/app/out/vs/workbench/services/extensions/node/extensionHostProcess.js:168:960)
	at Socket.emit (events.js:182:13)
	at addChunk (_stream_readable.js:279:12)
	at readableAddChunk (_stream_readable.js:264:11)
	at Socket.Readable.push (_stream_readable.js:219:10)
	at Pipe.onread (net.js:636:20)
[2019-03-25 14:15:20.401] [renderer1] [error] Cannot read property 'superClass' of undefined: TypeError: Cannot read property 'superClass' of undefined
	at isSupportedComponent (/home/alex/.vscode/extensions/wix.glean-4.9.0/out/modules/stateful-to-stateless.js:272:28)
	at Object.isStatefulComp (/home/alex/.vscode/extensions/wix.glean-4.9.0/out/modules/stateful-to-stateless.js:279:9)
	at CompleteActionProvider.provideCodeActions (/home/alex/.vscode/extensions/wix.glean-4.9.0/out/extension.js:39:37)
	at define.provideCodeActions.a.asPromise (/opt/visual-studio-code/resources/app/out/vs/workbench/services/extensions/node/extensionHostProcess.js:564:641)
	at t.asPromise.Promise (/opt/visual-studio-code/resources/app/out/vs/workbench/services/extensions/node/extensionHostProcess.js:48:58)
	at new Promise (<anonymous>)
	at Object.t.asPromise (/opt/visual-studio-code/resources/app/out/vs/workbench/services/extensions/node/extensionHostProcess.js:48:32)
	at I.provideCodeActions (/opt/visual-studio-code/resources/app/out/vs/workbench/services/extensions/node/extensionHostProcess.js:564:612)
	at define.$provideCodeActions._withAdapter.e (/opt/visual-studio-code/resources/app/out/vs/workbench/services/extensions/node/extensionHostProcess.js:580:417)
	at $._withAdapter (/opt/visual-studio-code/resources/app/out/vs/workbench/services/extensions/node/extensionHostProcess.js:575:502)
	at $provideCodeActions (/opt/visual-studio-code/resources/app/out/vs/workbench/services/extensions/node/extensionHostProcess.js:580:395)
	at h._doInvokeHandler (/opt/visual-studio-code/resources/app/out/vs/workbench/services/extensions/node/extensionHostProcess.js:593:118)
	at h._invokeHandler (/opt/visual-studio-code/resources/app/out/vs/workbench/services/extensions/node/extensionHostProcess.js:592:777)
	at h._receiveRequest (/opt/visual-studio-code/resources/app/out/vs/workbench/services/extensions/node/extensionHostProcess.js:591:383)
	at h._receiveOneMessage (/opt/visual-studio-code/resources/app/out/vs/workbench/services/extensions/node/extensionHostProcess.js:590:279)
	at define.constructor._protocol.onMessage.e (/opt/visual-studio-code/resources/app/out/vs/workbench/services/extensions/node/extensionHostProcess.js:588:565)
	at u.fire (/opt/visual-studio-code/resources/app/out/vs/workbench/services/extensions/node/extensionHostProcess.js:43:254)
	at e (/opt/visual-studio-code/resources/app/out/vs/workbench/services/extensions/node/extensionHostProcess.js:39:64)
	at u.fire (/opt/visual-studio-code/resources/app/out/vs/workbench/services/extensions/node/extensionHostProcess.js:43:254)
	at s (/opt/visual-studio-code/resources/app/out/vs/workbench/services/extensions/node/extensionHostProcess.js:168:754)
	at Socket.define.constructor._socketDataListener.e (/opt/visual-studio-code/resources/app/out/vs/workbench/services/extensions/node/extensionHostProcess.js:168:960)
	at Socket.emit (events.js:182:13)
	at addChunk (_stream_readable.js:279:12)
	at readableAddChunk (_stream_readable.js:264:11)
	at Socket.Readable.push (_stream_readable.js:219:10)
	at Pipe.onread (net.js:636:20)
[2019-03-25 14:15:24.284] [renderer1] [error] Cannot read property 'superClass' of undefined: TypeError: Cannot read property 'superClass' of undefined
	at isSupportedComponent (/home/alex/.vscode/extensions/wix.glean-4.9.0/out/modules/stateful-to-stateless.js:272:28)
	at Object.isStatefulComp (/home/alex/.vscode/extensions/wix.glean-4.9.0/out/modules/stateful-to-stateless.js:279:9)
	at CompleteActionProvider.provideCodeActions (/home/alex/.vscode/extensions/wix.glean-4.9.0/out/extension.js:39:37)
	at define.provideCodeActions.a.asPromise (/opt/visual-studio-code/resources/app/out/vs/workbench/services/extensions/node/extensionHostProcess.js:564:641)
	at t.asPromise.Promise (/opt/visual-studio-code/resources/app/out/vs/workbench/services/extensions/node/extensionHostProcess.js:48:58)
	at new Promise (<anonymous>)
	at Object.t.asPromise (/opt/visual-studio-code/resources/app/out/vs/workbench/services/extensions/node/extensionHostProcess.js:48:32)
	at I.provideCodeActions (/opt/visual-studio-code/resources/app/out/vs/workbench/services/extensions/node/extensionHostProcess.js:564:612)
	at define.$provideCodeActions._withAdapter.e (/opt/visual-studio-code/resources/app/out/vs/workbench/services/extensions/node/extensionHostProcess.js:580:417)
	at $._withAdapter (/opt/visual-studio-code/resources/app/out/vs/workbench/services/extensions/node/extensionHostProcess.js:575:502)
	at $provideCodeActions (/opt/visual-studio-code/resources/app/out/vs/workbench/services/extensions/node/extensionHostProcess.js:580:395)
	at h._doInvokeHandler (/opt/visual-studio-code/resources/app/out/vs/workbench/services/extensions/node/extensionHostProcess.js:593:118)
	at h._invokeHandler (/opt/visual-studio-code/resources/app/out/vs/workbench/services/extensions/node/extensionHostProcess.js:592:777)
	at h._receiveRequest (/opt/visual-studio-code/resources/app/out/vs/workbench/services/extensions/node/extensionHostProcess.js:591:383)
	at h._receiveOneMessage (/opt/visual-studio-code/resources/app/out/vs/workbench/services/extensions/node/extensionHostProcess.js:590:279)
	at define.constructor._protocol.onMessage.e (/opt/visual-studio-code/resources/app/out/vs/workbench/services/extensions/node/extensionHostProcess.js:588:565)
	at u.fire (/opt/visual-studio-code/resources/app/out/vs/workbench/services/extensions/node/extensionHostProcess.js:43:254)
	at e (/opt/visual-studio-code/resources/app/out/vs/workbench/services/extensions/node/extensionHostProcess.js:39:64)
	at u.fire (/opt/visual-studio-code/resources/app/out/vs/workbench/services/extensions/node/extensionHostProcess.js:43:254)
	at s (/opt/visual-studio-code/resources/app/out/vs/workbench/services/extensions/node/extensionHostProcess.js:168:754)
	at Socket.define.constructor._socketDataListener.e (/opt/visual-studio-code/resources/app/out/vs/workbench/services/extensions/node/extensionHostProcess.js:168:960)
	at Socket.emit (events.js:182:13)
	at addChunk (_stream_readable.js:279:12)
	at readableAddChunk (_stream_readable.js:264:11)
	at Socket.Readable.push (_stream_readable.js:219:10)
	at Pipe.onread (net.js:636:20)
[2019-03-25 14:15:26.583] [renderer1] [error] Cannot read property 'superClass' of undefined: TypeError: Cannot read property 'superClass' of undefined
	at isSupportedComponent (/home/alex/.vscode/extensions/wix.glean-4.9.0/out/modules/stateful-to-stateless.js:272:28)
	at Object.isStatefulComp (/home/alex/.vscode/extensions/wix.glean-4.9.0/out/modules/stateful-to-stateless.js:279:9)
	at CompleteActionProvider.provideCodeActions (/home/alex/.vscode/extensions/wix.glean-4.9.0/out/extension.js:39:37)
	at define.provideCodeActions.a.asPromise (/opt/visual-studio-code/resources/app/out/vs/workbench/services/extensions/node/extensionHostProcess.js:564:641)
	at t.asPromise.Promise (/opt/visual-studio-code/resources/app/out/vs/workbench/services/extensions/node/extensionHostProcess.js:48:58)
	at new Promise (<anonymous>)
	at Object.t.asPromise (/opt/visual-studio-code/resources/app/out/vs/workbench/services/extensions/node/extensionHostProcess.js:48:32)
	at I.provideCodeActions (/opt/visual-studio-code/resources/app/out/vs/workbench/services/extensions/node/extensionHostProcess.js:564:612)
	at define.$provideCodeActions._withAdapter.e (/opt/visual-studio-code/resources/app/out/vs/workbench/services/extensions/node/extensionHostProcess.js:580:417)
	at $._withAdapter (/opt/visual-studio-code/resources/app/out/vs/workbench/services/extensions/node/extensionHostProcess.js:575:502)
	at $provideCodeActions (/opt/visual-studio-code/resources/app/out/vs/workbench/services/extensions/node/extensionHostProcess.js:580:395)
	at h._doInvokeHandler (/opt/visual-studio-code/resources/app/out/vs/workbench/services/extensions/node/extensionHostProcess.js:593:118)
	at h._invokeHandler (/opt/visual-studio-code/resources/app/out/vs/workbench/services/extensions/node/extensionHostProcess.js:592:777)
	at h._receiveRequest (/opt/visual-studio-code/resources/app/out/vs/workbench/services/extensions/node/extensionHostProcess.js:591:383)
	at h._receiveOneMessage (/opt/visual-studio-code/resources/app/out/vs/workbench/services/extensions/node/extensionHostProcess.js:590:279)
	at define.constructor._protocol.onMessage.e (/opt/visual-studio-code/resources/app/out/vs/workbench/services/extensions/node/extensionHostProcess.js:588:565)
	at u.fire (/opt/visual-studio-code/resources/app/out/vs/workbench/services/extensions/node/extensionHostProcess.js:43:254)
	at e (/opt/visual-studio-code/resources/app/out/vs/workbench/services/extensions/node/extensionHostProcess.js:39:64)
	at u.fire (/opt/visual-studio-code/resources/app/out/vs/workbench/services/extensions/node/extensionHostProcess.js:43:254)
	at s (/opt/visual-studio-code/resources/app/out/vs/workbench/services/extensions/node/extensionHostProcess.js:168:754)
	at Socket.define.constructor._socketDataListener.e (/opt/visual-studio-code/resources/app/out/vs/workbench/services/extensions/node/extensionHostProcess.js:168:960)
	at Socket.emit (events.js:182:13)
	at addChunk (_stream_readable.js:279:12)
	at readableAddChunk (_stream_readable.js:264:11)
	at Socket.Readable.push (_stream_readable.js:219:10)
	at Pipe.onread (net.js:636:20)
[2019-03-25 14:15:28.985] [renderer1] [error] Cannot read property 'superClass' of undefined: TypeError: Cannot read property 'superClass' of undefined
	at isSupportedComponent (/home/alex/.vscode/extensions/wix.glean-4.9.0/out/modules/stateful-to-stateless.js:272:28)
	at Object.isStatefulComp (/home/alex/.vscode/extensions/wix.glean-4.9.0/out/modules/stateful-to-stateless.js:279:9)
	at CompleteActionProvider.provideCodeActions (/home/alex/.vscode/extensions/wix.glean-4.9.0/out/extension.js:39:37)
	at define.provideCodeActions.a.asPromise (/opt/visual-studio-code/resources/app/out/vs/workbench/services/extensions/node/extensionHostProcess.js:564:641)
	at t.asPromise.Promise (/opt/visual-studio-code/resources/app/out/vs/workbench/services/extensions/node/extensionHostProcess.js:48:58)
	at new Promise (<anonymous>)
	at Object.t.asPromise (/opt/visual-studio-code/resources/app/out/vs/workbench/services/extensions/node/extensionHostProcess.js:48:32)
	at I.provideCodeActions (/opt/visual-studio-code/resources/app/out/vs/workbench/services/extensions/node/extensionHostProcess.js:564:612)
	at define.$provideCodeActions._withAdapter.e (/opt/visual-studio-code/resources/app/out/vs/workbench/services/extensions/node/extensionHostProcess.js:580:417)
	at $._withAdapter (/opt/visual-studio-code/resources/app/out/vs/workbench/services/extensions/node/extensionHostProcess.js:575:502)
	at $provideCodeActions (/opt/visual-studio-code/resources/app/out/vs/workbench/services/extensions/node/extensionHostProcess.js:580:395)
	at h._doInvokeHandler (/opt/visual-studio-code/resources/app/out/vs/workbench/services/extensions/node/extensionHostProcess.js:593:118)
	at h._invokeHandler (/opt/visual-studio-code/resources/app/out/vs/workbench/services/extensions/node/extensionHostProcess.js:592:777)
	at h._receiveRequest (/opt/visual-studio-code/resources/app/out/vs/workbench/services/extensions/node/extensionHostProcess.js:591:383)
	at h._receiveOneMessage (/opt/visual-studio-code/resources/app/out/vs/workbench/services/extensions/node/extensionHostProcess.js:590:279)
	at define.constructor._protocol.onMessage.e (/opt/visual-studio-code/resources/app/out/vs/workbench/services/extensions/node/extensionHostProcess.js:588:565)
	at u.fire (/opt/visual-studio-code/resources/app/out/vs/workbench/services/extensions/node/extensionHostProcess.js:43:254)
	at e (/opt/visual-studio-code/resources/app/out/vs/workbench/services/extensions/node/extensionHostProcess.js:39:64)
	at u.fire (/opt/visual-studio-code/resources/app/out/vs/workbench/services/extensions/node/extensionHostProcess.js:43:254)
	at s (/opt/visual-studio-code/resources/app/out/vs/workbench/services/extensions/node/extensionHostProcess.js:168:754)
	at Socket.define.constructor._socketDataListener.e (/opt/visual-studio-code/resources/app/out/vs/workbench/services/extensions/node/extensionHostProcess.js:168:960)
	at Socket.emit (events.js:182:13)
	at addChunk (_stream_readable.js:279:12)
	at readableAddChunk (_stream_readable.js:264:11)
	at Socket.Readable.push (_stream_readable.js:219:10)
	at Pipe.onread (net.js:636:20)
[2019-03-25 14:15:30.416] [renderer1] [error] Cannot read property 'superClass' of undefined: TypeError: Cannot read property 'superClass' of undefined
	at isSupportedComponent (/home/alex/.vscode/extensions/wix.glean-4.9.0/out/modules/stateful-to-stateless.js:272:28)
	at Object.isStatefulComp (/home/alex/.vscode/extensions/wix.glean-4.9.0/out/modules/stateful-to-stateless.js:279:9)
	at CompleteActionProvider.provideCodeActions (/home/alex/.vscode/extensions/wix.glean-4.9.0/out/extension.js:39:37)
	at define.provideCodeActions.a.asPromise (/opt/visual-studio-code/resources/app/out/vs/workbench/services/extensions/node/extensionHostProcess.js:564:641)
	at t.asPromise.Promise (/opt/visual-studio-code/resources/app/out/vs/workbench/services/extensions/node/extensionHostProcess.js:48:58)
	at new Promise (<anonymous>)
	at Object.t.asPromise (/opt/visual-studio-code/resources/app/out/vs/workbench/services/extensions/node/extensionHostProcess.js:48:32)
	at I.provideCodeActions (/opt/visual-studio-code/resources/app/out/vs/workbench/services/extensions/node/extensionHostProcess.js:564:612)
	at define.$provideCodeActions._withAdapter.e (/opt/visual-studio-code/resources/app/out/vs/workbench/services/extensions/node/extensionHostProcess.js:580:417)
	at $._withAdapter (/opt/visual-studio-code/resources/app/out/vs/workbench/services/extensions/node/extensionHostProcess.js:575:502)
	at $provideCodeActions (/opt/visual-studio-code/resources/app/out/vs/workbench/services/extensions/node/extensionHostProcess.js:580:395)
	at h._doInvokeHandler (/opt/visual-studio-code/resources/app/out/vs/workbench/services/extensions/node/extensionHostProcess.js:593:118)
	at h._invokeHandler (/opt/visual-studio-code/resources/app/out/vs/workbench/services/extensions/node/extensionHostProcess.js:592:777)
	at h._receiveRequest (/opt/visual-studio-code/resources/app/out/vs/workbench/services/extensions/node/extensionHostProcess.js:591:383)
	at h._receiveOneMessage (/opt/visual-studio-code/resources/app/out/vs/workbench/services/extensions/node/extensionHostProcess.js:590:279)
	at define.constructor._protocol.onMessage.e (/opt/visual-studio-code/resources/app/out/vs/workbench/services/extensions/node/extensionHostProcess.js:588:565)
	at u.fire (/opt/visual-studio-code/resources/app/out/vs/workbench/services/extensions/node/extensionHostProcess.js:43:254)
	at e (/opt/visual-studio-code/resources/app/out/vs/workbench/services/extensions/node/extensionHostProcess.js:39:64)
	at u.fire (/opt/visual-studio-code/resources/app/out/vs/workbench/services/extensions/node/extensionHostProcess.js:43:254)
	at s (/opt/visual-studio-code/resources/app/out/vs/workbench/services/extensions/node/extensionHostProcess.js:168:754)
	at Socket.define.constructor._socketDataListener.e (/opt/visual-studio-code/resources/app/out/vs/workbench/services/extensions/node/extensionHostProcess.js:168:960)
	at Socket.emit (events.js:182:13)
	at addChunk (_stream_readable.js:279:12)
	at readableAddChunk (_stream_readable.js:264:11)
	at Socket.Readable.push (_stream_readable.js:219:10)
	at Pipe.onread (net.js:636:20)
[2019-03-25 14:15:31.717] [renderer1] [error] Cannot read property 'superClass' of undefined: TypeError: Cannot read property 'superClass' of undefined
	at isSupportedComponent (/home/alex/.vscode/extensions/wix.glean-4.9.0/out/modules/stateful-to-stateless.js:272:28)
	at Object.isStatefulComp (/home/alex/.vscode/extensions/wix.glean-4.9.0/out/modules/stateful-to-stateless.js:279:9)
	at CompleteActionProvider.provideCodeActions (/home/alex/.vscode/extensions/wix.glean-4.9.0/out/extension.js:39:37)
	at define.provideCodeActions.a.asPromise (/opt/visual-studio-code/resources/app/out/vs/workbench/services/extensions/node/extensionHostProcess.js:564:641)
	at t.asPromise.Promise (/opt/visual-studio-code/resources/app/out/vs/workbench/services/extensions/node/extensionHostProcess.js:48:58)
	at new Promise (<anonymous>)
	at Object.t.asPromise (/opt/visual-studio-code/resources/app/out/vs/workbench/services/extensions/node/extensionHostProcess.js:48:32)
	at I.provideCodeActions (/opt/visual-studio-code/resources/app/out/vs/workbench/services/extensions/node/extensionHostProcess.js:564:612)
	at define.$provideCodeActions._withAdapter.e (/opt/visual-studio-code/resources/app/out/vs/workbench/services/extensions/node/extensionHostProcess.js:580:417)
	at $._withAdapter (/opt/visual-studio-code/resources/app/out/vs/workbench/services/extensions/node/extensionHostProcess.js:575:502)
	at $provideCodeActions (/opt/visual-studio-code/resources/app/out/vs/workbench/services/extensions/node/extensionHostProcess.js:580:395)
	at h._doInvokeHandler (/opt/visual-studio-code/resources/app/out/vs/workbench/services/extensions/node/extensionHostProcess.js:593:118)
	at h._invokeHandler (/opt/visual-studio-code/resources/app/out/vs/workbench/services/extensions/node/extensionHostProcess.js:592:777)
	at h._receiveRequest (/opt/visual-studio-code/resources/app/out/vs/workbench/services/extensions/node/extensionHostProcess.js:591:383)
	at h._receiveOneMessage (/opt/visual-studio-code/resources/app/out/vs/workbench/services/extensions/node/extensionHostProcess.js:590:279)
	at define.constructor._protocol.onMessage.e (/opt/visual-studio-code/resources/app/out/vs/workbench/services/extensions/node/extensionHostProcess.js:588:565)
	at u.fire (/opt/visual-studio-code/resources/app/out/vs/workbench/services/extensions/node/extensionHostProcess.js:43:254)
	at e (/opt/visual-studio-code/resources/app/out/vs/workbench/services/extensions/node/extensionHostProcess.js:39:64)
	at u.fire (/opt/visual-studio-code/resources/app/out/vs/workbench/services/extensions/node/extensionHostProcess.js:43:254)
	at s (/opt/visual-studio-code/resources/app/out/vs/workbench/services/extensions/node/extensionHostProcess.js:168:754)
	at Socket.define.constructor._socketDataListener.e (/opt/visual-studio-code/resources/app/out/vs/workbench/services/extensions/node/extensionHostProcess.js:168:960)
	at Socket.emit (events.js:182:13)
	at addChunk (_stream_readable.js:279:12)
	at readableAddChunk (_stream_readable.js:264:11)
	at Socket.Readable.push (_stream_readable.js:219:10)
	at Pipe.onread (net.js:636:20)
[2019-03-25 14:15:33.656] [renderer1] [error] Cannot read property 'superClass' of undefined: TypeError: Cannot read property 'superClass' of undefined
	at isSupportedComponent (/home/alex/.vscode/extensions/wix.glean-4.9.0/out/modules/stateful-to-stateless.js:272:28)
	at Object.isStatefulComp (/home/alex/.vscode/extensions/wix.glean-4.9.0/out/modules/stateful-to-stateless.js:279:9)
	at CompleteActionProvider.provideCodeActions (/home/alex/.vscode/extensions/wix.glean-4.9.0/out/extension.js:39:37)
	at define.provideCodeActions.a.asPromise (/opt/visual-studio-code/resources/app/out/vs/workbench/services/extensions/node/extensionHostProcess.js:564:641)
	at t.asPromise.Promise (/opt/visual-studio-code/resources/app/out/vs/workbench/services/extensions/node/extensionHostProcess.js:48:58)
	at new Promise (<anonymous>)
	at Object.t.asPromise (/opt/visual-studio-code/resources/app/out/vs/workbench/services/extensions/node/extensionHostProcess.js:48:32)
	at I.provideCodeActions (/opt/visual-studio-code/resources/app/out/vs/workbench/services/extensions/node/extensionHostProcess.js:564:612)
	at define.$provideCodeActions._withAdapter.e (/opt/visual-studio-code/resources/app/out/vs/workbench/services/extensions/node/extensionHostProcess.js:580:417)
	at $._withAdapter (/opt/visual-studio-code/resources/app/out/vs/workbench/services/extensions/node/extensionHostProcess.js:575:502)
	at $provideCodeActions (/opt/visual-studio-code/resources/app/out/vs/workbench/services/extensions/node/extensionHostProcess.js:580:395)
	at h._doInvokeHandler (/opt/visual-studio-code/resources/app/out/vs/workbench/services/extensions/node/extensionHostProcess.js:593:118)
	at h._invokeHandler (/opt/visual-studio-code/resources/app/out/vs/workbench/services/extensions/node/extensionHostProcess.js:592:777)
	at h._receiveRequest (/opt/visual-studio-code/resources/app/out/vs/workbench/services/extensions/node/extensionHostProcess.js:591:383)
	at h._receiveOneMessage (/opt/visual-studio-code/resources/app/out/vs/workbench/services/extensions/node/extensionHostProcess.js:590:279)
	at define.constructor._protocol.onMessage.e (/opt/visual-studio-code/resources/app/out/vs/workbench/services/extensions/node/extensionHostProcess.js:588:565)
	at u.fire (/opt/visual-studio-code/resources/app/out/vs/workbench/services/extensions/node/extensionHostProcess.js:43:254)
	at e (/opt/visual-studio-code/resources/app/out/vs/workbench/services/extensions/node/extensionHostProcess.js:39:64)
	at u.fire (/opt/visual-studio-code/resources/app/out/vs/workbench/services/extensions/node/extensionHostProcess.js:43:254)
	at s (/opt/visual-studio-code/resources/app/out/vs/workbench/services/extensions/node/extensionHostProcess.js:168:754)
	at Socket.define.constructor._socketDataListener.e (/opt/visual-studio-code/resources/app/out/vs/workbench/services/extensions/node/extensionHostProcess.js:168:960)
	at Socket.emit (events.js:182:13)
	at addChunk (_stream_readable.js:279:12)
	at readableAddChunk (_stream_readable.js:264:11)
	at Socket.Readable.push (_stream_readable.js:219:10)
	at Pipe.onread (net.js:636:20)
[2019-03-25 14:15:34.031] [renderer1] [error] Cannot read property 'object' of undefined: TypeError: Cannot read property 'object' of undefined
	at isSupportedComponent (/home/alex/.vscode/extensions/wix.glean-4.9.0/out/modules/stateful-to-stateless.js:272:39)
	at Object.isStatefulComp (/home/alex/.vscode/extensions/wix.glean-4.9.0/out/modules/stateful-to-stateless.js:279:9)
	at CompleteActionProvider.provideCodeActions (/home/alex/.vscode/extensions/wix.glean-4.9.0/out/extension.js:39:37)
	at define.provideCodeActions.a.asPromise (/opt/visual-studio-code/resources/app/out/vs/workbench/services/extensions/node/extensionHostProcess.js:564:641)
	at t.asPromise.Promise (/opt/visual-studio-code/resources/app/out/vs/workbench/services/extensions/node/extensionHostProcess.js:48:58)
	at new Promise (<anonymous>)
	at Object.t.asPromise (/opt/visual-studio-code/resources/app/out/vs/workbench/services/extensions/node/extensionHostProcess.js:48:32)
	at I.provideCodeActions (/opt/visual-studio-code/resources/app/out/vs/workbench/services/extensions/node/extensionHostProcess.js:564:612)
	at define.$provideCodeActions._withAdapter.e (/opt/visual-studio-code/resources/app/out/vs/workbench/services/extensions/node/extensionHostProcess.js:580:417)
	at $._withAdapter (/opt/visual-studio-code/resources/app/out/vs/workbench/services/extensions/node/extensionHostProcess.js:575:502)
	at $provideCodeActions (/opt/visual-studio-code/resources/app/out/vs/workbench/services/extensions/node/extensionHostProcess.js:580:395)
	at h._doInvokeHandler (/opt/visual-studio-code/resources/app/out/vs/workbench/services/extensions/node/extensionHostProcess.js:593:118)
	at h._invokeHandler (/opt/visual-studio-code/resources/app/out/vs/workbench/services/extensions/node/extensionHostProcess.js:592:777)
	at h._receiveRequest (/opt/visual-studio-code/resources/app/out/vs/workbench/services/extensions/node/extensionHostProcess.js:591:383)
	at h._receiveOneMessage (/opt/visual-studio-code/resources/app/out/vs/workbench/services/extensions/node/extensionHostProcess.js:590:279)
	at define.constructor._protocol.onMessage.e (/opt/visual-studio-code/resources/app/out/vs/workbench/services/extensions/node/extensionHostProcess.js:588:565)
	at u.fire (/opt/visual-studio-code/resources/app/out/vs/workbench/services/extensions/node/extensionHostProcess.js:43:254)
	at e (/opt/visual-studio-code/resources/app/out/vs/workbench/services/extensions/node/extensionHostProcess.js:39:64)
	at u.fire (/opt/visual-studio-code/resources/app/out/vs/workbench/services/extensions/node/extensionHostProcess.js:43:254)
	at s (/opt/visual-studio-code/resources/app/out/vs/workbench/services/extensions/node/extensionHostProcess.js:168:754)
	at Socket.define.constructor._socketDataListener.e (/opt/visual-studio-code/resources/app/out/vs/workbench/services/extensions/node/extensionHostProcess.js:168:960)
	at Socket.emit (events.js:182:13)
	at addChunk (_stream_readable.js:279:12)
	at readableAddChunk (_stream_readable.js:264:11)
	at Socket.Readable.push (_stream_readable.js:219:10)
	at Pipe.onread (net.js:636:20)
[2019-03-25 14:15:34.106] [renderer1] [error] TypeScript Server Error (3.3.3)
Debug Failure. False expression: Changes overlap
Verbose Debug Information: {"pos":14,"end":196} and {"pos":147,"end":163}
Error: Debug Failure. False expression: Changes overlap
Verbose Debug Information: {"pos":14,"end":196} and {"pos":147,"end":163}
    at _loop_10 (tsserver.js:109109:34)
    at tsserver.js:109115:25
    at Array.map (<anonymous>)
    at Object.getTextChangesFromChanges (tsserver.js:109103:86)
    at ChangeTracker.getChanges (tsserver.js:109073:45)
    at Function.ChangeTracker.with (tsserver.js:108616:32)
    at Object.getCodeActions (tsserver.js:111356:64)
    at tsserver.js:109601:121
    at Object.flatMap (tsserver.js:504:25)
    at Object.getFixes (tsserver.js:109601:23)
    at tsserver.js:118807:35
    at Object.flatMap (tsserver.js:504:25)
    at Object.getCodeFixesAtPosition (tsserver.js:118805:23)
    at IOSession.Session.getCodeFixes (tsserver.js:126958:64)
    at Session.handlers.ts.createMapFromTemplate._a.(anonymous function) (tsserver.js:125763:61)
    at tsserver.js:127127:88
    at IOSession.Session.executeWithRequestId (tsserver.js:127118:28)
    at IOSession.Session.executeCommand (tsserver.js:127127:33)
    at IOSession.Session.onMessage (tsserver.js:127149:35)
    at Interface.<anonymous> (tsserver.js:128410:27)
    at Interface.emit (events.js:182:13)
    at Interface._onLine (readline.js:290:10)
    at Interface._normalWrite (readline.js:433:12)
    at Socket.ondata (readline.js:149:10)
    at Socket.emit (events.js:182:13)
    at addChunk (_stream_readable.js:279:12)
    at readableAddChunk (_stream_readable.js:264:11)
    at Socket.Readable.push (_stream_readable.js:219:10)
    at Pipe.onread (net.js:636:20): Error: TypeScript Server Error (3.3.3)
Debug Failure. False expression: Changes overlap
Verbose Debug Information: {"pos":14,"end":196} and {"pos":147,"end":163}
Error: Debug Failure. False expression: Changes overlap
Verbose Debug Information: {"pos":14,"end":196} and {"pos":147,"end":163}
    at _loop_10 (tsserver.js:109109:34)
    at tsserver.js:109115:25
    at Array.map (<anonymous>)
    at Object.getTextChangesFromChanges (tsserver.js:109103:86)
    at ChangeTracker.getChanges (tsserver.js:109073:45)
    at Function.ChangeTracker.with (tsserver.js:108616:32)
    at Object.getCodeActions (tsserver.js:111356:64)
    at tsserver.js:109601:121
    at Object.flatMap (tsserver.js:504:25)
    at Object.getFixes (tsserver.js:109601:23)
    at tsserver.js:118807:35
    at Object.flatMap (tsserver.js:504:25)
    at Object.getCodeFixesAtPosition (tsserver.js:118805:23)
    at IOSession.Session.getCodeFixes (tsserver.js:126958:64)
    at Session.handlers.ts.createMapFromTemplate._a.(anonymous function) (tsserver.js:125763:61)
    at tsserver.js:127127:88
    at IOSession.Session.executeWithRequestId (tsserver.js:127118:28)
    at IOSession.Session.executeCommand (tsserver.js:127127:33)
    at IOSession.Session.onMessage (tsserver.js:127149:35)
    at Interface.<anonymous> (tsserver.js:128410:27)
    at Interface.emit (events.js:182:13)
    at Interface._onLine (readline.js:290:10)
    at Interface._normalWrite (readline.js:433:12)
    at Socket.ondata (readline.js:149:10)
    at Socket.emit (events.js:182:13)
    at addChunk (_stream_readable.js:279:12)
    at readableAddChunk (_stream_readable.js:264:11)
    at Socket.Readable.push (_stream_readable.js:219:10)
    at Pipe.onread (net.js:636:20)
	at Function.create (/opt/visual-studio-code/resources/app/extensions/typescript-language-features/dist/extension.js:1:173406)
	at v.dispatchResponse (/opt/visual-studio-code/resources/app/extensions/typescript-language-features/dist/extension.js:1:178712)
	at v.dispatchMessage (/opt/visual-studio-code/resources/app/extensions/typescript-language-features/dist/extension.js:1:177464)
	at constructor._reader.onData.e (/opt/visual-studio-code/resources/app/extensions/typescript-language-features/dist/extension.js:1:176820)
	at u.fire (/opt/visual-studio-code/resources/app/out/vs/workbench/services/extensions/node/extensionHostProcess.js:43:254)
	at t.Reader.onLengthData (/opt/visual-studio-code/resources/app/extensions/typescript-language-features/dist/extension.js:1:182680)
	at Socket.t.Reader.constructor.e.on.e (/opt/visual-studio-code/resources/app/extensions/typescript-language-features/dist/extension.js:1:182328)
	at Socket.emit (events.js:182:13)
	at addChunk (_stream_readable.js:279:12)
	at readableAddChunk (_stream_readable.js:264:11)
	at Socket.Readable.push (_stream_readable.js:219:10)
	at Pipe.onread (net.js:636:20)
[2019-03-25 14:15:34.187] [renderer1] [error] Cannot read property 'object' of undefined: TypeError: Cannot read property 'object' of undefined
	at isSupportedComponent (/home/alex/.vscode/extensions/wix.glean-4.9.0/out/modules/stateful-to-stateless.js:272:39)
	at Object.isStatefulComp (/home/alex/.vscode/extensions/wix.glean-4.9.0/out/modules/stateful-to-stateless.js:279:9)
	at CompleteActionProvider.provideCodeActions (/home/alex/.vscode/extensions/wix.glean-4.9.0/out/extension.js:39:37)
	at define.provideCodeActions.a.asPromise (/opt/visual-studio-code/resources/app/out/vs/workbench/services/extensions/node/extensionHostProcess.js:564:641)
	at t.asPromise.Promise (/opt/visual-studio-code/resources/app/out/vs/workbench/services/extensions/node/extensionHostProcess.js:48:58)
	at new Promise (<anonymous>)
	at Object.t.asPromise (/opt/visual-studio-code/resources/app/out/vs/workbench/services/extensions/node/extensionHostProcess.js:48:32)
	at I.provideCodeActions (/opt/visual-studio-code/resources/app/out/vs/workbench/services/extensions/node/extensionHostProcess.js:564:612)
	at define.$provideCodeActions._withAdapter.e (/opt/visual-studio-code/resources/app/out/vs/workbench/services/extensions/node/extensionHostProcess.js:580:417)
	at $._withAdapter (/opt/visual-studio-code/resources/app/out/vs/workbench/services/extensions/node/extensionHostProcess.js:575:502)
	at $provideCodeActions (/opt/visual-studio-code/resources/app/out/vs/workbench/services/extensions/node/extensionHostProcess.js:580:395)
	at h._doInvokeHandler (/opt/visual-studio-code/resources/app/out/vs/workbench/services/extensions/node/extensionHostProcess.js:593:118)
	at h._invokeHandler (/opt/visual-studio-code/resources/app/out/vs/workbench/services/extensions/node/extensionHostProcess.js:592:777)
	at h._receiveRequest (/opt/visual-studio-code/resources/app/out/vs/workbench/services/extensions/node/extensionHostProcess.js:591:383)
	at h._receiveOneMessage (/opt/visual-studio-code/resources/app/out/vs/workbench/services/extensions/node/extensionHostProcess.js:590:279)
	at define.constructor._protocol.onMessage.e (/opt/visual-studio-code/resources/app/out/vs/workbench/services/extensions/node/extensionHostProcess.js:588:565)
	at u.fire (/opt/visual-studio-code/resources/app/out/vs/workbench/services/extensions/node/extensionHostProcess.js:43:254)
	at e (/opt/visual-studio-code/resources/app/out/vs/workbench/services/extensions/node/extensionHostProcess.js:39:64)
	at u.fire (/opt/visual-studio-code/resources/app/out/vs/workbench/services/extensions/node/extensionHostProcess.js:43:254)
	at s (/opt/visual-studio-code/resources/app/out/vs/workbench/services/extensions/node/extensionHostProcess.js:168:754)
	at Socket.define.constructor._socketDataListener.e (/opt/visual-studio-code/resources/app/out/vs/workbench/services/extensions/node/extensionHostProcess.js:168:960)
	at Socket.emit (events.js:182:13)
	at addChunk (_stream_readable.js:279:12)
	at readableAddChunk (_stream_readable.js:264:11)
	at Socket.Readable.push (_stream_readable.js:219:10)
	at Pipe.onread (net.js:636:20)
[2019-03-25 14:15:34.357] [renderer1] [error] TypeScript Server Error (3.3.3)
Debug Failure. False expression: Changes overlap
Verbose Debug Information: {"pos":14,"end":196} and {"pos":147,"end":163}
Error: Debug Failure. False expression: Changes overlap
Verbose Debug Information: {"pos":14,"end":196} and {"pos":147,"end":163}
    at _loop_10 (tsserver.js:109109:34)
    at tsserver.js:109115:25
    at Array.map (<anonymous>)
    at Object.getTextChangesFromChanges (tsserver.js:109103:86)
    at ChangeTracker.getChanges (tsserver.js:109073:45)
    at Function.ChangeTracker.with (tsserver.js:108616:32)
    at Object.getCodeActions (tsserver.js:111356:64)
    at tsserver.js:109601:121
    at Object.flatMap (tsserver.js:504:25)
    at Object.getFixes (tsserver.js:109601:23)
    at tsserver.js:118807:35
    at Object.flatMap (tsserver.js:504:25)
    at Object.getCodeFixesAtPosition (tsserver.js:118805:23)
    at IOSession.Session.getCodeFixes (tsserver.js:126958:64)
    at Session.handlers.ts.createMapFromTemplate._a.(anonymous function) (tsserver.js:125763:61)
    at tsserver.js:127127:88
    at IOSession.Session.executeWithRequestId (tsserver.js:127118:28)
    at IOSession.Session.executeCommand (tsserver.js:127127:33)
    at IOSession.Session.onMessage (tsserver.js:127149:35)
    at Interface.<anonymous> (tsserver.js:128410:27)
    at Interface.emit (events.js:182:13)
    at Interface._onLine (readline.js:290:10)
    at Interface._normalWrite (readline.js:433:12)
    at Socket.ondata (readline.js:149:10)
    at Socket.emit (events.js:182:13)
    at addChunk (_stream_readable.js:279:12)
    at readableAddChunk (_stream_readable.js:264:11)
    at Socket.Readable.push (_stream_readable.js:219:10)
    at Pipe.onread (net.js:636:20): Error: TypeScript Server Error (3.3.3)
Debug Failure. False expression: Changes overlap
Verbose Debug Information: {"pos":14,"end":196} and {"pos":147,"end":163}
Error: Debug Failure. False expression: Changes overlap
Verbose Debug Information: {"pos":14,"end":196} and {"pos":147,"end":163}
    at _loop_10 (tsserver.js:109109:34)
    at tsserver.js:109115:25
    at Array.map (<anonymous>)
    at Object.getTextChangesFromChanges (tsserver.js:109103:86)
    at ChangeTracker.getChanges (tsserver.js:109073:45)
    at Function.ChangeTracker.with (tsserver.js:108616:32)
    at Object.getCodeActions (tsserver.js:111356:64)
    at tsserver.js:109601:121
    at Object.flatMap (tsserver.js:504:25)
    at Object.getFixes (tsserver.js:109601:23)
    at tsserver.js:118807:35
    at Object.flatMap (tsserver.js:504:25)
    at Object.getCodeFixesAtPosition (tsserver.js:118805:23)
    at IOSession.Session.getCodeFixes (tsserver.js:126958:64)
    at Session.handlers.ts.createMapFromTemplate._a.(anonymous function) (tsserver.js:125763:61)
    at tsserver.js:127127:88
    at IOSession.Session.executeWithRequestId (tsserver.js:127118:28)
    at IOSession.Session.executeCommand (tsserver.js:127127:33)
    at IOSession.Session.onMessage (tsserver.js:127149:35)
    at Interface.<anonymous> (tsserver.js:128410:27)
    at Interface.emit (events.js:182:13)
    at Interface._onLine (readline.js:290:10)
    at Interface._normalWrite (readline.js:433:12)
    at Socket.ondata (readline.js:149:10)
    at Socket.emit (events.js:182:13)
    at addChunk (_stream_readable.js:279:12)
    at readableAddChunk (_stream_readable.js:264:11)
    at Socket.Readable.push (_stream_readable.js:219:10)
    at Pipe.onread (net.js:636:20)
	at Function.create (/opt/visual-studio-code/resources/app/extensions/typescript-language-features/dist/extension.js:1:173406)
	at v.dispatchResponse (/opt/visual-studio-code/resources/app/extensions/typescript-language-features/dist/extension.js:1:178712)
	at v.dispatchMessage (/opt/visual-studio-code/resources/app/extensions/typescript-language-features/dist/extension.js:1:177464)
	at constructor._reader.onData.e (/opt/visual-studio-code/resources/app/extensions/typescript-language-features/dist/extension.js:1:176820)
	at u.fire (/opt/visual-studio-code/resources/app/out/vs/workbench/services/extensions/node/extensionHostProcess.js:43:254)
	at t.Reader.onLengthData (/opt/visual-studio-code/resources/app/extensions/typescript-language-features/dist/extension.js:1:182680)
	at Socket.t.Reader.constructor.e.on.e (/opt/visual-studio-code/resources/app/extensions/typescript-language-features/dist/extension.js:1:182328)
	at Socket.emit (events.js:182:13)
	at addChunk (_stream_readable.js:279:12)
	at readableAddChunk (_stream_readable.js:264:11)
	at Socket.Readable.push (_stream_readable.js:219:10)
	at Pipe.onread (net.js:636:20)
[2019-03-25 14:15:42.051] [renderer1] [error] Cannot read property 'object' of undefined: TypeError: Cannot read property 'object' of undefined
	at isSupportedComponent (/home/alex/.vscode/extensions/wix.glean-4.9.0/out/modules/stateful-to-stateless.js:272:39)
	at Object.isStatefulComp (/home/alex/.vscode/extensions/wix.glean-4.9.0/out/modules/stateful-to-stateless.js:279:9)
	at CompleteActionProvider.provideCodeActions (/home/alex/.vscode/extensions/wix.glean-4.9.0/out/extension.js:39:37)
	at define.provideCodeActions.a.asPromise (/opt/visual-studio-code/resources/app/out/vs/workbench/services/extensions/node/extensionHostProcess.js:564:641)
	at t.asPromise.Promise (/opt/visual-studio-code/resources/app/out/vs/workbench/services/extensions/node/extensionHostProcess.js:48:58)
	at new Promise (<anonymous>)
	at Object.t.asPromise (/opt/visual-studio-code/resources/app/out/vs/workbench/services/extensions/node/extensionHostProcess.js:48:32)
	at I.provideCodeActions (/opt/visual-studio-code/resources/app/out/vs/workbench/services/extensions/node/extensionHostProcess.js:564:612)
	at define.$provideCodeActions._withAdapter.e (/opt/visual-studio-code/resources/app/out/vs/workbench/services/extensions/node/extensionHostProcess.js:580:417)
	at $._withAdapter (/opt/visual-studio-code/resources/app/out/vs/workbench/services/extensions/node/extensionHostProcess.js:575:502)
	at $provideCodeActions (/opt/visual-studio-code/resources/app/out/vs/workbench/services/extensions/node/extensionHostProcess.js:580:395)
	at h._doInvokeHandler (/opt/visual-studio-code/resources/app/out/vs/workbench/services/extensions/node/extensionHostProcess.js:593:118)
	at h._invokeHandler (/opt/visual-studio-code/resources/app/out/vs/workbench/services/extensions/node/extensionHostProcess.js:592:777)
	at h._receiveRequest (/opt/visual-studio-code/resources/app/out/vs/workbench/services/extensions/node/extensionHostProcess.js:591:383)
	at h._receiveOneMessage (/opt/visual-studio-code/resources/app/out/vs/workbench/services/extensions/node/extensionHostProcess.js:590:279)
	at define.constructor._protocol.onMessage.e (/opt/visual-studio-code/resources/app/out/vs/workbench/services/extensions/node/extensionHostProcess.js:588:565)
	at u.fire (/opt/visual-studio-code/resources/app/out/vs/workbench/services/extensions/node/extensionHostProcess.js:43:254)
	at e (/opt/visual-studio-code/resources/app/out/vs/workbench/services/extensions/node/extensionHostProcess.js:39:64)
	at u.fire (/opt/visual-studio-code/resources/app/out/vs/workbench/services/extensions/node/extensionHostProcess.js:43:254)
	at s (/opt/visual-studio-code/resources/app/out/vs/workbench/services/extensions/node/extensionHostProcess.js:168:754)
	at Socket.define.constructor._socketDataListener.e (/opt/visual-studio-code/resources/app/out/vs/workbench/services/extensions/node/extensionHostProcess.js:168:960)
	at Socket.emit (events.js:182:13)
	at addChunk (_stream_readable.js:279:12)
	at readableAddChunk (_stream_readable.js:264:11)
	at Socket.Readable.push (_stream_readable.js:219:10)
	at Pipe.onread (net.js:636:20)
[2019-03-25 14:15:42.076] [renderer1] [error] TypeScript Server Error (3.3.3)
Debug Failure. False expression: Changes overlap
Verbose Debug Information: {"pos":14,"end":196} and {"pos":147,"end":163}
Error: Debug Failure. False expression: Changes overlap
Verbose Debug Information: {"pos":14,"end":196} and {"pos":147,"end":163}
    at _loop_10 (tsserver.js:109109:34)
    at tsserver.js:109115:25
    at Array.map (<anonymous>)
    at Object.getTextChangesFromChanges (tsserver.js:109103:86)
    at ChangeTracker.getChanges (tsserver.js:109073:45)
    at Function.ChangeTracker.with (tsserver.js:108616:32)
    at Object.getCodeActions (tsserver.js:111356:64)
    at tsserver.js:109601:121
    at Object.flatMap (tsserver.js:504:25)
    at Object.getFixes (tsserver.js:109601:23)
    at tsserver.js:118807:35
    at Object.flatMap (tsserver.js:504:25)
    at Object.getCodeFixesAtPosition (tsserver.js:118805:23)
    at IOSession.Session.getCodeFixes (tsserver.js:126958:64)
    at Session.handlers.ts.createMapFromTemplate._a.(anonymous function) (tsserver.js:125763:61)
    at tsserver.js:127127:88
    at IOSession.Session.executeWithRequestId (tsserver.js:127118:28)
    at IOSession.Session.executeCommand (tsserver.js:127127:33)
    at IOSession.Session.onMessage (tsserver.js:127149:35)
    at Interface.<anonymous> (tsserver.js:128410:27)
    at Interface.emit (events.js:182:13)
    at Interface._onLine (readline.js:290:10)
    at Interface._normalWrite (readline.js:433:12)
    at Socket.ondata (readline.js:149:10)
    at Socket.emit (events.js:182:13)
    at addChunk (_stream_readable.js:279:12)
    at readableAddChunk (_stream_readable.js:264:11)
    at Socket.Readable.push (_stream_readable.js:219:10)
    at Pipe.onread (net.js:636:20): Error: TypeScript Server Error (3.3.3)
Debug Failure. False expression: Changes overlap
Verbose Debug Information: {"pos":14,"end":196} and {"pos":147,"end":163}
Error: Debug Failure. False expression: Changes overlap
Verbose Debug Information: {"pos":14,"end":196} and {"pos":147,"end":163}
    at _loop_10 (tsserver.js:109109:34)
    at tsserver.js:109115:25
    at Array.map (<anonymous>)
    at Object.getTextChangesFromChanges (tsserver.js:109103:86)
    at ChangeTracker.getChanges (tsserver.js:109073:45)
    at Function.ChangeTracker.with (tsserver.js:108616:32)
    at Object.getCodeActions (tsserver.js:111356:64)
    at tsserver.js:109601:121
    at Object.flatMap (tsserver.js:504:25)
    at Object.getFixes (tsserver.js:109601:23)
    at tsserver.js:118807:35
    at Object.flatMap (tsserver.js:504:25)
    at Object.getCodeFixesAtPosition (tsserver.js:118805:23)
    at IOSession.Session.getCodeFixes (tsserver.js:126958:64)
    at Session.handlers.ts.createMapFromTemplate._a.(anonymous function) (tsserver.js:125763:61)
    at tsserver.js:127127:88
    at IOSession.Session.executeWithRequestId (tsserver.js:127118:28)
    at IOSession.Session.executeCommand (tsserver.js:127127:33)
    at IOSession.Session.onMessage (tsserver.js:127149:35)
    at Interface.<anonymous> (tsserver.js:128410:27)
    at Interface.emit (events.js:182:13)
    at Interface._onLine (readline.js:290:10)
    at Interface._normalWrite (readline.js:433:12)
    at Socket.ondata (readline.js:149:10)
    at Socket.emit (events.js:182:13)
    at addChunk (_stream_readable.js:279:12)
    at readableAddChunk (_stream_readable.js:264:11)
    at Socket.Readable.push (_stream_readable.js:219:10)
    at Pipe.onread (net.js:636:20)
	at Function.create (/opt/visual-studio-code/resources/app/extensions/typescript-language-features/dist/extension.js:1:173406)
	at v.dispatchResponse (/opt/visual-studio-code/resources/app/extensions/typescript-language-features/dist/extension.js:1:178712)
	at v.dispatchMessage (/opt/visual-studio-code/resources/app/extensions/typescript-language-features/dist/extension.js:1:177464)
	at constructor._reader.onData.e (/opt/visual-studio-code/resources/app/extensions/typescript-language-features/dist/extension.js:1:176820)
	at u.fire (/opt/visual-studio-code/resources/app/out/vs/workbench/services/extensions/node/extensionHostProcess.js:43:254)
	at t.Reader.onLengthData (/opt/visual-studio-code/resources/app/extensions/typescript-language-features/dist/extension.js:1:182680)
	at Socket.t.Reader.constructor.e.on.e (/opt/visual-studio-code/resources/app/extensions/typescript-language-features/dist/extension.js:1:182328)
	at Socket.emit (events.js:182:13)
	at addChunk (_stream_readable.js:279:12)
	at readableAddChunk (_stream_readable.js:264:11)
	at Socket.Readable.push (_stream_readable.js:219:10)
	at Pipe.onread (net.js:636:20)
[2019-03-25 14:15:45.400] [renderer1] [error] Cannot read property 'superClass' of undefined: TypeError: Cannot read property 'superClass' of undefined
	at isSupportedComponent (/home/alex/.vscode/extensions/wix.glean-4.9.0/out/modules/stateful-to-stateless.js:272:28)
	at Object.isStatefulComp (/home/alex/.vscode/extensions/wix.glean-4.9.0/out/modules/stateful-to-stateless.js:279:9)
	at CompleteActionProvider.provideCodeActions (/home/alex/.vscode/extensions/wix.glean-4.9.0/out/extension.js:39:37)
	at define.provideCodeActions.a.asPromise (/opt/visual-studio-code/resources/app/out/vs/workbench/services/extensions/node/extensionHostProcess.js:564:641)
	at t.asPromise.Promise (/opt/visual-studio-code/resources/app/out/vs/workbench/services/extensions/node/extensionHostProcess.js:48:58)
	at new Promise (<anonymous>)
	at Object.t.asPromise (/opt/visual-studio-code/resources/app/out/vs/workbench/services/extensions/node/extensionHostProcess.js:48:32)
	at I.provideCodeActions (/opt/visual-studio-code/resources/app/out/vs/workbench/services/extensions/node/extensionHostProcess.js:564:612)
	at define.$provideCodeActions._withAdapter.e (/opt/visual-studio-code/resources/app/out/vs/workbench/services/extensions/node/extensionHostProcess.js:580:417)
	at $._withAdapter (/opt/visual-studio-code/resources/app/out/vs/workbench/services/extensions/node/extensionHostProcess.js:575:502)
	at $provideCodeActions (/opt/visual-studio-code/resources/app/out/vs/workbench/services/extensions/node/extensionHostProcess.js:580:395)
	at h._doInvokeHandler (/opt/visual-studio-code/resources/app/out/vs/workbench/services/extensions/node/extensionHostProcess.js:593:118)
	at h._invokeHandler (/opt/visual-studio-code/resources/app/out/vs/workbench/services/extensions/node/extensionHostProcess.js:592:777)
	at h._receiveRequest (/opt/visual-studio-code/resources/app/out/vs/workbench/services/extensions/node/extensionHostProcess.js:591:383)
	at h._receiveOneMessage (/opt/visual-studio-code/resources/app/out/vs/workbench/services/extensions/node/extensionHostProcess.js:590:279)
	at define.constructor._protocol.onMessage.e (/opt/visual-studio-code/resources/app/out/vs/workbench/services/extensions/node/extensionHostProcess.js:588:565)
	at u.fire (/opt/visual-studio-code/resources/app/out/vs/workbench/services/extensions/node/extensionHostProcess.js:43:254)
	at e (/opt/visual-studio-code/resources/app/out/vs/workbench/services/extensions/node/extensionHostProcess.js:39:64)
	at u.fire (/opt/visual-studio-code/resources/app/out/vs/workbench/services/extensions/node/extensionHostProcess.js:43:254)
	at s (/opt/visual-studio-code/resources/app/out/vs/workbench/services/extensions/node/extensionHostProcess.js:168:754)
	at Socket.define.constructor._socketDataListener.e (/opt/visual-studio-code/resources/app/out/vs/workbench/services/extensions/node/extensionHostProcess.js:168:960)
	at Socket.emit (events.js:182:13)
	at addChunk (_stream_readable.js:279:12)
	at readableAddChunk (_stream_readable.js:264:11)
	at Socket.Readable.push (_stream_readable.js:219:10)
	at Pipe.onread (net.js:636:20)
[2019-03-25 14:15:47.130] [renderer1] [error] Cannot read property 'superClass' of undefined: TypeError: Cannot read property 'superClass' of undefined
	at isSupportedComponent (/home/alex/.vscode/extensions/wix.glean-4.9.0/out/modules/stateful-to-stateless.js:272:28)
	at Object.isStatefulComp (/home/alex/.vscode/extensions/wix.glean-4.9.0/out/modules/stateful-to-stateless.js:279:9)
	at CompleteActionProvider.provideCodeActions (/home/alex/.vscode/extensions/wix.glean-4.9.0/out/extension.js:39:37)
	at define.provideCodeActions.a.asPromise (/opt/visual-studio-code/resources/app/out/vs/workbench/services/extensions/node/extensionHostProcess.js:564:641)
	at t.asPromise.Promise (/opt/visual-studio-code/resources/app/out/vs/workbench/services/extensions/node/extensionHostProcess.js:48:58)
	at new Promise (<anonymous>)
	at Object.t.asPromise (/opt/visual-studio-code/resources/app/out/vs/workbench/services/extensions/node/extensionHostProcess.js:48:32)
	at I.provideCodeActions (/opt/visual-studio-code/resources/app/out/vs/workbench/services/extensions/node/extensionHostProcess.js:564:612)
	at define.$provideCodeActions._withAdapter.e (/opt/visual-studio-code/resources/app/out/vs/workbench/services/extensions/node/extensionHostProcess.js:580:417)
	at $._withAdapter (/opt/visual-studio-code/resources/app/out/vs/workbench/services/extensions/node/extensionHostProcess.js:575:502)
	at $provideCodeActions (/opt/visual-studio-code/resources/app/out/vs/workbench/services/extensions/node/extensionHostProcess.js:580:395)
	at h._doInvokeHandler (/opt/visual-studio-code/resources/app/out/vs/workbench/services/extensions/node/extensionHostProcess.js:593:118)
	at h._invokeHandler (/opt/visual-studio-code/resources/app/out/vs/workbench/services/extensions/node/extensionHostProcess.js:592:777)
	at h._receiveRequest (/opt/visual-studio-code/resources/app/out/vs/workbench/services/extensions/node/extensionHostProcess.js:591:383)
	at h._receiveOneMessage (/opt/visual-studio-code/resources/app/out/vs/workbench/services/extensions/node/extensionHostProcess.js:590:279)
	at define.constructor._protocol.onMessage.e (/opt/visual-studio-code/resources/app/out/vs/workbench/services/extensions/node/extensionHostProcess.js:588:565)
	at u.fire (/opt/visual-studio-code/resources/app/out/vs/workbench/services/extensions/node/extensionHostProcess.js:43:254)
	at e (/opt/visual-studio-code/resources/app/out/vs/workbench/services/extensions/node/extensionHostProcess.js:39:64)
	at u.fire (/opt/visual-studio-code/resources/app/out/vs/workbench/services/extensions/node/extensionHostProcess.js:43:254)
	at s (/opt/visual-studio-code/resources/app/out/vs/workbench/services/extensions/node/extensionHostProcess.js:168:754)
	at Socket.define.constructor._socketDataListener.e (/opt/visual-studio-code/resources/app/out/vs/workbench/services/extensions/node/extensionHostProcess.js:168:960)
	at Socket.emit (events.js:182:13)
	at addChunk (_stream_readable.js:279:12)
	at readableAddChunk (_stream_readable.js:264:11)
	at Socket.Readable.push (_stream_readable.js:219:10)
	at Pipe.onread (net.js:636:20)
[2019-03-25 14:15:54.868] [renderer1] [error] Cannot read property 'superClass' of undefined: TypeError: Cannot read property 'superClass' of undefined
	at isSupportedComponent (/home/alex/.vscode/extensions/wix.glean-4.9.0/out/modules/stateful-to-stateless.js:272:28)
	at Object.isStatefulComp (/home/alex/.vscode/extensions/wix.glean-4.9.0/out/modules/stateful-to-stateless.js:279:9)
	at CompleteActionProvider.provideCodeActions (/home/alex/.vscode/extensions/wix.glean-4.9.0/out/extension.js:39:37)
	at define.provideCodeActions.a.asPromise (/opt/visual-studio-code/resources/app/out/vs/workbench/services/extensions/node/extensionHostProcess.js:564:641)
	at t.asPromise.Promise (/opt/visual-studio-code/resources/app/out/vs/workbench/services/extensions/node/extensionHostProcess.js:48:58)
	at new Promise (<anonymous>)
	at Object.t.asPromise (/opt/visual-studio-code/resources/app/out/vs/workbench/services/extensions/node/extensionHostProcess.js:48:32)
	at I.provideCodeActions (/opt/visual-studio-code/resources/app/out/vs/workbench/services/extensions/node/extensionHostProcess.js:564:612)
	at define.$provideCodeActions._withAdapter.e (/opt/visual-studio-code/resources/app/out/vs/workbench/services/extensions/node/extensionHostProcess.js:580:417)
	at $._withAdapter (/opt/visual-studio-code/resources/app/out/vs/workbench/services/extensions/node/extensionHostProcess.js:575:502)
	at $provideCodeActions (/opt/visual-studio-code/resources/app/out/vs/workbench/services/extensions/node/extensionHostProcess.js:580:395)
	at h._doInvokeHandler (/opt/visual-studio-code/resources/app/out/vs/workbench/services/extensions/node/extensionHostProcess.js:593:118)
	at h._invokeHandler (/opt/visual-studio-code/resources/app/out/vs/workbench/services/extensions/node/extensionHostProcess.js:592:777)
	at h._receiveRequest (/opt/visual-studio-code/resources/app/out/vs/workbench/services/extensions/node/extensionHostProcess.js:591:383)
	at h._receiveOneMessage (/opt/visual-studio-code/resources/app/out/vs/workbench/services/extensions/node/extensionHostProcess.js:590:279)
	at define.constructor._protocol.onMessage.e (/opt/visual-studio-code/resources/app/out/vs/workbench/services/extensions/node/extensionHostProcess.js:588:565)
	at u.fire (/opt/visual-studio-code/resources/app/out/vs/workbench/services/extensions/node/extensionHostProcess.js:43:254)
	at e (/opt/visual-studio-code/resources/app/out/vs/workbench/services/extensions/node/extensionHostProcess.js:39:64)
	at u.fire (/opt/visual-studio-code/resources/app/out/vs/workbench/services/extensions/node/extensionHostProcess.js:43:254)
	at s (/opt/visual-studio-code/resources/app/out/vs/workbench/services/extensions/node/extensionHostProcess.js:168:754)
	at Socket.define.constructor._socketDataListener.e (/opt/visual-studio-code/resources/app/out/vs/workbench/services/extensions/node/extensionHostProcess.js:168:960)
	at Socket.emit (events.js:182:13)
	at addChunk (_stream_readable.js:279:12)
	at readableAddChunk (_stream_readable.js:264:11)
	at Socket.Readable.push (_stream_readable.js:219:10)
	at Pipe.onread (net.js:636:20)
[2019-03-25 14:15:59.183] [renderer1] [error] Cannot read property 'superClass' of undefined: TypeError: Cannot read property 'superClass' of undefined
	at isSupportedComponent (/home/alex/.vscode/extensions/wix.glean-4.9.0/out/modules/stateful-to-stateless.js:272:28)
	at Object.isStatefulComp (/home/alex/.vscode/extensions/wix.glean-4.9.0/out/modules/stateful-to-stateless.js:279:9)
	at CompleteActionProvider.provideCodeActions (/home/alex/.vscode/extensions/wix.glean-4.9.0/out/extension.js:39:37)
	at define.provideCodeActions.a.asPromise (/opt/visual-studio-code/resources/app/out/vs/workbench/services/extensions/node/extensionHostProcess.js:564:641)
	at t.asPromise.Promise (/opt/visual-studio-code/resources/app/out/vs/workbench/services/extensions/node/extensionHostProcess.js:48:58)
	at new Promise (<anonymous>)
	at Object.t.asPromise (/opt/visual-studio-code/resources/app/out/vs/workbench/services/extensions/node/extensionHostProcess.js:48:32)
	at I.provideCodeActions (/opt/visual-studio-code/resources/app/out/vs/workbench/services/extensions/node/extensionHostProcess.js:564:612)
	at define.$provideCodeActions._withAdapter.e (/opt/visual-studio-code/resources/app/out/vs/workbench/services/extensions/node/extensionHostProcess.js:580:417)
	at $._withAdapter (/opt/visual-studio-code/resources/app/out/vs/workbench/services/extensions/node/extensionHostProcess.js:575:502)
	at $provideCodeActions (/opt/visual-studio-code/resources/app/out/vs/workbench/services/extensions/node/extensionHostProcess.js:580:395)
	at h._doInvokeHandler (/opt/visual-studio-code/resources/app/out/vs/workbench/services/extensions/node/extensionHostProcess.js:593:118)
	at h._invokeHandler (/opt/visual-studio-code/resources/app/out/vs/workbench/services/extensions/node/extensionHostProcess.js:592:777)
	at h._receiveRequest (/opt/visual-studio-code/resources/app/out/vs/workbench/services/extensions/node/extensionHostProcess.js:591:383)
	at h._receiveOneMessage (/opt/visual-studio-code/resources/app/out/vs/workbench/services/extensions/node/extensionHostProcess.js:590:279)
	at define.constructor._protocol.onMessage.e (/opt/visual-studio-code/resources/app/out/vs/workbench/services/extensions/node/extensionHostProcess.js:588:565)
	at u.fire (/opt/visual-studio-code/resources/app/out/vs/workbench/services/extensions/node/extensionHostProcess.js:43:254)
	at e (/opt/visual-studio-code/resources/app/out/vs/workbench/services/extensions/node/extensionHostProcess.js:39:64)
	at u.fire (/opt/visual-studio-code/resources/app/out/vs/workbench/services/extensions/node/extensionHostProcess.js:43:254)
	at s (/opt/visual-studio-code/resources/app/out/vs/workbench/services/extensions/node/extensionHostProcess.js:168:754)
	at Socket.define.constructor._socketDataListener.e (/opt/visual-studio-code/resources/app/out/vs/workbench/services/extensions/node/extensionHostProcess.js:168:960)
	at Socket.emit (events.js:182:13)
	at addChunk (_stream_readable.js:279:12)
	at readableAddChunk (_stream_readable.js:264:11)
	at Socket.Readable.push (_stream_readable.js:219:10)
	at Pipe.onread (net.js:636:20)
[2019-03-25 14:16:00.973] [renderer1] [error] Cannot read property 'superClass' of undefined: TypeError: Cannot read property 'superClass' of undefined
	at isSupportedComponent (/home/alex/.vscode/extensions/wix.glean-4.9.0/out/modules/stateful-to-stateless.js:272:28)
	at Object.isStatefulComp (/home/alex/.vscode/extensions/wix.glean-4.9.0/out/modules/stateful-to-stateless.js:279:9)
	at CompleteActionProvider.provideCodeActions (/home/alex/.vscode/extensions/wix.glean-4.9.0/out/extension.js:39:37)
	at define.provideCodeActions.a.asPromise (/opt/visual-studio-code/resources/app/out/vs/workbench/services/extensions/node/extensionHostProcess.js:564:641)
	at t.asPromise.Promise (/opt/visual-studio-code/resources/app/out/vs/workbench/services/extensions/node/extensionHostProcess.js:48:58)
	at new Promise (<anonymous>)
	at Object.t.asPromise (/opt/visual-studio-code/resources/app/out/vs/workbench/services/extensions/node/extensionHostProcess.js:48:32)
	at I.provideCodeActions (/opt/visual-studio-code/resources/app/out/vs/workbench/services/extensions/node/extensionHostProcess.js:564:612)
	at define.$provideCodeActions._withAdapter.e (/opt/visual-studio-code/resources/app/out/vs/workbench/services/extensions/node/extensionHostProcess.js:580:417)
	at $._withAdapter (/opt/visual-studio-code/resources/app/out/vs/workbench/services/extensions/node/extensionHostProcess.js:575:502)
	at $provideCodeActions (/opt/visual-studio-code/resources/app/out/vs/workbench/services/extensions/node/extensionHostProcess.js:580:395)
	at h._doInvokeHandler (/opt/visual-studio-code/resources/app/out/vs/workbench/services/extensions/node/extensionHostProcess.js:593:118)
	at h._invokeHandler (/opt/visual-studio-code/resources/app/out/vs/workbench/services/extensions/node/extensionHostProcess.js:592:777)
	at h._receiveRequest (/opt/visual-studio-code/resources/app/out/vs/workbench/services/extensions/node/extensionHostProcess.js:591:383)
	at h._receiveOneMessage (/opt/visual-studio-code/resources/app/out/vs/workbench/services/extensions/node/extensionHostProcess.js:590:279)
	at define.constructor._protocol.onMessage.e (/opt/visual-studio-code/resources/app/out/vs/workbench/services/extensions/node/extensionHostProcess.js:588:565)
	at u.fire (/opt/visual-studio-code/resources/app/out/vs/workbench/services/extensions/node/extensionHostProcess.js:43:254)
	at e (/opt/visual-studio-code/resources/app/out/vs/workbench/services/extensions/node/extensionHostProcess.js:39:64)
	at u.fire (/opt/visual-studio-code/resources/app/out/vs/workbench/services/extensions/node/extensionHostProcess.js:43:254)
	at s (/opt/visual-studio-code/resources/app/out/vs/workbench/services/extensions/node/extensionHostProcess.js:168:754)
	at Socket.define.constructor._socketDataListener.e (/opt/visual-studio-code/resources/app/out/vs/workbench/services/extensions/node/extensionHostProcess.js:168:960)
	at Socket.emit (events.js:182:13)
	at addChunk (_stream_readable.js:279:12)
	at readableAddChunk (_stream_readable.js:264:11)
	at Socket.Readable.push (_stream_readable.js:219:10)
	at Pipe.onread (net.js:636:20)
[2019-03-25 14:16:02.780] [renderer1] [error] Cannot read property 'superClass' of undefined: TypeError: Cannot read property 'superClass' of undefined
	at isSupportedComponent (/home/alex/.vscode/extensions/wix.glean-4.9.0/out/modules/stateful-to-stateless.js:272:28)
	at Object.isStatefulComp (/home/alex/.vscode/extensions/wix.glean-4.9.0/out/modules/stateful-to-stateless.js:279:9)
	at CompleteActionProvider.provideCodeActions (/home/alex/.vscode/extensions/wix.glean-4.9.0/out/extension.js:39:37)
	at define.provideCodeActions.a.asPromise (/opt/visual-studio-code/resources/app/out/vs/workbench/services/extensions/node/extensionHostProcess.js:564:641)
	at t.asPromise.Promise (/opt/visual-studio-code/resources/app/out/vs/workbench/services/extensions/node/extensionHostProcess.js:48:58)
	at new Promise (<anonymous>)
	at Object.t.asPromise (/opt/visual-studio-code/resources/app/out/vs/workbench/services/extensions/node/extensionHostProcess.js:48:32)
	at I.provideCodeActions (/opt/visual-studio-code/resources/app/out/vs/workbench/services/extensions/node/extensionHostProcess.js:564:612)
	at define.$provideCodeActions._withAdapter.e (/opt/visual-studio-code/resources/app/out/vs/workbench/services/extensions/node/extensionHostProcess.js:580:417)
	at $._withAdapter (/opt/visual-studio-code/resources/app/out/vs/workbench/services/extensions/node/extensionHostProcess.js:575:502)
	at $provideCodeActions (/opt/visual-studio-code/resources/app/out/vs/workbench/services/extensions/node/extensionHostProcess.js:580:395)
	at h._doInvokeHandler (/opt/visual-studio-code/resources/app/out/vs/workbench/services/extensions/node/extensionHostProcess.js:593:118)
	at h._invokeHandler (/opt/visual-studio-code/resources/app/out/vs/workbench/services/extensions/node/extensionHostProcess.js:592:777)
	at h._receiveRequest (/opt/visual-studio-code/resources/app/out/vs/workbench/services/extensions/node/extensionHostProcess.js:591:383)
	at h._receiveOneMessage (/opt/visual-studio-code/resources/app/out/vs/workbench/services/extensions/node/extensionHostProcess.js:590:279)
	at define.constructor._protocol.onMessage.e (/opt/visual-studio-code/resources/app/out/vs/workbench/services/extensions/node/extensionHostProcess.js:588:565)
	at u.fire (/opt/visual-studio-code/resources/app/out/vs/workbench/services/extensions/node/extensionHostProcess.js:43:254)
	at e (/opt/visual-studio-code/resources/app/out/vs/workbench/services/extensions/node/extensionHostProcess.js:39:64)
	at u.fire (/opt/visual-studio-code/resources/app/out/vs/workbench/services/extensions/node/extensionHostProcess.js:43:254)
	at s (/opt/visual-studio-code/resources/app/out/vs/workbench/services/extensions/node/extensionHostProcess.js:168:754)
	at Socket.define.constructor._socketDataListener.e (/opt/visual-studio-code/resources/app/out/vs/workbench/services/extensions/node/extensionHostProcess.js:168:960)
	at Socket.emit (events.js:182:13)
	at addChunk (_stream_readable.js:279:12)
	at readableAddChunk (_stream_readable.js:264:11)
	at Socket.Readable.push (_stream_readable.js:219:10)
	at Pipe.onread (net.js:636:20)
[2019-03-25 14:16:05.003] [renderer1] [error] Cannot read property 'superClass' of undefined: TypeError: Cannot read property 'superClass' of undefined
	at isSupportedComponent (/home/alex/.vscode/extensions/wix.glean-4.9.0/out/modules/stateful-to-stateless.js:272:28)
	at Object.isStatefulComp (/home/alex/.vscode/extensions/wix.glean-4.9.0/out/modules/stateful-to-stateless.js:279:9)
	at CompleteActionProvider.provideCodeActions (/home/alex/.vscode/extensions/wix.glean-4.9.0/out/extension.js:39:37)
	at define.provideCodeActions.a.asPromise (/opt/visual-studio-code/resources/app/out/vs/workbench/services/extensions/node/extensionHostProcess.js:564:641)
	at t.asPromise.Promise (/opt/visual-studio-code/resources/app/out/vs/workbench/services/extensions/node/extensionHostProcess.js:48:58)
	at new Promise (<anonymous>)
	at Object.t.asPromise (/opt/visual-studio-code/resources/app/out/vs/workbench/services/extensions/node/extensionHostProcess.js:48:32)
	at I.provideCodeActions (/opt/visual-studio-code/resources/app/out/vs/workbench/services/extensions/node/extensionHostProcess.js:564:612)
	at define.$provideCodeActions._withAdapter.e (/opt/visual-studio-code/resources/app/out/vs/workbench/services/extensions/node/extensionHostProcess.js:580:417)
	at $._withAdapter (/opt/visual-studio-code/resources/app/out/vs/workbench/services/extensions/node/extensionHostProcess.js:575:502)
	at $provideCodeActions (/opt/visual-studio-code/resources/app/out/vs/workbench/services/extensions/node/extensionHostProcess.js:580:395)
	at h._doInvokeHandler (/opt/visual-studio-code/resources/app/out/vs/workbench/services/extensions/node/extensionHostProcess.js:593:118)
	at h._invokeHandler (/opt/visual-studio-code/resources/app/out/vs/workbench/services/extensions/node/extensionHostProcess.js:592:777)
	at h._receiveRequest (/opt/visual-studio-code/resources/app/out/vs/workbench/services/extensions/node/extensionHostProcess.js:591:383)
	at h._receiveOneMessage (/opt/visual-studio-code/resources/app/out/vs/workbench/services/extensions/node/extensionHostProcess.js:590:279)
	at define.constructor._protocol.onMessage.e (/opt/visual-studio-code/resources/app/out/vs/workbench/services/extensions/node/extensionHostProcess.js:588:565)
	at u.fire (/opt/visual-studio-code/resources/app/out/vs/workbench/services/extensions/node/extensionHostProcess.js:43:254)
	at e (/opt/visual-studio-code/resources/app/out/vs/workbench/services/extensions/node/extensionHostProcess.js:39:64)
	at u.fire (/opt/visual-studio-code/resources/app/out/vs/workbench/services/extensions/node/extensionHostProcess.js:43:254)
	at s (/opt/visual-studio-code/resources/app/out/vs/workbench/services/extensions/node/extensionHostProcess.js:168:754)
	at Socket.define.constructor._socketDataListener.e (/opt/visual-studio-code/resources/app/out/vs/workbench/services/extensions/node/extensionHostProcess.js:168:960)
	at Socket.emit (events.js:182:13)
	at addChunk (_stream_readable.js:279:12)
	at readableAddChunk (_stream_readable.js:264:11)
	at Socket.Readable.push (_stream_readable.js:219:10)
	at Pipe.onread (net.js:636:20)
[2019-03-25 14:16:07.076] [renderer1] [error] Cannot read property 'superClass' of undefined: TypeError: Cannot read property 'superClass' of undefined
	at isSupportedComponent (/home/alex/.vscode/extensions/wix.glean-4.9.0/out/modules/stateful-to-stateless.js:272:28)
	at Object.isStatefulComp (/home/alex/.vscode/extensions/wix.glean-4.9.0/out/modules/stateful-to-stateless.js:279:9)
	at CompleteActionProvider.provideCodeActions (/home/alex/.vscode/extensions/wix.glean-4.9.0/out/extension.js:39:37)
	at define.provideCodeActions.a.asPromise (/opt/visual-studio-code/resources/app/out/vs/workbench/services/extensions/node/extensionHostProcess.js:564:641)
	at t.asPromise.Promise (/opt/visual-studio-code/resources/app/out/vs/workbench/services/extensions/node/extensionHostProcess.js:48:58)
	at new Promise (<anonymous>)
	at Object.t.asPromise (/opt/visual-studio-code/resources/app/out/vs/workbench/services/extensions/node/extensionHostProcess.js:48:32)
	at I.provideCodeActions (/opt/visual-studio-code/resources/app/out/vs/workbench/services/extensions/node/extensionHostProcess.js:564:612)
	at define.$provideCodeActions._withAdapter.e (/opt/visual-studio-code/resources/app/out/vs/workbench/services/extensions/node/extensionHostProcess.js:580:417)
	at $._withAdapter (/opt/visual-studio-code/resources/app/out/vs/workbench/services/extensions/node/extensionHostProcess.js:575:502)
	at $provideCodeActions (/opt/visual-studio-code/resources/app/out/vs/workbench/services/extensions/node/extensionHostProcess.js:580:395)
	at h._doInvokeHandler (/opt/visual-studio-code/resources/app/out/vs/workbench/services/extensions/node/extensionHostProcess.js:593:118)
	at h._invokeHandler (/opt/visual-studio-code/resources/app/out/vs/workbench/services/extensions/node/extensionHostProcess.js:592:777)
	at h._receiveRequest (/opt/visual-studio-code/resources/app/out/vs/workbench/services/extensions/node/extensionHostProcess.js:591:383)
	at h._receiveOneMessage (/opt/visual-studio-code/resources/app/out/vs/workbench/services/extensions/node/extensionHostProcess.js:590:279)
	at define.constructor._protocol.onMessage.e (/opt/visual-studio-code/resources/app/out/vs/workbench/services/extensions/node/extensionHostProcess.js:588:565)
	at u.fire (/opt/visual-studio-code/resources/app/out/vs/workbench/services/extensions/node/extensionHostProcess.js:43:254)
	at e (/opt/visual-studio-code/resources/app/out/vs/workbench/services/extensions/node/extensionHostProcess.js:39:64)
	at u.fire (/opt/visual-studio-code/resources/app/out/vs/workbench/services/extensions/node/extensionHostProcess.js:43:254)
	at s (/opt/visual-studio-code/resources/app/out/vs/workbench/services/extensions/node/extensionHostProcess.js:168:754)
	at Socket.define.constructor._socketDataListener.e (/opt/visual-studio-code/resources/app/out/vs/workbench/services/extensions/node/extensionHostProcess.js:168:960)
	at Socket.emit (events.js:182:13)
	at addChunk (_stream_readable.js:279:12)
	at readableAddChunk (_stream_readable.js:264:11)
	at Socket.Readable.push (_stream_readable.js:219:10)
	at Pipe.onread (net.js:636:20)
